354893 853935 525
37453 463259 449
387978 508946 449
200911 352328 443
33619 269453 443
203404 550678 470
230345 295102 443
450086 635400 509
343838 829595 509
47094 278290 443
533902 668853 509
32338 278703 443
173758 219983 386
9124 544733 470
872367 922940 476
408292 640576 509
374726 450605 449
4554 293359 443
227504 348709 443
479869 846902 525
447316 556805 470
102366 126111 354
345701 446907 449
623559 673900 509
184403 306396 443
101585 120994 354
49852 767895 509
73543 154372 375
148349 769757 509
149447 404438 443
755601 790785 468
641669 860735 525
223049 539856 470
11239 43443 324
89121 304089 443
224370 409031 443
252778 768691 509
273944 399818 441
19038 589087 470
21110 730565 509
179582 490625 449
2545 354927 443
112075 301404 443
220012 407260 443
41512 837897 525
152293 196930 383
38023 162974 383
390647 687302 509
27676 707460 509
268942 697191 509
586439 671375 509
241567 740027 509
6682 58255 340
499089 757360 509
409525 762615 509
265655 896412 525
95487 268301 443
147842 340826 443
93855 108574 354
66640 157362 383
553402 778450 509
102775 144048 375
70597 214624 383
178783 297427 443
46417 59665 340
415868 626145 470
696615 847234 525
177911 720077 509
24862 169219 383
54951 216853 386
376712 449411 449
141218 307194 443
682578 934926 525
21063 41640 324
103426 984796 525
264379 559947 470
156531 645336 509
28564 418989 449
9490 21394 279
226812 596267 470
136253 261173 443
229118 256087 443
445344 907124 525
357845 961317 525
36396 74608 340
642266 800999 504
224973 270436 443
236523 280379 407
462337 606354 470
121377 491130 449
147793 442162 449
16 44 112
292037 482269 449
111736 179816 383
602646 614195 403
196788 328935 443
265409 503846 449
825427 832448 419
382714 519871 470
800470 964458 525
120334 153095 375
223887 886313 525
315645 580459 470
278981 771133 509
100887 484964 449
90317 228473 386
162552 713019 509
91570 179972 383
192340 239731 443
703521 722499 504
212150 280229 443
128218 652398 509
25237 117274 354
278831 831758 509
210685 790213 509
816320 964210 525
307445 814965 509
116671 524991 470
62596 164492 383
154646 979066 525
78958 226840 386
169946 841961 525
215900 622041 470
92045 241431 443
586258 809409 509
199717 646314 509
93461 201732 383
87859 403549 443
228729 484331 449
52049 121128 354
34440 136641 354
519119 948872 525
11620 14823 276
106535 108085 323
164750 179602 352
1942 65914 340
399192 557309 470
232611 888415 525
1722 44127 324
203587 378914 443
61183 223778 386
138148 778299 509
142393 290745 443
62145 344881 443
224206 348363 443
174197 749442 509
80543 471305 449
72186 121198 354
171605 746670 509
82606 642285 509
153761 183211 383
2857 6149 238
954500 993481 458
639833 846889 525
180223 530024 470
598266 727271 509
291107 302940 371
283061 688181 509
227659 293889 443
455291 776795 509
139755 370309 443
169178 169791 290
236681 363122 441
285487 462464 449
116480 701349 509
606116 648468 509
59265 171741 383
183275 234634 443
105300 280383 443
410590 458827 418
454056 651851 509
923561 991366 507
122619 214895 383
618304 822806 509
190170 471468 449
191595 421836 449
85133 499731 449
1784 342173 443
160440 214629 373
47699 221687 386
488828 830018 509
475877 902796 525
481680 933707 525
81882 214540 383
293285 581637 470
644788 822887 504
431500 924664 525
231500 481635 449
250249 605637 470
152274 183366 383
136352 505081 449
11899 132756 354
159517 957816 525
128147 653462 509
145668 208360 383
29867 631517 509
483688 886869 525
21272 797849 509
358692 569379 470
170003 266773 443
31369 38822 324
111304 492419 449
128760 902258 525
721877 858991 525
131136 550878 470
12415 511854 449
115524 153825 375
546654 693604 509
175427 398712 443
91321 470218 449
6306 327600 443
520048 949287 525
3393 292798 443
101491 190557 383
139249 358087 443
79842 161184 383
160260 846989 525
687652 840158 525
625264 678683 509
59869 95441 351
113257 320485 443
591185 620887 447
42464 93994 351
218381 291909 443
169431 242630 443
80822 456837 449
261835 429000 449
16741 947944 525
15427 412743 449
31564 284506 443
285630 657350 509
208550 790803 509
226800 278907 443
3644 10197 262
167856 208869 373
192009 425693 449
112178 426210 449
257496 554498 470
101753 588287 470
601804 854255 525
489468 598588 470
165891 791420 509
40585 219873 386
203508 235518 443
266134 653872 509
322 394 144
25710 33651 308
20643 112763 354
164450 402966 443
346588 991104 525
462995 519650 470
54880 936847 525
137507 707721 509
312088 482875 449
114297 511658 449
108948 380659 443
204622 412959 449
88622 191797 383
16942 31914 308
730487 867716 525
93105 98432 328
77527 734297 509
567190 827163 509
9665 196630 383
60526 67846 335
278013 407448 441
272325 860486 525
223617 423116 449
72066 167560 383
163781 201615 365
447818 768498 509
164742 502410 449
75519 671151 509
385029 646656 509
365781 381445 423
12644 114979 354
185871 987810 525
684466 765414 504
641515 836073 504
212441 971437 525
246940 278021 407
266292 513829 470
171272 853770 525
277275 721879 509
185325 448187 449
49448 342112 443
36649 46039 314
241504 317563 407
564 10560 262
87938 540468 470
37076 38062 306
402035 673953 509
41095 689509 509
184152 194607 360
436594 462310 444
349621 530866 470
190261 438128 449
568515 759902 509
99116 138538 354
132330 143643 375
145384 545194 470
408267 628716 509
607957 711799 509
321143 352382 441
7587 411081 449
573539 868014 525
317913 470150 449
49268 112397 354
99984 742147 509
58677 95050 351
207765 584479 470
89927 403060 443
559556 926930 525
610733 645713 509
294374 823838 509
263965 316490 407
620899 747932 509
27920 77274 351
144026 494924 449
290932 886679 525
129163 496639 449
291103 720084 509
209440 220980 386
668650 677642 385
845549 863223 419
71346 387243 443
82137 617135 470
5851 123632 354
261466 498976 449
791721 859303 525
441379 468814 444
88298 847719 525
91123 425220 449
345990 839619 525
143646 652388 509
337694 736147 509
66882 195518 383
98581 268277 443
147581 873854 525
30737 34563 311
3354 79125 351
86475 473252 449
582766 874691 525
50947 139254 354
470988 668486 509
25821 556575 470
110545 359425 443
132091 578070 470
161136 690537 509
28097 630571 509
634214 800259 504
37507 235331 443
113349 555404 470
150523 999672 525
196780 395324 443
68290 210933 383
375328 445581 449
242605 453273 449
529299 613413 452
84873 595888 470
248918 630788 509
280 4527 238
36512 457845 449
198871 208017 373
647814 705814 504
225736 695723 509
714137 937914 525
27486 32989 285
309714 576096 470
326602 790659 509
225563 352002 443
180639 708450 509
48918 855994 525
351707 392045 436
614127 624200 447
38778 737687 509
160620 655268 509
328621 525944 470
169752 282293 443
345858 508281 449
302735 857255 525
612948 886326 525
428414 482937 444
102432 746396 509
601467 814895 509
38819 64482 340
800136 855145 525
175729 262280 443
166434 372865 443
430344 856190 525
61096 671493 509
237111 663513 509
516654 736248 509
543756 646985 509
795367 871330 525
371312 545077 470
126653 782760 509
234449 851908 525
479312 566427 470
201963 212027 373
359130 362306 410
543154 646141 509
4566 574444 470
8774 125824 354
25204 48252 324
412190 436871 418
744597 980983 525
531848 662340 509
29609 386935 443
384830 657277 509
99022 121634 354
23521 30781 308
23113 258171 443
600792 804118 509
156646 641126 509
308282 314805 384
146935 482813 449
98575 910787 525
410806 496471 444
197788 355125 443
291058 824930 509
30871 496596 449
74157 90121 351
198912 373350 443
34671 379035 443
70392 854600 525
155292 157645 383
110367 116536 349
15982 33737 308
121631 158203 383
18356 120903 354
404776 827777 509
87841 140996 354
584088 600422 403
104043 359380 443
302848 525854 470
74385 387875 443
928419 997527 507
124701 144096 375
293842 333110 384
149271 196639 383
564465 615569 447
349632 923854 525
222052 754938 509
342329 486878 449
373349 738857 509
14414 49576 324
131381 596660 470
504458 730840 509
134 3731 238
434040 907168 525
152920 364954 443
247042 718835 509
92002 439189 449
330822 543827 470
158909 230641 443
6676 14299 276
174575 303281 443
244442 455272 449
46812 185224 383
198109 346291 443
21771 230404 386
394316 482618 449
338349 890648 525
32635 78717 351
47981 277386 443
58140 105575 351
126179 249908 443
7578 306575 443
377415 421831 449
212862 545505 470
23761 761879 509
65660 144353 375
246550 405459 441
442169 523914 470
266123 559366 470
628957 697161 442
345526 614357 470
135873 137638 331
150857 667519 509
137316 314624 443
16762 40439 324
1063 411467 449
641818 786719 504
62873 232660 443
351493 437633 449
54414 109139 354
75328 137821 354
474435 778509 509
592079 807793 509
156685 197438 370
45028 142952 375
141947 174596 383
589264 761715 509
467794 555336 470
305118 353287 441
400249 922011 525
402460 695823 509
343896 744724 509
281491 353198 441
166329 754833 509
77336 167387 383
399131 673002 509
608671 858058 525
191600 554216 470
162525 727596 509
106998 847243 525
172968 275037 443
218218 613251 470
50663 682004 509
78973 88984 333
248067 593037 470
10861 229809 386
175134 641470 509
9796 68161 340
169232 727626 509
171377 596015 470
35667 429518 449
143949 707432 509
338881 991002 525
334270 688666 509
179454 193232 365
769256 911312 525
100381 195037 383
118087 145817 375
185118 332180 443
256558 293203 407
129051 159084 383
2556 15873 276
241547 730229 509
77199 264957 443
26436 89203 351
643085 670379 442
33293 76232 340
168639 619324 470
87136 465353 449
33686 765192 509
116872 314737 443
182418 302106 443
440371 541714 470
82314 130776 354
392598 545407 470
338002 682847 509
70363 89745 351
199506 697114 509
187601 600594 470
673217 766066 504
196070 927100 525
100980 899256 525
23726 140930 354
42213 543668 470
173621 356208 443
718006 985210 525
104239 182218 383
753090 801596 468
148456 173954 383
614 298174 443
69996 541734 470
91595 160570 383
489624 922672 525
193201 944783 525
99175 676914 509
764101 855630 525
19625 62168 340
172021 264541 443
236397 335317 407
180595 659965 509
276565 550493 470
942590 994379 458
141428 678781 509
41919 123060 354
29620 77905 351
178782 902530 525
225870 397546 443
119405 354828 443
53275 588194 470
462789 991397 525
23185 64846 340
85760 336429 443
550946 795397 509
342370 598839 470
265093 851680 525
234941 274386 407
29719 93207 351
785649 978039 525
204218 708823 509
39829 766027 509
493172 621036 470
166508 740519 509
227614 356563 443
467503 752986 509
555697 894334 525
457450 800847 509
19568 65462 340
286969 803989 509
320470 763551 509
87769 165013 383
209711 260047 443
331422 364697 441
645 15387 276
122240 267627 443
143641 340783 443
5441 594977 470
430235 754366 509
508545 545817 470
620707 645558 509
2915 54913 340
94349 616061 470
525388 668298 509
5993 192063 383
607153 648596 509
499964 668333 509
208093 432923 449
73024 783913 509
197359 271929 443
170911 172388 334
794696 987110 525
90097 702789 509
228147 637197 509
261940 347426 441
129238 551609 470
161718 462955 449
70696 335334 443
341602 401174 441
137435 211532 383
48818 166533 383
17774 294787 443
480968 633394 509
538783 544246 408
191249 422186 449
517193 569807 452
831262 915449 525
259525 687065 509
127969 531426 470
570458 663550 509
142237 510233 449
74793 99434 351
63052 128242 354
490379 520738 470
100159 909953 525
327759 877466 525
79185 116072 354
57230 80701 351
60578 290369 443
416709 990919 525
287831 693804 509
189274 318386 443
37906 844944 525
97558 294885 443
361679 442472 449
49616 81379 351
29434 716052 509
377137 914010 525
169759 282194 443
151225 464872 449
225652 275823 443
665938 887257 525
696114 711988 504
98296 191039 383
372169 495642 449
27472 31800 285
388202 865571 525
151265 587680 470
66096 709423 509
102999 343810 443
220789 714338 509
35664 68892 340
300269 957083 525
74282 128011 354
196907 425221 449
195430 203145 360
330329 360526 441
42514 132170 354
234701 272315 407
373062 385059 423
10713 908776 525
164703 370076 443
189214 362436 443
739925 791353 468
479835 853761 525
187596 790761 509
8770 9094 247
1527 155493 375
740227 987374 525
641208 660924 429
280826 998937 525
161429 343532 443
397108 503540 449
578796 623334 447
494678 521706 470
1319 714971 509
896 20770 279
35759 232268 443
153759 221708 386
154490 257798 443
72373 131981 354
242340 270650 407
125217 842259 525
14823 44282 324
446921 711417 509
494481 970745 525
243800 502886 449
313487 343951 384
157860 438603 449
405662 555054 470
52278 372622 443
328139 544482 470
203523 453522 449
1680 197659 383
460706 512584 470
441566 538979 470
66933 122826 354
369301 528990 470
513126 673074 509
130776 187806 383
595610 943701 525
112960 714234 509
318828 535698 470
839772 963672 507
533407 678419 509
118095 713842 509
588902 721631 509
588768 940424 525
85016 88535 333
27794 817978 509
38390 687541 509
40539 106538 354
204015 820207 509
307001 440506 449
253658 844935 525
14539 101415 351
269567 710685 509
10718 60362 340
298027 434058 449
226693 666372 509
510078 562517 470
74196 516306 470
667984 931224 525
33689 36086 324
13117 95155 351
16613 45389 324
224410 298235 443
166625 777817 509
739481 945519 525
418472 828063 509
16584 86803 351
41718 76131 340
26263 91917 351
758354 911051 525
210515 507762 449
366036 786152 509
130077 937036 525
19958 92549 351
218896 575390 470
169232 176613 347
355985 853433 525
426560 532794 470
90592 787795 509
291941 971117 525
21611 783533 509
65077 215754 383
186928 859171 525
501584 901537 525
816915 877334 525
707297 794968 468
80992 111917 354
430746 698228 509
473077 604341 470
187348 492133 449
283843 348791 441
16024 306133 443
19910 394205 443
39129 601157 470
99262 238219 443
164151 343128 443
105542 505041 449
494982 958005 525
189770 877961 525
42463 45200 314
401748 432527 449
200757 220268 386
66563 405436 443
298580 619625 470
386798 597705 470
185679 650124 509
361948 792794 509
146845 516690 470
224532 460660 449
163767 179896 352
88743 146063 375
148552 837338 509
163037 791141 509
100734 490808 449
104600 327954 443
583814 614834 403
42687 94430 351
594834 790139 509
83243 286657 443
124 4939 238
67092 518771 470
79323 354912 443
69402 805452 509
418238 421164 343
635451 901561 525
281533 756005 509
379819 552647 470
19006 123253 354
14595 17623 271
308917 325289 384
83583 312939 443
66760 140323 354
147489 445673 449
121758 387881 443
232476 649498 509
833342 856276 525
473204 675067 509
434569 998205 525
92475 811651 509
76302 808652 509
48823 386003 443
361622 755694 509
295653 909459 525
371180 613138 470
28500 264621 443
466785 497192 426
20529 394788 443
221196 907573 525
21087 270435 443
294066 396651 441
189742 532801 470
111460 414271 449
56635 152193 375
696099 962310 525
794303 950119 525
10706 570317 470
324145 687269 509
247943 811357 509
152800 849076 525
191113 495560 449
195225 595293 470
41004 129710 354
302861 413751 449
413919 449929 418
112271 131775 349
459760 496010 444
378022 977117 525
74964 197791 383
35559 145062 375
410130 637862 509
240548 799132 509
309121 560775 470
410455 758897 509
461990 940650 525
254679 489334 449
101097 539620 470
161299 788202 509
69794 392705 443
2333 18615 279
936570 945595 507
100953 369168 443
68396 106124 351
492963 587790 470
429017 941698 525
59533 936241 525
366212 733733 509
137043 232674 443
84061 400163 443
537944 810499 509
377082 602411 470
333559 505120 449
691390 818941 504
327479 547139 470
756059 923844 525
171929 424284 449
45246 100731 351
126600 846289 525
145989 502483 449
6281 9631 260
200647 211679 373
771924 828999 468
400540 420915 449
70670 71319 325
248767 530696 470
691454 934791 525
102368 152012 375
127728 352095 443
77582 107867 354
147801 186310 383
161672 339422 443
687177 750214 504
359018 370997 410
21366 58624 340
372036 392905 436
318483 841010 525
340723 719945 509
71190 91124 351
42665 60108 340
463032 502339 426
103864 167333 383
2728 10058 262
155548 207759 383
590367 672297 509
106341 157791 383
62281 469887 449
16387 16677 266
287040 593156 470
136745 289880 443
330832 535174 470
362812 563909 470
250981 390727 441
189761 693167 509
209956 613261 470
12534 21695 279
664915 782836 504
366526 471438 449
296366 947604 525
230671 580600 470
617614 871654 525
175833 321753 443
21279 70989 340
378643 553596 470
93221 856182 525
72909 74534 294
28240 40432 324
378009 718184 509
246743 552116 470
123630 128528 331
82855 400956 443
147082 788816 509
50017 106808 354
184716 507450 449
606679 948404 525
103237 975097 525
43544 624757 470
32846 97775 351
46 14202 276
509374 930449 525
387862 710934 509
428343 458414 400
22310 71728 340
568511 601980 434
47303 878350 525
89639 249441 443
87505 909817 525
104717 219623 386
253919 419593 449
787 12409 268
86551 116998 354
511574 593739 470
148547 404850 443
253741 898136 525
547603 581930 421
33117 172568 383
668640 711567 504
52312 735887 509
536831 932964 525
177265 737750 509
18815 857822 525
115398 451895 449
59075 392105 443
53725 259101 443
306091 577032 470
770973 983905 525
105643 230675 443
132554 257493 443
513912 574396 452
214770 328599 443
529840 737670 509
56392 394979 443
2302 6010 238
939607 963003 414
359382 488237 449
60955 882104 525
35255 286915 443
20965 22489 269
87864 845611 525
89331 855474 525
99046 118745 354
895073 952391 507
361715 386582 423
299417 640405 509
874998 889892 445
9050 31371 308
711922 753162 424
183826 532207 470
256878 416853 449
3068 7204 262
843067 938580 476
35277 71306 340
8678 419847 449
8403 130305 354
343258 907237 525
9873 233165 443
8691 341822 443
72140 401532 443
8030 75968 340
134920 152985 375
246901 850469 525
9624 47418 324
298001 934532 525
