1 1 1
2 2 2
3 1 8
4 2 8
5 1 8
6 2 9
7 2 17
8 6 17
9 1 20
10 6 20
11 7 20
12 7 20
13 9 20
14 1 20
15 2 20
16 14 18
17 2 20
18 8 21
19 8 21
20 17 21
21 8 21
22 16 21
23 9 21
24 3 21
25 22 24
26 3 24
27 21 112
28 16 112
29 13 112
30 22 112
31 13 112
32 14 112
33 12 112
34 2 112
35 24 112
36 2 112
37 11 112
38 10 112
39 31 107
40 7 112
41 16 112
42 23 112
43 28 110
44 42 30
45 16 112
46 14 112
47 47 105
48 19 112
49 38 110
50 10 112
51 15 112
52 48 25
53 9 112
54 53 113
55 44 113
56 11 113
57 46 113
58 37 113
59 29 113
60 54 113
61 59 33
62 55 113
63 17 113
64 5 113
65 9 113
66 25 113
67 39 113
68 27 113
69 60 108
70 11 113
71 22 113
72 15 113
73 37 116
74 36 116
75 61 116
76 68 116
77 8 116
78 3 116
79 24 116
80 21 116
81 63 116
82 6 116
83 41 116
84 13 116
85 17 116
86 50 116
87 68 116
88 37 116
89 60 116
90 87 31
91 68 116
92 12 116
93 74 111
94 35 116
95 74 111
96 82 111
97 18 119
98 37 119
99 84 119
100 73 119
569698 513737 452
770120 919145 525
293682 35451 443
286639 304177 389
291638 659340 509
433561 453811 400
491371 912932 525
29394 493395 449
184190 306865 443
731534 613751 509
345710 202212 443
11477 476217 449
297179 997415 525
397785 374140 436
316243 595371 470
233398 62952 443
544 213807 383
825508 611774 509
312982 689502 509
553928 101918 470
747512 597388 509
546077 426736 470
606156 338244 470
64678 190139 383
699305 37646 509
769091 758035 468
115301 187466 383
83178 270462 443
836565 8890 509
834172 518125 509
814863 460434 509
173306 631665 509
445716 513573 470
95470 59395 351
976203 325684 525
756319 316721 509
991540 546247 525
848961 744556 525
263024 925273 525
933286 757349 525
230060 720543 509
304068 378866 441
602943 74174 470
864621 640136 525
858924 204927 525
453557 340633 449
718530 244005 509
559859 960628 525
792442 361778 509
25041 201990 383
343125 42622 443
497115 378394 449
273325 406115 441
565672 891123 525
180765 759434 509
371008 195953 443
625495 19156 470
750465 913950 525
908971 177145 525
777670 801953 468
66262 583550 470
328561 231522 407
919796 139412 525
143485 8240 375
414814 159955 449
146630 602927 470
807269 635790 504
718578 661137 504
607204 10731 470
143323 985967 525
856694 330616 525
535946 514280 439
666677 34324 509
828074 325334 509
906365 37788 525
731850 607872 509
262351 259170 345
300533 617056 470
79936 739173 509
906100 806975 525
66526 353270 443
617034 742763 509
998176 611728 525
590923 933013 525
93915 188705 383
80733 318397 443
424487 758827 509
310786 938011 525
158165 117478 383
454740 491112 444
554632 717864 509
86121 732136 509
627285 749151 504
757453 609564 509
604327 470583 470
398128 500916 449
582946 766886 509
45653 32114 324
623749 453351 470
301988 605227 470
487548 822679 509
507791 172109 449
863958 866505 388
158746 75800 383
236953 301472 407
729489 386784 509
586050 216341 470
286842 210995 443
597253 913180 525
793996 90510 509
890031 581152 525
796190 379696 509
793232 263022 509
92609 462000 449
315805 440625 449
588010 109596 470
944726 433249 525
970720 75765 525
138020 618768 470
379328 489479 449
275511 948217 525
774573 456924 509
115327 849733 525
22397 861999 525
310571 385836 441
820592 444826 509
532793 937583 525
92614 289977 443
95289 309863 443
364768 439842 449
650010 484241 509
124059 458796 449
616031 432483 470
247629 681570 509
289771 285143 389
756133 954052 525
989712 987497 352
872935 892538 445
122938 710743 509
495693 586614 470
198114 455690 449
471226 597571 470
361448 539281 470
274777 264221 407
192255 433071 449
348642 299486 441
485135 864885 525
462553 964168 525
612025 87597 470
562619 889902 525
533178 387029 470
350358 318391 441
409966 712272 509
932911 88006 525
587673 895116 525
127457 934821 525
452461 644004 509
634796 224740 509
421351 833395 509
865452 270361 525
553880 771748 509
318728 937776 525
530924 787275 509
740579 661873 504
682869 783587 504
153142 886706 525
251089 524375 470
530419 175825 470
784153 392982 509
859617 841005 419
287857 20894 443
909394 265402 525
162643 841263 525
732189 44141 509
703247 483655 509
838458 80514 525
649516 586365 509
816356 772860 468
306343 992751 525
289533 454950 449
131457 996164 525
875979 686207 525
883164 629021 525
892210 643071 525
26003 788816 509
171631 632305 509
608533 38275 470
949252 74765 525
888775 995567 507
804244 392558 509
870101 136811 525
956724 344390 525
563732 739892 509
806394 828527 450
820280 286446 509
189461 615396 470
873033 230533 525
652978 17444 509
543608 323854 470
990904 286302 525
678952 35157 509
144431 806143 509
807703 431720 509
163988 237547 443
243533 788110 509
257745 122078 443
142742 483248 449
500588 387920 449
791386 480342 509
226651 220218 368
204444 620431 470
933006 129936 525
144895 924347 525
771405 618478 509
451688 192175 449
225214 980967 525
308273 181011 443
76049 193947 383
347466 916644 525
589170 993452 525
72917 950788 525
325719 392271 441
643426 907066 525
872461 430532 525
342317 486656 449
999935 471838 525
134393 534831 470
619140 307847 470
327797 500250 449
917870 650953 525
287657 901912 525
452723 609194 470
547090 394656 470
337903 269231 407
355590 553302 470
315318 791423 509
828014 630784 504
142505 710221 509
120792 731231 509
708679 554073 509
798402 637319 504
953156 319220 525
197173 957827 525
144882 268206 443
280621 731338 509
822018 585886 509
927235 614467 525
886687 189101 525
424348 962901 525
690804 55978 509
622165 592145 447
734739 860170 525
39519 456092 449
339410 432345 449
873714 155226 525
775732 378954 509
968602 626035 525
796480 788028 468
21729 656995 509
442648 926822 525
855306 298526 525
6559 427071 449
630988 511974 509
245750 820389 509
493919 782130 509
383423 520324 470
147937 566310 470
61738 166908 383
104273 336441 443
64433 253412 443
519038 810233 509
906835 196945 525
985562 665746 525
125087 829722 509
391671 522030 470
396783 271159 441
52596 966774 525
416211 254210 449
459004 560373 470
304825 575815 470
822650 382931 509
565654 46357 470
721332 408392 509
298481 381332 441
806475 50120 509
849340 423453 525
808372 54750 509
187527 608355 470
60803 86190 351
336885 624212 470
162284 671411 509
318878 121008 443
368782 322756 441
567425 221212 470
877593 421059 525
223755 744890 509
69253 913149 525
98469 842056 525
219940 335470 443
902582 516521 525
293362 920955 525
724815 147153 509
605340 25495 470
303078 745165 509
275064 370351 441
161971 413766 449
966850 783709 525
267707 901900 525
884552 571108 525
944378 169257 525
494841 525998 470
837413 47600 509
229197 775110 509
751001 893185 525
988893 661970 525
876234 990687 507
345809 401758 441
622671 711101 509
815444 85494 509
327860 998524 525
858444 84460 525
427183 196533 449
630767 156361 509
295328 247532 407
544841 500634 470
939858 255319 525
132844 373767 443
771803 712398 468
542804 612723 452
40934 943784 525
895490 892841 370
557038 70811 470
543152 603232 452
538196 257388 470
964318 3350 525
995654 283983 525
41863 614253 470
65021 222222 386
862919 452917 525
218646 295754 443
765164 924697 525
90659 243675 443
4700 940821 525
473381 988061 525
165801 25111 383
655010 440199 509
20995 841010 525
318347 640676 509
259090 289651 407
979564 724761 525
897403 457339 525
460149 371372 449
6806 499746 449
797384 980031 525
799529 346572 509
732742 789485 468
668692 291559 509
833739 228474 509
107615 337815 443
576424 80093 470
346319 557792 470
97266 965559 525
444271 368419 449
483357 766396 509
63855 380273 443
737662 604916 509
447141 367162 449
169007 192134 365
285863 383365 441
63682 964624 525
608241 707461 509
49676 726516 509
601570 841244 525
20743 67523 340
793096 117306 509
647463 984799 525
460825 980654 525
628011 270410 509
710853 808083 468
172828 218958 386
861020 845180 419
382696 257857 441
709549 454046 509
11099 307763 443
261535 628922 509
696081 886111 525
137588 198309 383
342869 910659 525
911599 835912 525
953256 271252 525
673835 730062 504
315980 235908 407
508264 843490 525
159611 185280 370
490269 377104 449
782141 233965 509
575259 82754 470
520922 506193 470
505339 724972 509
234046 235108 381
236382 650420 509
182408 266604 443
506129 974125 525
789310 124155 509
396664 409087 405
321128 554656 470
978593 705112 525
758055 524693 509
511355 221862 449
930962 641458 525
701790 343034 509
515 204307 383
14441 275951 443
946972 836756 525
233375 112913 443
122868 468978 449
968835 742891 525
869092 824034 525
809304 229976 509
881179 80851 525
504448 464268 426
932435 844423 476
924638 954247 507
102462 865292 525
839937 909328 445
18203 670174 509
485187 205328 449
411317 682349 509
722406 182012 509
411614 441432 418
981028 577349 525
840429 433939 525
828584 719519 468
631189 411342 509
741857 413073 509
847330 72976 525
322480 168315 443
515312 997270 525
489949 824410 509
141459 464741 449
465581 655330 509
720568 365289 509
639886 533677 509
586315 218606 470
542265 900963 525
333310 792958 509
26880 336709 443
125452 597242 470
489950 586978 470
946279 134410 525
265616 258832 407
832152 862520 525
198893 590638 470
214978 437285 449
82396 274530 443
939944 210515 525
114130 897644 525
734250 408789 509
348871 942003 525
345429 606378 470
754738 77540 509
101131 987610 525
624412 585176 447
176426 926552 525
563983 882360 525
580125 513312 452
337541 930974 525
672226 705917 504
689678 768385 504
747005 504484 509
337789 239947 407
893982 423100 525
325398 52564 443
225535 535694 470
907140 574660 525
462167 450826 444
294414 593967 470
417913 303710 449
690129 829373 504
296645 581146 470
961472 217126 525
91818 918776 525
74616 57918 335
966530 816248 525
184897 37998 383
709643 234434 509
158150 681588 509
982702 105496 525
19314 299648 443
252191 609978 470
174635 897066 525
558710 487269 470
149570 696168 509
626244 430545 470
140023 709421 509
261316 44362 443
146444 922350 525
902434 467546 525
491055 921450 525
696221 814068 504
276962 328924 389
992072 312909 525
878847 334774 525
614280 66239 470
336586 436253 449
427437 591681 470
130168 390074 443
886373 977102 507
255493 586714 470
26481 840791 525
835434 439858 509
30166 784549 509
999986 292486 525
719377 729129 411
720588 860847 525
722345 31356 509
368192 115215 443
926125 558077 525
700079 534262 509
641172 467040 509
570221 106071 470
564766 578866 421
637773 524617 509
904237 196221 525
107550 987359 525
906666 441858 525
8486 222893 386
37463 453748 449
695163 75102 509
132718 867341 525
274891 510112 449
200518 21097 383
20417 865419 525
21887 457150 449
807502 931845 525
945310 243942 525
347445 314450 441
53290 325162 443
169383 224513 386
158757 464862 449
428028 632165 509
835409 346601 509
857163 841791 419
436043 735405 509
182232 559134 470
886375 641464 525
762969 202430 509
994092 287385 525
495622 686550 509
422628 278785 449
708972 609329 509
656380 49528 509
854241 661013 525
117485 808039 509
420747 561318 470
913303 926721 445
920110 290482 525
738992 947090 525
180277 618095 470
870519 512809 525
124662 300620 443
417766 257785 449
231103 111308 443
4297 221143 386
598954 466344 470
895412 288180 525
188097 620225 470
36524 460152 449
942941 346990 525
952152 224450 525
347551 473490 449
759561 724803 424
684131 112010 509
777619 475127 509
85606 645416 509
204494 807143 509
981652 958969 458
656666 689274 442
355225 191539 443
330067 792532 509
664513 601075 509
149540 489703 449
82414 511230 449
437829 728335 509
625674 532457 452
133269 85418 354
462120 669402 509
322093 462686 449
672730 598178 509
5892 522529 470
762031 850901 525
361352 84469 443
29377 427491 449
851420 749197 525
326192 808628 509
98042 424878 449
379688 366361 423
642424 960145 525
678379 248311 509
902142 824292 525
547318 835690 509
904019 689762 525
695009 554637 509
480934 110780 449
368585 895602 525
296249 536126 470
348985 821218 509
462332 675586 509
40775 393578 443
383448 681075 509
611617 655989 509
905226 673496 525
728161 361447 509
665100 709510 504
834522 514051 509
393945 22622 443
332272 230643 407
321166 817364 509
493086 391381 449
199429 710046 509
380461 643508 509
974301 103734 525
406038 992376 525
174617 709525 509
367915 753444 509
48792 38754 314
314138 776199 509
76511 477539 449
747345 451813 509
475438 692716 509
793753 506071 509
603206 266075 470
862493 110640 525
204224 632744 509
458356 482090 444
358023 888087 525
894474 703526 525
934157 431839 525
359241 555840 470
404929 623730 470
291427 480641 449
767700 426092 509
942404 87051 525
974556 873475 507
525061 905819 525
710988 788548 468
747952 154930 509
501884 562431 470
989638 726099 525
944978 904644 507
638899 512909 509
729472 293258 509
459275 419344 418
760656 517832 509
692293 264653 509
82594 139638 354
603678 373218 470
297419 767892 509
387029 354925 423
52209 136901 354
329782 53796 443
801304 953636 525
459090 234586 449
325708 694622 509
642300 276412 509
192175 947991 525
553465 457546 470
935902 865260 476
138484 758719 509
379833 441592 449
18010 443794 449
360431 351144 410
67554 158229 383
860946 247534 525
652511 600620 509
638131 458334 509
588645 44708 470
708130 831628 468
849643 892352 445
894007 915734 476
903514 936114 476
275941 345678 389
211424 737346 509
11103 879097 525
69406 521532 470
300703 984248 525
382543 900549 525
441291 278448 449
133086 547210 470
363411 824076 509
330292 681580 509
784099 559396 509
535196 173497 470
616830 25329 470
944588 191969 525
354833 5483 443
923091 902618 476
627978 392726 509
378440 773024 509
992891 482227 525
756375 357839 509
776742 318086 509
570490 551171 421
725968 534783 509
433239 673127 509
891778 952249 507
460416 625718 470
502277 258576 449
584321 866289 525
28030 384313 443
855022 443537 525
219884 287453 443
336377 522905 470
893259 808229 525
446019 864940 525
656922 420681 509
890938 924325 476
655155 951251 525
986013 923425 507
122926 946478 525
633996 845660 525
874524 393955 525
429347 629598 509
871217 610003 525
521615 603640 452
776388 907298 525
185695 130991 383
897073 983713 507
54002 441763 449
501310 754056 509
450315 537379 470
647895 746341 504
346377 802531 509
537324 840086 525
143345 399564 443
751736 310016 509
991251 392929 525
36702 672374 509
913139 513172 525
724780 383305 509
763178 573992 509
329004 123802 443
363618 602298 470
928509 578407 525
973685 636109 525
441055 512822 470
182754 651078 509
848674 785513 525
699073 579575 509
211439 268311 443
733316 311055 509
711885 566241 509
798190 652757 504
454668 569369 470
832644 597733 509
649471 628511 416
62484 313401 443
179753 650834 509
487036 308977 449
286384 518707 470
647410 199917 509
591715 8801 470
10206 907428 525
707120 528361 509
972461 178602 525
396319 237084 441
178703 285797 443
245287 647750 509
51514 586556 470
990630 994556 365
697332 624825 509
444136 142344 449
191222 539304 470
987089 253017 525
535175 928911 525
374286 876544 525
822413 406707 509
136697 524275 470
299029 241490 407
656108 279656 509
859570 887901 445
709184 814841 468
958496 983268 458
84729 231376 443
447882 127134 449
754498 632435 504
738459 194825 509
80994 971315 525
675718 386157 509
247504 5378 443
98369 357629 443
574372 835639 509
401403 522665 470
557633 746768 509
428095 582557 470
563628 266555 470
656099 591534 509
456667 389490 449
716033 497761 509
999900 761269 525
999901 651949 525
999902 719330 525
999903 642088 525
999904 604426 525
999905 139620 525
999906 392034 525
999907 174413 525
999908 666661 525
999909 375360 525
999910 530912 525
999911 464149 525
999912 874012 507
999913 110872 525
999914 687959 525
999915 364784 525
999916 57902 525
999917 355867 525
999918 448537 525
999919 500651 525
999920 407190 525
999921 965778 458
999922 175379 525
999923 424835 525
999924 883794 507
999925 495836 525
999926 770150 525
999927 280598 525
999928 273033 525
999929 43798 525
999930 875201 507
999931 754775 525
999932 483221 525
999933 77108 525
999934 35835 525
999935 601885 525
999936 942199 458
999937 436247 525
999938 42029 525
999939 885059 507
999940 994349 440
999941 537507 525
999942 304700 525
999943 661648 525
999944 481662 525
999945 559037 525
999946 236715 525
999947 577656 525
999948 991775 440
999949 959095 458
999950 348232 525
999951 49176 525
999952 260814 525
999953 58549 525
999954 536553 525
999955 277413 525
999956 870390 507
999957 561542 525
999958 125838 525
999959 714879 525
999960 53894 525
999961 560980 525
999962 536726 525
999963 404130 525
999964 652907 525
999965 396874 525
999966 982668 440
999967 926155 507
999968 56282 525
999969 201153 525
999970 191030 525
999971 302190 525
999972 192543 525
999973 877800 507
999974 902635 507
999975 74204 525
999976 798263 525
999977 132382 525
999978 56755 525
999979 799047 525
999980 748926 525
999981 432354 525
999982 530862 525
999983 709957 525
999984 947997 458
999985 391267 525
999986 37331 525
999987 964407 458
999988 872936 507
999989 19707 525
999990 199884 525
999991 688468 525
999992 802348 525
999993 706613 525
999994 807006 525
999995 359446 525
999996 752601 525
999997 562495 525
999998 513725 525
999999 111728 525
999999 999999 259
