1 10 20
100 200 125
201 210 89
900 1000 174
275930 463539 449
232716 685022 509
880144 964194 507
389695 803147 509
888768 585657 525
409717 843309 525
110269 450022 449
150254 141603 375
734858 502085 509
622698 939815 525
251406 42074 443
160433 224367 386
650027 534100 509
369584 411347 449
493470 812785 509
237112 358042 441
62562 627925 509
96114 826820 509
59257 190673 383
629634 579032 509
285390 14592 443
731987 734572 380
306109 881100 525
840533 897004 445
353973 201165 443
301055 814676 509
633053 393779 509
436314 24992 449
741951 156604 509
250075 12025 443
150446 665314 509
117817 896911 525
536562 805553 509
390565 575971 470
319179 515052 470
569694 523265 452
905869 193329 525
598286 182297 470
16445 922535 525
858531 985833 507
939831 935398 507
664886 563317 509
735110 364821 509
399143 622120 470
197244 814617 509
946234 321865 525
873733 701961 525
758585 700336 504
540582 639523 509
701981 854968 525
324244 348921 441
817391 135704 509
90780 726948 509
270869 562978 470
814326 722220 468
57595 48868 340
383970 622248 470
476336 769955 509
711528 199562 509
997037 217186 525
62226 920421 525
906926 31060 525
246141 80760 443
39521 719680 509
680329 301400 509
966053 752766 525
359863 288217 441
260321 326443 407
460596 142793 449
835649 301651 509
637292 795254 504
896591 433266 525
77794 323364 443
748210 27551 509
27280 20559 308
562196 592273 434
806179 80531 509
211800 876879 525
311162 677049 509
456504 939348 525
610690 35154 470
82514 521855 470
524915 813415 509
86665 69135 351
14319 746911 509
628952 181462 509
792259 36639 509
272912 158383 443
823708 413524 509
983230 559887 525
275746 153758 443
456411 388430 449
44982 577137 470
623053 578240 447
202854 721168 509
579192 967603 525
571867 951107 525
779391 825323 468
174128 239729 443
55700 304307 443
478109 730500 509
914282 903242 476
210397 983973 525
605485 131593 470
996247 999582 440
663293 93631 509
246096 703687 509
966571 633995 525
514740 99558 470
887181 20279 525
25720 686148 509
759031 877389 525
175512 69879 383
727266 233935 509
610458 917300 525
18304 92683 351
903925 526357 525
809070 895074 525
952015 330147 525
167776 614114 470
953212 589410 525
988731 980409 427
240669 378653 441
450171 522912 470
295418 725679 509
286743 688920 509
984596 425413 525
87264 297147 443
440860 616333 470
903535 973197 507
27477 681399 509
687466 18509 509
518148 415318 470
461441 371865 449
961443 686041 525
670805 936819 525
696801 10846 509
867567 568874 525
642363 565937 509
730821 443052 509
284475 153397 443
442114 355443 449
764528 560471 509
602935 751641 509
80856 563518 470
206661 920429 525
701752 552618 509
658794 842863 525
820223 382705 509
476962 644915 509
71918 593216 470
96145 466065 449
784744 580641 509
154772 826781 509
732012 656990 504
743752 254535 509
920498 182073 525
363248 11060 443
160662 118612 383
750902 252776 509
38294 426620 449
320438 851834 525
435229 687066 509
681021 406986 509
931286 224775 525
595408 681486 509
260462 786613 509
778938 819510 468
491433 523398 470
141524 213052 383
755769 622628 509
431325 818050 509
156831 443970 449
751430 51480 509
958120 420601 525
89840 140415 354
271950 306901 389
828244 939572 525
247617 576564 470
176511 785595 509
192798 905161 525
617517 914379 525
152769 707245 509
740897 331931 509
219056 640524 509
294467 799847 509
242494 838227 525
888539 773174 525
685211 385701 509
551037 711483 509
61886 218375 386
250252 173206 443
792709 185646 509
577301 498823 470
318768 498840 449
11773 690207 509
15178 161318 383
581746 301494 470
778084 264897 509
273315 771047 509
158732 229172 386
244965 644638 509
571131 158917 470
758537 566693 509
409398 499676 449
751296 749487 362
876689 82738 525
142475 869396 525
949703 468112 525
292932 984865 525
181065 217727 386
517964 122457 470
976439 360970 525
191030 635410 509
574090 850817 525
770077 303341 509
201639 251187 443
28364 412276 449
788092 244781 509
878116 730923 525
168811 805545 509
438042 382121 449
936884 41054 525
414690 97655 449
966443 777470 525
442819 240141 449
161798 933356 525
761397 277421 509
170814 608554 470
489541 102949 449
641788 600410 509
810660 709874 468
100152 752052 509
573248 247062 470
674643 136046 509
173234 412028 449
712161 581643 509
95474 468794 449
786339 464948 509
160928 917895 525
726949 998748 525
351263 991328 525
75552 482349 449
64051 696934 509
807395 101667 509
789445 94749 509
250378 905940 525
493148 852113 525
878971 529830 525
440697 894817 525
64284 78281 351
804518 148344 509
921077 346439 525
157913 946265 525
108311 207995 383
879076 672090 525
811887 572784 509
563437 596410 434
166587 788022 509
774078 672911 504
58763 737509 509
847661 264835 525
592149 179220 470
17238 387746 443
496260 54114 449
813543 74954 509
410131 597593 470
562769 898696 525
283750 89975 443
811562 513216 509
105336 993418 525
678889 325097 509
784697 40162 509
459647 41745 449
301223 560570 470
286309 900667 525
159621 969328 525
292614 840185 525
787353 864308 525
517244 736505 509
754772 634970 504
735632 102547 509
602303 825819 509
514476 320720 470
618555 755319 509
46262 564818 470
129105 51785 354
739996 55477 509
727732 835165 468
119592 189140 383
410221 247271 449
312764 382239 441
755428 912870 525
300999 180307 443
139093 700204 509
145111 295984 443
462988 841882 525
601077 760401 509
35299 75724 340
897319 299182 525
47692 970004 525
957251 377305 525
560355 8700 470
19907 96314 351
28384 329715 443
436616 272916 449
181167 232677 443
403159 579704 470
501031 702818 509
524537 586804 452
638205 233542 509
403416 907461 525
846247 172698 525
893521 421122 525
925387 666196 525
265676 724301 509
220812 27475 386
296919 542541 470
938742 22504 525
212022 826036 509
415221 127322 449
481972 646983 509
854 288810 443
715415 818501 468
909297 99241 525
266729 362944 441
718141 581290 509
728383 571718 509
207880 972576 525
175388 419191 449
877981 997440 507
886136 520067 525
788656 118537 509
276571 652595 509
342732 171966 443
953636 109234 525
244121 607027 470
119074 781907 509
147665 275358 443
36162 940749 525
449746 344040 449
909619 123237 525
259851 443442 449
322883 414863 449
840342 602926 525
327149 673028 509
705029 876176 525
383000 922559 525
126683 812797 509
618180 234306 470
19481 93977 351
283953 887484 525
34400 717348 509
867759 511983 525
233955 89869 443
51252 208573 383
897186 267389 525
590549 352996 470
846666 365714 525
239451 904146 525
186346 860361 525
36571 557067 470
492391 90829 449
633796 8272 509
308708 790111 509
856144 933856 476
264715 871252 525
352086 20168 443
254948 20226 443
18544 532301 470
898437 867948 445
866263 457415 525
930344 644187 525
128918 217915 386
269180 252241 407
713283 313782 509
249992 645635 509
537984 23826 470
917225 236733 525
914781 472432 525
330527 822027 509
889052 951342 507
552618 170018 470
375071 375292 361
360363 984969 525
996883 145824 525
748561 433453 509
777010 499364 509
980498 800497 525
202938 623636 470
280135 128268 443
745255 440774 509
257907 882597 525
601532 975976 525
815369 791317 468
296452 657318 509
583558 3236 470
781431 725344 468
915710 627715 525
845872 170306 525
77080 532199 470
977424 260448 525
552899 998684 525
290048 776469 509
330110 469995 449
776394 525317 509
599302 152851 470
934923 570727 525
570370 687128 509
772432 888410 525
998726 439305 525
289052 830581 509
578470 233010 470
815512 867493 525
574735 490687 470
991389 562927 525
939507 827795 525
748269 636081 504
683526 114589 509
393186 264064 441
461464 900412 525
775400 487208 509
168366 881547 525
563532 693674 509
842450 786091 525
860234 680316 525
322640 647912 509
738079 713566 424
918813 946653 507
792983 347047 509
818537 501880 509
480467 491959 413
76157 326840 443
825231 381711 509
808406 870949 525
75988 624086 470
655289 209984 509
15160 492217 449
655804 779113 504
927026 969893 507
435137 186277 449
678078 837248 504
3287 492039 449
969794 259632 525
524658 96943 470
586750 925458 525
133949 38535 354
381901 768111 509
245780 67567 443
816090 702472 504
833770 346581 509
100287 608396 470
839401 993893 507
376721 1481 443
211774 982201 525
919057 445730 525
76475 93347 351
31950 783193 509
185053 729464 509
186728 682472 509
106222 385579 443
942693 840941 507
585674 499886 470
372447 414819 449
123497 215303 383
34855 896722 525
96505 309526 443
20691 712098 509
687331 180717 509
233733 263938 407
472993 312051 449
863988 19416 525
772694 80778 509
959944 502642 525
757918 126044 509
113190 734433 509
887508 744624 525
531423 743049 509
446164 944854 525
194830 259065 443
836932 856413 525
366016 603105 470
806531 167254 509
455087 76863 449
966958 138868 525
129209 875894 525
817623 537188 509
599903 656890 509
969345 508812 525
221514 412662 449
424840 30905 449
890775 234838 525
579932 67956 470
250042 877236 525
75510 979743 525
365747 772198 509
752345 42248 509
378807 297628 441
739187 166848 509
605153 644244 509
139144 33046 354
702281 590599 509
870151 886116 432
811618 857618 525
962430 193395 525
36736 484967 449
19134 201641 383
223871 848302 525
605958 192705 470
773900 519435 509
51318 895933 525
133882 160758 383
510764 83091 449
691461 40727 509
177613 845208 525
26866 559001 470
206365 430677 449
864956 377810 525
256274 810017 509
613684 370413 470
559538 325130 470
75566 617985 470
71861 879506 525
775170 113058 509
572732 130705 470
358353 660625 509
548596 57578 470
687907 707288 504
314120 92096 443
585469 474341 470
105133 729243 509
651007 822418 504
811344 158363 509
228876 733368 509
607781 995441 525
383398 159259 443
990975 638215 525
697094 258931 509
629203 114613 509
811169 719274 468
995714 549937 525
890519 941399 507
969635 539300 525
614494 361163 470
461377 779243 509
869838 68979 525
647638 286068 509
53671 195627 383
585685 408325 470
782077 238763 509
817437 627006 504
843809 619124 525
70896 829392 509
438807 275877 449
319855 341124 384
97687 37373 351
272309 505974 449
191039 836538 509
823892 13885 509
606321 579403 434
134668 495275 449
995346 620792 525
765967 123194 509
976773 352923 525
748505 94848 509
815743 370709 509
543862 900090 525
396727 41787 443
608444 226892 470
755842 79819 509
672398 202452 509
45365 896354 525
905503 423426 525
565831 89580 470
857874 889978 445
420082 417501 343
435425 525646 470
418806 998643 525
198293 438731 449
98559 285090 443
955065 460730 525
100968 560710 470
966419 783527 525
705729 331657 509
68874 709382 509
10246 996753 525
682691 626451 442
105177 612114 470
977493 327388 525
607853 397389 470
435020 699777 509
84492 870235 525
670512 634470 442
217315 141176 386
652503 721578 504
54109 952717 525
395407 933723 525
315509 504634 449
790093 32304 509
529170 971591 525
484693 874906 525
710236 889743 525
631247 150614 509
413939 265767 449
873321 324880 525
248854 344728 407
165582 736730 509
358296 462496 449
888361 858459 445
952520 303890 525
248583 701619 509
705850 189521 509
142984 232978 443
720550 722281 411
500377 450256 444
803189 238713 509
616790 459834 470
999452 30988 525
150618 497266 449
689814 231961 509
254509 336298 407
61139 588827 470
786512 943232 525
438277 90100 449
665101 550876 509
784871 556205 509
210999 549922 470
664059 855665 525
753290 725496 424
87455 366952 443
868149 402758 525
974715 670242 525
365567 7804 443
396220 223896 443
542781 398764 470
377822 957206 525
282687 76856 443
809321 293954 509
291340 48314 443
917265 110619 525
140692 675474 509
837882 528534 525
811081 328929 509
57376 241082 443
112501 32567 354
874525 285026 525
704564 579425 509
584477 779304 509
432077 788673 509
782803 175155 509
346514 672687 509
45347 988185 525
93229 288033 443
252081 815985 509
310060 955348 525
992140 684191 525
305060 350446 441
812385 409355 509
559404 692654 509
553306 718790 509
536099 886218 525
653762 325521 509
865927 6804 525
100014 20755 351
229150 967456 525
644668 116800 509
154785 547032 470
27644 250084 443
518886 219016 470
193928 636977 509
739014 379731 509
921848 364345 525
534226 642368 509
850791 192279 525
648175 836879 504
628731 648218 416
117511 235659 443
787621 899671 525
508584 311071 449
998677 7004 525
42531 23274 324
559736 678284 509
682134 235414 509
323349 574902 470
63418 358149 443
786953 549734 509
620769 736590 509
735400 938823 525
376440 610142 470
651347 173121 509
643610 699349 442
90417 528521 470
326737 603727 470
355768 790493 509
593797 230726 470
100641 973829 525
442012 418300 418
937642 8552 525
82052 762256 509
739985 479783 509
125226 414373 449
82589 92379 333
274006 278472 389
189887 520398 470
588319 598948 403
832393 696971 504
428321 409964 449
845521 401904 525
858989 693333 525
331843 212361 443
642635 379287 509
151912 496202 449
942563 516704 525
8995 148107 375
514367 37987 470
289470 195324 443
470986 548678 470
833369 232925 509
673401 483041 509
978482 887692 507
420970 784182 509
546619 155262 470
393698 990980 525
922099 506943 525
733316 243903 509
10211 120571 354
740852 257987 509
657336 454104 509
915465 753598 525
64635 651081 509
962626 184236 525
833625 943904 525
959283 855543 507
544683 303847 470
79506 690773 509
188454 76001 383
156131 965408 525
345327 232846 407
882292 307201 525
739615 181899 509
641244 137830 509
682725 770916 504
793768 518470 509
963603 248349 525
749446 53980 509
944887 457309 525
301478 109030 443
979682 468003 525
514240 94382 470
776535 186648 509
918632 992651 507
9168 218114 386
892302 610295 525
292685 405056 441
880195 266173 525
629447 18048 509
545404 756914 509
565482 529253 452
31158 475483 449
592259 266404 470
261809 501681 449
778825 14394 509
614056 331986 470
225792 808519 509
349155 670992 509
695303 746432 504
912736 367861 525
690102 635131 442
580875 148572 470
329984 684782 509
959427 268382 525
605394 262992 470
528168 588808 452
975580 931076 507
762129 869573 525
822711 598209 509
359569 258310 441
973526 649781 525
759361 59506 509
356533 333090 441
440130 868996 525
875496 516476 525
459297 71488 449
748845 177284 509
312268 515967 470
889900 619543 525
470316 907448 525
384189 473985 449
890278 83467 525
757877 991084 525
380005 879786 525
525238 1995 470
950582 732201 525
453326 192826 449
189645 509977 449
88417 14417 351
249709 331289 407
351510 632794 509
261206 272209 407
429115 814761 509
852060 948151 507
760748 538549 509
983882 920321 507
656001 421253 509
499483 759588 509
961747 762755 525
617212 386354 470
243993 120109 443
104682 997353 525
149083 846866 525
17793 488962 449
965396 958578 414
700503 791485 504
919387 18716 525
206642 939989 525
408757 478522 449
427123 24691 449
200742 49782 383
984220 387477 525
604945 241311 470
389170 561060 470
767841 147910 509
50156 483400 449
530018 944829 525
464810 462381 338
737432 311291 509
334703 214397 443
504377 183356 449
398831 55357 443
688576 819452 504
498961 983778 525
757758 151119 509
761752 962986 525
302250 787056 509
810881 183109 509
679591 840286 525
606996 463406 470
664842 956289 525
854110 241626 525
524247 534189 408
908151 789459 525
630043 153611 509
776676 391783 509
590719 646554 509
108348 232289 443
883684 86663 525
36573 639206 509
146252 207521 383
363800 162221 443
606058 407097 470
851258 675329 525
613469 547238 434
313522 330230 384
876225 215119 525
808096 721011 468
790515 977796 525
457260 63266 449
212876 431531 449
342792 539389 470
123751 524316 470
473678 216718 449
896242 713035 525
42831 106275 354
302527 5931 443
60814 997304 525
965619 836605 525
982964 676359 525
695581 17476 509
130846 19662 354
37013 728686 509
549765 233507 470
398567 612653 470
441204 209928 449
335445 565016 470
462295 563440 470
912273 739450 525
994051 419577 525
586454 616844 447
945908 437060 525
721036 728604 411
786159 862817 525
661319 769329 504
266222 642725 509
290904 385884 441
741233 740803 362
120533 887901 525
80284 855733 525
257063 488975 449
906687 665969 525
50070 458366 449
311978 583314 470
820067 739744 468
246929 749747 509
834963 176531 509
508684 673399 509
620399 472673 470
615162 466961 470
764729 413137 509
886239 125457 525
610901 670239 509
735752 660171 504
615180 729877 509
519216 191671 470
696588 86016 509
279186 297252 389
601140 872285 525
383562 6739 443
161404 526291 470
361644 845495 525
344603 915271 525
208625 234591 443
151419 590965 470
51235 375499 443
752866 487084 509
345596 470282 449
734028 424527 509
712908 758145 424
951169 247491 525
109403 385360 443
302662 277882 389
274084 567926 470
664365 45948 509
301082 854989 525
346553 931806 525
743029 555923 509
692160 435541 509
867670 555091 525
855082 282823 525
562014 805702 509
372451 468486 449
906628 767816 525
876243 642272 525
627271 935412 525
177296 948964 525
471850 383595 449
998741 549357 525
57802 959371 525
836038 569076 509
888269 338075 525
777285 148948 509
45052 672414 509
630128 603693 509
532112 972205 525
370570 434926 449
365489 670295 509
754164 89985 509
283807 53766 443
911509 909849 476
388112 369412 423
887693 667422 525
110607 448618 449
379233 461721 449
658932 639143 429
372292 504004 449
485932 679945 509
992386 508639 525
394447 910074 525
638468 984522 525
602478 863785 525
393265 712109 509
466138 871401 525
776904 86626 509
586124 759120 509
142310 809807 509
708036 120781 509
398589 620473 470
167653 920815 525
292498 368570 441
629372 379920 509
178358 757751 509
519339 193677 470
63162 508385 449
864346 139183 525
726366 525841 509
213418 35925 383
882761 898183 445
941059 844490 507
682046 192921 509
509473 410344 444
320151 574190 470
201615 989799 525
175066 719774 509
427775 231411 449
673864 381635 509
955454 728447 525
47819 704091 509
315606 606675 470
238944 90598 443
197918 866633 525
483989 493044 426
863581 360657 525
520867 486758 470
476103 352318 449
937701 389924 525
779033 579577 509
916070 987854 507
734018 622834 509
507816 130603 449
573458 165168 470
628627 586607 509
