366578 746719 509
573827 390150 470
541562 236171 470
406829 52810 443
1000000 999999 259
779550 430406 509
191397 65876 383
237941 190477 443
472252 139983 449
341794 825151 509
49019 977826 525
100 34673 311
23025 903382 525
429025 940724 525
763572 649344 504
242512 260931 363
302876 675431 509
82648 939 351
987370 290025 525
685253 175289 509
92083 307564 443
681677 4302 509
154702 33798 375
411356 582578 470
390541 757137 509
215873 897165 525
699401 611051 509
86018 581770 470
286956 418558 449
387477 243221 441
288288 104982 443
209038 439089 449
737471 901354 525
157334 27202 383
539437 788374 509
4405 935626 525
395822 128001 443
257857 229268 443
572922 337404 470
585355 5830 470
464626 866309 525
952683 679175 525
36778 226138 386
886921 246805 525
928024 452669 525
276839 324630 389
300352 317776 384
992842 721067 525
949597 261956 525
692763 620464 509
857403 672848 525
852202 564318 525
341738 193824 443
501080 969633 525
72089 452835 449
845450 247510 525
120332 91835 354
270709 105690 443
463777 814129 509
79126 939 351
156477 396257 443
3675 398964 443
66431 17552 340
602124 459884 470
967129 587027 525
802586 510045 509
655796 490750 509
408214 579986 470
394578 158883 443
718419 583936 509
757163 252892 509
377202 22345 443
733181 25079 509
385094 495984 449
652403 448627 509
88479 415023 449
464586 63052 449
629891 163567 509
512203 671759 509
312773 38499 443
963341 965471 383
971799 611938 525
965267 537074 525
167012 886803 525
201416 605444 470
261605 637958 509
127338 821414 509
636687 836564 504
976568 519036 525
989435 809933 525
150454 165372 383
246806 109308 443
594360 626962 509
307620 97447 443
29073 506133 449
376828 787701 509
738631 952875 525
412685 609000 470
166612 81845 383
378341 713046 509
237058 305785 407
506744 968791 525
247920 830208 509
419933 816800 509
986714 342813 525
25252 330181 443
962312 417092 525
930754 996144 507
997958 398779 525
525623 447294 470
302757 164229 443
822080 28054 509
618022 813146 509
427935 237100 449
183729 426455 449
795737 360904 509
775941 99838 509
301991 919556 525
521786 472532 470
323973 391588 441
81179 466930 449
104825 387897 443
807981 357852 509
724769 854288 525
165291 271359 443
332854 968066 525
287930 684674 509
66007 313468 443
656072 5379 509
106659 122537 349
869985 400461 525
112488 748520 509
648545 549046 509
310105 618126 470
122650 655789 509
932679 619043 525
716577 1610 509
968756 699121 525
567868 454803 470
171793 595804 470
252175 538227 470
260001 402109 441
274699 921398 525
824106 663693 504
689489 340397 509
539100 432385 470
891921 890095 339
311998 483133 449
69622 97218 351
984508 288064 525
92053 926336 525
504570 570052 470
562278 571584 421
216786 337150 443
779050 894058 525
994235 329770 525
920347 715162 525
570800 468913 470
110478 52895 354
857431 334532 525
416630 580789 470
193519 684358 509
250875 817253 509
29092 951054 525
603178 908146 525
152671 268080 443
201949 989147 525
606522 790462 509
767855 858323 525
735360 433975 509
720066 743264 424
481514 537765 470
303467 612377 470
805552 794658 468
388178 611674 470
597064 603293 403
210857 698842 509
712580 703190 504
678262 581975 509
509739 446772 444
209503 841932 525
167067 540320 470
938254 471780 525
267893 417256 449
550056 207723 470
983971 483515 525
681361 465946 509
265791 153359 443
461021 467233 444
328851 423892 449
910043 402609 525
304063 223128 443
777959 128455 509
893707 683673 525
420167 601340 470
754660 972920 525
519318 580752 452
178191 494583 449
583780 383549 470
594581 602636 403
448334 298811 449
589817 272203 470
407491 974026 525
792193 605236 509
951283 772640 525
686203 236412 509
903421 819739 525
642250 468079 509
586759 917013 525
281922 215311 443
473082 375135 449
134110 314555 443
386842 281574 441
336037 726549 509
433540 355237 449
122312 981556 525
425880 784397 509
317575 277317 389
793684 577950 509
791000 83023 509
495549 845061 525
926566 981460 507
206931 326012 443
692167 939888 525
278409 382245 441
969737 180101 525
309888 208727 443
788038 350990 509
292062 801939 509
326016 379746 441
963927 748759 525
257542 649298 509
313293 365002 441
867505 817996 525
535219 816726 509
205885 688741 509
13552 290217 443
150729 861038 525
335972 395368 441
565516 278019 470
637255 83776 509
614294 333324 470
687805 706050 504
403749 677580 509
189027 18397 383
57111 149456 375
75989 685755 509
910374 817703 525
769412 473476 509
797558 432451 509
403697 698884 509
435626 935322 525
422661 736029 509
113303 222173 386
236214 89093 443
730336 702324 504
287057 291956 389
162398 255935 443
987602 565721 525
900818 950672 507
339111 539716 470
768916 278737 509
105549 85547 341
153271 694425 509
663706 786577 504
423533 53380 449
959122 262286 525
660214 755724 504
147236 959731 525
341754 242134 407
548351 677014 509
766634 470148 509
682298 225888 509
769274 228799 509
572624 822919 509
925760 37323 525
961112 878697 507
175358 985654 525
53770 674945 509
377135 556543 470
686089 867497 525
36809 369964 443
722960 850297 525
453023 705265 509
533780 666432 509
270354 641339 509
50660 718827 509
113117 387562 443
259997 622346 470
848642 369213 525
86003 878792 525
402111 298955 441
593117 138417 470
606201 896375 525
14391 959607 525
8264 944494 525
336313 44700 443
916540 567310 525
647542 339944 509
19978 870763 525
655653 471334 509
777009 104731 509
811743 45661 509
529554 579402 452
53473 410096 449
695100 711122 504
453240 961710 525
906979 325171 525
433651 733883 509
986884 743209 525
593029 120566 470
769958 57738 509
973493 601883 525
351399 969104 525
159892 698973 509
718294 399736 509
470748 352665 449
203431 670101 509
773060 435511 509
598425 703603 509
348479 255500 441
447154 75513 449
997065 946290 458
51099 386774 443
244641 591484 470
818805 871371 525
712839 826090 468
983174 877126 507
760711 851744 525
337064 343426 366
696261 350289 509
299241 726654 509
772317 628280 504
132928 753265 509
397560 951596 525
826642 788454 468
853714 211029 525
306040 146762 443
782412 611443 509
739191 979459 525
3238 578564 470
832919 727070 468
563443 693467 509
201891 624604 470
256915 939238 525
853262 875364 432
495968 483820 426
460437 641227 509
457611 93823 449
476321 273754 449
916200 537354 525
620202 68685 470
81411 942260 525
540624 302571 470
170869 964052 525
700413 939474 525
391736 377212 436
479397 75351 449
465659 324202 449
4178 479356 449
642372 129430 509
574082 561709 421
46944 332405 443
179640 225696 386
55836 981673 525
752840 521013 509
523661 49332 470
951762 514883 525
68032 117926 354
898574 964199 507
413421 705135 509
313050 920577 525
253452 423900 449
375536 244428 441
758642 212219 509
301624 245602 407
661113 837889 525
845477 864165 419
570713 992541 525
690331 145401 509
974770 169210 525
262682 102295 443
717575 795401 468
344035 641650 509
462937 790074 509
899797 16287 525
728149 470508 509
132809 374505 443
688009 729518 504
149921 914983 525
876505 792639 525
115029 188605 383
652541 107137 509
674686 240645 509
469154 703754 509
334302 578099 470
750262 922025 525
174906 963949 525
261832 527460 470
78717 307367 443
817248 138636 509
716253 819104 468
639110 974933 525
996101 952184 458
905299 401137 525
876904 258249 525
506074 163963 449
249 160836 383
30223 56536 340
272200 269632 407
547134 56050 470
563594 36204 470
512255 296115 470
453180 780781 509
80075 194776 383
160383 943499 525
815928 240904 509
107937 128774 349
319591 290411 384
873540 908771 445
201286 515389 470
317556 453036 449
971407 796991 525
839739 172085 525
813517 116010 509
365174 369371 361
792163 837936 525
529366 798891 509
972065 477306 525
272566 225274 443
560879 273860 470
26895 961444 525
828922 110139 509
713120 325296 509
853849 59901 525
542630 92538 470
404351 452236 449
96876 133610 354
425861 442871 400
127549 170310 383
855153 919875 476
674255 731448 504
368411 650938 509
437806 137363 449
295139 323814 384
92268 192750 383
816434 565844 509
259056 340792 407
645917 113207 509
679272 535880 509
774785 749092 468
843136 947048 507
719292 321789 509
564217 400693 470
946512 409675 525
149459 821832 509
35068 965573 525
859668 365257 525
63611 968133 525
843445 22540 525
926745 129504 525
813498 421166 509
598596 211100 470
842044 73027 525
332994 620522 470
796532 48427 509
804509 773622 468
143633 865728 525
151675 241675 443
208379 701328 509
885728 398603 525
888827 754524 525
397241 393690 405
161862 840770 525
952717 239805 525
452812 829451 509
693579 10190 509
181799 243097 443
858769 495317 525
340002 132862 443
899258 323136 525
425404 707015 509
574028 521870 452
145912 992630 525
127155 748941 509
452547 583409 470
674869 285108 509
500038 600524 470
102332 796055 509
330022 429786 449
105080 26935 351
862472 13217 525
728415 363108 509
566785 39433 470
268417 466769 449
381030 466162 449
518025 96911 470
18034 37138 324
396094 144827 443
475589 198358 449
478250 311197 449
677276 383188 509
423616 772629 509
576641 97972 470
115666 478127 449
782295 976233 525
275202 308953 389
802935 635787 504
22673 977942 525
281602 306711 389
996911 927291 507
773001 667084 504
551547 91389 470
732162 333629 509
277043 193633 443
26700 445010 449
666403 946019 525
95715 857926 525
351177 941021 525
448829 961159 525
135574 911216 525
821841 477858 509
153794 456525 449
372910 598289 470
650496 479455 509
972064 311703 525
153120 65123 375
557216 682883 509
66213 604200 470
719539 591447 509
823662 974224 525
553877 63073 470
314674 433007 449
190552 131339 383
593743 613885 403
222447 294051 443
711033 726814 411
619874 534978 452
399827 512852 470
75552 646348 509
70450 99510 351
297242 511621 449
148782 574862 470
383794 900022 525
599189 613206 403
144627 624256 470
354305 400663 436
302934 596120 470
567459 356835 470
50315 651431 509
858004 596816 525
878411 241462 525
142517 371065 443
542312 589912 452
702440 519290 509
900442 31116 525
847129 298488 525
942271 702091 525
405176 780948 509
942366 525403 525
436324 463777 444
803176 502552 509
89337 613052 470
363193 142102 443
870526 859494 388
65992 241530 443
268682 912979 525
58054 110127 354
237326 810757 509
87026 741869 509
775469 996678 525
467418 730337 509
264898 569360 470
964409 464006 525
48330 563411 470
874151 479716 525
314465 283604 389
549413 493452 470
610645 724042 509
941175 805753 525
212671 901607 525
722414 371192 509
538097 866275 525
613871 853354 525
907277 642609 525
559651 389428 470
131972 62457 354
107437 617779 470
650958 636086 416
171178 503459 449
318044 467288 449
14175 256187 443
861946 609646 525
819430 363630 509
943195 519741 525
745040 860041 525
643642 525745 509
258621 146193 443
512515 620795 452
678142 868255 525
689181 688611 336
89453 331699 443
693401 464992 509
338807 756277 509
989813 730016 525
534740 809069 509
519890 880233 525
448180 157908 449
165649 455963 449
111913 324267 443
566174 765483 509
763156 144879 509
288926 787195 509
295898 964812 525
54247 461836 449
23338 615174 470
829901 366647 509
654077 983980 525
653981 866484 525
760078 688589 504
239261 651003 509
168473 783063 509
870486 574766 525
217106 758563 509
472240 120097 449
877933 401236 525
174844 147501 383
592240 233606 470
239787 233873 381
140117 678075 509
377748 304257 441
805935 721821 468
722943 961845 525
96619 251101 443
948868 73363 525
604605 427695 470
260728 546380 470
198171 602765 470
359764 678363 509
52177 339141 443
101510 237346 443
649115 124394 509
577607 230855 470
919940 308733 525
303020 2005 443
283083 343047 389
510188 286512 449
700094 200445 509
846664 253129 525
807057 349435 509
818591 342232 509
49432 249261 443
332273 36675 443
416424 43931 449
319728 331392 384
83962 882160 525
571646 455668 470
73225 439044 449
253351 376295 441
714408 344744 509
127441 632557 509
343423 780124 509
369055 281394 441
751537 265459 509
920379 910169 432
45670 956591 525
505855 855662 525
928912 856272 476
508886 796889 509
785687 151667 509
52896 821770 509
908458 443044 525
124567 109442 349
804623 206102 509
316769 557356 470
968741 352062 525
658845 360160 509
938636 762918 525
626295 788209 509
404394 761925 509
471556 443260 444
394786 848889 525
24047 727999 509
986583 92305 525
623810 382186 470
350691 511215 449
49406 893796 525
712179 891951 525
867352 372624 525
930878 893236 476
622670 713554 509
659334 524822 509
422390 814809 509
524273 858762 525
88468 281565 443
220191 783957 509
303330 301032 340
501954 114080 449
197188 724995 509
203597 795114 509
630770 707032 504
288877 294663 358
171012 804996 509
523209 507261 470
807100 350708 509
560425 362276 470
317812 273475 389
224488 729698 509
698130 357593 509
306887 160990 443
94875 383279 443
907566 600726 525
815130 110460 509
670580 429706 509
697214 998637 525
520914 150336 470
732116 241553 509
416677 238895 449
837109 553249 509
567152 426930 470
808139 762625 468
904761 464243 525
519410 953055 525
790466 669097 504
301325 884882 525
757106 537042 509
350458 739330 509
987774 495360 525
786499 825107 468
761138 479638 509
905323 414738 525
683546 456840 509
377519 460875 449
915188 585477 525
995009 338749 525
726107 570980 509
160566 270980 443
998718 576452 525
446459 44377 449
742796 619994 509
255734 125906 443
521527 590812 452
970018 473352 525
253387 737843 509
904767 536685 525
221798 881857 525
419665 106879 449
360259 347710 379
338801 607426 470
483509 150976 449
24854 328627 443
888700 498817 525
828687 627701 504
100914 916289 525
897549 421955 525
459299 330032 449
917354 715765 525
842506 153071 525
237271 692597 509
426868 228984 449
710110 582199 509
204046 595546 470
332808 878087 525
15926 747569 509
436091 946769 525
994992 210819 525
706103 453936 509
799588 713861 468
146175 536257 470
999156 517468 525
617295 510656 470
426109 650897 509
295228 151921 443
271148 186124 443
95436 112104 354
771867 647144 504
692247 234255 509
894503 784057 525
518866 745824 509
321345 965942 525
655301 935363 525
372084 469745 449
443027 37860 449
971351 222961 525
305013 268473 407
308948 946964 525
521674 810781 509
471984 284983 449
300463 167967 443
941131 431378 525
279190 251093 407
798361 368093 509
110035 53846 354
188456 691536 509
540171 932592 525
458296 574475 470
737870 888000 525
479373 778789 509
69215 838715 525
374138 242785 441
673180 831851 504
404427 802773 509
909757 269880 525
965424 974531 458
953637 627761 525
292555 958951 525
647684 27574 509
888547 633442 525
573340 661418 509
688132 472077 509
117783 9524 354
352741 317517 441
703146 809363 504
900100 899947 370
488269 472530 413
387114 123604 443
26348 111074 354
534525 980274 525
355683 574943 470
745123 722375 424
594328 641236 509
730082 669754 504
315492 965376 525
150336 475666 449
483929 551869 470
786676 894533 525
186313 340783 443
651475 463108 509
890172 210283 525
467126 739888 509
611825 713082 509
443020 310636 449
273927 638166 509
148 568561 470
309412 835419 509
805709 187512 509
57005 289632 443
551492 138271 470
287370 35686 443
673849 520522 509
390472 903086 525
158805 249969 443
904051 409767 525
206381 910892 525
39909 563461 470
761826 369472 509
871178 760781 525
165514 326551 443
814570 63875 509
623870 869259 525
894318 645839 525
792443 805464 468
556101 99212 470
624418 881981 525
298948 689347 509
689665 512301 509
608562 456596 470
591719 622123 447
447765 409846 449
792383 180840 509
693939 588036 509
631956 393052 509
821748 302034 509
435574 320537 449
874892 737068 525
786573 558595 509
684577 600295 509
481333 725396 509
448172 489207 444
420181 193352 449
490394 468658 413
713976 754216 424
143953 327474 443
670194 265716 509
338474 97348 443
215271 414741 449
561508 767849 509
96591 670622 509
798601 647704 504
542646 57279 470
906744 57396 525
820019 135761 509
961153 417469 525
154040 60283 375
557246 393469 470
517432 242665 470
213612 953202 525
346977 619269 470
435899 238784 449
69252 466285 449
909272 846030 445
284481 322965 389
932540 523409 525
175070 311905 443
56886 178901 383
25310 420013 449
723148 205419 509
723712 39565 509
871195 205641 525
333071 244363 407
83990 969308 525
995066 569683 525
27299 673649 509
274842 708478 509
540334 870168 525
357399 416381 449
843779 553525 525
719679 60808 509
936323 380622 525
583565 546883 421
333463 775753 509
411819 69989 449
332649 236439 407
337385 834910 509
479772 65125 449
828439 304107 509
496469 790976 509
889814 283175 525
914312 32486 525
709711 987399 525
402224 267487 441
308396 866114 525
265827 425718 449
169571 319802 443
729557 125776 509
760242 864094 525
508253 78302 449
594995 316932 470
266213 889184 525
373405 374935 348
169655 910535 525
494791 638755 509
145472 58519 375
791999 193618 509
514386 765771 509
575199 926439 525
355230 768098 509
986113 243473 525
745083 678255 504
680901 179354 509
353434 227183 443
698163 913778 525
101768 834936 509
650887 437353 509
506111 574902 470
852714 427422 525
997174 180976 525
68815 219038 386
968943 351560 525
8391 595531 470
600581 410770 470
671269 111706 509
950747 779934 525
717891 370632 509
884291 312416 525
771154 197012 509
358578 840583 525
821366 616623 509
569746 815859 509
219262 32255 386
780001 638324 504
360558 590495 470
613294 606932 403
618929 602730 447
946165 550872 525
169235 912855 525
830484 88581 509
320699 296514 384
287079 7430 443
625318 722376 509
717128 858254 525
426886 218743 449
479404 86962 449
395757 833625 509
214568 540804 470
440247 326845 449
661362 302886 509
672472 953184 525
951703 260696 525
374528 189391 443
721271 997930 525
384151 214320 443
349527 205873 443
200747 940856 525
723749 934360 525
355308 422497 449
503175 541636 470
509812 329356 449
486047 524954 470
590712 37826 470
732945 729594 380
694271 778294 504
789791 654818 504
355068 268022 441
475772 989502 525
72929 370005 443
48075 500611 449
891594 167144 525
254596 384493 441
435726 546302 470
