94858 210226 383
637798 136164 509
641355 987527 525
815579 920994 525
390254 71038 443
348522 309607 441
794183 897966 525
791504 922656 525
939577 147614 525
703958 279826 509
819996 952243 525
262566 654861 509
35103 180404 383
358900 236709 441
168644 224501 386
397546 425610 449
568238 581995 390
958519 214732 525
524192 878170 525
535494 917089 525
666498 661870 442
328311 162618 443
451552 355738 449
133053 157152 383
609157 226890 470
495181 118897 449
392817 822627 509
214764 309115 443
526674 828888 509
593534 8315 470
729492 592378 509
695869 543010 509
809518 953506 525
303827 658977 509
164744 784826 509
631874 351380 509
323327 47148 443
776186 523955 509
57887 501749 449
423954 752550 509
41098 448528 449
580509 172274 470
404649 2605 443
504206 605062 470
310942 340946 384
951702 254458 525
954423 502476 525
581857 712326 509
198350 711589 509
640417 526627 509
160957 686424 509
127977 227012 386
29586 565867 470
180411 148741 383
308035 205559 443
631117 960601 525
599774 817998 509
112295 339754 443
41569 697454 509
539268 133265 470
783962 409964 509
988409 756650 525
501883 595673 470
220518 249097 443
665367 907390 525
762029 35265 509
791719 645090 504
67386 117888 354
275278 680975 509
178650 112557 383
155134 804717 509
118315 803636 509
720688 918535 525
981295 788153 525
412897 202090 449
460150 238832 449
253216 12305 443
265786 388525 441
680744 226609 509
107122 785684 509
279443 388304 441
687401 41890 509
786127 893623 525
855196 468666 525
512690 158730 470
722145 761065 424
367921 497735 449
208257 414362 449
627109 750918 504
657602 888558 525
264917 811172 509
43692 654566 509
165812 219461 386
967483 679375 525
35314 792904 509
853713 148680 525
446259 962710 525
929083 856548 476
867782 98541 525
328345 473034 449
470334 559862 470
116608 13064 354
259781 966386 525
914473 509432 525
475260 278980 449
358872 703095 509
465072 904348 525
751313 820525 468
625098 567029 447
359251 483448 449
911847 388415 525
89249 107417 354
51268 659029 509
856283 409539 525
546959 611506 434
255085 368228 441
280975 324485 389
621453 689278 509
37387 908710 525
154924 931456 525
236532 584699 470
654177 418708 509
719965 795460 468
360219 771028 509
217397 326601 443
535898 831263 509
145053 360196 443
316675 973941 525
379905 980502 525
825043 184463 509
144856 937542 525
965407 273623 525
120996 875399 525
205219 443788 449
274669 246372 407
519649 95651 470
400251 942500 525
371335 48549 443
253092 66959 443
147226 730163 509
507235 882591 525
108623 883098 525
944917 448709 525
640493 463716 509
927724 885606 476
190734 494832 449
992407 835670 525
123656 52076 354
63945 354802 443
363449 867093 525
786140 576526 509
551189 855590 525
927014 11955 525
115159 587220 470
643958 798906 504
493554 6605 449
728568 762613 424
244929 383724 441
594872 395530 470
405823 946337 525
698111 908183 525
955547 433641 525
378488 541049 470
468364 505115 426
762853 300940 509
386483 107863 443
219641 54149 386
580769 774596 509
261593 109489 443
773431 788201 437
835074 944059 525
364413 285472 441
962019 721312 525
436353 696389 509
394726 309266 441
674957 218494 509
981953 415610 525
21359 499366 449
379468 948478 525
866691 694119 525
986128 700158 525
829908 124662 509
632384 128312 509
45694 105849 351
822105 716644 468
149616 297064 443
133071 596368 470
55112 859226 525
731252 231784 509
912624 565889 525
739134 857370 525
880680 215693 525
535081 443487 470
360448 364357 366
760752 223936 509
174303 715368 509
510864 248602 449
299607 444015 449
666570 498338 509
71890 130699 354
132530 877208 525
39335 21753 324
215616 81974 383
592227 274513 470
887339 679913 525
795012 110519 509
379443 374288 423
643673 308829 509
361494 232117 441
596929 612176 403
467313 285261 449
570214 915179 525
12011 733638 509
348088 265336 441
730697 381112 509
684017 715586 504
303740 344484 384
904772 906982 445
419578 635857 509
589121 17429 470
502970 981406 525
956786 911906 507
303413 13385 443
268895 162608 443
197915 865164 525
902636 635379 525
171174 36893 383
825576 682382 504
433839 379044 449
750003 807877 468
892245 713 525
996678 704004 525
858723 371176 525
260093 363141 441
242855 877257 525
98790 902189 525
8970 782778 509
225322 810303 509
895018 690402 525
681236 600430 509
840661 254843 525
963207 253270 525
528948 685515 509
795109 321575 509
567400 700807 509
354462 28320 443
680602 396257 509
390032 908294 525
789306 443416 509
224472 438322 449
805335 411967 509
21869 928392 525
811955 986079 525
634934 532177 509
195574 113619 383
260063 720822 509
874968 582584 525
616914 345437 470
852910 645172 525
401406 619563 470
598786 267820 470
570636 613895 434
622658 505018 470
12812 686712 509
486671 551217 470
478934 247278 449
510598 470282 426
998610 268251 525
354880 736339 509
775413 455705 509
534915 15761 470
819859 879186 525
324132 614467 470
870300 866685 388
462229 442842 444
642292 849499 525
883822 850568 432
159306 546504 470
928314 843505 476
588304 260084 470
337718 24258 443
893404 327741 525
244503 864447 525
851794 533994 525
415800 564825 470
265308 274157 407
911175 671904 525
839376 160327 525
737001 466676 509
319419 520647 470
451304 856149 525
949883 974914 458
145444 205703 383
92924 161504 383
662724 830642 504
191537 773674 509
359111 378748 423
576942 233636 470
658504 357575 509
546893 658508 509
394900 749978 509
79936 90180 333
34871 56283 340
717899 954857 525
997288 986171 396
973022 223371 525
80110 700844 509
753085 919644 525
747694 106544 509
191909 175869 365
848492 467843 525
991450 767436 525
823635 494345 509
120881 677359 509
400123 410050 449
452298 456749 369
729086 884234 525
364109 125989 443
843014 789581 525
596166 681743 509
34386 865246 525
276616 303720 389
346170 337047 441
355139 549273 470
307052 522345 470
607797 245859 470
454331 920926 525
741330 692323 504
203494 924827 525
36947 853629 525
202536 728104 509
771503 163537 509
866248 359053 525
715562 200655 509
107199 981954 525
653751 600189 509
793146 923309 525
196668 269394 443
488699 752141 509
1576 604316 470
533643 143520 470
763359 454963 509
673789 294664 509
484665 82249 449
148904 640405 509
786056 774714 437
408391 129626 443
872998 834888 525
976736 895419 507
198573 136814 383
256730 392182 441
723309 710794 411
931907 495191 525
551391 66082 470
98274 749575 509
988441 102840 525
196384 307899 443
361885 391857 436
371932 380868 423
608204 469781 470
579213 338556 470
546912 238748 470
427741 750825 509
542954 91796 470
484189 702813 509
610694 951762 525
889225 882658 445
579356 90104 470
365686 533398 470
475334 819894 509
443803 788294 509
903497 305644 525
93758 605589 470
192944 905682 525
914522 584101 525
954309 491116 525
725653 698834 504
200640 739175 509
843540 391269 525
772913 124244 509
344674 689953 509
971162 517977 525
357585 619397 470
348944 555769 470
9609 695245 509
246196 224079 443
637236 882996 525
446156 323025 449
937019 252937 525
602639 961248 525
100223 742757 509
646952 781209 504
51952 931893 525
503295 954524 525
324370 137031 443
665603 934986 525
675106 43767 509
530962 592487 452
366167 243232 441
75002 545819 470
643359 753356 504
563703 963805 525
232539 344054 407
35200 882672 525
574725 96793 470
264408 340261 407
75769 281623 443
751726 37562 509
574176 308693 470
112587 442324 449
466291 842659 525
110187 917978 525
771298 620798 509
775883 163297 509
161648 778000 509
842608 714943 525
809322 77269 509
730747 744108 424
432690 682565 509
289280 427317 449
210477 525075 470
941632 541939 525
513268 424135 470
41680 733287 509
465108 334316 449
481307 149859 449
221256 811484 509
645888 564182 509
229972 865213 525
721365 512171 509
366131 320686 441
712754 757274 424
598184 895483 525
591911 182431 470
845880 216665 525
11502 699089 509
21496 390514 443
83523 125911 354
362037 288923 441
822056 519829 509
530408 156785 470
345201 657197 509
581727 756674 509
875487 591652 525
287474 107495 443
175894 382229 443
812293 985111 525
380168 711887 509
230856 969908 525
40591 477587 449
668797 743910 504
853420 811336 525
887957 728808 525
525244 680292 509
592776 23294 470
390216 299048 441
960075 502215 525
397278 260411 441
80814 938707 525
564762 927464 525
831202 655786 504
487418 216765 449
413587 457858 418
43719 248894 443
969034 781103 525
899217 531486 525
380166 306135 441
155477 605298 470
210764 413524 449
268545 311409 407
157874 852813 525
691991 51330 509
568350 331874 470
829662 265573 509
815955 189986 509
815471 745141 468
465801 269512 449
159372 862801 525
176625 34566 383
999457 713888 525
664662 985007 525
503194 605788 470
119927 768515 509
539386 82141 470
495904 247148 449
882305 859227 432
879323 229582 525
892749 351184 525
149681 209015 383
968084 323750 525
587737 343211 470
975681 846666 507
770946 679741 504
484117 161850 449
149195 494955 449
794602 142383 509
711334 972880 525
637540 476481 509
18401 105123 351
169791 169583 228
972267 556087 525
764531 913469 525
650588 199823 509
413992 205360 449
644609 396857 509
736005 906910 525
353114 161920 443
498434 958704 525
470005 256116 449
124557 188742 383
814280 149447 509
851764 668171 525
616492 660352 509
326292 619942 470
120344 976850 525
892009 719631 525
379812 273761 441
823512 128732 509
82826 254561 443
265897 424563 449
546057 66681 470
131392 14811 354
906389 215074 525
652351 714138 504
552599 123859 470
844732 180587 525
63986 16486 340
240112 786270 509
977310 201785 525
323196 306910 384
337387 734198 509
17749 249755 443
946142 61780 525
5902 56000 340
568979 51170 470
46066 583271 470
544399 740562 509
346814 77277 443
892024 647053 525
916791 899500 476
134144 860022 525
247048 397766 441
258947 662400 509
851367 715948 525
379253 711752 509
65903 74944 325
465459 816479 509
87325 543992 470
393861 144082 443
761068 495812 509
461436 957791 525
662330 404160 509
44831 134396 354
427394 228401 449
679629 778442 504
548744 270747 470
74241 25704 340
311233 974849 525
513297 772133 509
487299 18173 449
944222 116022 525
157019 340422 443
100076 912832 525
52149 850025 525
546970 434177 470
175640 561873 470
164929 88722 383
630603 682119 442
245252 519639 470
676294 792389 504
246971 609262 470
926115 925323 339
402578 469277 449
895757 697418 525
453695 713256 509
287068 889807 525
773735 579425 509
54693 443392 449
236198 10935 443
926487 808250 525
718722 898590 525
994833 31329 525
266736 155264 443
797403 475632 509
512316 223879 470
99764 646022 509
717507 968845 525
62778 650871 509
302520 681675 509
723655 750206 424
402127 901683 525
679804 569479 509
244594 190245 443
933841 902488 476
263586 219337 443
603307 320659 470
70565 391225 443
987124 935178 507
504617 292710 449
662278 106791 509
329713 34455 443
479544 14268 449
384316 603823 470
388574 715396 509
34425 895360 525
19355 455217 449
683225 970675 525
538248 737991 509
701020 612328 509
942508 540349 525
171992 602193 470
719362 138268 509
411597 403486 449
770922 674414 504
376220 194500 443
778672 734485 468
27736 361988 443
132352 160514 383
286038 539742 470
485760 689091 509
691563 703496 442
309591 691112 509
459976 348066 449
945749 217061 525
905572 936148 476
709182 468886 509
435495 592088 470
233986 593464 470
359009 981945 525
631803 948213 525
826132 338823 509
839029 133078 525
56469 821724 509
446039 688393 509
192197 200228 360
671384 193624 509
853301 354927 525
547769 786747 509
954536 935009 507
892827 983027 507
833609 171763 509
312204 89128 443
398783 583879 470
661229 530183 509
713484 444786 509
526513 363513 470
269491 600804 470
392673 214089 443
663620 319833 509
885721 88316 525
790427 2248 509
17312 356480 443
83454 610799 470
1281 614185 470
432668 32885 449
869862 773897 525
533837 715513 509
884849 222655 525
696443 364351 509
417299 994674 525
807196 435029 509
540470 972297 525
478627 644241 509
616491 733117 509
350023 260514 441
283882 727016 509
780244 405323 509
820934 363433 509
990993 66438 525
131159 783470 509
208245 474342 449
686987 454157 509
608858 230383 470
925457 263725 525
14307 638775 509
862791 257232 525
122358 454614 449
713858 133028 509
807578 48738 509
514391 364114 470
430247 745331 509
745915 370061 509
513187 376970 470
385425 285047 441
255574 324686 407
579816 628697 509
194096 861087 525
791525 152284 509
509299 64273 449
730069 658919 504
284082 621583 470
605828 374993 470
718806 994502 525
523293 477243 470
412001 8770 449
503713 50057 449
775595 617466 509
920839 398420 525
348247 897074 525
223552 915086 525
155687 134705 375
754016 851071 525
67900 139873 354
659436 478661 509
803507 675883 504
915550 686389 525
670321 453499 509
273207 704801 509
797917 442027 509
372768 354572 410
114431 670316 509
315253 647825 509
938955 112802 525
782788 267833 509
694372 335351 509
913621 461617 525
943546 842735 507
540512 686319 509
713632 682183 504
251670 728136 509
578746 973345 525
786572 295236 509
426009 941029 525
944252 598275 525
453604 373592 449
328060 790222 509
687261 38758 509
420854 385328 449
115068 97603 354
88451 49280 351
469060 564575 470
613898 636053 509
3262 342137 443
837521 119091 509
454723 473190 444
924836 532403 525
552187 434037 470
538995 104953 470
599346 825480 509
523276 137968 470
156160 416782 449
144133 703086 509
153676 256984 443
18911 912705 525
889861 995412 507
494957 474602 426
241513 221972 443
134485 26757 354
77595 373484 443
929445 124441 525
645138 731320 504
18822 588374 470
592667 88730 470
625160 105361 470
489524 386947 449
382807 589243 470
598266 796202 509
632057 714004 504
811899 952892 525
621949 730263 509
477445 522107 470
812885 226919 509
800817 804791 406
183181 856663 525
510452 766655 509
623370 844891 525
362672 190986 443
418261 374444 449
982621 335939 525
269955 422467 449
240817 303071 407
1292 443883 449
568109 846688 525
172337 910902 525
998225 408174 525
842854 584561 525
743564 918683 525
891401 206528 525
84722 644154 509
786585 900948 525
225760 191030 386
907758 477293 525
563668 310490 470
395599 860824 525
147775 338995 443
522992 504488 470
200196 192284 360
370134 194652 443
99449 534400 470
299934 750892 509
242598 938643 525
12669 997608 525
326516 544423 470
717851 119231 509
416670 309384 449
650604 601652 509
389627 518893 470
499841 629791 509
81764 317729 443
27201 722429 509
789792 496403 509
388597 652474 509
948990 654516 525
710425 528833 509
42823 449130 449
389565 793819 509
47552 672417 509
611178 978538 525
131430 925133 525
378365 645611 509
888251 532330 525
261447 345592 407
871464 675741 525
362198 873990 525
212904 775779 509
547980 540054 452
744162 196727 509
879508 63521 525
349377 137380 443
116302 299023 443
872260 435790 525
705942 162146 509
695741 338379 509
621408 58229 470
227273 489337 449
392991 497778 449
598513 890226 525
515239 280033 470
970279 205556 525
907910 488248 525
370185 17616 443
349197 19921 443
574474 130736 470
906292 690268 525
161964 368311 443
562894 876739 525
996039 172540 525
516144 634270 509
634621 582615 509
414660 647419 509
443533 209125 449
680112 461532 509
822192 482245 509
39784 600590 470
60851 326937 443
18317 294491 443
706817 862721 525
136787 990703 525
869131 641948 525
209453 317758 443
844246 614361 525
558296 372343 470
675939 993935 525
471142 189821 449
74130 398639 443
759457 185352 509
782902 149756 509
795128 955494 525
458558 360170 449
121914 228674 386
597731 52167 470
260468 669242 509
222351 398746 443
84814 448369 449
667087 622920 509
161955 235213 443
981640 819927 525
981231 488635 525
70975 279648 443
858684 936698 476
880861 182858 525
113567 378804 443
849314 63412 525
344189 914327 525
561266 319813 470
435896 484539 444
265691 75905 443
547903 704014 509
549107 571147 421
108864 225146 386
698778 615899 509
640714 76176 509
429515 117063 449
917284 428023 525
19944 992139 525
214237 267875 443
123318 895696 525
913660 539786 525
55064 243150 443
895376 624047 525
802399 703653 504
850619 362063 525
85286 384613 443
21021 86876 351
587687 487325 470
842039 935495 476
833442 340358 509
107471 800252 509
822113 852945 525
380774 202093 443
738271 848441 525
18516 887661 525
551164 564471 421
483498 571539 470
340810 743011 509
799239 720833 468
163654 135360 383
195223 707336 509
378824 553443 470
255383 450122 449
560280 301927 470
466266 282055 449
338639 178995 443
710005 137338 509
244529 243008 337
167588 583839 470
15594 667595 509
202895 604237 470
158622 941691 525
208428 745918 509
890935 31816 525
261716 4390 443
776539 868060 525
615365 31107 470
666892 756079 504
946543 481082 525
875828 359771 525
238342 477049 449
706799 405413 509
295359 137006 443
986836 995182 396
698982 373191 509
802769 215603 509
584716 134865 470
645892 789427 504
925658 965447 507
586084 908825 525
808481 136257 509
233098 808352 509
3786 320828 443
627228 833895 504
633436 359875 509
854565 992883 507
636059 677394 442
743570 449384 509
124431 524481 470
64138 945403 525
944423 297280 525
574066 577514 390
513584 237324 470
670388 70612 509
774539 723222 468
850325 413807 525
858562 182197 525
269673 47462 443
366051 727943 509
950193 346403 525
622711 23533 470
782275 83660 509
603449 561013 434
571523 195174 470
326416 154538 443
656829 301855 509
711727 272310 509
563465 922898 525
564067 133879 470
486222 281700 449
324957 750349 509
360543 743287 509
415636 510305 444
622595 976948 525
148563 690578 509
324541 616187 470
341493 607382 470
212288 81185 383
446616 892569 525
113836 558193 470
337806 507579 449
152315 775924 509
713910 765309 424
955089 488498 525
706124 645869 504
973391 160707 525
604460 257438 470
70030 313402 443
981666 874068 507
635810 588031 509
284081 691172 509
568045 146444 470
72976 834629 509
368615 684804 509
696697 406402 509
613595 89667 470
431220 618512 470
458652 274326 449
972525 952330 458
470654 494489 426
452430 459651 369
210629 833391 509
151592 496838 449
