613 237 144
49 1186 182
1757 2775 209
1558 3658 217
631 2201 182
2288 4122 238
687 1382 182
2948 2684 217
3372 8679 262
4618 4396 184
7151 8502 252
10085 4531 262
2962 10910 262
3643 1155 217
7862 3585 262
3485 581 217
6940 7763 257
11643 14789 276
13236 142 268
17513 11781 276
186 17059 276
10142 5051 262
17938 6432 279
5667 22594 279
18183 7558 279
13384 24056 282
14581 22081 279
11554 10211 268
8288 17883 279
5131 29015 308
5031 2510 238
749 22068 279
20533 11333 279
22904 22221 269
4867 18657 279
4515 30306 308
16308 36616 324
32139 235 308
27398 7485 308
11624 37396 324
11567 38806 324
26568 5111 282
25546 27334 308
43336 5259 324
29606 3973 308
20134 1738 279
41463 20759 324
26945 22062 308
39550 19210 324
3960 30652 308
41841 15114 324
48034 26694 324
34521 52055 324
38808 41573 306
23816 44474 324
53584 33748 340
12738 11124 263
46692 48674 314
13462 40056 324
3596 12058 268
16077 17314 266
42452 40463 288
36319 34360 324
44728 13853 324
3043 2528 217
47697 38278 314
62374 14995 340
51626 57522 340
6512 9500 260
11882 4940 268
46194 14850 324
8545 40885 324
59425 43241 340
16194 70322 340
55528 41373 340
51646 27097 324
56030 35882 340
23641 31444 308
35087 20143 311
76919 24 340
52694 77763 351
74667 18903 340
38570 51361 314
23762 67122 340
41226 31092 324
28982 13497 308
3199 24539 282
54260 884 340
35996 33466 324
66045 80739 351
85401 90144 333
22824 48630 324
66436 25436 340
1223 35056 311
39647 79858 351
25401 22521 282
65045 65417 224
12294 56063 340
89725 3639 351
16303 67973 340
27730 30966 272
71319 62387 330
50109 67053 340
36645 77778 351
97108 8073 351
39796 31942 324
35285 10441 311
71727 2862 340
8634 106993 354
9624 3592 262
75486 70208 325
100844 48543 351
44479 107193 354
60207 108133 354
114642 34017 354
84671 64117 351
60467 80949 351
20692 76925 340
100138 79890 333
21756 115673 354
12838 87542 351
65705 90708 351
49767 57330 340
29295 58565 340
105364 108932 354
14257 14053 196
31004 66412 340
82425 51186 351
51823 69998 340
93313 19686 351
2141 27676 308
121454 71933 354
132208 25155 354
15695 80927 351
16105 116733 354
112526 131236 349
41807 124717 354
111098 55462 354
64175 12906 340
4745 100797 351
116702 129920 336
50959 75168 340
4723 31879 308
143872 131604 375
100489 97294 341
16404 89135 351
79471 74884 351
61384 20527 340
111388 107812 310
110229 75148 354
123561 58381 354
92565 133762 354
14031 73094 340
76694 138851 354
147665 64060 375
121256 148009 375
28914 29187 241
73779 109764 354
24936 19905 282
107532 104684 354
19849 158153 383
32071 142062 354
152354 38458 375
152240 126676 375
143151 25772 375
99408 27423 351
14719 161950 383
1409 167983 383
92057 152155 375
39759 28025 324
100566 145171 375
103977 74859 351
132790 151893 375
108286 172245 383
52284 91355 351
161605 54643 383
87550 125032 354
164618 63616 383
91723 22650 351
133603 26232 354
134450 85425 354
90304 66853 351
66088 177269 383
72899 157436 383
42068 8969 324
3848 4465 215
85745 36737 351
11239 40147 324
155992 38734 375
4363 72854 340
23294 19678 274
42323 20478 324
26603 59707 340
169621 55424 383
20904 14034 279
77000 55526 335
164537 113821 383
16285 117381 354
178373 176237 347
49795 36878 314
3029 146242 375
77916 136834 354
136721 151374 375
154252 182916 383
187758 199528 360
18931 31770 308
147417 1287 375
56299 14608 340
162658 118125 383
172305 72712 383
178339 76681 383
7378 188720 383
185798 144520 383
96831 15031 351
131664 103678 354
42771 44665 270
125285 119581 336
169937 127895 383
117128 149636 375
40870 120989 354
74811 52001 340
127111 1985 354
119597 42091 354
168705 14798 383
111688 189903 383
66216 115672 354
3833 92024 351
110719 138652 349
81411 92433 333
69564 78511 351
170118 140437 383
225222 90136 386
40875 45400 314
37393 67888 340
215885 214575 280
219449 177088 386
148364 205343 383
107993 14953 354
78985 208771 383
61613 137097 354
169172 191966 365
1485 216583 386
166518 68266 383
239461 130720 443
138739 154890 375
198234 105974 383
109848 69636 354
125522 66167 354
174961 168815 347
129292 59359 354
90706 232940 443
109273 182443 383
169308 145805 383
115132 100940 354
199997 20653 383
218763 207191 386
14803 86479 351
72251 149238 375
189684 111627 383
24221 125214 354
169698 103804 383
103619 197463 383
125123 101745 354
54534 249686 443
231420 252718 381
112514 200966 383
34139 77982 351
223469 11292 386
126818 15682 354
170354 159122 370
204559 66961 383
164024 76402 383
265133 193441 443
48099 111575 354
56344 216847 386
192223 46729 383
163345 269393 443
67690 192837 383
273590 189973 443
221353 244041 443
28936 18618 308
135998 154407 375
179827 74137 383
54755 233887 443
196484 112923 383
165006 279962 443
40858 23645 324
163691 188465 365
196857 168380 365
73717 92923 351
283020 141310 443
149264 115627 375
75016 117906 354
263940 151104 443
283012 248579 407
123677 208636 383
88092 142815 375
62196 112375 354
68490 140648 354
146120 20555 375
54068 286293 443
286379 137188 443
182664 263038 443
199440 153076 383
216190 11994 383
128008 127723 287
48624 222845 386
105056 237816 443
11117 239387 443
30421 21182 308
152920 285116 443
199572 141484 383
265467 12057 443
130099 5201 354
212540 96122 383
65324 305412 443
63468 60261 335
173477 185897 365
72822 34260 340
294877 56962 443
76164 73264 325
280939 92728 443
256941 2690 443
246549 96580 443
97673 305565 443
289288 311472 371
201668 217921 386
239454 258127 368
203929 176638 365
115622 159094 383
284880 201115 443
38096 30404 324
202188 171391 365
190863 168537 365
149695 98130 375
164401 207161 373
24012 48874 324
177515 4163 383
243185 261262 363
57932 132108 354
32069 153959 375
23942 43620 324
328072 274244 389
7537 157848 383
247264 48360 443
105715 147627 375
29159 134428 354
52294 273690 443
87524 57154 351
8026 155175 375
113339 18601 354
163307 102278 383
204388 225511 386
17813 255887 443
160376 301240 443
138872 275255 443
14069 341659 443
281289 136952 443
107279 275875 443
25531 234098 443
94838 31666 351
237254 333286 407
124036 329043 443
104194 306262 443
335982 198870 443
337041 319744 384
205668 149090 383
268096 271990 407
256448 212178 443
342320 113469 443
175181 328566 443
8720 308140 443
79845 355703 443
176197 254465 443
171495 222981 386
225238 130002 386
373294 275839 441
50523 103628 351
30701 372370 443
259508 131796 443
5969 152564 375
158943 340338 443
102114 23336 351
184767 49972 383
174434 154688 383
85598 146934 375
256581 137948 443
18740 210861 383
153418 298837 443
366949 384655 423
276927 161570 443
76876 96784 351
253936 252235 332
281617 115697 443
360740 210966 443
201462 51956 383
354121 171040 443
351976 367144 410
318295 275647 389
338818 203384 443
162366 226728 386
73482 18968 340
15978 216366 383
19512 219800 386
141195 70838 354
240251 55451 443
39346 375670 443
317998 13493 443
307359 271003 389
156131 300413 443
189084 180975 347
358501 90537 443
82445 112685 354
130192 403144 443
397421 88402 443
357113 395860 436
15630 206604 383
394973 6088 443
327527 14209 443
71927 187214 383
31001 349025 443
361583 295435 441
293345 308633 371
113695 400821 443
423408 239135 449
247841 386492 441
114312 376044 443
425572 245818 449
88397 219433 386
170235 127634 383
55707 48731 340
297338 11009 443
89219 358780 443
344195 191067 443
170442 254799 443
349454 40946 443
392191 327037 441
156224 20882 383
286993 229991 443
133117 118217 344
250692 95460 443
147143 294870 443
299606 292269 371
412594 218155 449
29153 258942 443
92965 6881 351
215588 195579 373
47315 74 324
256259 7632 443
401341 134898 443
389476 26249 443
30577 18303 308
326350 180593 443
7913 253073 443
156535 213961 373
405586 383930 436
367289 441098 449
96514 124091 354
407323 74276 443
140468 261130 443
71267 387205 443
426520 334129 449
7052 126557 354
462152 228770 449
184343 270310 443
116571 434969 449
215609 276536 443
177114 391836 443
325363 323641 384
447500 332483 449
5754 441649 449
194605 321714 443
303252 30877 443
209278 151593 383
346481 423675 449
401017 81180 443
436218 286824 449
134753 173994 383
319502 368944 441
98289 426823 449
100166 8487 351
461434 270117 449
310344 109892 443
393782 433148 449
478776 337098 449
371566 134115 443
366994 474184 449
79132 194033 383
48297 473187 449
356029 196547 443
478022 425952 444
216400 354261 443
81536 139718 354
187825 26531 383
108224 419490 449
213192 311823 443
483081 431030 444
29299 398054 443
379419 490038 449
141733 319446 443
230503 449926 449
295280 304443 371
226958 476041 449
165622 240954 443
157965 330628 443
315150 280882 389
213388 314351 443
439303 11833 449
4280 78255 351
312533 166946 443
213326 367232 443
377219 136338 443
175119 3735 383
472618 62805 449
2822 208123 383
420991 479885 444
43367 274502 443
230530 36369 386
501689 95626 449
287202 423042 449
439494 37442 449
411882 92735 449
3193 227102 386
494465 55458 449
341520 109829 443
260555 238007 368
362050 115814 443
436494 388146 449
487820 191468 449
450562 26788 449
477999 226924 449
127292 40377 354
379285 144710 443
48140 6447 324
28462 365983 443
298995 245641 407
196425 287593 443
244379 337720 407
429326 506845 444
445752 280564 449
354083 245861 441
67725 44744 340
400189 152937 443
14585 96880 351
500402 36833 449
541666 314942 470
151759 231772 443
305390 403605 441
451919 55688 449
61508 166495 383
201455 92125 383
300704 31512 443
349119 58214 443
461464 92613 449
359918 296973 441
323770 365772 441
137864 7567 354
452754 143192 449
502732 258752 449
487350 130178 449
26395 66672 340
239872 367438 441
548077 325767 470
87468 364322 443
508623 452126 444
452539 344452 449
70228 110991 354
488581 101153 449
550032 568501 421
518439 491040 470
456842 477287 444
204659 400408 443
235747 244226 368
371801 223710 443
291884 456334 449
136350 361434 443
188544 454011 449
186308 230895 443
98503 347943 443
141235 72595 354
64818 372477 443
161852 35311 383
266908 93739 443
300195 142116 443
277375 532093 470
28146 506279 449
278098 456208 449
355386 333050 441
466183 528484 470
398358 202687 443
178851 348217 443
70349 382677 443
158115 129301 383
578268 156503 470
364205 127835 443
409882 66314 443
349482 527352 470
58903 54862 322
262047 77396 443
525834 587231 452
368113 251503 441
449132 189105 449
52548 30664 340
189887 481230 449
552520 134025 470
129743 148386 375
174089 141938 383
367309 191429 443
359721 357549 379
357160 406413 436
393344 285333 441
437535 189548 449
605178 483535 470
43974 526987 470
607085 126852 470
47094 451863 449
300284 512954 470
241160 518829 470
116477 597022 470
512262 407408 470
146629 50013 375
435715 110585 449
329833 467915 449
184644 480233 449
415143 583220 470
461129 350610 449
259321 305714 407
573914 569786 377
416444 242891 449
432508 190396 449
119647 351633 443
108270 147665 375
463186 556602 470
461217 519444 470
200746 442543 449
456590 314325 449
432507 281493 449
359692 489192 449
346065 515651 470
11554 140291 354
35772 286774 443
519242 600191 452
297297 336864 384
330913 554087 470
642603 8755 509
279143 346419 441
263648 597942 470
558235 262096 470
154471 396134 443
218585 433433 449
609017 351623 470
407949 50807 443
553100 442694 470
538583 288649 470
443920 429614 400
545750 82029 470
472567 383330 449
247897 19529 443
434149 491051 444
76911 2374 340
573983 353244 470
151135 225894 386
29326 151349 375
381668 471824 449
29748 106166 351
409827 619141 470
542031 211744 470
17133 429333 449
144581 513157 470
581184 514440 452
69471 599279 470
19127 636806 509
361300 478470 449
287924 304074 389
529316 207778 470
442477 641904 509
285862 270771 389
270981 405626 441
402093 121297 443
112138 334190 443
83276 414474 449
131213 7439 354
332723 169745 443
477822 89117 449
536825 384000 470
620036 500235 470
136317 249320 443
436873 55553 449
103379 308438 443
365635 175686 443
401526 510181 449
122959 676142 509
222274 232788 443
14497 39122 324
306615 416594 449
493255 459662 444
301873 440869 449
461016 657806 509
554627 121916 470
335653 232216 407
197614 629389 509
432644 98611 449
479710 180158 449
505805 53844 449
350265 2482 443
580067 652662 509
260299 530945 470
527417 319712 470
323935 511373 449
420864 594469 470
583904 11930 470
163466 513980 470
321307 591522 470
240191 20827 443
633592 710714 504
20763 687827 509
54678 506858 449
528053 334807 470
403061 551244 470
146568 512189 470
209879 702583 509
523454 85244 470
160637 292093 443
456429 310194 449
334664 361364 441
74640 233153 443
591862 124665 470
108266 53385 354
187172 468554 449
52295 372935 443
456223 682194 509
353236 21959 443
151163 222451 386
143696 331404 443
685793 151672 509
626644 693571 442
414980 132182 449
519091 120523 470
520796 583899 452
389793 549218 470
460089 560741 470
633369 359509 509
646871 106972 509
384110 24408 443
235329 137355 443
495153 63239 449
515341 496646 470
719447 464283 509
634577 74962 509
449011 573420 470
407022 700426 509
638065 661862 429
441164 255847 449
377623 290536 441
264776 301210 407
362917 590169 470
621591 129144 470
358676 558854 470
650251 232245 509
215297 322369 443
649746 593585 509
507799 226266 449
378999 210714 443
172989 352013 443
600937 40656 470
651193 287242 509
755238 559097 509
764753 618065 509
507359 592978 470
478585 340670 449
53462 279080 443
99134 635235 509
199227 97325 383
153318 8526 375
184381 595460 470
551360 16107 470
201994 383421 443
196636 61047 383
367699 693487 509
3934 700623 509
597455 771074 509
400404 192559 443
346929 542441 470
332721 169271 443
351624 765232 509
8033 424800 449
349888 480596 449
59820 199907 383
617951 650137 509
76789 705738 509
425889 726749 509
593058 209620 470
662303 98894 509
32286 600222 470
713872 231697 509
359900 771036 509
519405 17835 470
112915 707232 509
459270 129148 449
363854 507136 449
493576 533242 470
85127 252181 443
714637 785118 468
577067 242261 470
199746 88978 383
366619 423569 449
805897 405605 509
805889 278809 509
27544 635586 509
478595 628914 509
756148 588340 509
115264 437103 449
220852 783936 509
536503 233693 470
290787 669248 509
367500 689591 509
252747 618893 470
412570 508649 444
527670 53890 470
41774 472273 449
691758 530943 509
72085 444532 449
215516 662489 509
515210 113302 470
332867 793312 509
14450 643607 509
749529 794907 468
759072 731310 424
758871 808381 468
354861 54658 443
581497 401342 470
685695 583708 509
746830 83884 509
487141 424320 444
638034 387952 509
29281 368743 443
102320 176049 383
775256 243927 509
503577 329568 449
538678 77801 470
432725 358909 449
533827 79245 470
546552 759461 509
392462 514252 470
153528 332959 443
64634 329656 443
73907 279816 443
829329 402002 509
417899 311774 449
12148 283651 443
96623 470807 449
38013 163444 383
36041 550176 470
739997 8682 509
310262 658631 509
830455 826793 419
757643 170710 509
487120 609906 470
147289 510061 449
405112 119972 443
429969 121820 449
451170 816348 509
676772 629140 442
354060 377782 423
439606 189478 449
732604 324304 509
137759 625318 470
152318 509588 449
217281 103604 386
60258 361501 443
766065 655341 504
97189 644029 509
81629 814845 509
533472 310023 470
398794 742704 509
436700 277187 449
42828 331619 443
450375 201409 449
338432 298680 384
37101 253560 443
109338 778219 509
850850 560529 525
572166 743925 509
388696 434256 449
497799 517332 470
122858 573467 470
476140 824562 509
549282 132062 470
314002 536520 470
106742 770558 509
689171 542853 509
17159 697169 509
690116 85844 509
486049 696452 509
457962 609806 470
626963 499676 509
325692 506246 449
380923 836200 509
829416 327655 509
601508 675859 509
730380 319159 509
584693 578284 434
667672 747195 504
291360 619631 470
343262 649960 509
128879 850793 525
329915 173767 443
673426 400989 509
196149 189754 360
759160 821158 468
191286 169874 365
372939 438082 449
894629 790131 525
854584 772900 525
292533 740926 509
447729 78787 449
286349 843077 525
798214 881235 525
435667 248510 449
894352 243741 525
779678 833470 468
155407 511588 449
317836 754845 509
513314 847165 525
636594 581176 509
839167 476970 525
59041 515928 470
405592 285991 441
717417 642238 504
258607 821913 509
275631 89121 443
77420 723489 509
363512 69809 443
141387 134012 344
314295 236467 407
535705 751587 509
834918 344348 509
722736 922434 525
334804 460170 449
161064 370157 443
393733 636406 509
938425 671845 525
373855 134857 443
847837 771950 525
777568 723990 468
31548 389252 443
594205 292871 470
659171 445258 509
855432 235198 525
677347 757130 504
245985 435725 449
165404 204427 365
126073 901860 525
122223 156374 383
528085 134331 470
424973 151507 449
67820 210837 383
16977 883018 525
145799 634349 509
75712 604245 470
340820 60281 443
449874 275533 449
330874 231935 407
113351 545210 470
500024 286208 449
780461 466041 509
610672 120246 470
525441 691609 509
625808 137154 470
655949 154722 509
221186 157409 386
245629 782826 509
596252 580191 434
972774 864794 507
947359 348558 525
761196 576068 509
127491 921912 525
437939 843380 525
6340 355055 443
747247 24050 509
214755 832238 509
10685 38735 324
970471 911548 507
826253 801161 450
917117 278734 525
873626 483785 525
447957 927275 525
12259 632268 509
653643 9537 509
557411 380322 470
337746 870208 525
99974 598302 470
70251 820093 509
517830 692726 509
879365 736419 525
323608 86801 443
56791 960235 525
513288 646163 509
882452 941052 507
748056 666806 504
