547564 926827 525
247003 306510 407
739802 317643 509
611841 813681 509
574710 795734 509
347938 496880 449
420037 145912 449
642177 219178 509
157500 801756 509
843911 682914 525
270342 857809 525
535701 997241 525
556311 974123 525
352898 500161 449
254689 575785 470
363782 329761 441
811655 44096 509
383906 763114 509
408568 163521 443
895626 306780 525
624942 870521 525
774191 790751 437
667724 988671 525
353909 995139 525
368807 90083 443
902683 847301 445
13694 745104 509
905296 77386 525
425162 677087 509
346742 301342 441
825163 866315 525
938735 294901 525
303719 104970 443
3746 828368 509
309878 176321 443
893768 293724 525
711677 684938 504
511186 982626 525
242233 209874 443
543791 304934 470
242720 62959 443
103820 27444 351
158377 425426 449
71621 4794 340
930182 158212 525
78693 541746 470
428786 310453 449
858804 606349 525
12935 672971 509
550196 812752 509
519615 606378 452
53797 305106 443
563696 446099 470
33322 106391 354
290575 418161 449
582469 577396 359
127673 746050 509
936733 912965 476
138778 591595 470
48746 84471 351
64469 932152 525
929110 832333 525
41733 986280 525
317716 369083 441
399787 128909 443
426548 868327 525
617608 589359 447
842556 243886 525
830852 692473 504
156673 118611 383
805054 503211 509
491560 422858 444
828102 450500 509
214660 141346 383
922917 63727 525
76477 579991 470
436774 977442 525
961076 648601 525
391967 564179 470
895146 711217 525
205265 72722 383
51770 669534 509
994689 995083 277
436482 860650 525
769543 829082 468
392176 154028 443
426718 293515 449
121963 365928 443
153757 936514 525
102290 417060 449
906285 99122 525
660314 512153 509
499365 917138 525
935972 286382 525
584088 919698 525
616876 931496 525
481538 47817 449
313760 314322 309
681608 804888 504
947462 290909 525
99196 823443 509
261905 318723 407
925911 264167 525
929229 109973 525
71091 988343 525
202842 923965 525
335007 28414 443
147113 422138 449
933883 987895 507
724293 903497 525
487438 411101 444
756715 79001 509
181049 393156 443
865451 602076 525
803326 770152 468
424529 989251 525
840234 660746 525
379643 104650 443
194516 931647 525
776825 980675 525
158019 968462 525
855826 360437 525
765928 333227 509
706025 55589 509
924873 180891 525
195428 340141 443
820561 995917 525
873434 832006 525
898312 882992 445
202209 512248 470
439758 410769 418
198748 357873 443
464880 46426 449
853339 966264 507
474078 579686 470
205106 416992 449
619632 906197 525
78470 972533 525
816116 854163 525
533753 906110 525
725563 869598 525
362008 245423 441
102909 66009 351
250547 630824 509
784451 611045 509
98287 818837 509
490236 58079 449
918990 465063 525
991463 48316 525
671956 938651 525
562180 604037 434
218638 284353 443
622011 723303 509
92829 413427 449
892279 98591 525
596288 971036 525
961387 315833 525
397356 511955 470
27278 398754 443
382395 78933 443
495034 968990 525
767115 214868 509
912513 858711 476
465287 181161 449
494248 894615 525
861188 781601 525
600558 928631 525
402634 881391 525
717627 853774 525
976 289727 443
515828 763736 509
361478 686422 509
602065 727040 509
290789 967277 525
327492 67721 443
255518 724215 509
659410 588875 509
310990 200630 443
308476 378654 441
241934 490545 449
966562 255481 525
246625 743754 509
544887 628869 509
654441 964266 525
262904 355994 441
332430 538779 470
93739 77348 338
849346 711160 525
55976 210672 383
882118 785672 525
446000 765060 509
718323 763843 424
460764 579485 470
581113 500711 470
104611 329918 443
907096 444426 525
914624 979422 507
965149 796981 525
586287 567402 434
370840 429733 449
113532 354794 443
144169 503967 449
861335 123297 525
41190 489836 449
703494 579941 509
485068 400809 449
45093 218173 386
306136 262146 407
907108 128121 525
16773 981426 525
204617 521538 470
979783 927009 507
195909 980682 525
813854 122473 509
920306 31189 525
597826 641419 509
329998 77998 443
507831 663881 509
795408 918456 525
960005 465699 525
189963 302711 443
65351 376681 443
561787 4234 470
139958 513430 470
744212 335099 509
255863 421512 449
524032 266504 470
159223 531339 470
999094 395271 525
950278 462911 525
312596 154146 443
330981 122284 443
719086 25666 509
645951 554999 509
461845 184853 449
875363 708832 525
558837 112525 470
51953 530222 470
481154 829450 509
702400 666392 442
96951 276625 443
151183 491590 449
527683 844499 525
177923 394348 443
310497 15744 443
359101 620013 470
674122 16473 509
452718 538041 470
454835 671651 509
42930 849747 525
154598 580515 470
523810 584057 452
875379 373071 525
635139 431639 509
689070 757122 504
101906 247417 443
35545 492921 449
18471 256030 443
663619 699766 442
861738 65333 525
131886 765151 509
52357 402776 443
389065 181733 443
303398 121499 443
428398 72440 449
126181 440390 449
296679 60314 443
6039 646144 509
838872 370088 525
552555 195592 470
652986 101891 509
267793 305797 407
280896 42010 443
617261 715719 509
729037 934436 525
611124 368866 470
229425 112434 386
742765 287763 509
980285 888865 507
85742 185059 383
440635 713997 509
409452 208147 443
735354 791241 468
213564 116430 383
979642 801287 525
803690 496898 509
905149 265119 525
51202 42730 314
683686 982955 525
843482 631120 525
667653 648260 442
191082 933219 525
170250 390267 443
612829 671017 509
493459 709920 509
752743 224898 509
974302 542204 525
896232 749519 525
930570 105959 525
894237 75242 525
857855 831154 525
843029 98989 525
258506 513821 470
590187 51805 470
151948 235495 443
123315 601971 470
158467 870512 525
609377 989866 525
909842 919975 476
628818 351462 509
927418 637573 525
145344 608430 470
46378 165494 383
191469 62796 383
262105 817577 509
957487 757408 525
457885 586970 470
425471 278505 449
277920 692400 509
556206 711583 509
140005 562392 470
963214 963082 414
56820 13318 340
635140 98622 509
472722 382987 449
547167 356614 470
997015 854815 507
628911 566575 509
967643 116112 525
907921 280685 525
260562 822375 509
148307 907010 525
755916 519871 509
128013 283071 443
715753 459795 509
464911 149995 449
242213 851746 525
286497 17724 443
624894 419722 470
816367 422585 509
711383 725808 411
673657 391397 509
346721 776982 509
427831 517399 470
126826 839805 525
426756 923540 525
168145 212038 373
496249 806516 509
786803 66218 509
180266 620602 470
873394 599740 525
486750 555784 470
810360 931907 525
99737 476184 449
32412 934827 525
896365 225887 525
700695 656874 442
199410 101733 383
205129 713068 509
956010 629354 525
452554 160488 449
404983 151363 443
101548 209407 383
298960 411568 449
90256 452282 449
758039 882518 525
834992 556808 509
779468 479124 509
25486 595634 470
947997 286316 525
749212 625183 509
449138 799524 509
261667 138314 443
289680 52480 443
472945 352994 449
525901 105371 470
36382 840845 525
300830 632103 509
741151 580886 509
28101 701590 509
278857 458629 449
403446 296073 441
646278 761098 504
821083 410198 509
412443 356714 449
356166 114662 443
392233 261317 441
850824 382308 525
303401 946947 525
878708 696304 525
430958 400848 449
181146 99567 383
143063 353547 443
647207 379198 509
747867 947492 525
382647 138691 443
636985 527502 509
32553 595958 470
148568 536873 470
271984 862352 525
638813 229750 509
636123 420729 509
606622 418006 470
968088 137515 525
930582 281027 525
903964 100438 525
424210 38271 449
64301 467589 449
457566 392078 449
391805 402364 405
606461 472197 470
508707 804792 509
856078 138061 525
963656 306653 525
68888 863575 525
982632 668192 525
922154 674146 525
704834 894130 525
635698 63951 509
46144 161674 383
676213 946357 525
214199 440295 449
890907 678821 525
846005 23690 525
948417 405259 525
381353 732006 509
667507 518810 509
847006 959999 507
97302 310701 443
332768 24598 443
232468 521433 470
493254 434570 444
329003 8653 443
274695 237977 407
4056 745409 509
277258 240051 407
76362 331683 443
300577 956207 525
60200 676750 509
654299 971891 525
423864 742845 509
575405 424816 470
152929 465840 449
485065 111734 449
646503 26695 509
986505 438511 525
792987 685807 504
875059 746778 525
342497 788296 509
769135 267779 509
683600 285349 509
442420 264131 449
259710 391323 441
698888 439979 509
577797 228225 470
95399 982391 525
488469 559280 470
119527 530069 470
604221 845992 525
301205 821654 509
440988 118715 449
175905 754813 509
774506 580055 509
151957 821900 509
890004 920089 476
831969 480287 509
174165 390097 443
107192 314949 443
962676 81318 525
785347 108125 509
801958 170876 509
678865 789826 504
599531 408352 470
779763 495579 509
99704 172656 383
888607 638916 525
594491 114853 470
337822 833861 509
957721 514674 525
28467 143998 375
744179 85865 509
197154 584062 470
698859 51847 509
607313 241696 470
893304 734133 525
596776 538518 452
745897 922274 525
145090 500800 449
915047 438035 525
458667 166871 449
617499 972184 525
513448 638906 509
102304 811446 509
546823 478575 470
197814 913910 525
336790 909833 525
574331 304386 470
924913 955937 507
598337 106674 470
420922 552297 470
764624 195531 509
235417 712261 509
625038 574615 447
618589 21776 470
223987 401347 443
264472 487387 449
339404 356283 441
674025 450572 509
866049 550237 525
451709 514291 470
434440 586351 470
147055 988157 525
45299 927213 525
572867 105139 470
39449 473890 449
504488 395230 449
492060 875547 525
927201 819283 525
105447 581919 470
119811 42648 354
636336 755703 504
812281 18705 509
744658 473965 509
966155 136327 525
339966 168129 443
476437 788634 509
954492 81621 525
546523 585714 452
433347 290328 449
819013 555867 509
573817 117830 470
296743 428086 449
917987 746648 525
742960 148434 509
364603 988809 525
878291 471198 525
269359 491509 449
862436 557207 525
562558 945916 525
493559 112489 449
653460 381320 509
571333 978200 525
552276 312094 470
752100 760429 424
539812 24432 470
750685 408675 509
804777 150155 509
805965 88854 509
309382 529494 470
995657 375612 525
220426 733596 509
827296 696726 504
512591 982677 525
300968 114802 443
454733 980885 525
956948 283003 525
805370 324043 509
655265 386807 509
579144 223382 470
315905 379977 441
710333 122268 509
186088 362406 443
237568 34914 443
590294 827268 509
384861 434339 449
727089 927764 525
92546 561241 470
482945 614355 470
276291 686196 509
603717 427182 470
570704 620753 447
718792 355210 509
923763 81261 525
250359 778140 509
706461 958269 525
435819 111868 449
882236 307665 525
200191 400684 443
372320 527250 470
712704 871892 525
125237 27874 354
501782 668681 509
790839 220992 509
576721 23643 470
564581 2843 470
834146 402556 509
762180 438547 509
265157 448885 449
663060 554957 509
602377 23961 470
226742 59000 386
504520 888506 525
765540 641835 504
228956 414151 449
220196 255038 443
663458 918161 525
28277 186725 383
970793 91557 525
368896 654599 509
68757 863987 525
819301 664587 504
677216 743885 504
225572 281337 443
430388 548650 470
291269 617275 470
329046 975084 525
99067 654912 509
544586 131536 470
899538 545847 525
347594 563601 470
481542 151559 449
890401 75443 525
821773 439961 509
353020 974665 525
979453 892099 507
873315 812825 525
335236 184022 443
616347 957901 525
498959 815206 509
800862 245584 509
945247 931897 507
303935 254659 407
181188 4716 383
677024 377662 509
818564 416819 509
185313 177249 365
57556 969899 525
833930 46579 509
617437 826622 509
150295 179665 383
189398 874117 525
763205 628034 504
710187 716663 411
53559 217207 386
834802 333352 509
362395 362059 361
771557 42404 509
388528 926602 525
803768 285359 509
293447 612979 470
895889 623608 525
556858 314359 470
377357 624898 470
126224 557503 470
197255 261426 443
885756 195041 525
294195 771362 509
226552 789930 509
233527 484130 449
266940 578751 470
727166 869353 525
257469 904771 525
40230 634044 509
411782 431508 418
590624 242885 470
313936 169575 443
994946 380973 525
595342 830859 509
9770 337706 443
848453 471663 525
504418 438236 444
578014 333992 470
706405 490751 509
154673 803935 509
914471 424155 525
457096 717834 509
69839 583971 470
933271 239199 525
712109 906308 525
166480 942051 525
10546 142336 354
793118 215710 509
603410 919132 525
905524 104873 525
845058 168163 525
954056 786638 525
921637 977241 507
653509 269675 509
152449 293305 443
774746 73139 509
250954 24438 443
263819 651278 509
67432 330248 443
6924 218195 386
855262 332422 525
361263 59324 443
643215 45770 509
266918 961686 525
665555 225480 509
255695 557709 470
183924 678143 509
452790 39733 449
121474 193702 383
414791 228496 449
175980 18836 383
665375 521984 509
223662 882456 525
645376 936954 525
425176 253437 449
918833 717886 525
577864 481953 470
234276 39641 443
879780 483447 525
8342 998445 525
978581 349217 525
185804 560292 470
520188 490743 470
362509 977178 525
608963 100426 470
242691 589359 470
917150 69202 525
64406 826693 509
10387 350812 443
127634 142888 375
322573 597662 470
546788 824481 509
519275 615104 452
851032 33351 525
857752 986183 507
553556 989763 525
392116 21471 443
432653 782471 509
773551 490366 509
28432 890420 525
322827 506099 449
929148 960488 507
708003 861886 525
90563 556289 470
565866 861120 525
433846 420774 418
137136 196418 383
332498 805945 509
695230 202572 509
497784 130604 449
875979 229000 525
951749 216206 525
659262 699507 442
779104 578446 509
33070 966038 525
655387 121680 509
975978 157952 525
75224 879996 525
338755 175514 443
407326 688782 509
583188 867411 525
559904 820256 509
474864 435302 444
549962 339618 470
14422 772253 509
987953 960008 458
978473 371234 525
182115 198603 360
736472 809897 468
255437 575299 470
427493 491653 444
623731 980184 525
313123 545295 470
2364 411485 449
961698 90290 525
656687 404969 509
194957 927779 525
426996 536421 470
633893 249357 509
868692 627033 525
635216 486255 509
543403 938343 525
13368 259250 443
699448 224585 509
558249 384761 470
83022 226485 386
885568 895006 445
78163 813177 509
903499 779942 525
187771 663090 509
898030 113508 525
387492 716772 509
412436 915035 525
341831 647377 509
309827 524912 470
680205 160800 509
23375 28433 308
713032 423450 509
318224 957967 525
380418 516305 470
279631 478732 449
788536 959176 525
733012 358738 509
914169 2677 525
73486 513515 470
855950 548312 525
118689 620067 470
902421 80965 525
599000 616591 447
204923 443886 449
823871 426619 509
328891 935058 525
793958 930302 525
430603 504249 444
463210 298849 449
192483 317999 443
712405 70457 509
52810 35385 340
916233 723409 525
768724 258312 509
605031 956122 525
67690 772349 509
710160 789914 468
830648 285553 509
65708 590408 470
908111 864255 445
644947 894454 525
639771 309686 509
627528 52516 509
210823 12024 383
455866 771813 509
881872 110291 525
193963 123791 383
201718 739706 509
782251 957720 525
574842 259645 470
223152 478003 449
742250 674300 504
869186 608666 525
689657 731183 504
273420 926607 525
685430 22017 509
972464 824272 525
906744 509932 525
781900 491624 509
217236 773595 509
502762 311969 449
235526 565847 470
28755 731102 509
488165 967378 525
575871 57121 470
481637 657897 509
877459 406756 525
976623 640805 525
16107 984242 525
892800 252372 525
188062 730061 509
192816 584759 470
723255 814296 468
589437 762882 509
252130 521259 470
992586 431594 525
41119 720387 509
727391 733559 380
511511 128232 449
224247 948094 525
52924 846034 525
116325 641709 509
672884 964945 525
613148 633799 509
457837 989571 525
570799 554073 421
40628 385964 443
791792 762385 468
760899 811930 468
854751 701314 525
11407 941929 525
9249 156488 383
147817 959319 525
678798 810423 504
338813 573371 470
489534 529314 470
987854 759223 525
181482 194466 360
274564 101236 443
450656 226175 449
89261 645114 509
80067 482183 449
948064 157575 525
212038 67935 383
560044 92590 470
901954 340490 525
654132 117674 509
820705 624673 509
760776 458270 509
565762 734807 509
862368 515404 525
847149 736752 525
754503 448179 509
658586 335327 509
294970 916713 525
731527 919661 525
898443 911919 476
327180 414040 449
443633 250644 449
455657 461479 444
719946 405623 509
336072 448988 449
736753 409089 509
725845 286201 509
36785 501681 449
95466 144295 375
283739 418557 449
691607 615507 509
416729 954916 525
860923 748602 525
523168 851194 525
831093 246415 509
585442 86544 470
525570 840205 525
655547 150428 509
707095 107431 509
106268 985700 525
747044 867933 525
492182 281559 449
969632 277177 525
463033 424967 444
374809 520801 470
701034 813750 504
342525 754630 509
738566 567678 509
366374 198406 443
705300 684290 504
634566 360014 509
985302 400761 525
719227 798412 468
629837 899912 525
284621 842775 525
642213 947293 525
281940 181681 443
722187 912743 525
279746 620152 470
452186 86594 449
952743 975368 458
338168 142218 443
646332 811374 504
340329 509424 449
914413 793225 525
479785 314275 449
665567 44266 509
327882 428111 449
744157 167179 509
951115 837279 525
694247 342709 509
452857 200823 449
872812 455660 525
257353 716899 509
311693 394937 441
71734 3527 340
919209 34397 525
176702 643474 509
604715 697761 509
120659 467820 449
984892 527566 525
603068 803587 509
435576 999977 525
580181 758324 509
729767 632197 504
968912 309061 525
739997 128657 509
504286 892038 525
517097 95291 470
221158 701434 509
395957 317321 441
794148 357124 509
685499 950635 525
60726 157169 383
510947 204521 449
544110 202287 470
822488 33228 509
311164 282443 389
781687 523805 509
148537 476096 449
470900 907851 525
668000 865435 525
716317 207782 509
337871 404945 441
297972 791900 509
18732 298339 443
922151 326734 525
819664 757880 468
478466 609289 470
403777 58352 443
70259 386944 443
352430 144228 443
141716 365417 443
958208 631621 525
32771 182067 383
85269 311131 443
807130 756314 468
292379 208461 443
662814 855928 525
326662 215739 443
810200 809754 344
885928 113934 525
838646 894821 445
489157 706334 509
126960 500947 449
827175 762496 468
909752 14456 525
356496 492656 449
93675 311579 443
149019 637658 509
270405 988720 525
970762 830277 525
251306 39321 443
129164 131245 344
168535 520345 470
623603 252694 470
997615 879150 507
701313 472909 509
597418 178347 470
358099 919259 525
171806 180942 365
753380 718962 424
999296 111094 525
278105 353280 441
992910 112079 525
761981 795412 468
815650 617885 509
265316 211281 443
482374 57558 449
634539 203392 509
75002 570966 470
645358 552261 509
607234 836623 509
437595 607146 470
340968 614039 470
966785 638371 525
236582 233897 381
807600 755608 468
773405 749874 468
177332 676004 509
663965 243552 509
441337 154216 449
399379 949451 525
371088 472307 449
504956 333508 449
427062 249 449
486810 694985 509
88038 736220 509
629915 662600 429
913036 677566 525
320361 698969 509
751742 802275 468
601965 896211 525
207530 856207 525
300083 319981 384
814070 450419 509
713077 212322 509
743795 28194 509
772408 343395 509
80310 529169 470
326019 923942 525
844271 689483 525
587996 278937 470
159662 608927 470
629081 833285 504
820107 199559 509
228125 387333 443
317004 955223 525
622392 72981 470
760236 865695 525
251257 542444 470
218944 463016 449
233572 711458 509
60429 821661 509
400188 162879 443
541020 69289 470
361956 409472 436
807673 917370 525
742395 319309 509
166217 142426 383
887195 368418 525
789323 195215 509
546230 744719 509
843022 831804 525
453873 79252 449
424847 370478 449
782892 987523 525
332417 528408 470
706493 788499 468
88026 49985 351
769507 391887 509
316892 756320 509
829724 21465 509
592048 911021 525
752704 389161 509
669519 619432 509
620590 221429 470
429303 237698 449
113179 333660 443
61263 365100 443
929760 119082 525
367406 104875 443
292428 554362 470
767211 750587 424
961438 290485 525
33006 605164 470
75461 404710 443
798775 315042 509
936935 279717 525
176766 650750 509
121217 358509 443
944209 54541 525
853209 68482 525
745178 307359 509
612216 751723 509
250674 511388 449
121640 484529 449
525016 146670 470
385402 424937 449
643013 296742 509
851385 232090 525
311682 704542 509
634552 561260 509
126033 126641 318
908099 923518 476
801162 535864 509
19541 859117 525
148353 837681 509
296422 697312 509
820921 498257 509
313386 946086 525
742771 848965 525
320549 935111 525
228879 602332 470
597675 562182 434
718472 991149 525
145446 899196 525
448245 162971 449
561671 38740 470
116444 518170 470
925579 75306 525
369273 48852 443
418707 267171 449
966258 520980 525
517881 642450 509
970927 842404 507
932770 944334 507
488445 707011 509
371493 81852 443
50023 249829 443
465660 112890 449
194402 707062 509
461722 229151 449
8679 86034 351
276169 897743 525
710215 738437 424
250792 990616 525
998722 309244 525
946870 811880 525
556824 77026 470
654307 176507 509
348869 442564 449
144498 181090 383
274462 352561 441
278974 867123 525
621081 815323 509
191080 240934 443
187062 826476 509
667374 562803 509
858687 446764 525
348537 206956 443
337801 293099 384
671824 949830 525
314429 251118 407
524660 625152 452
221766 280545 443
65812 311050 443
475274 849065 525
976531 514159 525
814429 91961 509
616726 253947 470
353548 46974 443
735284 191834 509
198916 894582 525
587371 802238 509
659643 878610 525
548907 436584 470
278351 890352 525
788024 32151 509
843773 977613 507
860112 918849 476
37684 280256 443
622526 819403 509
289180 510520 449
849597 4738 525
525057 178230 470
499991 539693 470
250724 233170 381
827712 353278 509
924521 60888 525
500127 279610 449
566568 550271 421
159079 478359 449
469293 677883 509
660371 484542 509
79541 541916 470
257993 354994 441
845238 298806 525
418671 964254 525
491141 944972 525
112049 736496 509
144048 997913 525
174609 969348 525
973325 83590 525
417905 779491 509
732769 872092 525
635884 99972 509
204155 113562 383
71115 952128 525
805148 17806 509
707755 578012 509
254604 305923 407
547375 88826 470
346234 783391 509
590945 466985 470
442122 543455 470
33261 382603 443
952216 762760 525
999231 314285 525
627398 885926 525
398692 57213 443
982863 514770 525
855167 214718 525
337421 290098 384
112670 565865 470
464682 253476 449
851776 543903 525
111306 7601 354
535837 434911 470
768041 288865 509
631856 658631 429
625340 798171 509
208029 246154 443
549651 63722 470
308489 747519 509
869665 679976 525
556437 521971 452
369566 188461 443
600673 469535 470
451001 553501 470
796366 732811 468
720594 65460 509
655655 625502 509
782325 402988 509
267394 627927 509
731941 963865 525
184970 921582 525
799570 731514 468
385963 980258 525
466319 541188 470
767805 63374 509
625972 294981 470
93131 523950 470
273660 141172 443
248049 524536 470
24902 705354 509
835873 315756 509
189540 169662 365
147408 400371 443
800733 325332 509
701588 878602 525
443735 622027 470
872306 560812 525
790875 494059 509
416045 819377 509
741427 810000 468
194526 716714 509
926311 932220 476
465220 199767 449
990064 724988 525
183787 487366 449
639299 248739 509
899922 640346 525
633847 187936 509
827871 663339 504
246366 438460 449
441135 554024 470
110806 13133 354
457359 585105 470
138791 445807 449
483166 920076 525
140075 857873 525
361347 152619 443
912785 316257 525
778507 480087 509
440604 105087 449
191564 56440 383
10754 428447 449
175642 368170 443
587176 25707 470
977715 214878 525
760170 182860 509
710660 898986 525
589581 853176 525
100111 956421 525
622103 549807 447
969336 558635 525
644207 613463 509
285044 854019 525
773409 869225 525
573488 470094 470
14429 107848 354
489701 423133 444
288079 303163 389
660705 414750 509
88821 161986 383
601318 848116 525
680844 839126 525
383219 797657 509
789756 363500 509
941073 755653 525
252113 217671 443
125923 746361 509
968728 4738 525
799805 453380 509
46562 720619 509
943060 649905 525
56518 903349 525
965270 226229 525
547900 149191 470
574596 867802 525
376686 429093 449
294141 351530 441
928950 182460 525
177467 119103 383
288880 744029 509
423388 140685 449
174878 335480 443
92295 907648 525
177915 376497 443
551892 59189 470
745186 51859 509
532815 196779 470
218053 645370 509
783606 301440 509
380123 194802 443
766518 46241 509
756733 231192 509
481604 282078 449
633967 404342 509
