1 10 20
100 200 125
201 210 89
900 1000 174
74116 75633 325
10955 12812 268
58116 59687 273
76326 76556 201
53118 54387 322
1937 3641 217
23281 24594 282
41611 42703 288
2376 2581 209
67239 68706 312
74973 74993 201
31921 32343 254
55040 55488 260
78103 78372 276
23791 25206 264
15580 16457 266
93421 95220 328
27850 28040 259
41306 42204 257
583 901 179
55555 56065 260
8040 8139 190
3039 3978 238
52296 53630 340
33330 34085 267
90385 92272 333
39140 39817 275
48175 49358 296
92936 93205 315
76017 76658 307
46699 46776 252
54356 55046 260
31253 32163 285
31283 31702 285
91085 91561 333
56534 57907 304
32642 33659 267
35817 37746 306
35888 35949 218
41387 42782 288
38327 39705 275
65133 66498 268
89889 91134 315
97887 99333 328
9177 10527 260
19616 21098 274
85164 86761 302
97922 97970 222
75971 77048 351
91371 92446 333
68632 68989 237
79742 81231 320
78368 78645 307
95397 96443 297
1616 2721 209
85598 87384 333
36134 37348 262
36655 36843 187
32214 32394 254
7230 8844 252
66131 67953 312
36848 37805 306
42852 44366 270
79751 80819 320
64244 64538 299
82319 83666 320
98974 100953 341
68660 70347 312
38106 39863 275
61901 63505 330
74348 75475 325
83620 85492 320
11701 13476 276
54736 56181 322
22318 22976 269
39444 40792 306
38491 39273 275
7366 8130 252
6174 7305 257
55981 56551 322
67500 68885 312
53279 54498 322
10234 11709 268
6484 6519 169
27487 27544 215
61357 61378 180
82325 82530 307
49683 49769 203
37557 38580 262
20023 20833 256
86541 86895 227
65694 66449 268
40966 41523 244
12476 14137 276
49766 50101 265
1005 2851 209
16507 17921 279
9834 11354 268
1992 2451 183
83407 83659 289
2666 4017 238
47678 49491 296
80134 80233 320
28249 29000 259
20965 21374 256
26031 27590 308
24191 26034 264
29382 29861 272
16834 18396 279
73895 74371 294
69804 71622 325
71085 72719 325
66231 67884 312
32399 34155 267
72596 73737 294
57870 59449 273
99975 100269 341
69320 70812 312
61827 61901 211
46515 48284 314
26102 28034 308
16287 16833 266
39063 39688 275
13173 13425 276
78496 79762 338
74295 74443 294
39492 41062 306
52309 53502 340
71625 72537 263
9817 10549 255
95774 97499 297
35687 36645 249
20113 20400 243
44770 45260 314
11927 12286 250
45318 46448 283
30346 31465 285
64331 66054 268
28875 29740 272
33281 34241 311
94859 95215 328
62857 64450 330
85171 85954 302
86609 87050 227
22500 23927 282
98678 98949 266
95726 97398 297
67747 68775 312
13630 14170 258
59003 60678 317
40339 41790 288
60965 60998 335
63085 63856 330
8499 10392 260
95915 96015 253
1382 2635 209
25717 25815 233
32207 33897 267
27681 29234 259
25055 26264 264
93385 93978 253
99659 101254 341
93196 95186 328
14342 16174 271
69845 71437 325
82831 84504 320
60020 60084 286
9992 11213 268
12412 13494 276
55438 57205 322
77372 78441 276
82288 82441 307
42449 43490 257
2312 3563 217
85634 85700 302
71542 73442 294
20412 21966 269
62349 63472 330
55598 56584 322
126 1264 182
24494 24914 264
7847 9178 252
79547 81074 320
46503 48040 314
44523 46140 314
40043 41899 288
52415 53644 340
14249 14578 209
60839 61180 335
14376 14854 271
46340 48307 314
28426 29997 272
5141 6603 262
50992 52246 309
73194 74825 325
13271 15099 271
52412 53024 340
35059 35737 324
53426 53525 322
39878 41434 306
136746 137790 331
178281 178660 303
153832 153853 233
120201 120652 318
181535 183158 334
139223 139924 313
102672 103463 310
128759 130594 344
139612 140011 282
173233 174122 347
145720 145811 189
176915 178383 347
190732 191396 254
152886 154846 352
129853 131552 344
191446 192612 329
110981 112188 323
190042 191402 329
197720 197927 267
136666 137460 331
138726 138793 282
182206 183797 334
136273 137296 331
117833 119431 336
103904 105817 341
197362 197876 267
197215 198829 329
199764 200568 342
103826 104299 279
125470 126266 318
180221 180997 365
144815 146676 357
174713 176314 334
169894 170368 290
121702 123017 336
184074 184166 316
144371 144932 295
146468 146653 357
169234 170981 290
109985 111970 323
161528 161919 290
103414 104854 310
159882 159971 246
105339 106451 354
111772 112720 323
149809 150601 370
185585 185807 285
153713 154140 352
156313 156550 295
174293 174797 272
129347 131244 344
191699 192523 329
160618 162331 321
199559 200801 342
152995 153811 308
146026 147605 357
108598 109826 292
155183 156990 383
167648 169615 334
163868 164129 259
103916 105189 341
171335 172796 334
185634 186276 316
134812 136085 344
115058 116196 349
119441 120757 318
189370 190546 360
150242 151587 339
190985 191051 223
114021 115840 349
180826 182636 316
173561 175193 334
118116 118180 274
188961 190098 360
169106 169750 290
145971 146094 220
181414 182197 316
173691 173807 272
176759 176849 197
122531 123015 318
101876 101914 204
172513 173941 347
135381 135853 313
169812 170320 290
149802 150545 370
134513 134604 238
131132 131859 269
125419 125521 287
184204 184492 316
142131 143715 375
153549 154130 352
154260 155690 326
132250 132613 300
154988 155624 308
122289 122555 243
136285 137481 331
110521 111331 292
155559 155805 246
153287 154612 352
166623 166638 184
124091 124161 225
151413 152897 308
133895 133924 300
101520 101827 310
182461 182685 316
115589 116658 323
132900 134889 331
144343 144719 295
141090 143055 375
136259 136297 207
141987 143429 375
137047 138670 331
116542 116822 305
165737 166188 352
130521 132312 331
194185 195626 360
103414 104546 297
106311 108274 323
109550 111368 310
187829 188864 316
124309 126240 318
134566 136225 344
119718 120136 305
132043 132623 331
116945 118044 305
156633 158070 339
133417 135380 344
147646 148085 264
163083 164785 334
181679 183434 334
149826 150151 370
198090 198387 329
163298 165118 334
130758 131475 300
107621 108055 279
133222 133855 313
121629 121770 318
116300 118222 336
116409 117738 305
100697 102294 310
188343 189249 316
130954 132138 331
168854 170526 334
167899 167921 215
125789 126653 318
167096 168512 321
146224 147387 357
167930 168372 321
188132 189763 316
150753 151360 264
177422 178397 347
152341 152659 277
119038 120741 318
153113 153514 308
137351 138124 313
194618 196522 360
139918 140064 282
126571 128308 331
185441 186483 316
123723 125249 318
123499 123783 305
109335 109565 261
184826 186606 329
188493 189637 316
107064 108893 292
145929 147515 357
149293 149798 326
150437 152113 295
162787 162818 259
152287 153724 308
166029 166524 334
146515 147244 357
108223 109100 261
143418 145284 326
108537 108625 261
152177 154096 352
122937 124897 331
187702 189041 316
105259 105290 217
194290 195744 360
136602 136724 269
104230 105746 341
104946 106584 354
170987 171327 334
144801 144817 189
124531 124725 256
108059 109200 261
109668 111330 310
151567 153114 308
190692 192462 329
131068 132963 331
135044 136670 344
103005 104001 248
189853 190243 360
192418 193509 347
147813 148475 295
161754 162452 321
137207 139110 313
128218 128582 331
118372 118973 318
252721 254382 332
202765 202875 236
297625 299577 371
252845 254637 332
217491 218617 324
298423 300062 371
236988 238390 350
246465 246525 213
266638 267407 345
213194 213691 298
277558 279402 389
229550 230722 443
270803 272409 345
209514 211202 355
203721 204107 280
265577 265677 239
290462 292067 327
214923 216770 386
295194 296841 327
285206 285406 327
276054 276933 314
240934 241245 244
222473 223618 324
279953 280956 345
237184 238235 350
251221 252038 319
215344 216486 386
273283 275073 358
264943 265666 270
245710 246363 288
209178 209805 311
220953 222214 355
274188 274391 332
247160 248828 350
280669 281603 358
218233 219911 355
245637 247359 332
289154 290075 327
215510 216273 324
286950 288266 327
269667 269716 239
290067 291078 327
246167 247594 350
215514 216116 280
282523 282926 314
202053 202760 342
216646 217309 342
213463 213700 298
203306 203961 267
293449 294737 327
226451 227175 368
204860 206380 355
200975 202779 342
292584 294109 358
213875 215770 373
200020 201214 342
285881 286607 283
269407 269895 314
227025 227624 306
285924 286833 314
289960 291327 327
298532 298815 265
262017 263983 407
209817 210426 342
297612 299181 371
279193 281066 345
272257 273512 314
277534 279001 389
284550 285477 376
285451 286160 296
293697 295217 358
241440 242805 319
287475 289391 389
201776 203779 342
228590 229050 275
287866 289525 389
208248 208597 280
254562 255585 363
207196 208505 311
222175 223960 324
265575 266750 332
257873 258091 257
273291 273329 283
240012 241921 368
249034 249390 288
254522 255706 363
279066 280128 283
258272 259338 301
214386 215027 280
221275 221852 355
231936 232065 306
294107 294620 296
217823 219345 324
208211 209536 311
244010 244118 244
294948 296268 358
238808 239999 350
218037 218736 324
270921 271236 283
213796 214091 373
221027 221461 355
215187 216217 280
236884 238782 350
267538 267958 301
234274 234424 275
222021 222885 293
274304 274363 221
272531 274234 358
245947 246568 288
254156 255936 363
282150 283969 358
298878 300505 371
202283 202645 342
210501 210872 324
232895 234325 381
282377 283216 314
255548 256030 288
253455 254965 363
244549 245285 275
285148 287031 376
222400 223389 324
280367 280622 283
274118 276018 345
263599 265257 332
254928 256712 332
215714 215769 187
240654 241317 319
253985 254758 288
286274 287923 327
235877 236183 275
211077 211187 249
245399 246273 319
277047 278855 389
254678 256201 363
246790 248785 350
266507 266614 231
217439 218540 324
236727 236802 213
283626 283829 252
267343 268243 314
281006 281618 358
232201 233394 368
213982 215061 293
242722 243002 288
277936 278742 345
243853 244404 337
275523 277329 314
276867 276937 252
283990 284843 358
286494 287676 327
260226 260445 270
246660 248199 350
295537 295816 252
204481 205087 311
242683 244318 337
251198 251373 319
239364 240704 368
260270 261349 332
236414 238110 350
218993 220979 355
210962 212533 355
277976 278997 345
290780 290802 190
277492 277504 283
261945 263784 407
203328 204921 311
271742 273646 314
231246 232883 337
279587 280625 345
202914 203200 311
264179 264402 332
256881 258052 345
202892 204708 311
260901 261513 332
289809 290322 252
284241 284555 283
254088 254402 288
281295 282667 358
283421 284572 327
215514 216891 386
231482 232736 337
240589 242023 368
293173 293399 358
268451 268738 270
298521 300342 371
267605 268057 301
281834 283391 358
294200 296033 358
271849 273301 314
213599 214981 373
275189 276685 345
259682 260849 345
200497 200925 311
272520 272588 208
272290 272966 314
279788 281731 358
252120 252446 319
274134 275427 345
276292 276456 314
263108 263156 195
371501 373500 317
300832 302469 296
333544 334128 335
305871 306067 278
371110 373104 317
318225 319589 353
383432 383839 299
355808 356847 348
313793 314242 309
329077 330519 353
331667 333480 353
395648 396061 299
362799 363286 273
360170 360379 410
334224 335340 322
338467 340353 366
345070 345713 304
335995 337504 366
314188 314282 234
351499 352592 348
378900 379511 361
336127 337685 366
363914 364795 286
374086 374606 330
316079 317287 353
304103 305885 309
342531 343560 353
386677 388390 330
386848 388305 330
392508 393124 286
391995 392068 224
335869 337514 366
327514 328221 322
343454 343851 304
337316 337412 247
329565 330004 353
332153 333383 335
317261 318562 309
384086 384133 255
363370 364173 317
353791 354457 348
340288 341781 335
363599 363609 211
369554 370034 361
300690 302644 309
318544 320372 353
326641 327304 291
377537 378621 361
379772 380621 379
338814 340500 366
376181 377011 423
365220 365504 317
300727 300931 309
307374 308887 371
397260 398077 299
341727 342906 353
315859 316555 322
390398 391045 361
339459 340162 366
363008 363897 317
307371 308749 371
367979 368126 286
323824 324534 322
330437 331837 322
319809 321302 371
365424 366933 335
347155 347492 322
372905 374446 348
303891 304696 340
328997 330442 353
332887 333361 335
378554 379371 361
306615 307239 309
306748 308009 309
358539 360233 348
358533 360099 348
321455 322763 309
393851 393891 268
325959 326248 247
336215 337365 322
346286 348117 348
326858 328209 322
390132 392003 361
356744 357872 304
362861 364074 317
367389 369083 317
354142 354593 348
300971 301774 296
330296 331162 322
353742 355257 379
354855 356213 379
310489 311344 371
381065 381874 374
334686 335412 322
311890 312803 384
380105 381002 379
391745 392065 330
304353 305040 309
340883 341065 229
304796 304951 278
328117 329599 353
318957 320876 371
323991 324679 384
343770 344405 260
350892 352633 379
337419 338545 366
399701 401224 387
340387 340852 304
364269 364616 286
333818 333979 260
306790 307191 309
347582 348447 335
304631 305953 278
343854 344925 304
332883 333388 335
304335 305141 309
302674 302950 340
398052 398353 343
334393 335053 322
364245 364262 211
349567 351315 366
323758 324270 291
392645 394229 361
324247 325939 384
305391 305752 265
323213 323621 322
322314 322692 309
367223 368476 317
399092 400383 374
310478 311493 371
377824 379047 330
348497 348584 198
394577 394705 405
366286 366763 317
360953 362055 348
367141 367776 286
388402 388756 299
329350 329593 198
371931 372961 317
317341 318804 353
367271 369199 348
394497 395046 405
373797 374922 330
378200 378802 317
358344 359831 348
340156 342046 335
300374 300501 296
316548 316605 353
353391 354067 273
355197 355625 379
326723 328115 322
327022 328366 322
330405 330886 322
307869 309073 371
354190 354619 348
388297 389846 436
359628 360287 348
391820 393372 330
301934 303630 340
324666 325265 340
391725 392143 330
372619 373549 348
362642 363665 317
397656 399643 374
322333 323306 322
350037 350727 304
374133 375502 361
314802 315398 340
315387 316770 353
349416 350818 366
378460 378505 255
313396 313864 309
367332 367653 286
389811 391018 361
377144 378855 361
341763 342080 335
314019 314901 278
352209 352555 335
352988 353307 304
338029 339803 335
317597 318716 309
331817 332934 353
342054 344045 353
362524 363247 273
311528 313056 384
359032 359478 317
385383 385536 348
344350 345549 304
385420 386400 348
306024 306824 309
365854 367660 348
378428 379908 361
388023 388634 330
339779 340773 366
340046 342045 335
328024 329683 353
351123 352480 379
347762 348201 304
378805 380266 379
367426 368434 317
429599 430801 312
477853 478419 351
440754 440767 294
445569 447414 325
412764 414077 374
492788 494297 395
400301 402290 387
459197 460448 307
483299 484636 320
414641 414944 281
413727 415682 374
465392 465893 369
412940 414210 374
476287 478048 382
400506 402261 387
481709 483220 382
443236 443360 294
453464 455325 338
498135 498918 320
460506 460757 201
477877 479686 351
408496 408611 312
438542 439420 400
449212 450627 369
485222 485806 320
450603 452082 387
455819 457435 356
475255 476984 320
446726 448591 369
497244 497324 289
478954 480855 413
418856 419547 281
468014 469034 382
402096 404021 343
454291 455820 338
497781 499507 351
455523 455608 338
432766 432779 175
490439 491068 320
434330 435113 356
425238 426036 356
437524 438117 263
406035 407227 361
496149 496309 289
494329 496145 351
435756 436797 325
487925 489558 382
448997 449293 263
424740 425624 356
476100 476579 276
453845 455240 338
417426 418694 343
464747 466035 369
479466 480130 351
412226 413980 374
498107 499598 333
469691 471394 307
424042 425275 356
472842 473104 307
491431 493404 426
498683 499943 395
431416 432513 343
402695 403261 268
435177 436889 325
473860 475859 382
440650 442531 325
413886 414090 312
489728 490607 320
402558 404113 343
423331 425099 418
419508 420598 343
464489 465679 369
413130 413654 268
493166 493980 395
461680 462689 369
407583 409049 312
417039 417981 343
419693 420970 343
442800 442846 263
431021 432620 343
456893 458017 338
485817 487250 382
434374 434453 250
466431 467915 413
447723 449700 369
435829 436624 325
403195 403474 237
474867 476348 351
462180 463350 351
442637 443947 356
475610 477532 382
421124 422806 356
474391 475387 351
436436 437562 387
487388 488705 382
408845 410553 449
451945 452728 276
456358 456998 356
400082 401545 387
425953 427497 356
471069 471953 276
489728 490811 320
404893 406588 405
462898 464791 338
477707 479309 351
492700 493591 395
435838 437009 325
485046 486749 338
426900 428423 374
440098 441126 325
442676 443909 356
402796 404487 343
493803 493915 289
405746 407689 361
436924 438739 400
469149 469295 294
472726 473195 338
421151 422751 356
479453 480653 413
459771 461777 444
472786 474575 382
497036 498849 351
426259 426683 356
473129 474859 382
468650 470325 351
419893 419930 206
465236 466073 369
460308 462289 444
472252 472932 338
440251 442118 325
448375 449688 369
490464 490523 276
437910 439756 400
465223 466082 369
471888 473858 338
490562 492005 320
426431 427296 356
482567 483355 276
444254 444846 325
406966 408732 312
476255 476357 245
434573 436428 356
497825 498139 351
476630 478632 382
414505 416348 374
464129 465750 369
415611 416623 387
425350 425646 356
480059 480162 232
456302 457283 356
412477 414084 374
462237 463000 307
444024 444795 325
496860 498673 351
453216 454402 338
447425 448269 369
444063 445067 325
442182 443396 356
430788 432147 343
446473 447164 325
400244 400874 343
437287 438376 294
463038 464006 325
467171 468106 413
477481 478955 351
413332 413466 175
452266 452279 263
499203 499846 395
402945 403298 255
411505 413165 343
494289 494964 351
400963 401885 387
463641 463808 276
421855 423389 356
429179 429511 263
412760 413054 343
428358 430150 312
416834 416859 281
496057 496851 320
461079 461546 444
412121 413759 374
441607 442338 294
455077 456807 356
489774 491566 320
425681 426458 312
447002 447619 263
479762 480566 413
474935 475734 320
413351 413798 374
476190 476242 245
473405 473844 307
435029 436649 325
468487 468578 183
434713 436063 356
475710 476467 307
429248 430843 312
407823 409448 312
458620 459053 276
427648 428066 374
457168 458425 338
515229 515469 395
587347 588856 328
589803 591679 359
541019 542391 364
514212 515114 364
529219 529537 333
524634 525337 364
509962 511927 333
555151 555167 222
579660 580330 328
538052 540002 346
531228 531947 346
549024 549187 240
565719 566416 284
588434 589697 315
501784 502079 289
541130 542159 364
555301 556156 359
581719 583114 328
577982 578058 235
536215 537337 377
526678 527421 377
567821 568839 359
591203 591569 328
572311 572849 372
501726 501776 258
571275 572848 372
597305 597782 372
557676 558405 315
525239 525920 408
571305 572877 372
550604 552017 377
569247 570052 359
568959 569949 359
516313 517585 333
539067 540840 408
599172 600490 372
573415 573898 359
591984 593181 328
542943 544512 359
520812 521633 364
589833 590122 297
532342 533227 377
552560 553529 315
551121 551188 209
577805 578531 346
558770 560235 284
583409 584061 434
509551 510883 364
522041 523262 333
562092 562718 315
508645 509156 377
548520 549665 333
599377 600498 372
530348 530745 333
537245 538763 346
509609 510340 364
575927 576197 284
538873 539286 315
583714 584751 434
576681 577589 390
522500 524272 333
536218 536643 333
565054 565491 328
515595 517298 302
543828 544709 307
593324 594369 297
562181 563056 359
589863 590105 297
532805 533994 377
541652 541744 346
568881 570720 377
595002 596703 372
511760 513285 470
554208 556116 390
541850 543717 359
516444 517588 333
591964 592475 403
536667 537654 377
534211 534943 346
525149 525618 408
520393 522238 364
572852 574423 359
592289 592551 266
511254 513069 470
574159 575241 328
597133 599091 372
576903 578824 390
512496 512817 333
585307 585562 359
588158 589706 315
572191 573776 372
558434 559467 284
572022 573622 372
509697 510704 364
580528 581887 328
560378 560999 346
517097 518786 333
540318 540814 408
564717 565491 421
507394 507831 302
594854 594984 297
554509 554562 240
555178 557003 390
590291 591708 359
546163 547185 452
555961 556834 346
545367 545986 346
505228 506669 364
504665 505366 320
591516 592711 403
592783 593000 328
571364 572537 359
519751 521467 364
587720 587964 328
585528 586993 359
510486 512414 470
563568 563641 284
546847 548235 377
578846 580143 359
547180 548837 377
501442 502488 426
534384 535741 315
580722 582609 328
560474 560918 346
551301 552212 377
508140 508418 333
584676 584847 359
516682 518287 333
580129 581248 266
537772 538439 346
513831 513935 351
552244 552868 315
577877 579138 359
508177 509602 377
560168 560501 359
509816 509940 364
517939 518320 302
527474 528898 377
512581 513163 333
539225 539474 271
551882 552016 315
571445 572594 372
522747 523359 302
522170 522240 183
580404 581168 266
509162 510272 364
515958 516789 289
519482 521450 364
534497 535754 315
591310 592326 403
508669 510284 377
594370 595893 328
571418 573344 372
586106 586782 359
545341 545386 196
590993 592348 403
507041 507364 333
586361 588185 359
511157 511994 470
552812 554262 421
558527 559216 253
500103 500215 320
598125 599303 341
537888 539680 346
589679 590083 297
522792 524362 302
583454 584903 434
573133 573843 359
529815 529968 271
580793 580838 191
555365 556449 359
563568 564043 284
598098 599681 372
599952 600913 372
535565 537285 377
599385 600488 372
596709 597362 328
589860 590817 359
543743 545427 315
546956 547308 315
597482 599135 372
573751 574086 328
509646 510960 364
586568 588418 328
516045 517623 333
534165 535467 346
541821 542538 346
563838 563898 271
572925 573767 359
585040 586522 359
507196 508747 364
512245 512515 333
586329 588148 359
572704 573582 359
593231 594717 328
517386 518798 333
508546 510092 377
582087 582718 328
504523 506128 364
602103 602228 266
649474 649750 323
644010 645522 310
662143 663051 292
643912 644663 261
645220 646563 323
682191 683355 336
629221 630070 279
626488 627147 310
638431 639660 341
654556 655237 323
610232 610844 341
615882 616458 372
673282 674902 367
629074 629222 217
603819 605317 372
698225 699216 305
681539 682194 336
611278 612938 354
607914 609054 403
699322 699934 367
637715 639227 354
664246 666018 442
693305 694986 323
690040 691457 336
630398 631175 310
676470 676629 292
634472 634643 261
692823 693431 367
605567 607271 328
626679 627381 310
672476 673223 336
688705 690244 336
635400 636255 416
636462 637584 354
623135 623515 310
620984 621320 279
637432 638605 354
609562 611237 341
642469 643165 354
615463 616333 372
692023 692857 305
654155 654679 292
642725 644642 354
625516 626130 310
677992 679588 380
611481 612478 297
610529 611263 341
609785 611531 354
665492 665843 248
626631 626820 310
640145 640405 266
646966 647934 341
627231 628507 341
655437 656964 429
675456 676419 385
697759 699487 367
614585 615243 447
683015 683260 261
696306 698299 367
691364 692680 442
660163 661588 323
666784 668658 367
676848 678153 336
639655 641505 416
644490 645049 279
651102 652023 336
656182 657986 429
614541 615714 447
660468 660647 292
614880 616384 447
622547 623025 310
649377 650156 385
685706 687639 398
651143 651616 336
654762 656643 385
699152 700199 367
689808 690053 336
665842 665931 261
641970 642375 416
670851 671277 323
675184 675568 310
610028 611960 354
622788 623506 310
619355 620728 372
610807 611630 354
600823 600907 297
673828 675466 367
666937 667137 305
624325 625028 385
629190 629759 279
641039 641947 372
604538 605406 297
663697 663933 292
688467 688662 274
650653 651524 336
636666 637954 354
604112 604550 372
666447 666621 261
673697 674470 367
600078 601088 341
694485 695157 367
680550 680751 336
608838 609747 359
678350 678960 380
689582 690624 336
626640 627485 310
689191 690117 336
610360 610523 266
633328 634175 323
657680 657889 292
641427 642103 416
649633 649681 248
665094 665841 442
683513 684358 380
697188 698775 367
686204 687182 398
648271 649333 385
665497 666419 398
689922 689981 217
621558 621600 310
644777 646284 323
639602 641160 416
687698 689134 380
604801 605855 341
654781 656636 385
682560 683329 305
621741 623300 372
601459 601572 310
690939 692153 442
695569 696667 336
693359 693585 305
608845 610057 359
632290 634151 354
657440 658308 398
645679 645719 217
612845 614006 310
659175 660696 354
684905 686832 354
684812 685742 354
665811 666427 398
681151 682549 336
663658 665043 367
618384 618565 310
677553 679152 380
610550 611695 354
665181 665381 442
614084 616065 447
675027 675260 367
619343 621077 372
625015 626367 509
681899 683185 323
641886 643085 416
644854 646255 323
670478 671969 323
678207 678509 261
649279 650666 385
630356 631362 341
678889 678927 230
611257 611976 354
654537 654999 323
660675 661069 292
605784 606699 328
685966 687473 398
636899 638642 354
656953 657784 323
602458 603154 297
682263 682440 305
669284 669911 292
641958 643012 416
651287 651646 336
608374 609007 341
679673 680216 367
695942 697770 336
694133 695943 367
695819 697490 336
675636 676075 385
628372 630248 279
659875 661220 323
696450 696566 230
689840 690627 336
614767 614986 279
632234 632668 328
625802 626633 509
630892 631075 310
698308 698624 305
632778 632882 279
650221 651899 341
687268 688421 380
680144 681109 336
616805 618375 372
649757 650438 341
616117 617518 372
628544 628556 142
637794 638320 354
621812 622225 372
632481 633532 354
671189 672375 336
652831 654430 385
652294 653140 354
748886 749012 248
798273 798380 300
783068 783816 331
741819 742972 349
726304 726573 274
741049 742505 349
776012 777577 393
798492 800112 375
771240 772881 393
770114 771256 349
702859 703592 349
758061 759375 362
771824 772509 362
711611 712429 349
770750 772084 362
793348 795312 331
752655 753479 424
787131 788176 362
710350 710593 292
753880 755882 362
764414 765294 362
757801 759441 362
755269 755983 362
736302 736548 318
782345 782973 331
768607 770420 393
796507 797186 375
711327 712928 411
751171 751239 256
755800 757264 362
764206 765040 362
778453 779688 331
786283 788169 362
785248 787197 375
751533 752308 318
743390 743544 318
708226 708863 349
748676 749790 393
725000 726102 310
708098 709256 349
740282 742099 393
799985 800737 375
756397 757990 362
765488 767307 331
749355 750803 393
729490 730091 318
740165 740988 393
715680 717518 380
724369 725284 362
768957 769931 393
773324 774939 331
791292 792852 437
744699 745242 256
780083 781769 344
764165 765317 362
749700 751475 362
783068 783514 300
755908 756361 362
761501 761614 256
749079 750008 393
712081 713339 411
724456 725674 362
744317 744509 287
708645 708710 243
772378 772513 331
798317 799181 375
721809 723460 411
778733 780145 362
750071 750116 256
782904 783115 300
779763 779947 362
762756 764488 375
715117 715770 305
758734 760586 380
715063 716548 380
721305 721511 274
703613 705507 504
703519 703562 181
776215 777356 393
775728 776049 256
711053 712278 380
758493 759484 362
714591 716268 380
743263 744256 318
796546 797155 375
782787 783685 300
777384 778034 269
740887 741773 362
779101 779279 300
748395 749510 393
721143 722979 411
747123 748065 362
711893 712009 243
770475 770886 349
761682 761716 256
757199 757996 331
772678 772715 194
769492 771332 393
763260 763686 375
725576 726738 318
795865 795953 269
793357 794989 331
760550 760794 331
704558 706184 504
718861 720869 411
784597 785006 256
753319 753380 256
730040 731343 380
718673 719924 349
772639 774186 393
715107 716535 380
792062 792118 300
748377 748665 274
754854 755632 362
715526 715768 256
781784 782577 362
716349 717171 349
777053 778115 393
722457 723068 380
773267 774084 331
759426 760015 362
754145 755505 362
794767 796382 468
782252 782353 238
729875 730158 318
716605 718045 349
751569 751859 318
729505 731172 380
776019 776377 331
709226 710423 380
791892 793303 437
746795 747280 349
713487 715401 380
710360 711237 380
735016 735544 380
768057 769445 393
740666 742663 362
773939 775026 331
743133 744737 318
783476 785232 331
736649 738268 380
786095 786304 269
738184 738818 274
725325 726061 310
711516 712158 305
770317 772164 362
796053 797706 468
798987 800702 375
719866 721339 411
701907 702337 274
741171 741774 318
775642 777625 393
778955 779583 331
771961 773837 393
779313 780996 362
716720 717000 336
730831 732509 380
793751 795003 331
714342 715047 274
711858 713077 411
770442 771181 349
748500 749309 393
798347 798610 300
721648 722028 367
705119 705655 380
760330 760714 380
791230 792025 344
765023 766040 331
730143 730543 380
707302 707387 243
708522 708840 349
717814 717873 243
774494 776384 437
708411 710275 349
725698 726397 318
715242 715512 305
745296 747055 349
723953 724296 274
774951 775104 437
727200 728258 318
707374 707683 274
760008 760717 380
777577 777645 194
729142 731020 380
753889 753921 256
703668 705522 504
756062 756780 362
772253 772356 256
709162 710292 380
759316 759865 362
717656 718999 336
709914 711062 380
773457 775133 437
721365 721635 274
724682 726494 362
745450 747263 349
759029 760958 380
723287 725284 362
785160 786372 375
703090 705092 504
886056 886677 357
811403 812104 362
873013 874952 388
885684 887471 445
803452 804694 331
894895 895750 326
853731 855416 419
833101 834713 357
833530 834448 357
825162 826214 344
887709 888792 401
870700 872668 432
899548 900398 370
829354 829445 282
816124 816953 344
898888 900247 370
897741 898105 339
861587 862659 326
804099 805032 331
878622 880098 357
858573 858588 158
894137 894811 370
849602 849939 357
822345 822619 313
832146 832407 282
888350 889070 295
890131 891744 339
807558 808621 331
860315 861827 357
824231 825174 326
837681 838408 525
867838 868452 339
870926 872251 432
890106 892004 339
831102 832409 419
873929 875908 432
842309 843058 388
892938 893891 326
828255 829500 375
800451 800641 269
840192 840291 282
868247 869029 357
819968 820869 450
866243 868146 344
824975 825692 344
844365 845721 401
878164 879156 326
837889 837941 238
877275 877330 233
860568 861341 326
809870 811554 406
801386 801811 406
880228 880738 326
851964 852742 326
847238 848788 419
876845 877600 401
800587 801801 406
824716 825754 344
895323 895574 264
809774 810548 406
825913 827787 419
882308 882890 313
859605 860294 313
823507 824244 375
875526 876993 432
862640 863832 344
870860 871111 264
839700 840458 357
836954 838553 525
889723 891128 370
864428 865792 388
828023 828771 313
875712 877259 370
836036 836454 282
811530 812418 362
865580 867102 388
883204 884146 370
863969 864032 251
837583 838744 525
894583 894752 370
814122 814200 207
899976 901397 401
854528 855921 388
865322 865555 388
812672 814489 375
892391 894090 326
885937 886016 295
829758 831518 419
874241 874974 388
860882 861768 326
826547 827716 419
882901 883692 282
859282 861108 357
807880 808556 331
801134 802392 406
802698 804687 331
813126 815040 375
823576 823864 375
859555 859889 295
808605 809261 313
865696 867594 388
889911 891546 339
820945 821983 375
891874 892408 295
838932 840667 388
887962 888167 401
842364 843128 388
841173 842841 313
889790 891218 370
850255 851001 357
895138 895426 264
894811 895918 326
888044 889097 295
865053 865133 220
823045 823744 375
837487 839034 525
893956 894368 277
877634 878440 357
878633 879301 326
850719 852264 357
810358 810788 406
847322 848527 419
835558 836863 344
856290 857127 375
843585 844657 357
897575 898342 339
874394 875285 388
857354 858315 282
866086 866151 220
875202 877014 432
817472 818793 344
890989 891151 295
823997 825605 326
834630 835704 344
828437 830260 375
878326 879071 326
896581 896845 282
896176 896851 370
820496 820559 238
870408 870906 326
877200 879107 401
831530 833164 388
874805 876634 432
819791 819847 269
823818 825461 326
897446 899294 370
817550 818669 344
839177 840973 388
833323 833618 357
856525 857369 375
888992 889387 370
888669 890000 370
832027 832599 282
819534 821488 450
893450 895278 370
866369 866835 326
847351 847538 419
814329 815483 357
894410 895953 370
898925 900601 383
815056 815716 357
877974 879646 357
819267 820818 450
880510 882003 326
850561 850928 251
831399 833090 388
850458 850593 326
849487 849945 357
875708 877430 401
839823 840910 357
847279 847830 419
871220 871930 432
871725 873382 432
870901 871078 264
822857 824728 375
848439 849558 313
886481 887464 445
885875 886537 357
818761 819028 450
860269 861371 357
841950 843097 388
819701 820449 450
868424 869124 357
860239 861539 357
849034 850352 357
840325 842030 357
875391 876967 432
855535 856646 388
820722 821570 375
808127 809943 344
853197 854001 357
851009 851349 251
811822 813008 362
874798 876328 432
897752 898526 339
810407 812016 406
878719 879623 357
841192 841664 313
840195 840879 357
856675 857118 282
943729 945079 383
939179 940450 507
926889 928736 476
904104 905006 383
968873 970445 352
958419 959109 321
978084 978192 383
994550 995243 290
979381 980676 383
980204 981562 427
917674 919007 339
940052 941994 383
935090 936855 414
969935 971721 458
923082 923902 308
930139 930896 370
971808 972832 290
950405 950535 259
904015 905698 383
980133 981253 427
923238 923387 308
920653 921377 339
948422 948955 326
961349 961498 295
906268 907196 370
933296 934166 370
952283 953293 414
935845 936290 321
960186 960356 233
985799 986730 321
901843 902742 401
995294 996507 365
982569 984300 383
919313 919361 215
962850 963635 414
986425 987449 396
936592 936785 339
993076 994934 365
930140 932034 370
967219 968290 321
979316 980863 383
992687 994201 352
941232 942878 339
932219 932880 370
976451 977288 334
938181 939953 507
933095 934447 414
937170 938738 445
918669 919349 339
947359 948087 295
914099 915700 370
913895 915374 370
934282 935178 414
955879 956707 352
980761 981794 427
991469 993440 352
924087 924985 370
941451 941749 339
989764 990805 321
935592 936458 321
917700 917892 264
989355 990449 352
982867 983562 383
955244 956501 352
915307 916623 339
952800 953806 414
975379 976649 383
985697 987108 396
991315 992645 321
976343 978048 334
967760 969265 352
951594 952148 308
979231 979752 334
934020 935311 414
939615 940715 383
904856 905915 326
902459 902825 383
936428 937827 383
966918 968108 321
975553 975694 339
945028 946223 352
959954 960912 352
960768 961118 414
986868 987934 396
997790 999144 440
992376 992747 290
903964 904016 202
987617 989123 352
930750 931792 370
988076 988159 197
958685 960429 352
948780 949949 352
939312 940924 507
944061 944227 277
990877 991544 321
977872 979826 383
939900 941906 383
979933 981879 427
975222 976425 383
908252 909824 370
930796 931711 370
905889 906442 445
964259 964899 352
983113 984434 383
921653 923647 445
990736 991099 290
995985 997883 440
992194 994053 352
903639 904827 339
921395 922083 339
953552 955315 383
970672 971147 308
997237 998305 440
984464 984787 290
934283 934413 414
955056 955687 339
937498 938676 445
921182 923070 445
954855 956221 352
915222 916520 339
988289 988451 290
976279 976794 290
911027 911735 339
917784 919536 339
971886 973483 321
985953 986625 321
950615 951486 414
964957 966276 365
990833 991441 321
955901 956861 352
905985 907621 445
989669 989766 215
989335 990003 352
960680 961994 414
976882 977168 334
908980 909342 326
982212 982647 321
946234 947504 383
922536 923855 383
975176 976096 339
996998 998773 440
985864 986267 321
980261 981872 427
912099 913477 401
943974 944894 383
986481 987383 396
948004 948116 246
987409 988508 352
915699 917353 383
982533 982722 383
952822 954240 414
969540 969878 321
996227 998089 440
965220 966504 365
901979 902050 401
918337 918996 339
910599 911553 339
953691 955082 383
966439 966459 215
939729 940030 308
932942 934335 414
995385 996962 365
946864 947235 383
937364 937876 352
930408 931243 370
929839 929960 339
991699 992304 321
943752 943841 339
900205 900437 313
948816 949633 308
907234 908350 370
989270 989550 352
918760 920236 432
961648 962329 259
971586 972382 339
993763 994384 352
909329 909477 233
943708 945026 383
945000 946605 352
948987 950318 352
904069 904694 339
936080 937463 383
930514 932041 370
927030 928886 383
928965 929512 339
994193 994534 365
991126 991914 321
907351 907837 295
974742 975517 334
989835 991595 321
965297 965606 321
974905 974932 184
931613 932039 277
980008 980829 383
985110 986886 427
907711 909574 370
996124 996503 290
969474 969769 321
917071 917644 383
913498 913761 357
1089510 1090046 316
1075742 1077393 347
1084842 1085568 347
1067663 1069560 409
1047931 1048761 272
1041402 1043115 471
1005943 1007195 352
1049503 1049552 303
1098634 1099714 347
1033103 1033237 210
1051866 1053571 409
1007368 1008972 365
1082946 1083120 360
1098619 1099126 329
1013980 1014384 334
1043016 1044982 334
1078923 1079978 347
1099795 1101134 347
1048873 1049525 378
1063449 1065122 347
1061603 1062785 378
1001581 1003029 321
1004761 1005422 334
1033942 1035053 334
1076941 1078544 347
1055460 1056350 409
1070302 1071877 378
1030779 1031229 365
1073651 1074077 334
1054791 1055326 347
1082130 1083882 409
1010503 1010515 197
1099639 1101099 347
1070505 1071318 303
1098345 1098442 285
1075633 1076056 347
1001183 1002714 334
1088588 1089745 316
1067950 1068936 396
1024271 1025746 396
1051073 1052101 409
1050542 1051719 409
1032886 1033756 334
1099072 1100601 347
1008131 1010055 365
1067549 1069014 396
1027993 1029399 365
1006358 1007429 365
1086754 1087885 360
1027734 1028560 352
1035485 1037187 365
1070672 1071431 303
1091579 1093078 347
1062688 1063619 347
1093082 1094976 453
1042755 1042818 228
1098984 1100659 347
1054926 1056782 409
1042134 1042651 440
1092100 1093406 453
1016085 1017245 365
1025532 1027484 396
1034102 1034219 303
1018348 1019025 303
1088016 1088856 303
1051228 1052089 409
1031514 1033112 378
1062758 1064658 347
1066136 1066436 285
1006223 1008041 365
1051886 1053206 409
1019096 1019416 427
1012326 1013527 365
1028009 1029021 321
1005760 1007302 396
1074446 1075947 347
1055455 1055911 409
1093034 1094557 453
1038462 1038724 303
1014670 1016022 365
1034448 1036096 334
1053189 1054290 378
1001088 1001421 321
1036675 1038601 440
1045874 1046096 316
1003149 1003752 489
1075274 1076687 347
1017815 1019600 427
1085745 1087137 360
1054604 1055534 347
1026092 1027692 396
1069356 1070117 391
1005804 1006497 396
1099202 1100439 347
1001198 1001621 334
1062277 1063607 378
1053167 1054888 378
1024590 1024874 303
1010004 1011349 365
1063616 1064599 347
1031797 1032718 378
1046997 1048994 409
1051717 1052763 409
1059666 1060742 334
1074612 1074958 347
1033362 1034214 334
1062043 1063104 378
1067722 1068194 259
1078646 1080093 347
1038493 1039586 321
1096443 1097142 316
1026187 1026221 396
1005578 1006212 396
1004762 1006711 396
1080246 1082202 409
1014349 1016029 365
1042356 1043674 471
1097315 1099260 378
1097227 1098722 378
1055717 1056123 409
1098215 1099353 378
1025411 1026232 396
1030649 1030868 259
1000053 1000098 259
1067156 1068379 396
1008387 1009380 365
1015451 1016846 365
1057688 1059100 378
1087551 1089297 347
1021069 1022080 334
1055937 1057089 502
1052902 1054096 378
1072505 1073885 378
1034745 1036089 334
1056097 1056444 303
1065717 1066884 378
1084488 1084773 272
1003462 1003651 290
1055264 1055395 303
1096887 1098460 378
1057464 1059217 378
1080962 1082366 409
1051670 1052155 409
1009461 1010467 334
1021166 1022836 365
1013455 1013901 272
1063005 1063658 347
1017858 1019152 378
1076038 1076973 347
1041480 1042117 321
1070788 1071466 303
1061629 1063610 378
1008616 1009257 259
1075784 1077466 347
1085594 1086678 347
1018602 1020140 427
1066337 1067503 378
1002746 1003488 489
1036189 1036766 334
1035382 1037022 365
1001166 1002517 334
1056485 1057755 502
1053382 1054378 378
1082561 1084562 409
1002298 1004240 489
1060163 1061717 334
1084525 1085933 347
1004712 1005624 334
1061949 1062991 378
1005422 1006012 396
1067182 1067875 285
1054748 1055475 347
1088155 1088913 303
1068005 1069284 409
1036816 1037654 272
1081432 1082702 347
1059942 1060008 272
1011226 1011885 365
1034008 1034217 303
1030595 1031450 365
1052095 1052805 409
1040328 1042063 334
1017125 1017821 334
1039651 1040693 409
1099225 1100139 347
1014378 1014548 290
1070505 1072371 303
1029859 1031712 396
1003856 1004472 427
1007917 1008118 334
1045495 1045575 197
1029832 1030618 396
1005250 1005620 290
1063319 1064064 347
1030841 1031068 365
1055223 1055403 303
1037192 1038093 440
1035885 1036384 365
1090074 1091191 347
1056862 1058645 502
1184780 1185948 373
1199588 1199781 267
1187944 1189161 435
1118300 1118383 272
1191188 1191739 298
1131390 1132090 391
1194376 1194593 342
1166584 1166674 267
1185146 1185519 285
1103103 1104418 422
1107068 1108524 422
1186588 1188109 342
1177844 1178340 404
1177348 1178171 298
1114387 1114759 285
1134856 1136326 347
1142379 1142482 391
1165525 1166786 435
1115421 1116097 347
1165059 1167012 435
1155542 1156451 347
1134161 1135781 360
1153801 1155273 391
1137797 1138624 272
1115616 1115971 347
1138783 1138867 254
1190765 1192102 391
1154711 1156358 347
1150953 1151205 254
1169863 1171811 404
1134631 1135473 360
1158514 1160327 391
1105833 1107287 378
1198253 1199424 373
1170854 1172326 404
1124796 1126268 528
1113349 1115224 316
1108005 1108672 422
1130016 1130614 329
1138700 1139766 422
1147312 1148547 329
1190499 1192504 391
1180464 1180703 373
1147361 1147671 329
1133352 1135156 360
1110708 1111081 347
1189322 1190592 435
1134997 1136155 347
1103995 1104509 285
1192126 1193521 373
1102013 1103589 422
1131899 1132167 267
1145216 1146905 422
1191936 1192125 298
1129082 1129514 303
1120534 1122091 360
1100061 1101503 347
1128832 1130320 422
1150459 1151236 316
1173215 1175173 329
1138108 1139615 422
1166674 1167230 267
1192012 1193413 373
1116883 1118174 528
1134118 1134390 254
1175933 1177695 329
1168134 1168855 329
1196262 1196987 342
1109862 1110434 347
1173875 1175774 329
1160250 1160832 329
1176540 1176969 329
1154082 1155083 391
1197223 1198750 373
1124956 1126684 528
1151997 1152772 329
1130924 1131355 285
1190448 1190834 267
1140207 1142110 422
1152666 1154462 391
1180619 1181639 329
1173178 1174612 329
1136474 1137567 316
1140413 1141725 422
1149018 1150714 422
1108385 1108432 285
1128185 1130156 422
1174715 1175736 329
1190779 1191011 342
1131628 1131968 391
1145526 1146513 298
1145771 1146862 422
1154093 1154157 210
1154252 1154860 391
1127325 1129092 422
1165233 1166752 435
1137583 1138069 360
1162611 1162637 223
1197714 1198786 373
1142515 1144409 360
1156147 1156513 347
1137322 1138860 360
1168034 1169331 329
1107758 1108993 422
1142889 1144596 360
1138669 1138807 360
1175480 1176989 329
1106004 1106727 378
1106680 1107863 347
1159138 1160425 391
1198354 1198660 373
1186985 1188308 329
1197655 1197888 298
1154818 1156145 329
1101205 1101485 285
1198193 1199278 373
1165250 1165541 329
1134691 1136345 347
1149538 1150404 329
1104717 1106326 378
1167272 1168790 435
1100654 1102266 347
1126855 1126924 254
1146133 1147816 422
1176550 1178255 404
1184165 1185956 373
1139103 1140443 360
1106881 1107762 347
1172917 1174658 329
1146196 1147789 422
1167841 1168652 373
1175843 1177804 329
1196858 1196992 267
1142036 1143893 391
1103447 1104670 422
1103650 1104592 316
1160652 1161991 329
1114666 1114909 285
1176482 1177837 329
1179059 1180999 373
1142111 1143860 391
1134309 1136012 360
1142505 1144300 360
1160114 1160780 329
1124612 1125008 285
1108643 1109969 422
1190541 1191758 342
1124277 1125265 298
1105426 1105699 378
1196009 1197388 342
1123443 1125389 391
1131247 1131775 391
1154637 1154916 329
1143850 1144870 360
1158634 1158712 329
1187491 1188237 329
1123664 1124121 391
1177754 1179012 404
1154429 1154890 391
1104164 1104711 316
1178805 1179187 298
1112239 1112559 285
1125225 1126248 528
1182731 1184058 404
1131206 1132844 391
1170299 1170358 360
1177679 1178819 404
1153249 1155096 391
1145556 1145985 298
1140502 1140802 391
1103664 1104982 316
1182338 1182875 404
1148189 1149850 422
1172456 1172699 311
1177786 1178763 404
1147697 1148032 329
1166071 1167599 435
1137107 1137377 316
1168587 1170293 404
1170539 1171893 373
1165977 1167271 435
1180879 1182748 404
1197951 1198818 373
1139221 1140277 360
1109717 1110424 347
1188830 1189027 329
1162126 1163081 435
1105075 1106242 378
1197650 1198470 298
1158432 1159033 329
1106446 1107132 316
1137092 1138895 360
1150684 1152580 466
1198685 1200312 435
1118414 1118533 285
1194112 1194411 466
1139425 1139919 360
1149949 1151567 329
1166827 1167483 267
1164748 1166071 391
1239054 1240643 342
1275206 1276876 355
1220985 1222419 404
1282615 1283254 386
1254477 1254671 280
1208302 1209117 373
1295722 1295805 293
1213132 1214573 360
1271148 1271987 342
1288702 1290490 461
1243821 1243889 280
1237662 1238066 311
1209505 1210820 342
1223186 1224857 404
1242975 1243720 386
1265273 1266390 355
1227727 1228019 303
1204003 1204532 373
1254680 1256204 342
1215632 1217185 404
1219759 1219782 280
1224488 1225233 404
1270807 1272555 417
1251767 1253430 510
1256999 1257197 236
1253853 1254747 311
1280387 1282218 417
1277810 1278192 324
1251785 1253479 510
1289140 1289205 218
1241044 1242014 417
1298900 1299062 324
1222576 1223043 386
1259383 1259846 355
1216038 1217908 404
1276593 1277577 342
1239847 1239890 267
1208395 1210328 373
1245636 1246688 342
1226993 1228036 342
1201354 1201956 391
1285883 1286635 355
1229525 1230501 448
1255866 1257736 523
1243883 1244888 373
1269743 1270496 311
1259950 1260693 355
1226446 1226824 342
1206396 1207507 386
1293803 1294717 324
1245455 1246451 342
1223259 1225116 404
1244030 1244134 280
1201415 1203296 404
1293178 1294339 355
1223474 1224965 404
1204117 1205713 373
1280679 1281217 399
1272194 1273690 386
1211656 1212619 342
1282041 1283786 386
1249849 1250799 355
1281024 1282541 417
1220693 1220913 267
1200418 1201677 404
1235966 1237061 342
1228198 1228801 448
1277080 1278189 342
1274034 1274954 355
1268506 1270393 386
1281896 1282777 355
1219085 1219831 360
1245786 1246799 311
1275564 1275848 355
1214632 1216423 404
1212359 1213985 329
1297592 1297813 324
1285549 1287209 355
1298233 1298982 386
1222215 1222329 236
1228468 1230049 448
1284724 1285852 386
1291319 1291603 324
1200117 1201671 404
1259025 1259401 386
1238549 1238685 342
1257977 1258931 355
1278978 1280280 355
1233408 1235401 329
1285190 1285905 386
1295869 1296595 293
1278911 1280447 355
1230064 1230170 236
1273599 1274772 342
1290576 1291772 324
1271603 1272150 324
1270922 1272024 417
1295158 1295255 293
1229476 1230963 448
1295807 1296469 293
1291203 1292333 355
1232241 1232314 373
1223113 1224914 404
1212458 1213666 311
1257094 1258114 342
1253844 1253879 205
1219740 1220409 373
1280800 1281497 417
1271198 1271902 342
1273932 1274284 342
1251313 1252793 510
1212214 1214117 360
1270313 1272045 417
1213130 1214066 311
1226812 1227886 404
1214131 1215202 342
1238416 1239872 342
1216187 1217926 404
1204781 1204872 236
1212008 1212549 329
1291701 1293390 355
1218557 1219668 360
1210292 1211306 404
1269354 1269894 311
1244048 1245713 373
1279572 1280857 355
1257881 1258561 355
1244594 1244986 342
1250147 1251779 448
1298671 1299524 386
1288038 1289745 368
1215427 1215735 404
1247782 1248565 324
1255346 1255689 311
1293993 1294154 218
1257999 1258293 342
1291641 1292018 355
1281400 1281446 249
1217392 1218327 360
1252013 1253690 510
1216843 1217557 285
1252686 1254620 311
1268983 1270677 311
1296613 1296769 249
1292529 1293740 355
1225349 1226432 342
1265237 1265273 249
1215288 1215447 223
1280379 1281143 399
1252914 1253124 311
1216619 1217596 404
1239418 1240417 342
1210081 1210365 342
1278770 1279252 311
1204326 1205052 267
1287215 1288900 368
1296204 1298076 324
1293522 1293745 293
1217868 1218515 373
1291607 1292249 355
1249185 1250637 386
1276821 1276836 174
1297537 1298649 386
1206747 1207493 311
1259023 1260761 386
1257618 1258437 342
1296945 1297367 324
1201586 1203426 404
1228302 1228738 448
1247084 1248612 417
1268063 1268272 311
1280943 1282302 417
1265274 1266273 311
1275468 1276399 355
1209968 1211914 404
1293582 1295561 324
1201887 1202669 404
1221008 1221329 404
1227848 1229808 448
1230169 1230432 311
1234389 1235808 373
1238863 1240493 342
1293300 1293352 280
1263752 1263960 280
1267701 1269370 399
1281437 1282897 386
1205256 1206564 386
1201511 1201535 236
1221593 1223200 386
1234399 1235706 373
1270873 1272638 417
1259526 1261022 355
1258677 1258974 280
1237719 1238909 342
1278111 1279915 355
1285009 1285856 386
1242718 1244491 386
1234686 1235619 373
1276176 1276798 355
1275331 1276662 355
1380751 1380820 306
1354185 1354753 368
1300785 1301819 386
1350434 1351794 399
1341788 1343097 368
1339394 1340976 337
1389104 1389359 324
1341071 1342853 368
1352416 1354326 399
1335232 1336905 337
1333940 1335552 368
1347313 1348096 337
1397566 1397595 275
1387783 1389186 337
1345213 1346910 505
1350390 1351888 399
1349296 1349559 412
1347375 1349343 368
1386575 1387213 350
1349922 1350464 368
1345141 1346658 505
1300039 1301307 342
1329326 1329922 355
1328023 1329084 368
1339065 1339916 337
1382920 1383012 275
1307949 1307999 280
1321148 1322656 324
1384953 1386719 412
1306496 1306988 293
1323022 1323819 306
1392767 1393477 337
1371878 1373078 368
1382678 1384294 443
1300297 1300889 342
1382101 1382990 337
1384466 1386314 368
1306961 1308352 430
1369091 1369831 412
1328965 1329216 324
1379800 1381377 337
1382273 1382477 262
1308267 1309181 324
1388988 1389557 324
1376778 1378483 399
1326624 1328567 417
1336279 1337254 324
1323875 1325825 355
1344249 1345452 505
1396339 1398339 412
1344579 1345464 505
1386554 1388364 381
1334235 1336131 368
1327175 1328825 417
1321409 1323287 324
1391934 1392881 381
1365510 1367332 337
1343804 1345633 505
1399526 1400773 368
1376602 1377747 337
1350592 1351546 399
1302666 1304578 386
1371871 1372576 368
1379344 1379824 430
1369223 1369575 262
1307228 1307972 430
1339095 1340317 337
1361715 1362162 337
1326231 1327103 293
1323666 1324930 355
1340822 1341064 293
1328739 1330218 368
1354474 1356046 337
1341446 1342425 368
1398264 1399889 381
1316919 1317375 368
1355828 1356687 368
1316082 1316315 399
1397385 1397786 293
1340948 1341470 275
1320189 1321499 324
1393660 1393921 275
1372955 1373298 337
1379293 1380791 430
1303803 1304450 386
1319860 1320706 342
1329247 1330960 443
1354261 1355406 368
1351799 1351868 231
1398258 1400158 381
1308014 1309357 324
1330265 1331591 443
1383885 1384669 443
1313619 1313911 285
1328587 1328938 368
1335677 1335848 293
1354596 1356119 337
1397000 1398181 306
1329830 1329852 218
1361618 1362690 368
1375034 1376093 381
1374545 1375242 368
1325032 1326029 368
1334850 1334911 262
1383765 1385180 443
1399042 1400760 381
1376416 1376688 275
1330724 1332195 399
1317783 1318282 324
1317813 1318377 324
1398325 1399738 381
1374574 1375560 368
1386539 1388548 381
1310876 1312426 386
1337734 1339557 430
1314524 1314844 324
1395957 1396801 368
1363189 1363793 306
1344173 1344272 262
1301388 1302074 386
1333773 1334354 368
1347907 1349291 368
1347383 1348756 368
1311433 1312757 386
1380329 1380378 200
1378535 1378698 337
1322483 1322721 324
1358000 1359122 293
1342207 1343854 368
1333592 1334157 399
1395508 1396932 412
1367110 1367900 399
1316871 1317980 368
1350902 1352609 399
1398834 1399122 306
1365040 1365789 474
1328708 1329952 368
1389558 1389617 275
1331117 1332457 399
1372800 1372862 262
1390526 1390682 306
1343108 1343692 368
1328606 1329018 368
1317810 1319084 324
1337010 1337313 280
1374831 1376416 381
1384830 1385367 306
1344099 1344880 368
1304381 1306243 355
1355057 1355338 293
1396641 1397233 412
1347137 1348445 368
1312327 1312376 280
1354291 1355990 368
1381017 1381034 275
1394212 1395674 461
1375367 1376017 381
1393515 1393693 337
1324838 1325679 293
1369000 1369942 412
1375893 1377815 355
1345496 1347192 337
1326400 1327969 417
1307370 1309078 430
1300552 1302188 492
1326829 1327586 293
1382635 1384264 443
1327354 1328733 417
1381091 1383038 399
1351918 1352790 386
1314360 1316277 399
1357067 1358365 381
1326000 1327429 293
1360261 1361407 337
1359554 1360392 337
1323263 1324185 355
1376668 1376975 262
1310408 1311225 399
1325587 1326866 368
1331762 1332841 399
1342063 1342264 293
1319120 1320196 355
1368218 1368309 399
1382854 1384235 443
1330774 1331698 311
1343270 1344495 368
1341353 1342105 368
1373820 1374360 399
1372856 1374290 399
1358120 1360090 443
1330453 1330863 311
1399373 1401024 368
1366529 1366872 337
1336054 1336585 324
1365979 1366212 293
1352968 1353367 399
1309968 1310864 399
1324732 1325719 293
1345146 1346219 505
1372513 1372608 368
1421832 1421917 236
1455435 1456586 456
1470291 1472035 425
1470020 1470533 244
1447957 1449482 363
1442837 1444192 381
1466581 1467922 381
1407733 1408418 306
1499071 1500421 301
1497688 1498308 288
1468304 1468767 288
1487426 1488501 350
1492648 1493025 288
1456192 1456670 306
1482877 1484375 350
1419924 1421759 381
1431824 1432833 456
1463585 1465349 381
1480801 1481085 288
1454269 1454472 319
1495926 1497257 438
1440218 1440282 244
1470825 1471008 381
1444106 1444943 412
1459434 1461118 425
1411109 1411630 306
1425059 1426468 412
1465319 1465619 350
1495387 1497147 438
1442850 1443938 368
1481878 1482357 363
1402649 1402740 267
1404538 1406022 381
1486511 1487121 363
1419320 1421054 381
1458194 1459558 363
1472930 1474930 394
1404679 1405377 337
1418877 1419263 350
1499103 1499539 301
1420889 1420941 262
1411577 1412996 337
1450887 1451308 288
1457012 1458319 456
1438622 1439579 319
1495834 1497346 438
1411681 1413651 337
1461054 1461196 381
1496821 1497436 306
1488948 1490063 350
1469977 1470933 381
1437390 1438823 368
1442504 1443639 319
1467203 1468343 381
1465884 1466532 350
1498774 1500353 394
1420305 1420741 381
1446144 1447080 350
1434557 1434745 306
1415837 1417422 381
1499717 1500884 425
1439557 1439761 275
1466064 1467212 350
1449161 1450240 363
1497202 1498818 394
1493416 1494475 363
1415147 1416851 381
1470842 1472576 425
1482588 1484538 350
1408106 1408226 306
1470531 1472138 425
1485550 1485894 319
1474753 1475843 381
1467110 1467743 381
1412836 1413655 288
1422496 1423059 381
1434961 1435074 319
1433839 1435382 350
1481737 1482353 363
1468888 1469458 381
1476940 1477671 332
1487294 1489096 350
1464250 1465739 381
1431186 1432997 456
1498371 1499154 394
1410544 1411239 443
1478951 1479097 319
1460724 1460900 363
1459216 1459390 363
1448641 1449748 363
1498081 1500071 394
1464549 1465251 350
1412214 1412953 306
1414616 1414839 275
1400897 1401326 337
1485453 1486901 363
1449430 1450750 350
1431043 1432303 456
1468830 1468996 319
1405144 1405928 381
1446806 1447112 275
1423368 1425245 412
1491432 1493046 363
1478770 1480548 350
1438290 1440145 350
1412694 1414669 518
1418443 1419069 306
1495392 1495664 319
1485643 1486058 319
1421121 1422347 319
1466660 1467951 381
1421796 1422162 275
1476684 1477621 332
1441710 1442571 350
1450152 1450395 275
1447746 1448198 275
1497673 1498152 288
1495398 1496970 438
1466273 1467831 381
1497111 1497794 306
1446142 1446412 275
1446402 1446899 350
1446209 1447739 350
1409860 1409966 275
1414236 1414741 275
1411178 1412527 337
1429273 1431165 412
1446780 1447885 275
1402749 1404304 412
1482825 1484234 350
1477313 1477625 332
1454697 1455325 350
1452591 1452827 337
1467730 1469317 381
1462565 1463358 319
1470912 1472805 425
1418918 1419634 350
1460151 1460195 200
1442757 1443484 319
1467991 1468455 350
1435673 1436479 350
1477695 1479614 425
1404194 1406081 381
1491085 1492842 363
1494078 1494224 363
1418010 1418170 350
1457514 1457652 288
1462571 1462801 226
1427004 1427054 288
1411264 1412824 337
1450509 1450954 350
1485543 1487335 363
1494840 1495530 363
1461909 1463663 337
1454826 1455770 350
1474917 1475492 350
1417716 1418103 275
1435681 1436479 350
1477958 1479299 425
1457964 1459769 363
1423162 1424059 288
1452485 1452536 319
1458275 1459150 319
1467597 1468018 350
1403057 1403198 350
1435138 1436987 350
1417158 1419019 350
1464923 1466114 350
1466924 1467259 381
1432133 1433948 381
1473730 1475292 394
1482899 1483311 301
1422735 1423525 381
1421219 1422809 381
1490606 1491709 394
1439923 1440078 350
1458005 1458292 288
1458377 1459339 363
1494466 1495443 363
1493834 1494766 363
1427627 1427724 213
1481822 1483115 363
1406626 1406735 350
1426956 1428033 381
1415959 1417156 381
1481622 1481676 288
1429537 1430927 412
1427449 1427531 275
1463885 1464477 381
1482371 1483411 350
1417027 1418217 350
1405481 1407016 350
1451437 1453025 456
1410163 1412038 443
1408830 1409465 505
1495993 1496065 288
1466429 1466507 319
1446456 1448422 350
1446743 1448040 275
1481174 1481190 350
