72436 211658 383
196829 111314 383
85942 235398 443
51330 113304 354
120310 182435 383
150573 195823 383
15782 238311 443
132509 211643 383
18407 123654 354
29645 233082 443
132293 119385 344
205913 182002 360
38981 30572 324
233030 160626 443
23580 220098 386
93786 5856 351
168587 214693 373
1464 89172 351
10297 153780 375
246831 67246 443
107935 154480 375
75350 53455 335
72223 212722 383
172578 76196 383
40238 184474 383
41680 169726 383
239412 152901 443
213323 110471 383
229723 71503 386
152718 52278 375
81817 221928 386
18155 26145 282
61926 76508 330
227883 245266 443
67092 91553 351
99676 55633 351
189077 144113 383
65808 216488 386
97748 32630 351
204191 177842 365
43222 57207 340
205938 194463 360
233718 65378 443
117728 230727 443
42535 24033 324
111387 143864 375
187246 187516 329
121599 103125 354
175020 34190 383
96824 492 351
173905 18262 383
142660 146093 326
78138 162751 383
20434 72322 340
26277 93904 351
134739 34593 354
67626 60326 335
116415 133941 344
139403 20948 354
210690 159245 373
53564 209366 383
4434 134620 354
146415 26842 375
107769 51203 354
163824 185558 365
230866 225779 443
181955 109771 383
11244 33204 308
93591 189380 383
99277 203232 383
156517 136834 383
199467 72981 383
109116 59427 354
125992 160162 383
193477 127054 383
87020 99468 333
34332 86397 351
104759 240656 443
153671 138193 375
236326 49263 443
65328 27186 340
165668 157867 370
149915 180963 383
96097 206077 383
208585 141278 383
84752 205701 383
100043 173495 383
219022 214936 386
213571 2327 383
12815 110623 354
204412 502 383
172127 31252 383
216442 235636 443
38205 206592 383
70747 72180 325
212048 21431 383
147132 136616 375
246014 212925 443
232272 1145 443
56932 64175 335
202136 229897 386
32787 160064 383
84713 62180 351
178975 103307 383
145625 138467 375
241027 206219 443
222029 220516 355
61682 101595 351
113951 185199 383
135218 40640 354
54734 86224 351
63609 188264 383
197401 19014 383
111531 191453 383
151010 184063 383
178097 63807 383
31791 108761 354
79237 127553 354
70656 227779 386
150375 11130 375
88533 15219 351
139233 196066 383
50822 102236 351
105905 77375 341
69467 237862 443
80902 156435 383
71600 174301 383
66779 87094 351
186210 22281 383
248557 221873 443
34707 156512 383
58790 117452 354
28761 209423 383
244666 175847 443
131675 238941 443
230791 42673 443
27615 78153 351
112162 128697 349
200481 123058 383
61807 102539 351
93925 248712 443
83187 88636 333
172246 172460 303
244933 207326 443
150018 101545 375
44775 205743 383
38969 60863 340
84024 192803 383
38918 189733 383
223353 122883 386
128795 42122 354
68608 213334 383
192618 240273 443
177632 122939 383
100132 162759 383
228580 71616 386
142004 43630 354
112085 28316 354
60212 23502 340
54882 141212 354
75037 22664 340
24297 22910 282
194182 104343 383
89059 131978 354
30027 185626 383
2237 103110 351
240006 248921 368
55747 235289 443
137667 73943 354
44166 206730 383
59291 246207 443
23659 199782 383
57612 160827 383
121610 113512 349
179761 1100 383
194509 110725 383
119948 21451 354
63513 242912 443
99313 119155 354
182637 169520 365
64784 69175 312
120834 20039 354
6000 207142 383
245359 48643 443
61264 14856 340
154701 102494 375
198148 233762 443
184770 156189 370
164640 241241 443
30401 44681 324
87569 138379 354
34434 133693 354
49095 48001 296
157197 154539 383
190035 150750 383
80756 18268 351
79639 123418 354
194840 46551 383
35800 142866 375
136878 188680 383
232460 218649 443
187675 45842 383
149091 105903 375
52289 217656 386
145941 146632 357
113694 247673 443
26932 146765 375
21455 246142 443
103264 53772 351
245111 176247 443
229025 64278 386
86486 194139 383
195369 52731 383
202072 108502 383
201491 245608 443
140324 70873 354
139466 20805 354
31443 26935 285
102524 87073 341
89213 43305 351
128683 82558 354
64031 51511 340
93034 112281 354
231795 197980 443
36144 203135 383
205270 200316 342
237670 91311 443
219276 93576 386
172156 42889 383
7061 53102 340
35523 115901 354
64303 75354 325
214439 2636 383
60714 27474 340
201028 85738 383
165782 200087 365
365 172852 383
218809 72242 386
240589 112485 443
64687 104385 351
74709 163905 383
201417 211271 373
188976 179438 365
118185 184106 383
9687 101896 351
76006 99960 351
36559 129520 354
167266 12725 383
205055 155325 383
216521 4898 386
143488 148310 357
413093 439001 418
364129 291728 441
487642 422337 444
366944 298257 441
268951 462358 449
351222 322269 441
401254 255138 441
337465 344446 366
427882 389976 449
408422 436364 449
374921 323887 441
255983 368167 441
410491 370790 449
412626 408764 449
447227 439687 356
420346 361713 449
443192 393030 449
288018 354190 441
376797 456789 449
303254 470820 449
456748 342786 449
341087 402467 441
468355 339286 449
287369 446971 449
408235 302299 441
363034 299579 441
392514 345461 441
391638 470237 449
398973 409766 405
486863 381132 449
251519 304854 407
326978 406373 441
388099 495644 449
282698 458436 449
368798 420710 449
420475 442352 418
455616 322352 449
360567 350905 410
421365 268715 449
419448 370800 449
465234 348363 449
339342 493711 449
280673 482738 449
260579 487420 449
383255 484070 449
260809 478376 449
400898 482409 449
431753 468685 444
434701 265366 449
338189 360695 441
322837 446374 449
258443 418029 449
421564 394766 449
449255 480640 444
426334 337924 449
431211 320610 449
273676 431045 449
326821 446517 449
372507 393257 436
403404 445383 449
351376 322043 441
445535 381650 449
381721 320324 441
286211 319043 389
350950 490931 449
267691 467016 449
387473 285418 441
487340 367438 449
265854 372511 441
255187 339703 407
270249 322558 407
437105 365622 449
419567 302137 449
419972 421819 343
403407 287364 441
268825 429977 449
416800 437769 418
420268 408281 449
261665 498727 449
455849 251345 449
317484 403926 441
393550 309495 441
425431 335488 449
290437 408581 441
397999 274252 441
487273 377728 449
307679 251414 407
480642 373452 449
421189 350410 449
494776 420739 444
309419 354962 441
479827 253541 449
478008 319282 449
261316 292064 407
447639 298989 449
321751 354078 441
356274 389738 436
389945 262026 441
252822 352684 441
361512 410802 449
393052 456480 449
385557 255626 441
388324 301953 441
298460 408573 441
321544 325526 384
417046 397665 449
303963 485641 449
361255 321524 441
267206 344432 407
289339 348507 441
386500 261333 441
324069 359763 441
389267 390360 361
342117 467017 449
443350 486472 444
371812 428782 449
339487 276641 389
417204 278312 449
475904 346034 449
470801 378961 449
413529 471018 444
477136 255574 449
269929 304793 407
292705 429140 449
305864 451007 449
332225 333250 335
493390 359867 449
256495 315530 407
254435 345844 407
320458 332737 384
365748 279164 441
295533 307746 371
465405 389818 449
416253 455028 418
259766 479543 449
254414 385876 441
251590 412163 449
325590 309721 384
477656 260310 449
439790 338889 449
322234 457710 449
395429 364995 436
420297 293945 449
369760 482653 449
468716 436573 444
462565 265478 449
371403 257065 441
454295 454277 232
251896 327758 407
435560 363081 449
411451 272712 449
368068 354022 410
260759 448891 449
269105 383484 441
415420 387787 449
384350 374615 423
402366 296173 441
268398 419172 449
475359 469204 382
375291 285002 441
472226 311851 449
251528 465533 449
442435 405103 449
355145 250679 441
280564 274793 389
256552 296066 407
438116 473398 444
406868 417213 449
407849 440704 449
467647 309062 449
341648 340640 304
398594 437755 449
472586 310141 449
346770 307574 441
395004 414343 449
452802 288350 449
264736 296193 407
279922 483120 449
432912 331728 449
259349 264922 407
496982 260066 449
376023 297611 441
250307 430573 449
406145 278625 441
377524 487233 449
259459 268249 407
324753 277867 389
420481 411567 387
338642 425205 449
392329 260637 441
487958 472929 413
325219 332640 353
378827 352073 423
327086 381401 441
295768 409590 441
413061 291266 449
348185 408550 436
465777 281692 449
381787 400795 436
309423 400521 441
365015 363756 317
295676 314514 384
296680 464528 449
356683 258245 441
333826 376423 441
293383 427913 449
437571 444418 400
439464 407323 449
339207 495490 449
480389 321703 449
472778 354992 449
378750 386649 379
404326 341045 441
327540 391343 441
410707 475488 444
450205 365979 449
360456 380907 423
266862 285400 407
479267 288136 449
351088 264035 441
451483 340953 449
397676 274360 441
402793 320141 441
359370 471517 449
459185 351160 449
278502 337251 389
322636 427182 449
472999 490791 413
462412 489015 413
365231 449684 449
313094 492288 449
385170 326299 441
463179 433139 444
343901 495314 449
462181 473059 413
398687 310672 441
397163 342263 441
498099 453718 444
378234 290861 441
261861 342850 407
433487 387607 449
280007 415118 449
321291 316010 371
474849 477419 382
441750 369433 449
310276 470699 449
283693 470961 449
299643 305262 371
446898 431721 400
288811 457137 449
507938 501730 426
730265 683252 504
513655 705188 509
558164 502135 470
591529 738404 509
606894 680417 509
562299 688810 509
728952 744690 424
690698 742520 504
650678 586294 509
641366 524616 509
743058 600720 509
740963 647693 504
595119 542491 452
691348 653320 442
739530 642665 504
688829 583990 509
683030 745629 504
736886 577440 509
520320 565778 452
709514 608136 509
732563 597063 509
651443 597572 509
606372 587765 403
568597 500396 470
667579 614367 509
589128 649017 509
749804 642202 504
681786 710832 504
576322 737595 509
716632 572454 509
691754 549324 509
611394 594020 403
622416 647834 509
555266 644371 509
709520 627223 504
719298 662041 504
664598 618961 509
594314 739508 509
561369 606801 434
544000 519939 408
562856 625991 447
648386 703490 442
711572 590050 509
508272 749247 509
559335 554756 390
726684 531772 509
640360 598508 509
620888 529765 452
568003 599027 434
674233 543965 509
712884 654521 504
607022 589655 403
558845 542526 452
591035 741172 509
685039 701183 442
607007 548994 434
716023 657502 504
669073 606370 509
501550 742352 509
680084 744099 504
682382 601766 509
538736 542464 408
547255 715968 509
741930 528960 509
680572 625034 509
743985 679666 504
729796 581905 509
582271 652019 509
640148 538287 509
733153 719273 411
571065 594079 434
518466 748094 509
647024 578822 509
715176 676794 504
720990 748890 424
504540 540688 470
735638 626644 504
601561 745397 509
578891 530724 452
571886 582128 390
620580 537801 452
660191 719962 504
543375 574809 452
744597 745089 300
671876 642748 442
590536 598829 403
512449 706285 509
580426 570954 390
523063 552725 452
593061 632936 509
728186 666482 504
652621 699869 442
602793 613031 403
582217 656187 509
622059 705491 509
582899 588216 434
701162 608296 509
719169 523735 509
623125 707573 509
594403 685625 509
695806 713346 504
742836 530975 509
520302 689641 509
597524 642332 509
696505 543531 509
661892 712666 504
627695 670450 442
544463 687612 509
582039 677575 509
732571 680105 504
568360 672090 509
717225 523781 509
740764 702275 504
700871 551917 509
586485 565537 434
658481 504999 509
531292 612231 452
621037 667192 509
626669 698716 442
740828 615880 509
526814 531649 377
526722 749313 509
533613 515524 439
679084 572010 509
625284 501474 470
747130 601321 509
642563 693288 442
625979 514696 452
720916 561311 509
618440 727052 509
550899 704041 509
731307 609024 509
626792 702322 442
523016 687072 509
700728 642340 442
634426 504535 509
505403 718548 509
542950 595097 452
580797 634677 509
711217 736029 424
518106 505345 470
512619 629014 509
666987 634216 442
591803 674428 509
632695 605455 509
553974 590747 434
546526 636964 509
522912 533766 408
593831 729875 509
628381 689644 442
591817 679801 509
715674 655966 504
508872 655789 509
673578 563610 509
537639 660624 509
699985 700571 367
744701 693058 504
526310 607194 452
520699 621121 452
579972 615889 447
653767 532790 509
724643 683500 504
508908 524277 470
588624 566209 434
560433 577691 421
566032 673005 509
652547 726343 504
684862 721016 504
662083 520490 509
578469 644793 509
624920 724076 509
530963 669356 509
699659 614607 509
608380 543992 452
618047 543396 452
600366 650338 509
608048 661215 509
588374 738610 509
611085 716184 509
743917 518162 509
720612 550951 509
719351 660679 504
658635 564847 509
706320 528794 509
575738 542213 452
617439 742154 509
694289 742630 504
538481 722626 509
727850 699281 504
554597 600106 434
699983 746559 504
585413 697097 509
578953 620284 447
637010 645298 416
665383 670439 398
668779 638261 442
589171 718856 509
657956 708897 504
575936 606633 434
567469 543740 452
658653 701375 442
732421 744275 424
702256 651784 442
675521 598194 509
638983 527693 509
570029 512836 452
606815 722411 509
553887 548120 377
535666 510086 470
721209 707307 411
535400 654675 509
642521 602201 509
519086 733050 509
663997 501598 509
672288 531064 509
618142 699697 509
665958 746299 504
520584 615092 452
552667 721579 509
745955 564678 509
598289 690725 509
721535 504569 509
619040 678834 509
554270 669494 509
535412 507668 470
543193 591512 452
725317 616946 509
607537 607376 341
539206 634832 509
595945 525544 452
728233 580622 509
623111 682726 509
589375 583233 434
628398 687477 442
582935 543870 452
518096 529649 439
534296 603876 452
607457 640608 509
674565 725400 504
667823 575914 509
527868 551876 452
573201 694900 509
572720 731738 509
664089 654842 429
628233 547338 509
610569 737935 509
644634 588511 509
683604 636280 442
695836 546700 509
995542 750923 525
881079 898511 445
791420 807429 468
950649 842332 507
837302 795554 468
843597 889766 445
827851 882226 525
794538 943341 525
806550 868614 525
751571 871305 525
974852 806507 525
761835 768564 468
991517 941913 458
966709 844129 507
808551 994818 525
864916 989524 507
779608 907891 525
864171 868411 388
949200 996748 458
798400 907850 525
776044 822681 468
827332 855158 525
814197 834904 450
990878 948665 458
870240 826777 525
879294 960586 507
892700 757168 525
896134 958309 507
847436 899852 445
854906 823517 525
858227 865660 388
839371 871495 419
796042 767438 468
811611 830313 450
910803 757419 525
811638 920152 525
771184 963217 525
843699 803516 525
785216 903665 525
756813 884955 525
813961 884849 525
975106 856517 507
799123 991474 525
971828 912283 507
785592 916040 525
791755 838657 525
854392 763925 525
837875 868955 419
769592 879941 525
788255 825662 468
906237 902405 445
808623 769531 468
818847 851408 525
827498 922546 525
852187 966281 507
993673 988919 352
778190 988398 525
862983 756377 525
840190 920018 476
988888 884317 507
899199 851788 445
831832 904138 525
910503 941354 507
809818 763154 468
786512 814149 468
972439 770910 525
959893 766770 525
821037 937958 525
876706 873509 432
954967 791655 525
768135 795045 437
920282 779590 525
960298 762904 525
933685 817118 525
915511 854508 476
766176 888640 525
922595 837795 525
802899 820806 450
937360 791492 525
916479 774667 525
964475 890195 507
976663 828543 525
976032 844959 507
899042 973256 507
952748 819096 525
750772 993791 525
898156 860951 445
916150 756772 525
871876 894511 445
914392 940881 507
970903 915801 507
964576 914709 507
779202 798468 468
952258 813342 525
864055 756884 525
846804 836945 525
889419 824745 525
788572 786210 406
958418 810299 525
934215 857190 476
773974 784134 437
969886 935244 507
990402 972657 427
788863 796729 468
832149 940087 525
931362 873431 476
769343 931241 525
764881 934105 525
953274 937658 507
862086 953639 507
942419 936741 507
990854 927207 507
994732 759611 525
822448 948365 525
793604 837611 468
968374 938614 507
846544 909262 445
995318 969071 458
890055 773364 525
971886 768472 525
942687 884429 507
948543 812487 525
871478 982759 507
868409 805054 525
885834 758753 525
935995 960040 507
978710 835597 525
806935 998768 525
962368 973001 458
811144 886994 525
932474 790028 525
963455 774634 525
787198 927932 525
802016 991831 525
787801 820335 468
883010 765378 525
832772 796560 450
861896 810835 525
795856 896953 525
803755 865588 525
841779 806261 525
804085 810645 406
917721 843741 476
754501 790027 468
914797 850426 476
879568 879399 295
856004 924587 476
865770 750316 525
919759 895522 476
971573 818730 525
895483 851035 445
875784 782882 525
888599 980824 507
838109 967142 507
988993 973387 427
837962 906723 445
762516 916593 525
811948 793240 468
980914 860569 507
769642 838893 525
918029 805256 525
952197 787796 525
800922 794733 468
999290 794890 525
951109 846908 507
914967 950240 507
934612 822742 525
872140 773788 525
863718 930264 476
982592 852554 507
846649 973385 507
944191 974700 458
984378 966611 458
926404 835521 525
777093 993533 525
827852 836597 419
991026 890388 507
774306 995260 525
972735 760059 525
863123 992155 507
987610 888191 507
922812 857419 476
854079 978468 507
825185 866505 525
912205 953939 507
928473 837306 525
922810 832683 525
890224 760096 525
876832 944187 507
812280 857462 525
879893 872727 432
978204 849452 507
960271 823790 525
777661 758923 468
974897 948142 458
995792 864302 507
946706 993175 458
874001 797892 525
912787 784337 525
800547 895774 525
836664 786037 468
979858 926502 507
929689 886850 476
908918 991378 507
860182 900178 445
921416 985581 507
900874 868711 445
922870 900338 476
901979 824375 525
831207 904307 525
836622 830401 419
978632 931235 507
818494 896644 525
824890 990214 525
987223 817573 525
919529 940117 507
907062 857833 445
991472 925777 507
881936 871217 432
807500 894363 525
969756 987428 458
902718 897877 401
866656 944232 507
757972 796746 468
855037 871484 388
932716 824686 525
851148 763246 525
955407 887280 507
983416 884278 507
964225 920235 507
848479 928978 476
831302 873087 525
849818 756170 525
890486 818152 525
914455 781914 525
806807 893765 525
938790 790985 525
757254 828392 468
866635 844824 419
995009 901249 507
936474 861579 476
898585 764480 525
758119 869640 525
928931 827564 525
895428 819051 525
803584 882653 525
773578 819522 468
974913 845760 507
891419 855911 445
