1 1 1
1001 1002 143
8999 8998 185
704536 577694 509
881638 496554 525
370358 618997 470
915684 839390 476
355256 820730 509
392974 922062 525
557639 227002 470
453547 730418 509
72185 710946 509
530648 48797 470
403942 536156 470
996694 194639 525
357554 695370 509
600482 361203 470
644506 647715 323
42894 185304 383
190219 172884 365
632138 686393 442
403599 832208 509
372846 649283 509
412717 666331 509
651040 62222 509
690986 243839 509
596889 486324 470
408006 197639 443
813865 510162 509
793249 253817 509
258831 854599 525
461313 728937 509
705106 470697 509
600378 473072 470
425526 299948 449
388133 537471 470
234002 58229 443
884755 10586 525
536325 381140 470
101712 873165 525
985271 841683 507
297618 450780 449
701501 118245 509
779547 802488 468
563526 1267 470
77831 94570 338
685658 826095 504
30996 774630 509
713606 72563 509
751188 892958 525
814211 698783 504
273344 170535 443
645761 35180 509
707561 588323 509
897788 394542 525
18669 428027 449
119111 488221 449
235652 656674 509
8998 322785 443
54850 772357 509
510378 621007 470
951025 653408 525
540221 271260 470
727351 54193 509
884585 929577 476
871641 180371 525
539030 624226 452
44107 320655 443
760635 997303 525
111902 600112 470
606934 808673 509
392242 135031 443
255810 494644 449
352118 70704 443
43397 252851 443
290898 399451 441
267194 906966 525
293853 618959 470
823137 417109 509
562174 235835 470
486566 665409 509
852717 906383 445
345434 795384 509
172418 262537 443
539770 280098 470
302888 391070 441
73914 318351 443
537460 947974 525
98450 178974 383
218708 858188 525
809704 865450 525
624293 885808 525
821321 938242 525
756116 636663 504
131829 744469 509
499560 84522 449
668015 487539 509
513573 794873 509
171519 723352 509
555891 721521 509
604371 377940 470
710159 460641 509
729161 728005 362
296115 766035 509
189670 885555 525
639511 290494 509
721347 544023 509
57208 275890 443
406378 491096 449
849757 472938 525
988846 935657 507
915403 447552 525
326185 669917 509
473007 483002 413
989976 709195 525
876634 165849 525
615122 415589 470
534948 479483 470
660477 773167 504
671211 117575 509
170412 329928 443
210862 455645 449
96877 371894 443
936510 520386 525
81408 334630 443
250173 905158 525
407392 812819 509
98823 391758 443
911613 949243 507
577663 786782 509
115418 172131 383
573503 662404 509
134613 336676 443
57959 976479 525
262818 587549 470
447674 283165 449
629308 265476 509
701403 659506 442
921701 95865 525
183524 71965 383
616823 211919 470
97701 129663 354
365632 474736 449
635930 356856 509
695264 144798 509
389806 529162 470
624580 732735 509
461070 551999 470
764982 968759 525
626490 831370 504
765347 969672 525
495044 234412 449
63985 245631 443
436043 947963 525
667040 644461 442
409828 612231 470
15503 473224 449
91489 702638 509
614677 960466 525
323488 339834 384
923108 203948 525
743869 288767 509
217816 698705 509
498147 296638 449
816817 196879 509
938551 196371 525
940007 367467 525
496151 132536 449
408889 635498 509
60399 662918 509
885943 17191 525
663141 846796 525
461207 225851 449
462956 535222 470
883301 623514 525
989011 535218 525
481569 471226 413
826426 150891 509
289908 673004 509
178907 49860 383
620627 598051 447
54433 440428 449
518531 77988 470
966291 498073 525
530366 375775 470
260910 263973 407
842430 680206 525
547197 431567 470
341885 280791 389
838083 566162 525
783679 8704 509
328705 126948 443
426293 407188 449
812871 572060 509
297481 661016 509
682068 423199 509
490138 599871 470
584708 986309 525
351264 189225 443
186323 572974 470
457047 267017 449
913677 135692 525
917696 164201 525
531969 918904 525
700301 128059 509
394910 783714 509
818852 367245 509
579501 487880 470
70015 506713 449
563678 29813 470
896037 275984 525
449770 48045 449
376414 660355 509
774505 489461 509
298554 761163 509
329807 305586 384
529248 223220 470
652789 636461 416
633834 897782 525
174076 907356 525
807768 612347 509
6310 21576 279
434463 331266 449
865679 18873 525
861401 618875 525
901512 418671 525
421808 419333 343
669192 749223 504
980864 971863 383
619501 174945 470
279539 724794 509
576411 967741 525
699305 949291 525
307084 644961 509
285824 122507 443
870782 650973 525
68754 685623 509
117687 664314 509
220448 154166 386
234901 931653 525
871229 98883 525
875554 231346 525
119104 59282 354
183871 1934 383
727885 626003 509
414361 347365 449
198190 532444 470
395252 491201 449
383531 75784 443
925211 860295 476
359834 555461 470
205046 872181 525
632985 884141 525
561728 6289 470
717279 501931 509
417040 598926 470
93644 241010 443
630800 389673 509
616042 20506 470
211291 72734 383
124041 350823 443
381141 34760 443
906183 550180 525
374771 900018 525
880704 229569 525
548558 135913 470
975399 693772 525
191517 594549 470
850498 858289 419
276873 616501 470
715434 491143 509
320684 408551 441
770344 79768 509
336916 421053 449
802519 384146 509
74589 955939 525
976879 269281 525
706016 486314 509
506864 593006 470
662268 438151 509
293974 610008 470
12171 958669 525
601851 209941 470
185947 594696 470
313599 90684 443
257862 284606 407
376434 205579 443
668007 745244 504
66057 423851 449
113549 869040 525
372138 314479 441
180241 849406 525
96764 85321 333
119796 99098 354
888927 834765 525
901754 256827 525
700127 964897 525
126190 82259 354
846844 694054 525
695536 970552 525
862340 739425 525
530582 45204 470
678301 387184 509
927609 795503 525
839236 939165 476
575489 368574 470
694049 568260 509
106308 82443 354
153327 387671 443
398817 807113 509
920361 860839 476
902017 478000 525
629376 975434 525
397335 721361 509
470912 366276 449
268293 232311 407
688986 133464 509
846933 710926 525
706721 677974 504
385730 136782 443
667617 735558 504
862226 612092 525
565781 918682 525
840226 558996 525
232002 429488 449
18162 899384 525
872103 950865 507
706548 576434 509
401015 258003 441
937973 900193 476
594695 136191 470
915961 582060 525
309513 368972 441
891926 20002 525
830893 596587 509
955130 637843 525
505172 587018 470
311467 395897 441
30725 725836 509
127146 532420 470
424607 832800 509
20256 252130 443
694854 600703 509
978095 794606 525
233424 94116 443
620228 18502 470
403113 168606 443
983328 692015 525
609993 94018 470
186699 828762 509
213034 896976 525
170599 22788 383
105956 776157 509
568814 581517 390
781565 6177 509
552205 40180 470
119982 497892 449
180487 62293 383
796540 858820 525
688611 852134 525
697892 313353 509
857372 306685 525
723052 308278 509
183741 87013 383
464995 394258 449
39927 334249 443
642280 318486 509
482388 427115 444
567317 355138 470
853480 673489 525
531932 576154 452
148979 621906 470
425152 828966 509
948498 874615 507
745264 245197 509
684109 103616 509
507067 464741 426
45873 667194 509
634182 914620 525
472466 242634 449
749989 842789 525
195155 902030 525
262536 181902 443
567493 936604 525
639995 687606 442
196329 191566 360
461925 646632 509
278010 649180 509
629799 628577 279
957402 766808 525
105541 20803 351
66987 671847 509
550769 92890 470
267332 965327 525
248321 187977 443
598340 582628 434
365505 163099 443
478299 924126 525
624717 768370 509
107654 726749 509
621402 382983 470
858048 876366 432
728314 124085 509
567691 986878 525
945949 844513 507
989532 219729 525
982981 160173 525
380895 788328 509
899057 302583 525
42587 513383 470
202761 857634 525
53541 216078 383
408479 32046 443
725462 282150 509
96764 201037 383
536961 209116 470
624309 951450 525
62934 936271 525
952170 778174 525
540847 778307 509
754785 545740 509
534229 121552 470
359021 41934 443
221605 765871 509
883867 428126 525
905979 148901 525
322172 777020 509
189572 670312 509
162448 80349 383
590349 256135 470
598056 37201 470
159752 145625 383
796092 947765 525
105699 784484 509
771162 628195 504
327750 25738 443
32225 166387 383
681596 113708 509
109968 330357 443
17785 762892 509
292581 15254 443
519723 482150 470
313601 25314 443
171112 339455 443
722870 936652 525
752571 159186 509
203655 827029 509
870714 914457 476
473671 691087 509
189504 329394 443
929565 219988 525
649263 294713 509
402197 490854 449
632401 365818 509
719638 743673 424
358340 402514 436
591936 395735 470
608448 665362 509
798832 283603 509
144299 320210 443
561873 981142 525
469379 393664 449
145282 943073 525
685013 695650 442
873395 106250 525
52617 658661 509
945005 73484 525
814067 774056 468
856629 467252 525
104237 349152 443
284844 332557 389
489682 424478 444
727706 86614 509
385610 427663 449
428091 813938 509
218745 107957 386
143718 727145 509
992107 184989 525
49505 864270 525
382669 735956 509
35778 165167 383
55358 324831 443
192334 44865 383
937780 363190 525
518728 153439 470
841753 478796 525
214443 181534 373
190739 143644 383
2947 709788 509
384488 631746 509
602013 152630 470
224295 119806 386
15859 791711 509
814002 712858 468
132943 682537 509
938846 605756 525
401628 768826 509
790447 48773 509
196864 395503 443
272619 163376 443
121189 148139 375
974950 194057 525
636854 741139 504
498760 308666 449
507881 856793 525
268970 975684 525
955821 966717 414
209166 517675 470
902512 590638 525
855088 992419 507
682907 648245 442
580467 559349 421
739490 862051 525
298308 536 443
808584 751397 468
734838 44506 509
575945 522032 452
505633 612542 470
549373 414204 470
788759 496347 509
652495 889540 525
464540 800879 509
963823 64421 525
224876 442729 449
322034 574242 470
478423 201101 449
958891 377997 525
164886 351111 443
511570 37064 449
853984 985985 507
1318 209124 383
6556 543466 470
698566 209811 509
153984 821059 509
700042 381384 509
631393 689145 442
202521 662130 509
305231 605429 470
649362 520525 509
388744 549835 470
742963 699631 504
810777 74515 509
795090 565114 509
624606 106810 470
711528 761307 424
678191 234962 509
697534 892547 525
347392 374226 410
55 70994 340
333318 493387 449
138999 192897 383
516535 484800 470
978417 811251 525
585158 31013 470
583905 660707 509
696997 417213 509
119221 931672 525
575542 380675 470
280521 985057 525
782302 211075 509
189005 582030 470
436990 46985 449
585507 728409 509
492561 245379 449
705645 779096 468
509050 560451 470
135005 990982 525
403533 537353 470
521586 310925 470
65751 163700 383
407177 967900 525
651621 719929 504
620697 564851 447
85377 999448 525
531651 858873 525
695702 298256 509
253083 587735 470
496784 134945 449
34454 15921 311
796947 801472 393
328964 891615 525
565281 135053 470
592642 595021 328
161253 509717 449
399444 180217 443
315217 772113 509
148489 335531 443
589587 862987 525
182707 380921 443
355606 447681 449
566752 608023 434
933048 626795 525
467466 725822 509
16196 729889 509
2004 287572 443
857119 895907 445
936996 748351 525
700278 97503 509
443218 217375 449
690132 378204 509
525978 455300 470
88101 323344 443
44997 435708 449
874052 817974 525
226733 820356 509
280906 106024 443
272747 406960 441
769929 653457 504
140191 425341 449
841467 919953 476
527622 524252 408
499905 939384 525
970422 598788 525
305465 887578 525
48380 969551 525
590768 640086 509
169382 826558 509
61196 448267 449
721441 217269 509
763836 491647 509
224136 453423 449
493006 355267 449
497905 663259 509
925189 942841 507
932698 563860 525
214647 774510 509
170118 565106 470
712719 652272 504
242706 557813 470
276847 469451 449
968935 535268 525
954212 969583 414
782254 419443 509
85427 281079 443
306538 663443 509
120731 177504 383
407050 832416 509
817865 438487 509
237036 319610 407
194094 861149 525
332267 203290 443
261173 678341 509
103440 895826 525
844013 771954 525
591000 206084 470
406399 966752 525
379016 194103 443
674697 752760 504
735916 921241 525
161471 615601 470
471123 631162 509
355387 611634 470
906639 812332 525
757122 720630 424
334003 962780 525
548234 508777 470
587035 790379 509
242014 890751 525
180689 704029 509
402209 308778 441
121424 579028 470
693840 518858 509
285140 451773 449
420248 950280 525
804940 755147 468
172478 471977 449
842671 901752 445
674868 671853 367
430029 156243 449
786037 161873 509
981719 411205 525
717089 437164 509
576738 493554 470
241964 947335 525
975560 752767 525
540350 172578 470
82022 824608 509
153963 271122 443
830347 484839 509
613652 568159 434
435229 39945 449
171741 40425 383
853631 409720 525
56715 584637 470
900760 145262 525
18981 700455 509
546550 37188 470
212213 700930 509
658104 564703 509
477792 726382 509
545192 448793 470
115142 787524 509
890387 689418 525
176977 634560 509
11757 728188 509
95439 751395 509
467277 277854 449
915397 499203 525
526405 122655 470
60844 751241 509
174108 425007 449
715509 825196 468
798691 55669 509
833063 109858 509
373599 301133 441
626954 237381 509
1644 873645 525
479916 806631 509
764863 233846 509
800014 119216 509
434939 861353 525
212814 70009 383
986245 98920 525
606837 185527 470
595694 99209 470
271511 226311 443
179727 465162 449
690180 129819 509
418755 547621 470
55203 304112 443
231303 616878 470
167643 827353 509
316844 425086 449
339937 989040 525
558620 327332 470
995483 461061 525
945570 304985 525
175009 452068 449
699553 950566 525
717326 616583 509
663957 686143 442
770022 695082 504
651242 110837 509
74996 960478 525
934428 450003 525
532733 613702 452
763731 117723 509
884085 868154 432
32631 469578 449
829582 954281 525
52635 372700 443
503189 834654 509
858175 188493 525
370748 236782 441
929227 699024 525
602746 8174 470
109822 477853 449
68701 103104 351
259050 331438 407
473528 117488 449
957451 376790 525
338441 205019 443
754246 321745 509
310847 958048 525
571620 532780 452
700079 2854 509
156516 858804 525
46692 359337 443
62139 803737 509
319507 483091 449
131774 175924 383
660384 450547 509
77832 806438 509
563545 344807 470
890318 597511 525
347118 114030 443
730111 213658 509
926685 939254 476
597722 919736 525
245904 188651 443
573745 501091 470
656781 205265 509
423550 630196 509
165780 203228 365
164538 481656 449
657232 765699 504
496626 269378 449
842105 190376 525
733224 42485 509
104902 92556 341
796068 846574 525
33878 189065 383
712549 273704 509
78203 973491 525
108828 467992 449
757354 249221 509
505876 270824 449
238257 961525 525
912762 409050 525
908428 510239 525
147850 292022 443
274837 96245 443
839678 635252 525
130209 525690 470
450507 942122 525
660432 301036 509
197493 806866 509
677376 609609 509
835760 740670 468
286322 580205 470
526239 209252 470
253632 293353 407
674072 745300 504
393027 802473 509
616672 630558 509
362252 847331 525
572026 546041 452
499910 675065 509
691524 448142 509
241146 350780 441
294818 858591 525
984377 61462 525
645332 565072 509
517857 887842 525
979358 186505 525
335506 158850 443
720095 537089 509
290822 866003 525
25302 550845 470
866799 35551 525
443523 694799 509
598165 773356 509
856688 979449 507
120438 429817 449
394978 439183 449
361793 63569 443
572395 168679 470
197361 740996 509
552990 732345 509
710762 939449 525
578735 194931 470
618181 698255 509
292698 955188 525
251503 988208 525
940327 476006 525
642004 886781 525
686386 213414 509
1627 826882 509
228187 688518 509
920577 380461 525
211188 726478 509
398390 474363 449
923837 320653 525
784723 282753 509
147406 620363 470
816749 103742 509
569377 599502 434
995714 784079 525
924108 305220 525
450701 172259 449
71062 59097 335
745260 170475 509
834075 274628 509
562662 896050 525
946449 309857 525
591804 804843 509
258326 649551 509
278578 720778 509
731605 42401 509
894857 135635 525
788444 559825 509
5983 296952 443
693615 195233 509
358721 666443 509
749067 80601 509
388566 372466 423
870126 434839 525
581903 663355 509
940627 644134 525
948931 784518 525
77374 986788 525
902433 776028 525
806400 754820 468
987198 561564 525
372227 924277 525
549181 420088 470
754415 983608 525
156425 610511 470
102288 627612 509
474426 31341 449
5693 360114 443
324424 121176 443
706665 610710 509
90040 729819 509
750793 958704 525
577309 22034 470
359753 529772 470
755290 251276 509
956972 953777 383
211058 582981 470
631689 129187 509
784764 313379 509
727915 302289 509
653845 122392 509
19415 4403 279
642406 490687 509
61631 274140 443
621156 178376 470
360562 13390 443
18371 502534 449
54579 415359 449
138577 904736 525
959007 51020 525
805147 167257 509
795002 868732 525
138052 302820 443
786836 491547 509
967183 157256 525
918884 243660 525
101319 713722 509
924480 293334 525
149437 191749 383
711994 994286 525
290385 173630 443
783759 585482 509
559709 290029 470
894228 941200 507
975953 756000 525
755157 817291 468
211108 207480 355
901487 815084 525
353205 747235 509
922309 303783 525
596296 857496 525
815643 936404 525
338938 122592 443
990636 249667 525
875956 681388 525
366814 815927 509
795924 809841 468
679719 712642 504
11824 3480 268
952054 419109 525
501143 904932 525
614040 40714 470
93429 88007 333
482915 531463 470
864960 780554 525
817025 955530 525
378699 493773 449
549028 921588 525
716293 418715 509
504337 762283 509
382528 937909 525
22310 324416 443
130387 619634 470
886128 20099 525
330124 786361 509
230413 249405 443
952140 933626 507
608391 375693 470
101194 882758 525
277109 10216 443
764546 124922 509
42091 724194 509
160491 245519 443
5072 52985 340
699278 739407 504
980612 217589 525
611717 121549 470
537296 973350 525
101822 187095 383
503417 583978 470
267980 247696 407
960741 575880 525
140342 57704 354
758333 377999 509
660303 451510 509
75890 587812 470
991481 964116 458
797047 26729 509
711113 16053 509
845817 764936 525
801995 6708 509
308011 793985 509
925291 956392 507
326043 451499 449
405566 578873 470
338584 572344 470
848591 874045 432
901230 896040 401
659988 847929 525
745840 742274 349
404654 443635 449
512064 599443 452
268337 213106 443
764647 141917 509
271039 348595 441
7775 60268 340
828881 857569 525
540933 677724 509
925646 927414 476
747735 292960 509
930246 559809 525
215399 252776 443
936541 460715 525
206788 215142 373
454273 524841 470
52152 844958 525
655017 380441 509
