615449 893835 525
855011 925117 476
929999 989023 507
212576 351803 443
949508 975424 458
510433 841623 525
954909 976714 458
972699 998031 458
758214 962798 525
617938 924591 525
928393 968480 507
906442 983309 507
568973 964140 525
731661 952833 525
892322 954081 507
385133 669139 509
427523 469732 444
510551 704647 509
96919 614047 470
435328 710443 509
526706 913078 525
354438 633886 509
16755 248786 443
339146 704854 509
214654 837140 525
428 39210 324
638017 858631 525
151823 709741 509
801872 805228 388
274252 587558 470
300685 708251 509
879540 982066 507
739006 747107 424
432723 671381 509
835883 856820 525
547536 932175 525
718620 834395 525
887033 908923 445
519393 892414 525
12116 669133 509
115937 414869 449
812877 903985 525
380174 561029 470
796507 818846 468
288190 973781 525
974828 981103 427
400115 878151 525
342826 736842 509
367020 430522 449
484745 614901 470
199616 998155 525
577960 806938 509
859902 917521 476
898311 959974 507
348771 623442 509
525114 857174 525
107947 375120 443
27649 32450 285
943705 974464 458
414052 835761 525
775984 798275 468
922785 960233 507
69009 445759 449
233904 631890 509
662922 936101 525
814833 894489 525
574579 839122 525
855363 931267 507
323625 692539 509
193506 457048 449
195567 714029 509
476071 997940 525
685830 787772 504
199484 616849 470
69111 362652 443
546386 910426 525
912755 968086 507
222216 538434 470
163865 278278 443
905042 920194 476
620447 877515 525
646080 787401 504
222361 254249 443
659376 799251 504
676510 766800 504
956432 989293 458
583215 832790 525
384738 401056 436
887963 993657 507
950301 982013 458
741537 829430 468
599553 774806 509
348722 824613 509
920079 937500 476
383657 941295 525
673235 712089 504
612350 699252 509
817306 967309 525
892240 958430 507
37145 287073 443
20186 562904 470
573943 732935 509
306198 793735 509
796878 961634 525
155541 165935 383
891648 997982 507
564536 928343 525
586754 610345 447
499230 547507 470
561960 565221 421
480151 555469 470
433286 693246 509
511407 730311 509
932630 959970 507
267781 910520 525
743328 948402 525
322308 528739 470
226046 553379 470
906395 992268 507
774523 884060 525
530867 750817 509
355339 982790 525
368913 524256 470
482208 534940 470
100389 627913 509
748429 800196 468
769877 906818 525
775409 926902 525
688873 751638 504
795807 871711 525
755358 910217 525
949777 972330 458
488345 574042 470
839577 970373 525
438531 528375 470
317415 341195 441
811339 884946 525
273685 417885 449
715135 941246 525
741676 820175 468
424245 592703 470
699606 934237 525
924925 943815 507
80251 114910 354
736632 801700 468
756096 858601 525
402012 536727 470
15842 160858 383
393599 807563 509
981168 993397 427
117275 800674 509
77750 781332 509
237085 355908 443
752533 802022 468
268026 287237 407
890484 919067 476
81383 697311 509
93780 578471 470
498025 892488 525
888200 962753 507
205121 983141 525
989588 997847 440
810758 867943 525
381423 700158 509
933323 957755 507
207662 628456 509
288573 676272 509
639867 725362 504
539797 912860 525
531939 780635 509
664058 893410 525
724583 792212 468
919065 920822 432
162156 236601 443
571745 969308 525
29337 887765 525
918010 972343 507
902309 917368 476
444029 905348 525
706814 758919 504
269892 374301 441
871294 886423 432
190289 226481 386
285202 830489 525
545759 681329 509
460024 944967 525
22842 338244 443
966229 979406 458
771378 924274 525
933520 973170 507
687976 711497 504
726144 924263 525
642311 657764 429
714082 793918 468
223314 226877 368
192152 596964 470
575106 749051 509
777149 913063 525
802892 956225 525
238930 432833 449
150693 539032 470
528749 976687 525
94702 861594 525
240084 733459 509
838278 963607 525
127400 157606 383
737952 936737 525
797819 888298 525
371454 942267 525
132442 820116 509
114261 687845 509
372985 457759 449
777151 938285 525
740780 940795 525
696081 904334 525
385679 774113 509
538584 587464 452
463304 949289 525
260295 283254 407
810992 879098 525
60676 915630 525
728825 838335 525
536444 538186 377
815560 986042 525
494947 513601 470
944022 960060 414
144006 896701 525
15039 931469 525
951826 971773 458
75808 968494 525
13471 146488 375
325381 437031 449
647300 966577 525
632215 774159 504
744457 906459 525
386500 712552 509
763593 860549 525
922334 982773 507
82367 682344 509
816809 867964 525
827112 856864 525
22360 246977 443
109422 791909 509
135898 691573 509
112508 812198 509
935317 996234 507
876658 906653 445
509666 588021 470
887882 938699 507
734362 778455 468
78889 707229 509
101778 152685 383
340227 380953 441
733909 915596 525
878030 975875 507
734044 874124 525
536661 823836 509
471007 697389 509
59372 333374 443
362439 927637 525
835743 998420 525
97795 653635 509
14214 818239 509
556353 709072 509
783564 893012 525
188298 754104 509
289637 730572 509
444961 849480 525
836177 964780 525
559780 943829 525
293486 618178 470
670482 935034 525
18725 646449 509
116922 462698 449
484275 621040 509
131486 397831 443
645230 982356 525
471251 536627 470
258203 503047 449
265058 635183 509
264756 779613 509
246826 570636 470
897855 990713 507
2771 227697 386
978346 992595 458
890361 951727 507
491558 491887 320
475805 692038 509
816259 960439 525
88196 909763 525
277414 486792 449
942232 997270 458
351001 983795 525
924190 953529 507
375333 967221 525
284031 807766 509
217383 588904 470
1642 129059 354
125805 895043 525
286325 655707 509
941420 969911 414
326027 986258 525
861358 943020 507
535829 941431 525
372389 644150 509
118322 384686 443
218647 353177 443
45205 862225 525
673384 914967 525
637041 716032 504
423705 967986 525
96652 323602 443
616277 853900 525
925639 931340 476
596053 941737 525
921175 931317 476
412365 799326 509
378041 834773 525
349360 944920 525
57280 200887 383
608952 778109 509
172984 184996 365
620400 881914 525
718894 990227 525
317699 951756 525
753820 772724 468
551087 702347 509
172599 655484 509
419938 777965 509
45745 186269 383
713002 722093 411
718686 850782 525
151621 658931 509
224303 385520 443
369621 965600 525
879554 918287 476
610960 843762 525
797055 844143 525
427066 790734 509
167148 923210 525
371249 418421 449
265920 652360 509
126291 699818 509
477962 945218 525
977299 987881 427
858943 905491 445
500111 597944 470
329753 921034 525
994734 997776 365
522997 921269 525
947389 967818 414
882494 969947 507
493478 786253 509
782510 973605 525
326455 709448 509
832658 938953 525
26810 207930 383
235891 848827 525
646615 801568 504
981021 986184 427
903200 945256 507
676498 856444 525
834262 890455 525
625981 695619 509
194052 584319 470
989905 998439 440
17818 609825 470
891714 936424 507
600880 935045 525
383760 629715 509
718980 809359 468
321875 717893 509
86070 814293 509
502579 936452 525
354962 402228 436
891722 955315 507
348389 606267 470
154146 601918 470
92550 865464 525
474312 819036 509
538187 624902 509
347637 878801 525
546889 687729 509
560704 675743 509
838084 946687 525
265505 839527 525
800058 811405 406
82002 612663 470
544057 832122 525
390784 685923 509
455466 893821 525
922711 983967 507
115504 301846 443
483564 608176 470
289018 440803 449
402939 972639 525
459517 683988 509
852807 900535 445
665941 732920 504
833950 900425 525
440696 619864 470
468944 480919 444
276324 827062 509
191828 844407 525
60836 112963 354
477119 609847 470
876723 900670 445
487950 556613 470
296182 975316 525
702101 814088 504
365320 872903 525
638378 837276 525
211931 294364 443
82322 684916 509
243631 487002 449
259714 529660 470
682986 786239 504
822229 971562 525
800600 925410 525
626679 814867 509
387260 920664 525
864499 948313 507
574585 760274 509
341349 589434 470
995759 996424 365
653359 978812 525
452740 550362 470
562559 960034 525
366536 926269 525
905449 952940 507
643940 851054 525
745352 961209 525
27176 945229 525
275138 373384 441
73066 379220 443
528100 949604 525
189300 527181 470
866495 914030 476
776806 824198 468
255190 712454 509
214306 823340 509
679588 898941 525
741160 780591 468
412498 585484 470
599200 999456 525
973483 982577 427
85300 851057 525
817700 959886 525
712165 745266 424
518152 807689 509
867961 920201 476
9555 882432 525
909311 931342 507
639414 643880 416
145296 482461 449
435413 990773 525
776399 896997 525
847815 876062 432
137734 222863 386
440474 629208 509
632902 863759 525
289378 859871 525
361250 596629 470
691798 807780 504
886123 911253 476
583143 642013 509
414790 841167 525
7067 809018 509
710017 862711 525
64752 285571 443
162599 702910 509
904652 924899 476
745689 871453 525
8805 972966 525
324776 461763 449
810301 859339 525
43349 413751 449
931253 989160 507
761275 935025 525
28862 313718 443
163138 454462 449
379098 438599 449
131420 743434 509
283219 555163 470
369219 549133 470
754057 944445 525
942790 943628 339
267609 273660 407
45012 616425 470
191097 879291 525
100617 200196 383
322689 402063 441
116021 151088 383
98633 115882 354
837388 950378 525
184760 863389 525
299250 562811 470
392561 846641 525
62599 452017 449
392528 403614 405
878156 882316 357
353145 667700 509
36818 224742 386
597480 880589 525
141816 411922 449
454937 581922 470
424248 919811 525
607171 886156 525
739501 884118 525
423096 730626 509
79667 883260 525
590973 894610 525
736090 761741 468
865646 866954 388
224038 584828 470
503710 846829 525
325592 966515 525
157648 625913 509
962504 981465 458
748916 953482 525
600989 884125 525
568350 770816 509
423543 434139 418
10299 819650 509
415649 418099 387
547852 789705 509
70890 638871 509
66821 837818 525
794048 976003 525
318136 764422 509
537877 711512 509
369064 394822 436
666358 985582 525
801987 946017 525
419380 784427 509
674473 828315 504
885428 961179 507
433544 948180 525
784532 903799 525
682945 919233 525
586960 606228 434
619200 986886 525
238256 524823 470
994960 996045 365
661728 942045 525
142106 807351 509
962495 975519 458
788107 959387 525
423050 733673 509
144716 612204 470
184627 585431 470
175940 713805 509
231332 676079 509
536881 580855 452
741886 803541 468
366627 793082 509
410770 856401 525
558499 836212 525
590944 633631 509
715279 853308 525
993968 996219 365
919564 968544 507
168553 679565 509
42738 104143 354
190978 460022 449
472087 793193 509
764178 781379 468
602975 677280 509
939331 986715 507
906086 942651 507
912873 986658 507
425687 985106 525
319554 832285 525
301851 593511 470
138033 929545 525
328931 871082 525
569988 994944 525
354951 687737 509
431958 829870 509
673506 696247 442
319592 740117 509
545113 704705 509
146282 691610 509
963071 981054 458
240294 406662 441
748836 819392 468
504929 648857 509
628794 722484 509
966770 983188 458
654440 897949 525
281093 927625 525
757493 825631 468
456479 952548 525
612375 661097 509
477652 870778 525
874350 888421 445
703462 725235 504
857888 891383 445
95437 615230 470
371591 476682 449
424244 973148 525
756390 918410 525
408782 625406 509
452720 756875 509
138958 530827 470
256408 972293 525
404832 649870 509
69226 535137 470
466602 554206 470
937317 992705 507
199064 964646 525
751193 849926 525
232515 246256 381
621815 924800 525
964459 996419 458
189593 628040 509
119132 534885 470
858187 885236 445
410500 593991 470
979221 992899 458
745607 872540 525
814738 822948 450
343838 613144 470
657606 993475 525
686121 998684 525
330490 787050 509
29122 714075 509
654403 879676 525
642056 838837 525
572968 815396 509
256305 658984 509
403041 709800 509
222582 716305 509
831795 977309 525
219340 600518 470
243312 366079 441
311858 412390 449
865258 890826 445
85913 823057 509
795010 843089 525
421180 976426 525
715184 910967 525
315667 962327 525
870133 896253 445
163257 913660 525
350729 440226 449
195023 254157 443
60305 685950 509
735861 844391 525
17941 372364 443
570818 801403 509
396733 900770 525
117515 824421 509
932696 970403 507
964169 970828 458
753385 938269 525
572629 844406 525
341943 723567 509
449214 944332 525
154713 510955 470
79528 163063 383
288697 600741 470
958968 985892 458
143698 588624 470
443008 595246 470
795196 934749 525
929904 947036 507
664859 916471 525
981397 991057 427
926630 983274 507
918720 958824 507
808959 984436 525
290090 640770 509
499494 646580 509
933510 977624 507
34984 66331 340
754743 978848 525
200317 911795 525
664018 865055 525
829976 887204 525
19049 556112 470
651076 762844 504
964836 976248 458
595664 811970 509
274307 580417 470
257462 430043 449
243087 616265 470
572885 975975 525
592682 711355 509
192619 421499 449
658946 715753 504
573754 770029 509
89081 200918 383
177251 327633 443
413512 561189 470
997341 997742 321
224777 521954 470
373163 934983 525
268852 331407 407
608197 693586 509
927659 974510 507
73891 471364 449
439582 579523 470
377463 811809 509
211039 258896 443
188310 452905 449
689459 800733 504
603596 783658 509
190235 616637 470
431696 939632 525
786819 985601 525
861070 911659 476
829068 962658 525
633752 722044 504
350346 830986 525
358960 520726 470
503810 525374 470
234877 444847 449
715282 926334 525
869046 876574 432
449900 542823 470
826126 948104 525
327958 387242 441
822724 824134 375
120619 514842 470
504992 652315 509
904729 951157 507
797211 972672 525
360408 468752 449
691384 909353 525
675792 676561 385
456026 514509 470
735906 806555 468
477154 662264 509
338315 839381 525
542013 674132 509
258250 502680 449
117323 188208 383
849010 863418 419
143861 859943 525
868484 914301 476
434694 937169 525
819917 919480 525
335437 864482 525
412760 566753 470
558756 632595 509
206340 798566 509
344946 736985 509
239404 332289 443
210421 450144 449
756259 846271 525
519965 581660 470
62448 244835 443
56588 894347 525
865544 892857 445
197404 920542 525
394322 594572 470
761990 853428 525
112941 471001 449
181525 698961 509
718423 789510 468
678196 837234 525
628002 644246 509
109714 934552 525
323886 888781 525
626969 723839 509
591795 646211 509
160078 525172 470
688596 848664 525
353329 374436 423
972634 983784 427
362426 757970 509
350656 538090 470
530726 561585 452
472238 615327 470
848375 967093 507
978871 997782 458
920065 991170 507
745071 996385 525
101843 771808 509
550078 775011 509
823898 986694 525
55483 953299 525
270435 959328 525
522604 643596 509
849423 957345 507
221757 981349 525
196793 597520 470
262520 277627 407
97417 273208 443
284642 373348 441
211923 356710 443
508179 905283 525
196359 458351 449
873389 945546 507
487800 901493 525
654748 719297 504
439639 640159 509
104888 913176 525
955275 991387 458
173100 225128 386
79992 826720 509
820914 933733 525
513238 700127 509
334240 590779 470
363528 854298 525
870385 935286 507
277110 626482 509
561477 773491 509
603975 805401 509
519042 539369 470
579024 583799 434
404819 928594 525
661774 954712 525
568806 671544 509
943317 943506 233
878245 979106 507
132333 577540 470
735948 915436 525
323918 665136 509
152836 967467 525
751058 812946 468
203336 851300 525
688918 702820 504
193934 447213 449
770125 895473 525
51383 459527 449
75533 713535 509
123940 877507 525
93654 843067 525
180331 227835 386
630896 684567 442
100837 355739 443
230527 846108 525
680098 969780 525
483134 934054 525
903279 998700 507
168923 315212 443
218305 613920 470
323903 603678 470
63992 801551 509
460003 509813 444
130624 146307 375
536012 904966 525
576288 926128 525
288016 777017 509
758896 908025 525
34169 912528 525
253123 858000 525
691265 813517 504
100301 634103 509
159423 733998 509
622157 654179 509
285429 783999 509
677666 826127 504
479529 573652 470
885109 904099 445
878744 967347 507
583206 711036 509
544289 706898 509
434717 749884 509
623023 849161 525
965545 979341 458
381336 408700 436
347239 938663 525
902456 990235 507
512011 826373 509
970199 980233 458
976881 989858 427
955359 994519 458
92517 202256 383
819398 835916 525
407758 550344 470
825652 969835 525
277425 839913 525
550357 789769 509
125332 178834 383
271244 425124 449
657202 767704 504
446833 761569 509
695545 826135 504
308399 429325 449
743697 819837 468
423471 783393 509
634051 885920 525
638993 969796 525
536063 662677 509
441402 900088 525
331410 705864 509
58496 714350 509
767480 847935 525
968044 988771 458
637401 953420 525
831211 979776 525
750821 771953 468
997511 998490 440
35151 919206 525
566393 634349 509
729476 798122 468
989271 989455 290
124032 317928 443
388554 908349 525
345669 994545 525
601709 682754 509
181374 950922 525
519754 582682 470
375004 416585 449
795141 844268 525
186282 437521 449
811491 855986 525
507926 616958 470
103751 890991 525
959251 990951 458
3729 135387 354
937105 993555 507
787613 979417 525
463326 720533 509
687755 749722 504
264938 724221 509
584129 895872 525
290699 799176 509
281051 569154 470
702300 966630 525
598962 607008 403
549762 887053 525
566573 708910 509
362943 419395 449
525905 662533 509
308304 539553 470
741547 787588 468
402589 526798 470
571002 755902 509
240007 387129 441
298843 751593 509
233948 995900 525
312743 861898 525
694030 896830 525
605596 972060 525
286990 683212 509
727561 852608 525
204413 788470 509
758809 980884 525
180000 409543 443
497935 611823 470
199468 498304 449
367903 998180 525
178322 533621 470
872811 883323 432
713461 762483 468
789086 911722 525
516041 767102 509
249351 606519 470
896755 911202 476
639234 843807 525
66290 799735 509
209134 874196 525
45775 433039 449
542136 966254 525
234391 561108 470
359393 725965 509
47607 481640 449
634391 858731 525
838069 889579 525
267504 278084 407
48133 874422 525
665362 805164 504
918905 983987 507
552534 943989 525
986078 996544 396
28748 325988 443
470355 830333 525
700140 767630 504
763508 851017 525
333759 486498 449
589831 786735 509
741164 826444 468
908993 972440 507
568768 907495 525
889393 986916 507
322598 691900 509
804940 952534 525
892415 943906 507
92767 357333 443
31502 956179 525
784799 890651 525
777502 860342 525
627619 795796 509
189350 686821 509
103216 567431 470
461125 764245 509
259584 995449 525
390226 876106 525
176115 810833 509
593403 718291 509
327980 571690 470
175898 831080 525
692573 907185 525
999649 999795 290
617992 938799 525
862392 922956 476
