1 10 20
100 200 125
201 210 89
900 1000 174
138208 138245 282
794944 795151 282
325970 326331 247
734921 734999 243
484017 484308 276
96236 96567 297
515647 516380 258
245589 245850 319
588207 588247 266
381838 382212 237
721221 722011 367
129214 129721 300
614975 615106 447
598135 598245 266
34234 34384 311
67327 67397 237
382002 382293 255
453707 453917 294
505856 506476 364
233202 233245 169
92394 92634 284
531798 531867 333
869739 869748 158
371342 371855 317
172442 172487 197
891054 891108 295
44724 44901 270
173578 173652 321
359242 359476 317
698723 698836 274
13593 13713 183
700643 700664 168
34893 34939 174
509134 509374 302
80883 80983 214
121665 121771 318
112982 113347 261
388774 388839 193
858587 858882 251
291413 291811 296
454719 455309 307
256940 257364 345
673007 673125 336
487275 487516 227
583264 583576 266
770602 770619 194
89032 89334 315
196366 196524 223
432159 432877 387
561169 561188 240
744249 744508 287
83402 83502 258
162507 162965 339
65360 65483 224
283329 283349 208
873992 874255 326
822105 822231 344
684513 684723 243
837335 837459 251
397942 398424 343
325006 325039 185
477812 478346 351
264284 264288 195
573878 573922 235
746323 746952 287
793342 793449 375
111549 111924 292
528509 528564 196
94012 94044 253
138114 138424 313
724959 724984 212
133656 133764 313
127869 127995 287
429284 429498 250
287629 287639 190
784714 784753 163
165703 165755 184
178042 178193 347
136293 136460 313
85616 86197 302
690516 690517 168
693477 693801 305
209959 210012 280
646176 646678 323
275935 276785 314
563027 563330 328
561641 561717 240
697415 697532 261
334797 335584 322
234550 234713 293
64797 64904 268
103941 104028 279
700185 700834 367
718756 719360 318
757982 758198 287
869454 869486 388
48442 48514 252
544003 544193 284
162480 162662 339
180458 180597 365
142844 142988 282
763545 763590 256
284998 285094 221
604198 604466 372
758725 758762 243
343601 343709 260
813769 814481 344
692812 692867 305
503735 503735 214
850484 850994 357
348042 348336 273
884101 884722 295
555269 555319 191
389440 389670 299
506949 507440 382
24112 24535 251
296430 297022 309
27926 28266 228
67525 67539 193
309079 309860 340
322900 323115 278
115231 115451 274
247300 247602 350
37730 38412 262
690722 690934 305
306633 306656 203
362589 363161 273
770268 770793 256
279893 280424 345
683385 684286 380
156575 156888 308
686028 686297 274
145039 145640 295
89448 89578 271
723068 723092 274
616462 616741 310
258443 259255 301
208700 209064 280
770764 770814 212
879543 879842 357
631760 631929 266
427309 427480 299
77663 77930 245
846251 846316 269
209040 209864 311
591281 591630 284
336841 336920 229
410175 410648 312
854841 855333 251
211944 212419 311
301068 301073 159
450472 450487 232
619629 619651 204
452353 452733 276
453267 453701 294
881462 881921 326
446378 446601 263
729364 729656 287
531243 531516 346
14940 15151 271
168832 168891 228
63609 63661 224
129610 130381 344
881821 882029 326
443302 443370 232
429345 429813 281
69857 70298 281
629244 629348 279
134533 134834 300
414488 414635 374
94831 95137 328
693947 694057 305
863409 863419 220
70700 71030 312
882041 882227 264
754679 755006 318
478700 479081 338
805615 805621 207
11260 11459 206
116859 117224 274
7752 7909 221
382530 382785 317
531775 531798 196
246456 246485 213
209887 209924 218
196301 196853 298
59102 59506 242
335314 335692 260
193446 193511 192
322589 323277 322
96526 96572 191
582226 582452 328
139449 139480 207
405981 406025 224
584874 584965 341
70649 70719 281
156906 157020 308
766473 766602 300
212171 212512 355
473044 473097 307
361807 361835 211
801991 802307 388
152336 152353 246
458802 458811 201
510426 510478 227
772714 773009 393
420933 421828 325
704917 705620 380
782446 782872 331
149945 150110 370
352861 352989 335
81305 81470 258
232359 232889 293
151266 151707 295
662916 663361 292
126807 126892 300
542687 542798 209
662650 662689 230
794932 795040 269
865224 865512 388
605220 605307 235
124153 124227 225
627666 628250 310
664144 664213 292
329411 329502 198
832550 832943 388
740097 740106 168
295711 295968 252
803756 804374 269
831725 832243 282
895071 895075 189
621580 622450 372
867590 867590 96
816125 816475 269
545954 546274 284
488422 488717 320
282277 282433 283
35319 35319 130
585031 585782 359
620214 620608 372
407165 407718 268
114149 114293 305
488307 488398 258
661978 662000 217
80825 81657 320
876669 876788 295
497692 497987 289
331864 332115 353
836490 837027 344
332158 332617 322
66683 66698 162
893465 893466 114
397139 397944 299
448589 448787 338
408017 408437 299
844585 844604 251
184105 184158 316
643736 644129 261
598083 598087 129
649652 649905 323
120591 120599 137
68220 68573 312
625447 625513 279
684965 685155 243
506088 506193 219
516744 516916 302
830534 830577 251
297356 297433 203
281315 281333 208
548088 548774 315
189166 189217 254
488231 488534 258
739797 739882 287
536363 536468 240
806875 806933 194
701177 701270 243
231534 231955 306
219773 219806 218
682115 682231 305
116284 116497 230
258975 259086 195
573210 573266 235
890195 890264 264
775897 776260 331
434522 434972 356
173575 173705 321
569164 569253 240
94442 94629 253
836223 836728 313
77666 78084 276
550967 551176 284
9829 9966 242
90202 90406 315
809105 809151 269
254446 254570 226
229951 230507 306
54806 54944 216
267058 267058 71
898789 898843 233
773234 773473 362
608734 608947 248
502540 502646 258
143749 143750 96
506840 507273 382
613937 613964 204
885186 885186 127
78475 78787 276
777519 777603 194
535843 536532 333
424420 424424 144
493971 494298 289
470701 470741 201
852785 853017 313
404969 405509 405
691561 691918 442
616712 616932 310
428232 428655 294
228661 228729 275
485414 485922 338
96678 96855 222
200709 200730 161
403092 403260 255
46928 47235 283
284238 284975 358
653771 653823 310
428168 428369 294
48999 49064 172
753208 753292 225
269867 270042 345
100192 100232 235
702715 702807 380
412080 412427 312
283342 283379 314
613567 613682 279
336106 336158 229
339623 340392 366
291788 292036 265
255227 255295 239
749992 750089 256
286992 287404 327
809354 809393 207
718072 718091 230
180980 181496 241
802916 802992 269
85713 86338 302
263491 263589 177
568731 569230 359
329745 330112 353
597209 597468 341
694772 695486 367
789452 789807 300
601106 601207 297
7517 7955 221
20196 20283 212
573851 574453 328
250126 250353 301
259419 259429 195
845958 846521 313
463430 463521 232
250229 250489 332
352005 352432 335
200138 200583 342
531894 531895 103
714751 714959 274
242493 242595 275
652026 652492 354
695269 695530 243
42348 42483 257
338226 338841 304
673535 674086 336
843920 843923 132
822000 822199 344
130623 130677 331
647570 647737 292
253495 253733 332
627461 627918 341
652480 652836 354
231980 232033 200
692881 693274 367
260167 260172 102
823000 823005 194
18879 19269 230
4607 5361 210
361514 361520 167
845979 846398 313
514340 514543 271
606197 606335 328
322814 322894 234
830036 830469 344
382924 383569 330
53500 53883 247
144745 145013 251
816334 816335 220
869356 869486 388
760425 760526 380
850028 850496 357
89003 89074 302
44666 44873 270
780537 780766 300
227948 228603 355
473451 473506 232
279571 279760 283
668784 668927 292
246035 246185 257
508805 508966 258
205977 206850 373
672882 673025 261
439499 439557 312
365757 365776 180
11180 11465 206
747487 747542 362
354930 355082 304
656662 656865 429
257335 257617 332
730362 730375 362
194894 195095 342
891333 892097 326
585236 585722 359
743069 743402 287
271332 271332 63
294828 294957 221
483210 483252 214
297827 298394 296
361295 361320 229
476231 476264 276
183350 184063 285
845438 845647 313
29030 29185 241
487466 487608 214
340163 340557 291
132175 132503 300
704221 704948 504
597076 597268 328
271366 271439 226
715577 715906 274
416268 416461 387
772216 772238 238
597396 597417 204
21433 21517 194
303097 303274 327
509242 509533 289
95232 95521 284
178564 178885 272
352081 352324 335
552544 552553 284
370832 371004 304
842482 842622 243
44474 44855 270
807528 807530 163
859860 860221 251
80600 80783 276
66163 66166 100
570993 571506 297
344123 344274 260
269695 269760 270
605820 605881 222
223159 223224 262
494871 494904 214
189600 190032 360
497769 498413 351
681874 681974 230
202987 203226 311
178460 178668 303
481944 482520 382
743592 743854 287
349798 350058 304
472538 472588 276
188176 188282 285
687649 687677 230
563974 564087 266
39517 39579 244
654481 654605 217
237095 237150 182
796311 796391 207
739111 739761 424
483605 483652 214
692679 693121 323
562716 562723 315
864052 864314 295
878846 878914 264
310898 310899 110
188042 188272 316
159906 160712 370
415866 416131 281
149187 149584 326
566314 566962 359
188515 188533 285
762974 763148 269
301214 301703 296
610887 610889 111
615852 615864 98
309550 309825 340
446328 446375 232
174005 174005 122
751458 751525 318
345538 345919 273
552015 552639 315
486990 487363 382
227475 228374 337
31671 31810 285
438903 438924 294
340560 340639 304
225803 225806 156
525029 525121 240
637164 637523 354
606400 606563 310
583716 583802 434
382632 382697 317
793609 793896 269
828728 828760 313
156713 156807 277
591904 592160 403
305722 305920 265
398673 398736 268
848164 848292 251
87247 87658 240
178805 179251 272
833861 833921 238
232521 232776 293
67101 67313 268
545164 545445 315
885285 885821 370
631226 631362 279
389673 389867 299
683953 684125 336
302073 302124 203
745930 746276 287
834055 834287 313
744160 744936 300
372095 372107 180
764581 765041 362
397441 397754 268
431498 431677 312
473455 473673 232
761461 761753 287
333762 334033 335
575276 575284 191
644386 644862 279
312049 312758 384
794192 794267 269
399702 399781 237
744101 744167 318
877626 878031 357
770310 770335 225
217178 217459 324
57675 57697 167
268176 268241 239
643380 644119 279
189920 189994 223
209033 209305 311
530125 530172 227
290723 291550 327
44189 44791 270
681028 681209 336
817783 818042 313
222798 223118 324
828234 828459 251
620727 620768 204
657222 657318 292
229109 229526 262
363323 363549 273
481223 481381 369
4340 4352 184
233243 233739 306
270491 270652 239
657208 657581 323
718549 718626 243
284746 284768 221
657483 657854 292
829584 830193 344
81915 82113 289
71116 71344 325
514446 514685 364
693958 694628 323
677028 677145 292
469160 469280 294
107869 107912 217
651162 651294 261
20830 20862 256
92459 93005 315
303966 304010 340
398913 398948 237
349365 349441 273
320875 320926 322
788167 788604 406
294553 294568 172
166768 167110 290
415911 415930 281
187452 187597 316
462172 462890 351
581399 581697 328
19299 19646 274
236588 236643 244
496040 496052 320
744456 744463 181
795443 795741 225
851586 851609 251
514475 514654 271
809902 810007 344
412978 413296 268
97364 97932 297
751929 752223 287
577671 577925 253
624851 625486 354
291829 292078 265
834558 834654 207
121909 121929 181
782837 782897 300
36877 36896 156
4516 4761 184
203860 204098 280
356693 356714 242
802675 802954 282
77854 78113 276
422704 422854 281
780681 780933 300
62313 63188 317
393639 393653 237
226163 226277 262
612361 613297 310
32208 32315 254
261045 261314 332
241602 241647 213
377130 377648 286
783297 783474 300
233542 234244 381
80059 80128 289
745459 745609 225
186377 186431 179
503945 503987 271
469507 469560 183
466276 466306 276
103833 103927 248
27196 27518 246
528915 529079 271
450542 451068 387
481165 481603 369
263934 264316 332
710025 710341 380
734171 734173 181
889079 889107 264
395814 395889 299
751379 751381 150
170514 170603 290
61862 62021 317
295703 295817 252
899448 899672 251
680929 680949 168
202356 202357 99
175513 175849 272
14243 14275 196
531247 531774 346
683568 683779 230
611914 612161 279
435712 436028 281
595057 595845 328
315838 316412 322
271602 271719 239
558117 558460 284
136064 136184 269
236382 236524 337
179325 179329 179
504828 504839 227
857377 857527 282
709169 709503 305
170517 170607 290
811474 811562 238
350595 350718 242
102610 102894 310
388564 388811 299
673406 673661 292
100252 100365 235
695368 695375 106
824014 824620 326
33559 33608 236
433403 433625 343
89786 89912 302
761039 761239 287
191362 191395 179
318804 318892 309
666224 666665 292
404279 404973 343
391853 391868 193
91783 91913 209
566904 566910 85
567677 567687 178
867591 867901 326
134572 134703 238
146183 146199 176
65436 65726 268
54777 54893 185
480242 480318 232
362246 362519 361
104735 104735 111
870879 871279 264
254588 254905 257
402271 402333 237
290634 290859 327
601099 601272 297
675036 675404 367
293288 293392 221
597483 598089 372
52426 52912 340
838550 838987 344
85847 86037 227
88623 88839 240
653095 653125 279
14263 14452 196
195899 195899 68
521035 521186 271
365555 365667 224
47870 47926 221
556713 557247 315
364486 364533 242
257153 257168 195
449437 449663 369
516948 517165 302
373771 373968 255
495781 495789 289
203521 203711 267
162666 162760 246
762324 762488 243
674398 674537 248
144237 144439 326
132616 132881 269
695493 696253 336
861066 861682 326
828988 829199 375
224355 225006 324
790696 791110 331
360133 360419 410
151983 152082 277
814491 814680 238
693643 693832 305
853291 853755 357
295700 295921 252
830387 830420 269
762168 762853 331
394062 394165 255
300470 300977 340
421574 421609 175
478958 479260 338
467070 467090 307
527579 527855 302
187583 187843 254
692559 692737 305
458993 459244 276
93122 93191 222
637667 638059 354
145584 145711 295
656592 656942 429
851882 852194 326
14437 14988 271
572646 572710 253
256018 256263 257
474022 474571 382
561042 561277 315
484356 484368 152
893594 894174 295
868359 868672 357
370628 371061 304
564741 564794 284
437958 438002 250
256282 256776 332
7254 7728 239
10469 10637 255
357163 357211 242
717760 717760 75
595160 595488 266
260384 261153 332
513296 513382 276
227859 227882 156
580621 580863 253
590399 590426 235
329359 329468 198
159119 159388 352
562503 562835 359
366991 367058 211
398770 399353 330
185636 185824 285
493444 493444 152
169914 170015 228
240082 240091 169
319115 319130 216
43740 43775 239
53698 53708 141
510931 510952 227
602381 603230 297
136811 136880 238
893805 893811 158
583862 584644 372
382890 382923 286
27266 27343 246
653582 653796 385
228619 228631 200
851590 852222 326
861264 861328 176
708650 708676 243
388920 388944 193
410024 410387 268
22054 22101 194
18692 19234 261
195893 196033 329
119803 119834 305
513805 513879 214
128662 129228 331
86366 86424 196
180047 180130 197
139581 139666 189
502009 502515 426
300143 300318 234
469891 470242 307
265922 265948 332
139750 139805 238
1987 2034 157
598810 598818 235
522638 522814 271
659450 659974 354
61644 61863 286
257631 257801 257
654477 654727 248
666047 666639 323
792845 792867 269
55162 55775 260
41002 41043 244
131494 132128 331
726213 726373 318
510095 510123 289
774986 775157 437
863968 864128 295
15458 15506 209
165804 166639 352
705339 705797 305
748259 748280 243
421811 422203 356
262422 262447 239
821369 821754 375
637948 637951 186
270942 271742 283
16638 16644 90
559390 559676 284
356905 356960 242
515067 515464 395
48322 48858 265
519915 519987 346
698711 698841 274
336545 336886 322
655528 655767 292
441272 441307 201
276915 277210 252
397126 397601 299
262811 262898 239
727240 727986 318
626135 626644 509
520595 520614 196
795701 795736 225
789632 790228 300
204421 204475 311
176521 177051 303
370172 370207 330
531811 532229 333
718442 718456 243
46893 47033 252
153451 153554 202
818088 818108 163
289211 289216 234
813871 814615 269
328457 329355 353
602347 602420 248
662352 662613 261
486872 487055 382
223365 223822 293
17209 17426 235
1779 1812 162
264044 264152 283
260971 260994 226
622521 622673 310
864120 864322 282
57050 57234 304
451833 451968 294
101741 102331 310
161923 162446 321
74616 74663 201
835390 835709 313
433336 433377 188
429801 430264 312
429730 429805 281
230559 230802 443
522427 523063 333
571651 571943 284
15163 15392 240
480899 481074 245
875132 875480 264
712161 712316 349
356816 356822 167
17568 17602 248
870475 870899 295
482652 482655 108
278078 278082 164
351396 351487 273
257718 258017 257
733718 733727 150
311852 312296 278
116059 116240 212
540678 540700 178
337730 338552 335
362887 363138 273
883196 883415 251
108287 108407 217
758355 758436 362
329701 329742 216
1142 1637 182
193968 194362 329
387346 387371 206
582118 582624 328
493724 494080 351
537679 537725 196
238448 238573 244
82585 82598 183
673039 673092 186
489079 489098 214
330597 331277 322
826319 826360 269
583738 583781 266
436834 436908 294
274587 275271 345
372987 373251 286
359071 359126 211
243248 243453 244
327398 327608 322
254644 254927 363
313236 313236 79
504353 504738 258
472274 472455 263
592807 593088 328
562106 562227 284
754322 754340 225
32178 32747 267
727254 727578 318
234994 235260 306
116998 117033 274
446466 446527 263
24379 24580 202
881695 881993 326
128906 128989 225
803847 803915 251
385595 385660 255
361373 361417 286
783756 784176 331
430967 430982 281
247552 247726 319
7284 7287 164
194748 195094 342
492847 492972 214
419067 419608 281
2473 2902 191
218470 218604 249
858903 859033 220
313621 313770 185
44575 45555 314
164570 164754 290
473082 473161 307
393660 393991 361
93653 93663 147
601795 602213 372
244706 244787 213
807377 807642 300
145304 145331 220
398619 398686 268
50819 50888 203
787494 787811 331
845834 846404 313
756519 756528 217
63077 63123 317
641846 642028 354
593728 593968 297
580407 580635 253
274184 274245 208
253898 254021 288
615727 615940 310
130280 130318 225
367719 367801 193
150278 150297 140
176854 177272 272
386228 386290 330
276641 276915 314
831658 831712 207
859515 859709 282
105474 106398 354
669860 670113 336
762657 763259 287
19993 20011 181
58814 58896 198
818647 819180 450
653014 653611 336
117679 118345 336
228839 229137 262
477885 478194 351
340881 341391 304
469157 469313 294
1 1 1
1 2 2
2 1 2
1 100 119
100 1 119
1 1000 179
1000 1 179
999999 999999 259
999998 999999 259
999999 999998 259
999900 999999 259
999999 999900 259
999000 999999 396
999999 999000 396
