26 67 113
11 54 113
21 83 116
33 81 116
74 96 111
89 96 106
100 100 26
64 79 116
74 92 111
27 80 116
86 92 93
30 49 110
33 69 113
20 22 16
56 71 108
48 86 116
7 40 112
31 39 107
35 78 116
7 85 116
92 93 18
57 98 119
42 83 116
53 53 12
69 89 116
32 58 113
45 70 113
88 92 93
77 97 119
35 43 110
44 58 113
25 80 116
1 76 116
52 72 113
26 37 112
64 76 116
48 88 116
81 91 111
74 85 111
26 83 116
36 92 116
51 82 116
32 50 110
57 83 116
30 69 113
90 90 18
64 80 116
95 95 106
94 96 106
57 81 116
94 95 106
3 23 21
85 95 106
75 76 23
42 85 116
65 96 116
53 93 116
37 90 116
51 75 116
21 60 113
66 76 116
50 89 116
23 72 113
62 67 108
26 29 112
50 83 116
51 88 116
64 80 116
88 94 106
56 95 116
96 99 119
74 85 111
29 36 107
80 84 111
56 85 116
96 99 119
6 51 112
16 35 112
35 76 116
50 53 25
63 95 116
61 73 116
28 29 19
25 25 24
8 29 112
56 90 116
48 50 25
14 42 112
17 60 113
25 67 113
6 33 112
28 63 113
25 40 112
39 96 116
27 97 119
89 98 119
28 67 113
3 26 24
69 79 116
92 96 106
711 181 171
407 132 144
764 331 171
725 494 171
645 525 137
600 388 142
863 82 171
696 653 145
860 328 171
370 181 144
15 13 18
946 260 179
203 78 125
467 94 144
711 476 171
128 99 114
513 353 142
384 291 144
796 167 171
131 41 122
185 165 125
204 19 125
687 299 145
867 519 171
780 156 171
839 547 171
899 348 179
780 486 171
181 49 125
188 113 125
896 476 179
568 462 142
452 80 144
553 475 142
569 144 144
741 376 171
623 567 132
829 282 171
324 177 131
430 288 144
960 64 179
595 88 144
785 633 171
444 327 144
969 334 179
819 491 171
191 91 125
463 82 144
864 447 171
27 14 112
955 296 179
743 666 171
362 84 144
254 232 128
446 360 134
514 223 144
437 183 144
898 125 179
91 82 111
235 43 128
356 268 144
539 431 142
744 636 171
917 751 179
110 99 114
240 100 128
676 601 145
848 477 171
762 102 171
927 782 179
150 54 122
507 220 144
4 1 8
142 11 122
453 4 144
597 95 144
850 497 171
708 447 171
81 54 116
136 4 122
966 153 179
663 36 145
797 561 171
401 307 144
437 413 134
608 321 144
223 167 125
974 163 179
701 69 145
191 45 125
114 54 119
518 333 142
830 331 171
335 159 144
681 184 145
112 4 119
478 330 134
934 141 179
929 552 179
638 151 144
1227 8264 262
1475 5568 238
7455 8563 252
4928 9784 262
4439 9247 262
6697 7842 257
8484 9183 247
2574 6564 262
614 1752 182
476 6166 238
1582 2571 209
7005 8908 252
7021 7827 239
2013 3125 217
4145 9973 262
934 5216 238
7991 8332 203
6301 9816 260
6704 6800 182
5248 6478 262
5483 7034 262
1847 8237 262
3558 5784 238
5510 6861 262
5770 9921 262
9233 9689 260
9922 9966 167
9601 9849 198
3337 5412 238
2479 4381 238
8473 9890 260
6781 7695 257
3689 8535 262
854 8728 262
3541 8652 262
2113 6529 262
6280 6588 213
426 3516 217
2386 4020 238
537 9530 262
8685 8738 203
7101 9250 252
2501 5404 238
345 2208 182
7942 8106 252
7530 8163 252
3867 8188 262
5013 5245 179
9931 9985 167
5577 6429 262
7229 8006 252
6626 6673 182
8314 8949 234
8955 9156 247
8246 8361 234
2784 4941 238
919 6224 262
1582 5272 238
2915 8214 262
3651 5163 238
5533 5837 236
3275 7832 262
3476 8576 262
7094 9918 260
1979 3662 217
9573 9911 242
6102 6487 262
1608 3325 217
8039 9315 260
1235 2740 209
2642 6892 262
7594 8560 252
6627 9815 260
1604 3271 217
5975 8243 262
8571 9939 260
3946 6209 262
3996 5683 236
6747 9138 257
6557 9601 260
8876 9729 260
2938 7805 262
2115 2210 170
4986 5434 192
5835 9266 262
9617 9725 185
408 1205 182
4108 5664 236
6405 8629 257
6479 7926 257
9593 9862 211
3242 8730 262
6022 7341 262
2330 9709 262
8513 8968 247
4106 4451 215
9161 9693 260
3712 4091 189
7844 7966 252
4685 5416 210
3254 5337 238
9718 9731 167
6499 6901 244
2449 3893 238
5587 6012 218
6036 7670 262
8221 8605 234
7918 9155 252
1781 3187 217
8 6482 262
303 5625 238
5002 5164 179
6275 9394 260
4081 5700 236
1845 9020 262
7549 8816 252
6990 8221 252
332 9692 262
5075 9699 262
8403 9735 260
8630 9090 247
2643 6317 262
4922 7018 262
1483 4765 238
206 9692 262
7429 7653 208
2865 7363 262
9672 9874 211
1604 3665 217
4914 9478 262
9243 9718 260
1798 6866 262
7702 9792 260
1613 8367 262
5298 6307 262
8203 8213 159
1204 6839 262
2154 3748 238
5953 6257 262
7849 8382 252
1575 9942 262
7311 8841 252
8323 9488 260
3685 6673 262
8299 8654 234
2919 5307 238
7728 9440 260
6173 6519 200
7381 9498 260
8899 9667 260
9760 9842 198
7219 9504 260
9442 9580 198
2976 3311 199
6608 9628 260
2299 6774 262
9356 9757 198
1452 2301 183
5458 9474 262
9415 9762 198
3650 4561 238
417 9273 262
2378 2657 209
6988 8907 252
8170 8442 234
7074 9041 252
9886 9938 242
2497 3595 217
1541 5242 238
6558 7459 257
7815 9882 260
3588 5131 238
4035 6974 262
2175 2706 209
914 8188 262
4404 6210 262
2377 5230 238
7154 8056 252
3838 8956 262
7361 8504 252
5483 6008 236
4109 9523 262
3374 6022 238
5020 5169 179
4917 7879 262
2028 7240 262
3840 4811 215
20 3132 217
3586 8410 262
8897 9981 260
1429 3164 217
2713 8061 262
3180 8927 262
6285 9511 260
1278 8749 262
3931 5328 215
2972 4350 238
7511 7677 208
4776 6867 262
6142 9740 262
7619 9117 252
8097 9886 260
2417 9641 262
9134 9980 260
2369 8678 262
8226 9265 260
8079 9973 260
5045 5606 236
1432 7175 262
5114 9183 262
164 3374 217
8628 9667 260
7420 7569 239
6458 7334 257
3155 6072 238
405 2779 209
4112 5925 236
9311 9533 198
9821 9957 242
5483 9916 262
8598 8812 216
4832 6620 262
8125 8333 203
5742 7865 262
2484 3565 217
319 8950 262
8893 9897 260
7944 8679 252
8603 9898 260
6558 6862 244
7154 9376 260
9595 9767 185
1108 4123 238
7435 8747 252
9165 9858 260
1956 6069 238
3296 4845 238
7549 8873 252
7579 9333 260
8107 9462 260
8296 9255 247
7964 8221 190
5285 9268 262
8237 8446 234
1357 3555 217
1444 1965 180
9202 9883 260
3576 6006 238
317 5766 238
2463 9325 262
6440 7995 257
6663 8892 257
8253 8466 234
3433 4213 238
7605 8558 252
8603 9531 260
1163 9379 262
1333 1994 180
1725 9208 262
1822 2278 183
8026 9596 260
3017 7887 262
9404 9878 211
8087 8420 234
4696 9545 262
3319 7367 262
450 5762 238
2208 8018 262
7971 9291 260
3733 7720 262
4122 5717 236
525 8162 262
7689 9166 252
7136 9615 260
2177 5654 238
4585 6624 262
3539 8868 262
9232 9653 260
5079 6543 262
2471 9036 262
7848 8173 252
9052 9594 260
1171 5418 238
3164 5513 238
7357 9481 260
698 8043 262
6697 7425 257
5874 6034 187
7366 9227 252
3897 8799 262
3993 5312 215
7274 7706 239
9756 9801 198
1683 2837 209
2775 9734 262
537 2850 209
7130 7899 239
4774 6910 262
3136 4682 238
9411 9748 198
848448 920377 476
248079 384100 441
224349 536254 470
148853 940308 525
623025 799528 509
91078 419534 449
648354 946550 525
704562 949949 525
685043 925735 525
587338 736848 509
364460 987614 525
193628 542173 470
242275 911510 525
251272 346152 441
356946 906958 525
939170 956824 507
743780 809469 468
971493 999025 440
134531 189967 383
596867 990396 525
152539 910249 525
642837 959864 525
397006 434912 449
39729 580198 470
669745 828147 504
837806 869177 419
463419 565761 470
761 468185 449
932840 976548 507
897278 976298 507
852954 854052 357
54893 739737 509
214938 323241 443
125184 687957 509
88036 646959 509
557051 562767 359
978422 999288 440
816084 902101 525
275217 742451 509
549381 997702 525
675957 756027 504
736258 790406 468
36533 587515 470
652571 890793 525
901796 944735 507
224683 238801 443
395072 476788 449
316936 845182 525
384905 714601 509
467462 478518 413
345574 862729 525
204197 261367 443
731956 867187 525
937640 961961 507
513943 519195 439
303226 555203 470
500257 550307 470
527610 723138 509
339992 360531 441
543216 914325 525
857241 993779 507
335458 424648 449
428409 783388 509
820094 907882 525
642251 733963 504
709295 957350 525
822042 921301 525
18369 442833 449
641183 642379 416
320869 516678 470
44092 683569 509
528146 888399 525
870163 927347 476
237744 808549 509
722248 847245 525
249148 298333 407
700781 901940 525
227812 496551 449
312098 324279 384
784879 989827 525
274915 312840 389
259034 832725 509
121614 196046 383
390735 890993 525
24973 480640 449
907252 961722 507
937367 983669 507
537709 553878 452
781625 998801 525
636857 944686 525
322507 483726 449
96132 671020 509
112894 916117 525
683126 951724 525
354368 355736 379
332373 881049 525
199194 718993 509
391856 833592 509
952996 996850 458
155172 970740 525
778504 791909 406
761973 948850 525
384217 583466 470
43825 564026 470
160442 249170 443
695752 703244 411
701902 872612 525
827713 975636 525
65340 949065 525
301608 466857 449
420501 728363 509
151538 453910 449
84881 145627 375
52895 152415 375
863902 972417 507
611723 639521 509
217565 898427 525
170256 272225 443
892714 939186 476
574215 587167 434
26777 665433 509
239318 722282 509
893745 937330 476
562103 718945 509
440832 916340 525
583915 620161 447
11259 871656 525
238008 321927 407
315724 789975 509
635465 823583 504
853225 948135 507
5310 998586 525
134978 998781 525
980 464185 449
435149 840969 525
220188 997197 525
178162 592351 470
223689 917854 525
528844 843091 525
381353 525533 470
972936 997656 427
143425 467583 449
729953 917896 525
895129 925421 476
793972 855720 525
657378 841171 525
159655 753137 509
82133 93999 333
3630 935875 525
593746 746703 509
913035 994915 507
239618 425987 449
443286 484899 444
165458 537386 470
902868 921131 476
106453 498798 449
488829 966728 525
964146 986264 458
991387 995968 365
914994 987892 507
888457 917687 476
746417 792040 468
212065 744953 509
801922 930810 525
282563 330724 389
615046 957750 525
50475 843995 525
716707 944350 525
951335 981721 458
636443 922154 525
249880 944187 525
632397 971261 525
70043 573082 470
665682 961395 525
370700 517705 470
58547 345859 443
188259 821266 509
340004 961509 525
931307 943333 507
669050 709370 504
840884 861885 419
683474 812496 504
770680 804618 468
221489 392926 443
435540 958286 525
505646 700409 509
653045 796907 504
688704 765286 504
159189 704043 509
649616 681428 442
573273 915270 525
31851 309870 443
353315 523845 470
965255 978321 458
950866 991504 458
504672 855683 525
635639 825587 504
199854 570884 470
37211 396057 443
375399 696983 509
301575 727789 509
936622 990506 507
456946 594886 470
839942 899965 445
727160 762168 424
793135 989538 525
290443 865128 525
585820 613821 403
501280 802295 509
390164 951374 525
722721 852148 525
456363 948381 525
840656 902277 445
79879 162083 383
105153 339459 443
635120 991575 525
368256 880508 525
359426 442669 449
973083 995591 427
51650 578750 470
910494 917372 401
561644 651532 509
508520 824129 509
668761 801065 504
703034 981873 525
524704 754327 509
655977 762190 504
648532 862802 525
232247 757162 509
965108 988033 458
872215 957756 507
831385 897116 525
744023 798578 468
380006 734448 509
282938 950031 525
66238 542673 470
537879 951202 525
442698 757656 509
691279 715933 504
806912 846632 525
703314 825869 504
513725 586416 452
859297 948107 507
719165 790593 468
831704 866962 525
685590 748349 504
297989 680917 509
423468 506497 444
616902 964954 525
220060 697570 509
601641 613424 403
328118 614163 470
275886 487606 449
943962 973970 458
492122 604716 470
86132 133207 354
470473 778914 509
955110 960648 352
127146 215925 383
964815 975862 458
579153 983904 525
904137 930194 476
437423 453665 400
406835 674533 509
603798 921965 525
344170 574795 470
721415 763176 424
936489 970567 507
854650 948430 507
241960 633645 509
391498 877576 525
292111 377875 441
434230 900051 525
918831 923858 445
111823 755261 509
381505 701822 509
818928 925276 525
920493 968774 507
525467 959985 525
660378 916905 525
845173 857250 419
752442 902951 525
207576 397044 443
762494 986904 525
747660 991966 525
755496 970848 525
810285 966677 525
11917 319834 443
169136 602743 470
627717 821445 504
179169 472229 449
283712 577608 470
751768 971074 525
430914 874963 525
733025 964019 525
3128 400777 443
260912 434340 449
419385 683589 509
954455 972467 458
233621 480883 449
255011 837040 509
681584 960719 525
577483 781545 509
344938 823566 509
950817 993153 458
714254 772761 468
427508 702071 509
272528 617517 470
942485 976108 458
852594 918091 476
370091 848226 525
490354 972307 525
899885 953795 507
564756 946823 525
678119 702083 442
543670 791685 509
357102 414567 449
739994 846979 525
882820 898855 445
832624 934241 525
862449 975005 507
808645 988402 525
178817 947240 525
615898 766694 509
106242 959340 525
543636 863104 525
549573 662463 509
802643 894975 525
982376 990008 427
560468 603322 434
594314 705183 509
838142 918159 476
308654 726593 509
621796 904163 525
410133 736872 509
131826 688283 509
802683 996241 525
915570 937091 476
410955 665542 509
165655 288546 443
875542 951595 507
287677 809738 509
468423 682993 509
510402 557689 470
902269 928564 476
228718 702706 509
362223 464283 449
544418 921530 525
177464 319317 443
213056 470622 449
987982 991931 352
909845 918274 476
780374 792182 406
269143 890362 525
509284 985939 525
866022 984149 507
414887 590908 470
526875 689795 509
364999 766186 509
372997 772923 509
526887 561650 452
597978 931658 525
648719 678367 442
976253 982852 427
868330 939805 507
681237 758745 504
333110 486665 449
172532 321132 443
642293 726807 504
220539 423152 449
687885 971043 525
432023 466564 444
469823 749880 509
221584 722824 509
951114 967097 414
980532 985910 427
292987 489232 449
916830 946746 507
749887 951998 525
344442 405094 441
636472 841176 525
387902 982492 525
680937 796500 504
825442 909775 525
458112 549898 470
284682 852238 525
179535 870594 525
617842 923462 525
644190 912882 525
678670 874727 525
608868 788757 509
426587 521710 470
706020 951451 525
964810 987983 458
390709 982031 525
210485 758712 509
809329 844599 525
351971 496806 449
700974 740752 504
692899 743940 504
293588 336129 384
938084 955960 507
570306 793651 509
960666 995186 458
117292 726456 509
490855 955278 525
483499 599170 470
505761 860316 525
495289 716811 509
533580 655546 509
684469 955991 525
934882 984596 507
654221 673828 442
879594 959623 507
516544 526988 439
486200 506414 426
752220 951849 525
784019 945807 525
220117 309088 443
905703 940624 507
984023 985034 352
255896 630997 509
918553 935260 476
997556 998598 440
842227 959418 507
751878 804851 468
649129 933419 525
281337 329111 389
236780 890509 525
641067 955139 525
167631 211515 373
129263 136475 344
994898 997162 365
115413 176263 383
748969 830161 468
838654 873395 432
150998 736700 509
980482 988164 427
347764 706085 509
972447 999220 440
940747 953078 414
517591 693456 509
327074 423269 449
608765 617877 447
957834 985024 458
394886 828003 509
843996 918833 476
807015 996720 525
897427 918878 476
353443 625337 470
315469 611134 470
120970 981714 525
709052 898562 525
848120 869601 419
312520 560744 470
868144 950975 507
588262 690148 509
471699 919517 525
357262 624657 470
802396 951098 525
976848 991107 427
311557 974695 525
838448 875787 432
982592 983476 383
408913 633481 509
921798 977876 507
895079 913792 476
521319 771843 509
338705 962338 525
572735 974091 525
401827 530444 470
851303 968489 507
745407 950961 525
918708 995566 507
351677 616756 470
694870 785115 504
783154 971279 525
683093 810878 504
858263 931433 476
564065 572477 421
188696 867619 525
169582 515744 470
428008 870619 525
375155 614884 470
857186 899241 445
421334 674140 509
164661 370347 443
349118 747290 509
886768 920975 476
447259 490620 444
397296 948896 525
277581 756520 509
130485 854704 525
121040 397068 443
379525 854440 525
845919 871405 419
980300 987186 427
691855 695019 442
889576 933626 476
811917 826461 450
