1 1 1
2 2 2
3 3 8
4 4 3
5 5 6
6 6 9
7 7 17
8 8 4
9 9 20
10 10 7
11 11 15
12 12 10
13 13 10
14 14 18
15 15 18
16 16 5
17 17 13
18 18 21
19 19 21
20 20 8
21 21 8
22 22 16
23 23 16
24 24 11
25 25 24
26 26 11
27 27 112
28 28 19
29 29 19
30 30 19
31 31 107
32 32 6
33 33 27
34 34 14
35 35 14
36 36 22
37 37 22
38 38 22
39 39 35
40 40 9
41 41 110
42 42 9
43 43 30
44 44 17
45 45 17
46 46 17
47 47 105
48 48 12
49 49 25
50 50 25
51 51 25
52 52 12
53 53 12
54 54 113
55 55 113
56 56 20
57 57 33
58 58 20
59 59 33
60 60 20
61 61 20
62 62 108
63 63 108
64 64 7
65 65 28
66 66 28
67 67 28
68 68 15
69 69 15
70 70 15
71 71 103
72 72 23
73 73 116
74 74 23
75 75 15
76 76 23
77 77 23
78 78 36
79 79 36
80 80 10
81 81 23
82 82 111
83 83 111
84 84 10
85 85 10
86 86 31
87 87 31
88 88 18
89 89 31
90 90 18
91 91 93
92 92 18
93 93 18
94 94 106
95 95 106
96 96 13
97 97 119
98 98 26
99 99 26
100 100 26
101 81 119
102 82 119
103 83 119
104 84 119
105 85 119
106 86 119
107 87 119
108 88 119
109 89 119
110 90 119
111 91 119
112 92 119
113 93 119
114 94 119
115 95 119
116 96 119
117 97 119
118 98 114
119 99 114
120 100 114
121 101 114
122 102 114
123 103 114
124 104 114
125 105 114
126 106 114
127 107 114
128 108 114
129 109 122
130 110 122
131 111 122
132 112 122
133 113 122
134 114 122
135 115 122
136 116 122
137 117 122
138 118 122
139 119 122
140 120 122
141 121 122
142 122 122
143 123 122
144 124 122
145 125 122
146 126 122
147 127 122
148 128 122
149 129 122
150 130 117
151 131 117
152 132 117
153 133 117
154 134 117
155 135 117
156 136 117
157 137 117
158 138 117
159 139 117
160 140 117
161 141 117
162 142 117
163 143 117
164 144 117
165 145 117
166 146 117
167 147 117
168 148 112
169 149 112
170 150 112
171 151 125
172 152 125
173 153 125
174 154 125
175 155 125
176 156 125
177 157 125
178 158 125
179 159 125
180 160 125
181 161 125
182 162 125
183 163 125
184 164 125
185 165 125
186 166 125
187 167 125
188 168 125
189 169 125
190 170 125
191 171 125
192 172 107
193 173 120
194 174 120
195 175 120
196 176 120
197 177 120
198 178 120
199 179 120
200 180 120
181 201 120
182 202 120
183 203 120
184 204 120
185 205 120
186 206 120
187 207 120
188 208 120
189 209 120
190 210 120
191 211 120
192 212 120
193 213 120
194 214 120
195 215 120
196 216 120
197 217 120
198 218 120
199 219 120
200 220 115
201 221 115
202 222 115
203 223 115
204 224 115
205 225 115
206 226 115
207 227 115
208 228 115
209 229 115
210 230 115
211 231 128
212 232 128
213 233 128
214 234 128
215 235 128
216 236 128
217 237 128
218 238 128
219 239 128
220 240 128
221 241 128
222 242 128
223 243 128
224 244 128
225 245 128
226 246 128
227 247 128
228 248 128
229 249 128
230 250 128
231 251 128
232 252 128
233 253 128
234 254 128
235 255 128
236 256 110
237 257 123
238 258 123
239 259 123
240 260 123
241 261 123
242 262 123
243 263 123
244 264 123
245 265 123
246 266 123
247 267 123
248 268 123
249 269 123
250 270 123
251 271 123
252 272 123
253 273 123
254 274 123
255 275 123
256 276 123
257 277 123
258 278 123
259 279 123
260 280 123
261 281 123
262 282 123
263 283 123
264 284 123
265 285 123
266 286 105
267 287 105
268 288 105
269 289 105
270 290 118
271 291 118
272 292 118
273 293 118
274 294 118
275 295 118
276 296 118
277 297 118
278 298 118
279 299 118
280 300 118
626419 693362 415
53845 207639 373
372982 233187 406
543909 473176 413
54030 515035 412
425670 69224 412
592043 23411 412
339472 97804 406
516774 899668 482
518225 689187 482
550724 844572 482
835382 728885 440
737629 288173 482
255444 125745 380
671707 679126 385
796805 744080 437
688191 610242 509
256472 484830 412
639213 883461 492
248 128464 354
434660 758494 482
98063 177973 368
371446 583814 422
259238 293692 407
580349 108744 412
706479 40398 482
13073 321817 406
222423 190259 373
760966 144764 482
164846 676628 482
235034 57084 380
339980 210222 406
785495 751720 462
100872 757104 482
16397 717398 482
218344 534008 412
148996 895384 482
328135 293359 371
653870 394929 482
774391 41701 482
441276 212288 412
495566 665135 482
560482 475167 413
615165 512037 420
311212 685725 482
67460 441170 412
852755 50437 482
196610 72573 368
32178 889953 482
838931 363117 482
687821 890663 504
275040 409326 412
599708 858867 504
784736 596021 497
793777 27302 482
205824 1095 368
44588 496598 412
423654 515220 418
424114 442042 387
652993 512399 482
367214 18059 406
754083 441798 482
645798 597484 504
736021 799035 430
697143 291062 482
102600 72715 351
161297 70715 368
288229 391742 412
211305 178271 373
762771 423940 482
826482 737336 440
666673 604025 504
865849 476593 482
543185 89945 412
830431 225853 482
107856 64563 354
586591 175372 412
243264 364759 406
847042 309936 482
691443 296443 482
541583 477036 413
769014 164034 482
876501 521949 482
507244 820327 482
697058 348307 482
442291 743777 482
487272 10786 412
527688 80333 412
641037 443551 482
785648 683547 504
755189 88245 482
326826 86118 406
171781 371037 406
207422 560122 412
555794 733877 482
105957 660263 482
896332 59753 482
893766 649042 492
410850 161216 412
524179 629489 482
823545 790189 468
305645 390820 412
351783 829842 482
438854 873664 482
665236 414655 482
639566 581033 497
273062 399792 412
450574 618186 413
884326 887154 445
225580 301720 406
114355 661533 482
177981 663622 482
486995 734728 482
411275 850755 482
104995 845160 482
236722 276444 406
24157 365161 406
84226 497232 412
149729 617997 412
109672 556143 412
413939 138997 412
864920 814259 507
383875 506332 407
601945 263602 412
388459 286311 412
348307 300565 375
443041 814382 482
884721 811732 507
311652 204320 406
804394 428804 482
744432 36734 482
215144 792679 482
400461 856232 482
600981 4918 412
431418 9254 412
381252 47368 412
776946 509169 482
426210 105785 412
371667 429296 422
147805 20235 354
137120 382534 412
740499 674585 499
653345 125375 482
91308 506038 412
869225 276999 482
323269 486638 422
444024 837433 482
547157 142370 412
547963 255751 412
453940 130699 412
805975 737156 430
632650 153183 482
641907 749861 492
378894 890164 482
12699 147140 354
164472 154549 383
420709 259952 412
664977 516360 482
859113 69336 482
767210 81393 482
214845 173443 373
617652 477856 413
81431 64512 351
332204 551099 422
227807 380280 412
562696 546295 452
682620 33926 482
565867 317019 422
220854 577929 412
395985 100686 412
461375 42131 412
546659 178770 412
562610 142238 412
700419 518196 482
758770 240127 482
812686 683064 504
409100 497643 449
575107 863957 497
648952 335892 482
377519 258306 412
860161 678711 499
139298 739758 482
570456 109456 412
169255 88406 368
536462 188586 412
358753 375618 410
793210 457761 482
216514 118458 373
420733 3658 412
458930 596187 444
433782 595142 412
762458 287761 482
267092 777938 482
242983 544114 412
409275 833271 482
891028 680591 499
518639 418783 417
404304 219314 412
335397 493251 422
324659 387514 422
353935 309198 384
355439 484422 422
248604 606538 412
448205 274853 412
175456 690967 482
49442 6204 324
440880 651047 482
816057 807018 406
298154 182611 406
191835 531102 412
215830 572047 412
399627 77650 412
337138 273684 389
112461 8020 354
735756 17465 482
415624 854440 482
899094 388925 482
172341 736023 482
757772 807518 462
49428 819389 482
374380 474339 423
353086 363052 410
44926 69508 334
527585 54046 412
223385 326597 406
515974 616246 439
280092 826342 482
478207 682284 482
891483 742515 440
77170 348046 406
275974 897198 482
57552 38923 314
502577 50434 412
529313 749655 482
39443 807448 482
368130 742871 482
446071 413467 407
888352 881289 445
642581 624676 509
590987 243365 412
385017 700198 482
867886 749473 440
736773 781742 424
20181 510859 412
583157 672145 497
508268 442125 412
368930 378822 422
512055 338537 422
91344 243392 380
1533 5491 238
419976 782377 482
340070 681932 482
73980 529669 412
268126 773906 482
578683 336752 422
598516 578813 434
542167 628613 482
211537 146051 373
501105 171164 412
20146 197010 368
842000 882363 423
620500 70342 412
737353 755059 424
73915 775449 482
659764 449978 482
160313 394245 412
423690 338409 422
32882 718108 482
10890 61035 334
422466 15148 412
593486 822077 497
759481 584230 497
234984 707192 482
540206 139786 412
833342 190455 482
303664 760875 482
793789 186720 482
230877 578675 412
319365 841264 482
555829 493292 439
203820 649243 482
96615 359899 406
294551 419868 412
430576 101825 412
291719 144723 406
855529 523260 482
471208 305561 412
779590 370402 482
99065 356758 406
492419 18857 412
64589 392595 412
862033 110226 482
199000 667070 482
193942 641207 482
483770 696543 482
631068 651314 416
311733 220345 406
724233 844877 440
450267 294601 412
205166 356717 406
532904 466934 413
405375 870451 482
750357 816084 437
43292 716631 482
164287 811 368
611013 703250 509
796957 641275 492
779248 99937 482
557839 787547 482
599142 515376 439
637151 601708 504
638019 138949 482
544299 784707 482
193553 314500 406
659377 564954 497
173265 98609 368
693139 111353 482
607624 517662 439
512277 804782 482
812716 408538 482
585004 873525 497
690728 181493 482
355067 119480 406
155042 523415 412
184890 209778 373
454743 577715 413
595456 817970 497
803712 881912 507
32709 381459 412
630631 704850 492
413577 461557 407
690870 802061 504
893770 274171 482
163604 758242 482
858172 236241 482
85378 206259 368
601843 733892 504
736507 226433 482
15613 27441 308
590940 722260 497
454810 238718 412
266439 601723 412
443351 193213 412
835188 84252 482
672056 479180 482
242458 290837 406
444825 225953 412
831030 183842 482
581911 881909 497
444156 621496 412
567358 574874 377
521848 379173 407
807869 670706 494
666535 598216 504
562979 564219 328
500818 105905 412
634715 505285 482
255883 235469 367
9610 835326 482
559785 777357 497
89329 184470 368
180599 645379 482
618705 234982 412
344956 154606 406
121973 893228 482
119230 650941 482
326511 271994 389
261166 696237 482
887748 718937 440
202954 657248 482
227966 90670 373
854822 799418 507
107131 470890 412
177736 239661 380
617689 296359 412
758554 289439 482
496953 751548 482
780504 719645 424
781626 251039 482
321899 435451 422
476378 486132 413
230148 456486 443
884554 581579 497
712221 334116 482
728317 535167 482
541199 268114 412
730850 355864 482
708085 547326 482
857464 692476 504
648999 73581 482
268873 285004 407
805123 106505 482
55918 620471 412
18081 295349 406
209035 491624 412
167125 303365 406
180885 594393 412
96484 112957 354
386788 340969 422
875557 799889 507
872584 317287 482
94693 821828 482
423607 785195 482
866712 661301 492
135007 620362 412
383084 239418 412
363960 852028 482
319263 460120 422
372763 214281 406
265295 140746 380
845162 23869 482
131465 798656 482
165174 708106 482
801297 103867 482
43709 44349 270
6737 686614 482
134298 851085 482
87513 505578 412
499746 648490 482
164711 96579 368
702738 303224 482
490175 371548 422
708317 185919 482
595795 675879 497
635044 215239 482
206214 522211 412
220323 835928 482
50336 451647 412
76396 370501 406
109713 713747 482
280330 589844 412
13599 481869 412
766023 887667 468
36323 777941 482
466495 760495 482
727931 465331 482
793578 524410 482
44873 861095 482
832624 573763 497
94787 120543 354
494215 368360 422
551237 10083 412
894647 884881 445
606527 61746 412
855535 290489 482
434358 390921 407
522400 120712 412
77995 487503 412
869041 115172 482
831285 269868 482
542743 385721 436
722996 271580 482
424783 78982 412
734170 816451 430
609684 855450 509
573128 458734 444
816462 389397 482
310851 890362 482
436021 193633 412
102135 602273 412
441978 202110 412
420350 751208 482
673536 318923 482
866692 68449 482
260361 577188 412
47643 779606 482
59778 327072 406
123574 90866 354
851367 888109 423
669073 559367 497
85653 473771 412
718733 131365 482
668792 716015 494
13702 860334 482
489749 874478 482
502752 590099 463
93322 126947 354
287898 297777 389
550560 213488 412
564343 501754 463
850637 813714 507
886475 298884 482
855769 32056 482
809058 890209 507
632992 139008 482
49210 547292 412
11297 703858 482
628675 296091 482
314188 168274 406
637344 605278 509
614006 53644 412
656760 796083 492
58596 797236 482
579194 232141 412
271173 601058 412
273108 74851 406
620373 390017 407
521749 775561 482
156076 182563 383
315398 87662 406
241326 455930 412
656031 305520 482
440347 76124 412
722729 27947 482
863843 124173 482
729709 490315 482
575281 580212 390
539465 342591 440
397386 430826 407
562847 704621 497
278043 370283 388
793617 896381 468
611942 175840 412
88507 849733 482
850609 667147 494
777059 345709 482
182317 138740 368
328116 62323 406
232447 525713 412
282105 271016 389
657643 246928 482
164738 833200 482
385938 153378 412
483780 868647 482
398448 79411 412
118673 614833 412
665181 694772 442
363762 719887 482
713502 468908 482
482623 559830 408
855749 743445 440
275386 252059 407
443710 811039 482
741124 852301 440
616814 38869 412
189222 675165 482
494046 308303 412
422752 575964 418
608573 614158 359
678297 898092 499
381695 51701 412
601014 836364 504
374399 657611 482
774439 459644 482
645441 355768 482
23596 804011 482
279002 76575 406
654928 846422 492
104417 535502 412
722686 55560 482
847318 340683 482
126177 364547 406
843332 182319 482
614205 36982 412
230670 862581 482
316946 335264 363
899043 508657 482
286669 43697 406
26576 803658 482
884011 489199 482
361423 117149 406
425276 373207 423
698364 419206 482
499076 198515 412
180236 252891 380
789429 297227 482
128244 132377 344
634438 211696 482
727952 191585 482
8035 441128 412
137121 131845 344
151680 786917 482
764011 321005 482
505408 371620 422
152310 509082 412
255713 6191 380
155367 463434 412
225066 95515 373
724986 232297 482
736437 116072 482
529459 621689 420
780545 263497 482
185345 336763 406
553618 168730 412
887673 186692 482
458793 855745 482
663601 551936 482
511365 541355 470
62810 3571 334
509674 349462 422
720527 388018 482
535779 236665 412
737953 357739 482
549494 530338 407
275930 219114 406
202132 326795 406
280778 514353 412
77736 760498 482
820888 744840 440
19335 101641 351
590392 567258 389
585273 627413 497
865212 621262 509
585890 351551 422
819137 548036 482
879387 885308 370
15181 615505 412
445266 331904 422
109505 142665 349
246089 160950 380
593953 665305 497
226699 819623 482
96222 573541 412
210315 578237 412
662472 186444 482
528020 95735 412
80797 888560 482
71111 381942 412
14449 231167 380
387418 496662 436
47636 688755 482
148029 209275 373
428870 778051 482
347173 766949 482
819737 60525 482
375874 469617 423
738894 5679 482
611846 299505 412
376124 210991 406
881639 448095 482
511639 515974 470
397587 56655 412
483910 41397 412
86115 812195 482
250047 105049 380
316330 7753 406
730838 166410 482
121161 560000 412
648300 228358 482
441759 867591 482
417591 576233 417
40081 452734 412
54708 204027 368
707677 646517 492
53078 839730 482
79088 752910 482
296265 757349 482
315291 466952 422
631928 284897 482
163625 608132 412
559761 768342 497
676167 109755 482
256048 359693 407
761095 563493 497
227569 545504 412
493918 517390 439
435341 762902 482
29090 848243 482
612721 459447 444
687244 270159 482
738007 780110 424
309230 78894 406
581583 126116 412
361522 33995 406
218538 339899 406
758538 347775 482
477554 210882 412
676225 70515 482
471154 316131 422
439217 463872 378
616133 415750 417
251273 555806 412
232273 385006 412
216533 399911 412
398564 575412 407
299480 573903 412
286148 899695 482
781904 623506 509
473857 336574 422
375014 756869 482
586086 303432 412
23322 693436 482
359680 626304 422
789438 676317 499
489484 382457 407
434622 663451 482
427817 849980 482
121646 41259 354
771712 774403 393
390735 1917 412
524584 118369 412
263433 879940 482
651447 531419 482
53049 601842 412
896439 866163 432
128185 581926 412
238248 726823 482
895916 880639 445
832483 385790 482
287859 568657 412
