1 1 1
1 10 20
100 200 125
201 210 89
900 1000 174
1 1000000 525
1000000 1000000 153
41329 41329 58
69412 69412 56
108294 108294 142
225973 225973 63
974463 974463 321
668943 668943 155
908603 908603 65
49764 49764 141
281944 281944 177
948856 948856 101
490870 490870 183
659487 659487 124
355934 355934 167
344658 344658 167
427013 427013 74
583667 583667 191
456521 456521 108
288235 288235 177
985284 985284 65
876811 876811 145
978172 978172 215
550527 550527 147
785863 785863 75
497110 497110 152
110467 110467 62
550759 550759 196
978081 978081 246
624711 624711 173
762924 762924 225
686446 686446 106
539087 539087 116
374902 374902 136
266175 266175 133
5316 5316 55
985604 985604 145
913700 913700 145
94427 94427 85
538700 538700 209
681618 681618 106
378715 378715 255
555118 555118 139
674448 674448 186
946866 946866 127
443124 443124 64
391056 391056 100
45268 45268 133
910576 910576 96
779699 779699 163
729917 729917 106
162056 162056 78
535158 535158 72
417292 417292 87
682157 682157 93
102999 102999 111
424755 424755 87
49481 49481 97
67026 67026 144
436380 436380 43
964199 964199 259
742595 742595 212
733485 733485 36
114420 114420 106
296398 296398 120
343181 343181 61
189453 189453 179
858286 858286 127
378982 378982 105
97137 97137 160
465254 465254 139
751263 751263 163
779039 779039 163
995602 995602 122
255754 255754 151
803219 803219 70
660255 660255 124
673712 673712 111
707654 707654 137
437598 437598 188
555182 555182 147
248714 248714 45
470812 470812 307
624720 624720 54
610117 610117 67
68126 68126 82
784536 784536 163
594630 594630 98
735022 735022 181
521612 521612 165
935377 935377 202
212381 212381 86
532183 532183 196
752473 752473 62
289086 289086 133
900098 900098 88
953273 953273 246
195599 195599 130
975026 975026 91
523813 523813 77
992544 992544 184
367233 367233 211
47925 47925 53
226124 226124 169
581782 581782 147
514539 514539 139
788353 788353 124
814276 814276 101
45552 45552 177
607672 607672 85
493462 493462 152
948658 948658 78
729332 729332 137
788958 788958 225
375354 375354 87
527047 527047 103
190373 190373 130
430053 430053 74
378641 378641 317
637073 637073 248
299246 299246 190
882501 882501 158
422420 422420 144
409007 409007 162
110311 110311 124
248364 248364 138
341937 341937 154
732317 732317 62
735686 735686 181
173342 173342 153
873535 873535 176
29677 29677 73
928485 928485 78
257847 257847 89
411356 411356 167
446359 446359 139
963243 963243 122
161740 161740 91
368550 368550 167
668391 668391 186
748250 748250 137
795504 795504 106
577170 577170 98
620052 620052 129
25845 25845 78
624402 624402 160
962412 962412 70
758193 758193 88
856844 856844 101
262211 262211 102
337707 337707 110
399101 399101 268
315045 315045 278
467734 467734 131
857136 857136 127
555989 555989 116
385097 385097 162
2273 2273 139
539547 539547 103
545737 545737 178
684520 684520 80
317279 317279 79
199946 199946 55
673355 673355 111
787433 787433 150
907063 907063 189
886000 886000 52
373635 373635 255
805458 805458 132
408 408 28
244045 244045 63
761472 761472 106
195217 195217 130
347131 347131 136
680207 680207 186
828938 828938 70
387493 387493 48
335434 335434 92
487557 487557 64
316819 316819 102
981356 981356 153
236639 236639 200
823612 823612 176
176971 176971 104
65545 65545 100
661157 661157 217
600120 600120 90
738451 738451 181
222961 222961 94
249563 249563 76
829456 829456 251
245705 245705 138
500563 500563 90
174711 174711 73
779495 779495 150
527810 527810 178
962274 962274 70
660455 660455 93
474179 474179 201
174806 174806 104
215616 215616 187
315314 315314 79
241099 241099 213
100116 100116 129
999496 999496 184
319933 319933 71
504417 504417 183
288726 288726 102
495800 495800 152
97258 97258 160
810842 810842 62
686960 686960 54
915834 915834 57
120091 120091 119
30806 30806 148
196354 196354 161
575565 575565 191
64980 64980 43
937025 937025 158
442029 442029 144
153684 153684 171
98751 98751 121
665381 665381 93
969314 969314 52
301563 301563 66
586632 586632 160
479977 479977 69
122902 122902 181
899970 899970 189
750568 750568 137
833833 833833 83
567314 567314 116
799208 799208 93
774976 774976 75
509235 509235 152
735398 735398 137
412276 412276 175
389531 389531 162
266652 266652 208
522301 522301 72
8226 8226 40
647702 647702 186
91006 91006 85
195020 195020 99
889577 889577 145
804892 804892 163
234319 234319 125
936677 936677 158
129957 129957 70
540425 540425 121
237342 237342 125
781864 781864 163
615334 615334 173
931440 931440 171
498476 498476 121
173528 173528 104
451413 451413 126
42616 42616 89
794212 794212 101
913419 913419 202
491453 491453 258
696353 696353 155
404536 404536 131
525243 525243 103
117181 117181 155
433380 433380 69
944346 944346 109
771579 771579 132
760073 760073 225
159609 159609 78
291284 291284 190
713091 713091 124
156632 156632 202
366514 366514 35
596997 596997 116
638764 638764 142
36334 36334 94
348869 348869 79
105657 105657 142
654327 654327 93
977670 977670 91
122343 122343 137
113443 113443 62
471751 471751 108
630171 630171 173
90195 90195 209
910009 910009 202
651951 651951 93
137875 137875 176
181609 181609 166
927084 927084 109
406374 406374 206
265993 265993 102
386356 386356 48
770435 770435 101
538775 538775 165
716085 716085 75
862148 862148 96
6227 6227 94
665749 665749 186
830970 830970 114
401658 401658 237
343965 343965 198
930540 930540 171
63309 63309 105
116770 116770 168
215108 215108 50
799315 799315 93
678525 678525 230
347962 347962 180
849129 849129 83
813821 813821 163
316194 316194 172
288017 288017 221
746853 746853 88
209870 209870 174
660262 660262 186
7499 7499 89
480098 480098 170
567979 567979 85
636907 636907 80
245889 245889 107
30871 30871 55
722090 722090 49
491608 491608 183
143493 143493 145
34654 34654 143
201577 201577 130
923971 923971 189
671299 671299 93
632755 632755 142
135098 135098 114
213372 213372 81
286595 286595 102
859787 859787 145
347900 347900 211
52 52 12
328586 328586 61
106126 106126 80
421381 421381 105
643145 643145 186
834272 834272 83
991603 991603 122
815931 815931 114
43503 43503 164
747117 747117 137
829239 829239 114
706562 706562 150
57596 57596 167
73597 73597 69
846906 846906 83
514703 514703 209
711056 711056 168
746339 746339 62
879734 879734 145
200091 200091 192
916446 916446 109
924537 924537 158
946972 946972 127
966068 966068 122
55772 55772 61
258565 258565 76
450381 450381 232
289709 289709 146
132867 132867 70
29943 29943 73
363634 363634 87
736310 736310 212
815747 815747 88
648718 648718 93
574456 574456 160
978374 978374 78
351175 351175 273
408667 408667 162
541739 541739 116
150132 150132 114
692256 692256 168
938654 938654 109
88878 88878 165
710438 710438 98
628496 628496 142
978124 978124 91
567316 567316 129
238368 238368 120
308918 308918 53
80882 80882 90
274271 274271 89
373374 373374 224
867153 867153 101
919411 919411 158
108371 108371 186
677565 677565 111
482546 482546 108
267437 267437 71
761141 761141 225
471091 471091 108
790659 790659 150
143354 143354 251
530213 530213 165
16607 16607 129
372397 372397 149
414227 414227 175
54549 54549 141
258587 258587 195
971371 971371 215
95054 95054 103
417125 417125 82
229550 229550 200
713257 713257 98
49096 49096 128
464541 464541 157
643838 643838 124
243480 243480 37
274269 274269 89
520902 520902 77
94242 94242 103
849617 849617 176
847892 847892 52
205349 205349 174
634646 634646 155
184419 184419 117
866968 866968 189
928853 928853 78
661831 661831 204
626555 626555 80
888225 888225 145
662464 662464 124
669071 669071 199
651055 651055 124
99698 99698 191
109242 109242 186
571067 571067 103
84263 84263 196
306491 306491 159
440122 440122 126
546951 546951 178
347560 347560 105
749342 749342 194
626421 626421 173
813739 813739 114
522942 522942 165
384654 384654 74
897560 897560 114
302030 302030 234
594118 594118 72
63892 63892 56
631714 631714 80
944025 944025 52
291989 291989 146
112748 112748 230
878813 878813 189
238247 238247 138
286600 286600 97
737868 737868 106
47671 47671 102
820440 820440 176
820201 820201 207
835140 835140 176
557953 557953 253
291589 291589 159
165115 165115 91
957312 957312 122
719235 719235 168
31117 31117 42
498147 498147 90
633067 633067 129
818105 818105 145
882574 882574 202
990323 990323 91
222766 222766 187
137647 137647 132
499504 499504 152
638483 638483 204
552150 552150 191
705908 705908 168
579995 579995 204
544398 544398 209
578132 578132 54
362302 362302 180
105800 105800 155
337847 337847 110
369373 369373 180
630298 630298 54
895925 895925 96
266742 266742 164
166642 166642 184
121293 121293 88
83314 83314 152
992690 992690 122
715450 715450 168
251917 251917 120
963801 963801 122
574172 574172 178
946891 946891 215
990101 990101 91
537563 537563 134
976790 976790 127
920711 920711 140
159849 159849 70
428212 428212 162
260415 260415 133
694371 694371 168
350 837552 509
909 822331 509
453 782952 509
685 503369 449
212 252285 443
481 525573 470
576 569701 470
143 325750 443
68 579786 470
961 478903 449
815 796024 509
342 967804 525
524 102439 351
357 107244 354
755 442686 449
394 61984 340
216 421241 449
318 98545 351
693 229529 386
175 365800 443
481 979322 525
473 299455 443
532 594346 470
799 236341 443
278 944652 525
155 141919 354
323 371044 443
133 551258 470
260 866310 525
787 138060 354
118 479119 449
574 556218 470
383 65101 340
468 826516 509
802 273026 443
711 506661 449
481 969508 525
514 942135 525
74 452432 449
387 232187 443
247 873572 525
74 490814 449
38 366572 443
820 667223 509
929 727139 509
540 685820 509
91 520420 470
135 675853 509
433 317865 443
266 744048 509
16 934264 525
635 579995 470
120 453934 449
648 994641 525
508 211107 383
303 728323 509
837 196525 383
587 325568 443
963 375809 443
624 562791 470
607 620196 470
852 34801 311
456 972639 525
378 948835 525
856 66569 340
708 932313 525
162 302766 443
396 852327 525
978 126302 354
231 952857 525
264 391496 443
119 201274 383
635 836909 509
307 861257 525
991 699761 509
525 631199 509
674 438883 449
680 494237 449
928 599926 470
955 418539 449
769 575449 470
303 707419 509
948 897809 525
617 97564 351
923 16686 276
492 194090 383
130 34658 311
926 335035 443
244 263502 443
517 644749 509
53 569199 470
302 490786 449
54 494069 449
266 723685 509
848 190356 383
366 78167 351
592 109620 354
469 925210 525
499 654875 509
628 691399 509
830 476307 449
329 689850 509
781 110286 354
209 921771 525
214 509908 449
437 891880 525
81 82343 351
976 110461 354
414 862118 525
640 81262 351
883 316894 443
726 497659 449
265 638199 509
779 398754 443
18 23738 282
202 709715 509
81 393728 443
548 871244 525
717 829662 509
547 552029 470
115 377869 443
15 481598 449
120 878630 525
823 567508 470
464 571938 470
85 425362 449
998 171103 383
800 919324 525
416 493558 449
934 362711 443
333 951241 525
430 87125 351
694 419003 449
792 909236 525
711 837952 525
850 80542 351
265 144859 375
719 437771 449
357 71782 340
382 492546 449
150 941028 525
597 491855 449
436 648227 509
951 237798 443
673 941781 525
57 318686 443
161 564173 470
253 938752 525
115 922526 525
153 778175 509
958 567047 470
767 924857 525
482 977155 525
970 266075 443
365 236014 443
210 705300 509
662 458377 449
500 79104 351
25 212854 383
769 714028 509
95 206975 383
544 662161 509
82 412673 449
195 296625 443
114 831910 509
891 909415 525
463 674856 509
641 279483 443
11 663073 509
34 781547 509
555 63191 340
750 41237 324
866 777045 509
622 704408 509
442 711341 509
551 886755 525
568 275418 443
231 119957 354
106 157433 383
523 120243 354
512 28327 308
770 290737 443
109 915445 525
978 576400 470
16 602137 470
101 56509 340
971 340431 443
711 668185 509
183 189852 383
759 917037 525
906 902075 525
360 8902 262
30 953440 525
707 203254 383
255 757249 509
306 530643 470
553 356573 443
451 152857 375
908 622220 470
703 343490 443
885 856127 525
54 754110 509
282 822641 509
265 897990 525
265 80386 351
700 70673 340
965 66428 340
854 206058 383
839 244742 443
590 873801 525
557 424846 449
260 961285 525
97 737195 509
425 605451 470
825 821065 509
699 308344 443
222 161886 383
705 259754 443
643 769969 509
696 883805 525
516 288650 443
56 181994 383
584 492788 449
822 846386 525
613 163559 383
774 695096 509
631 815755 509
900 516436 470
284 249695 443
671 729907 509
775 763406 509
532 323508 443
591 922827 525
802 422566 449
947 170091 383
223 474957 449
884 92681 351
783 564827 470
263 327576 443
555 788867 509
213 885257 525
518 851280 525
937 91524 351
543 618732 470
494 146547 375
675 46125 324
723 918009 525
179 215634 383
243 813842 509
958 394916 443
221 929572 525
571 966431 525
325 759323 509
269 340328 443
349 218155 386
914 734912 509
147 765310 509
746 996478 525
88 678389 509
609 703994 509
243 284835 443
217 172750 383
728 382685 443
935 246967 443
952 153798 375
647 457337 449
245 758063 509
527 271234 443
2 223692 386
518 349388 443
198 921505 525
591 937718 525
515 513475 470
422 803604 509
807 136699 354
717 167346 383
966 216413 386
467 235800 443
850 188271 383
850 339479 443
528 353853 443
75 363034 443
616 807465 509
320 812136 509
753 526911 470
30 886877 525
710 120015 354
5 646640 509
329 449460 449
14 669112 509
139 755673 509
440 383463 443
93 523427 470
862 262624 443
118 690042 509
177 142773 375
801 617753 470
685 43129 324
785 576388 470
562 712357 509
933 689705 509
946 902294 525
642 881864 525
810 901307 525
777 148204 375
574 92884 351
191 627267 509
550 956254 525
58 786506 509
927 256067 443
719 555226 470
399 96622 351
813 969255 525
497 26628 308
197 275414 443
193 936630 525
289 46094 324
236 15259 276
606 181288 383
79 69754 340
399 457833 449
483 341438 443
295 48150 324
514 438890 449
203 662942 509
169 959787 525
946 760771 509
921 772805 509
945 500658 449
963 857757 525
47 747819 509
104 526078 470
810 532538 470
50 665936 509
421 52435 324
483 728298 509
967 447805 449
48 890328 525
1000 523709 470
193 74160 340
962 94251 351
744 71374 340
194 996097 525
515 747175 509
905 550792 470
463 296210 443
788 761037 509
355 490314 449
892 656297 509
399 692065 509
155 334694 443
824 294431 443
388 925853 525
953 616272 470
477 451652 449
246 816059 509
940 93140 351
488 735382 509
547 77105 351
312 210431 383
289 73243 340
338 437582 449
15 744546 509
16 922278 525
596 240998 443
223 393282 443
645 165668 383
746 627100 509
332 320652 443
490 760472 509
299 957103 525
463 874984 525
629 329375 443
141 599225 470
402 54334 340
373 378418 443
901 828984 509
79 895004 525
988 368885 443
817 576181 470
220 14662 276
927 55919 340
982 779329 509
759 647309 509
801 496632 449
63 187254 383
501 581531 470
21 296178 443
417 58062 340
571 874689 525
562 478749 449
38 849243 525
217 274523 443
113 535626 470
832 372986 443
99 457083 449
800 685765 509
993 675924 509
962 501354 449
529 334327 443
136 39571 324
588 672197 509
255 489523 449
679 834358 509
668 975765 525
783 957308 525
560 491600 449
854 451751 449
441 933408 525
174 529579 470
294 630870 509
553 550093 470
390 258983 443
891 769909 509
854 707154 509
92 128878 354
38 205042 383
334 623504 470
718 627451 509
311 307127 443
666 331986 443
107 530764 470
207 961861 525
938 603281 470
297 337890 443
537 636314 509
202 434772 449
144 94791 351
313 929031 525
72 480374 449
829 413629 449
334 390461 443
941 401825 443
264 863189 525
765 305928 443
66 959274 525
575 20647 279
405 348519 443
539 527920 470
966 703374 509
340 983534 525
679 665501 509
945 645288 509
660 522868 470
389 94259 351
947 870115 525
476 1855 182
433 824121 509
898 177923 383
453 240711 443
273 356797 443
948 151618 375
206 499418 449
984 211863 383
121 811771 509
597 665410 509
784 287520 443
858 270343 443
111 998767 525
368 885809 525
893 872149 525
147 320696 443
694 800477 509
881 626301 470
921 565318 470
11 575730 470
397 190326 383
120 288164 443
157 532797 470
824 586322 470
332 674844 509
772 413008 449
191 760004 509
64 319684 443
926 547011 470
545 740673 509
839 840634 525
577 572513 470
951 945402 525
764 565838 470
181 538092 470
494 966905 525
213 422935 449
235 569084 470
46 343812 443
226 848019 525
649 46542 324
311 952900 525
150 911878 525
291 670719 509
917 779826 509
995 154569 375
229 81205 351
402 411515 449
572 919962 525
716 222575 386
156 855170 525
864 364626 443
782 371253 443
184 222429 386
294 166949 383
224 869782 525
35 786422 509
401 314507 443
57 914177 525
537 851974 525
173 990928 525
905 374340 443
396 901244 525
67 296680 443
456 476433 449
37 424413 449
609 85612 351
910 564968 470
684 818099 509
692 312251 443
778 578034 470
264 168470 383
679 734862 509
23 257097 443
820 715594 509
661 277812 443
732 955343 525
400 782183 509
257 784089 509
6 860581 525
816 675556 509
132 841979 525
535 316685 443
21 850935 525
681 578053 470
347 641228 509
132 23248 279
989 792265 509
488 182596 383
148 584353 470
843 190933 383
724 474269 449
509 478829 449
260 246181 443
998 361681 443
689 662871 509
823 71990 340
565 351198 443
412 748330 509
288 248043 443
155 100528 351
344 424801 449
993 419259 449
403 409826 443
42 429675 449
414 30415 308
762 638614 509
840 242085 443
749 98533 351
688 484475 449
40 618943 470
935 903904 525
626 146140 375
796 611665 470
162 704103 509
579 484368 449
606 604127 470
81 153888 375
69 395015 443
982 194597 383
194 777296 509
847 837385 509
925 451048 449
622 590632 470
383 87212 351
881 903533 525
19 335849 443
508 532661 470
36 819728 509
548 424921 449
318 85976 351
570 514754 470
37 757230 509
935 202229 383
964 234311 443
322 147966 375
827 395950 443
547 90536 351
160 624784 470
859 977394 525
848 76100 340
251 845278 525
210 709353 509
341 913139 525
473 422856 449
898 601698 470
844 587097 470
633 274077 443
4 112849 354
665 123579 354
425 21480 279
683 891529 525
969 291953 443
15 130226 354
694 813874 509
58 855935 525
515 977339 525
265 900098 525
755 323068 443
676 784980 509
342 229527 386
234 940543 525
968 286221 443
980 423205 449
896 788541 509
337 553623 470
938 296742 443
310 557730 470
953 959189 525
599 326283 443
773 528178 470
823 55011 340
284 532053 470
760 573526 470
785 327678 443
959 282302 443
550 325290 443
711 822476 509
622 787993 509
184 202646 383
468 549237 470
468 107892 354
258 277029 443
406 714069 509
447 761879 509
591 669790 509
607 132188 354
982 770338 509
272 48924 324
291 113854 354
703 734107 509
473 742035 509
925 642124 509
566 641726 509
778 851953 525
672 236020 443
780 785653 509
109 45647 324
828 51880 324
591 158702 383
13 825322 509
978 380880 443
434 328267 443
955 295449 443
586 872486 525
71 823789 509
667 58358 340
838 683521 509
368 152201 375
402 958553 525
320 669449 509
120 244108 443
981 766689 509
729 500227 449
845 511053 449
253 514185 470
249 733850 509
253 107933 354
608 475284 449
931 316330 443
735 520310 470
1000 143383 375
215 863996 525
314 963282 525
195 329949 443
984 189984 383
828 421165 449
524 311056 443
675 727222 509
860 545549 470
442 254198 443
84 957906 525
615 870683 525
171 642063 509
342 20307 279
280 19898 279
714 760337 509
930 534481 470
344 474185 449
385 607332 470
329 478821 449
172 112696 354
417 125200 354
296 24293 282
8 853535 525
665 718017 509
37 788720 509
512 654605 509
970 326010 443
681 494317 449
352 97172 351
560 437213 449
544 139681 354
800 982199 525
306 69649 340
432 453305 449
574 989884 525
842 480268 449
901 792639 509
912 966487 525
938 579552 470
389 983913 525
699 51182 324
966 315582 443
806 748138 509
395 843217 525
274 746394 509
438 792639 509
723 717876 509
47 832516 509
273 553968 470
217 899663 525
142 629358 509
653 253472 443
722 579502 470
529 488435 449
565 473542 449
484 561876 470
264 411006 449
792 837345 509
112 235279 443
61 954359 525
104 166026 383
278 393917 443
546 683126 509
658 599253 470
489 554497 470
354 205425 383
262 392623 443
618 565586 470
846 504480 449
93 621883 470
236 639732 509
985 650252 509
280 469122 449
492 534354 470
243 129534 354
914 770252 509
406 240376 443
708 752601 509
862 274049 443
743 488509 449
638 638033 509
918 816787 509
634 121876 354
52 414787 449
955 268115 443
74 381340 443
483 345046 443
961 851301 525
655 205991 383
829 772686 509
4 986434 525
807 564972 470
135 279912 443
901 92177 351
469 777555 509
23 154785 375
348 470988 449
1 226400 386
20 424960 449
920 618178 470
846 208217 383
443 375059 443
615 787401 509
576 31876 308
72 781209 509
735 341719 443
678 489999 449
919 211162 383
401 402382 443
483 807239 509
3 15439 276
681 837084 509
615 396422 443
231 315942 443
987 421031 449
434 426697 449
355 49567 324
980 995114 525
11 930879 525
337 704701 509
873 399307 443
207 90818 351
861 857393 525
247 905514 525
854 750765 509
164 419408 449
339 54354 340
711 34307 311
250 950586 525
44 798808 509
584 821270 509
229 836196 509
606 692801 509
313 362198 443
148 178302 383
257 562963 470
293 544851 470
287 233852 443
62 173221 383
323 878946 525
708 196202 383
875 345385 443
209 815726 509
798 882666 525
11 235861 443
645 655818 509
961 271960 443
798 825712 509
499 667202 509
391 668268 509
493 571082 470
308 356267 443
167 558019 470
989 925703 525
524 839070 525
878 592123 470
565 301289 443
852 660012 509
674 880177 525
593 252627 443
452 322259 443
885 787976 509
330 29617 308
313 958408 525
333 17352 276
744 121662 354
834 675229 509
973 751656 509
756 315192 443
467 401568 443
156 887512 525
109 616523 470
470 143702 375
715 949783 525
105 275942 443
565 871365 525
2 450136 449
887 576182 470
21 733245 509
130 608553 470
562 419141 449
130 515506 470
256 516245 470
801 250831 443
921 174837 383
263 750596 509
401 113184 354
460 742542 509
531 696357 509
836 847180 525
82 771962 509
254 933306 525
874 859248 525
777 352831 443
977 581825 470
556 186815 383
565 309110 443
904 332395 443
122 730749 509
163 274547 443
824 702360 509
556 529605 470
215 523729 470
950 397783 443
704 666673 509
876 495225 449
802 927992 525
335 543078 470
190 345830 443
855 911297 525
783 794040 509
243 655109 509
425 295334 443
478 475364 449
653 612754 470
497 214153 383
286 160531 383
247 938969 525
267 96231 351
560 492515 449
913 94487 351
678 160265 383
637 138660 354
910 997910 525
843 349967 443
987 168719 383
205 218942 386
789 214007 383
971 750875 509
272 630203 509
692 733030 509
621 383012 443
959 337347 443
178 170050 383
312 999750 525
86 281133 443
626 770419 509
557 673911 509
613 231434 443
132 822366 509
973 406631 443
986 53790 340
559 392096 443
364 966530 525
464 199055 383
931 960874 525
531 357063 443
723 296417 443
911 81724 351
355 515918 470
147 566883 470
420 113202 354
599 593128 470
191 925169 525
344 240775 443
184 726593 509
583 593418 470
849 757960 509
56 641601 509
500 534074 470
250 466079 449
497 163991 383
687 967689 525
720 555219 470
329 673897 509
948 456503 449
551 795169 509
469 399614 443
355 564788 470
783 177706 383
986 491774 449
820 788316 509
671 869547 525
147 815418 509
980 310117 443
259 541666 470
366 4831 238
744 255621 443
155 724246 509
800 924583 525
931 535312 470
835 273611 443
289 163428 383
261 340395 443
372 464145 449
818 101837 351
534 558811 470
908 264170 443
840 418560 449
228 730600 509
312 816656 509
899 754191 509
512 380235 443
867 323920 443
436 786436 509
287 250880 443
248 674155 509
91 398389 443
619 914761 525
465 94624 351
532 763580 509
754 508728 449
744 972234 525
70 181248 383
781 975331 525
696 180174 383
775 381967 443
880 492164 449
860 225406 386
982 809987 509
741 610558 470
816 665763 509
395 303143 443
256 601816 470
108 219939 386
797 580055 470
513 350681 443
773 94470 351
965 399392 443
76 99577 351
892 166784 383
571 27856 308
613 615557 470
128 949774 525
998 329053 443
285 185644 383
506 748105 509
408 108788 354
706 428376 449
263 109770 354
477 769590 509
421 188268 383
325 660051 509
869 510027 449
664 169464 383
762 19161 279
567 724869 509
785 77938 351
159 104790 351
564 772600 509
1 255852 443
772 460038 449
552 943215 525
146 925102 525
967 741369 509
370 525230 470
44 551942 470
308 52348 324
845 780880 509
888 888595 525
38 176590 383
406 654070 509
4 722228 509
839 676521 509
888 598326 470
915 929823 525
643 370367 443
216 820877 509
491 971470 525
235 621445 470
879 752455 509
639 684064 509
29 493896 449
943 834851 509
333 540202 470
313 461402 449
314 529023 470
666 92506 351
197 412843 449
552 483991 449
85 391746 443
71 15350 276
375 489001 449
291 971125 525
21 6969 262
295 961511 525
526 653894 509
128 245771 443
739 112415 354
210 642772 509
809 722166 509
237 854348 525
24 270406 443
178 213153 383
559 818068 509
328 892097 525
825 740053 509
77 941490 525
208 405903 443
835 990986 525
348 828805 509
106 318669 443
896 164058 383
563 312861 443
42 306543 443
992 346748 443
69 474103 449
198 56549 340
325 581783 470
68 130152 354
806 735531 509
403 385844 443
569 837716 509
793 968486 525
555 110085 354
139 839168 525
964 201469 383
703 71893 340
401 32143 308
963 829497 509
7 686332 509
830 503662 449
389 639491 509
497 55721 340
100 327031 443
274 625770 470
334 412246 449
829 78570 351
480 930641 525
766 19543 279
429 611199 470
207 641731 509
664 645117 509
274 186859 383
109 224784 386
221 970467 525
941 346563 443
584 222079 386
685 548012 470
323 51412 324
354 8832 262
984 474340 449
402 609703 470
218 889688 525
706 356042 443
969 990233 525
544 660641 509
739 720271 509
172 554009 470
705 948298 525
792 40498 324
331 471663 449
785 436671 449
689 251730 443
656 133735 354
55 704426 509
162 32208 308
883 390538 443
568 375059 443
279 840419 525
980 250826 443
613 337519 443
377 874198 525
500 409688 443
109 409638 443
918 570367 470
390 34953 311
995 21065 279
549 784245 509
350 323995 443
36 471520 449
793 690799 509
64 219347 386
207 899239 525
571 726894 509
518 808941 509
825 821526 509
480 200629 383
644 120379 354
708 411178 449
158 929367 525
814 323613 443
530 745137 509
223 993461 525
336 80303 351
98 582512 470
819 650538 509
949 562263 470
273 558803 470
24 271815 443
6 220300 386
389 645972 509
901 119513 354
860 811544 509
269 309284 443
689 38865 324
227 925536 525
580 578833 470
578 327414 443
21 682207 509
820 740795 509
586 295643 443
715 625491 470
7 542910 470
80 341374 443
801 169895 383
735 90064 351
543 320218 443
733 897343 525
773 617572 470
423 550213 470
22 566121 470
569 453429 449
557 970302 525
920 549939 470
128 760667 509
725 146764 375
322 559024 470
998 204821 383
980 737400 509
602 562207 470
719 498931 449
440 340367 443
472 981725 525
149 822148 509
152 303188 443
408 242410 443
711 434655 449
428 506467 449
109 466897 449
601 409797 443
77 285565 443
231 746847 509
822 183916 383
457 220741 386
694 4073 238
794 613531 470
861 771678 509
446 51221 324
836 831112 509
935 926397 525
945 671892 509
419 259246 443
504 393045 443
462 440797 449
231 331166 443
434 935256 525
718 530793 470
495 244270 443
649 404386 443
744 901438 525
947 202734 383
564 607972 470
393 537557 470
277 919590 525
952 131686 354
857 312645 443
372 829994 509
579 78542 351
878 331808 443
886 505576 449
928 758304 509
453 609744 470
952 290947 443
865 47408 324
336 572191 470
999 527150 470
134 150209 375
677 90552 351
189 227867 386
178 731086 509
262 360933 443
759 504880 449
732 886927 525
622 365678 443
875 652684 509
837 637238 509
564 803307 509
967 249240 443
392 917263 525
615 964070 525
782 606303 470
994 213231 383
987 944583 525
768 982042 525
877 834461 509
966 889104 525
252 883224 525
452 648634 509
493 228801 386
998 403786 443
557 729678 509
713 97165 351
38 246324 443
780 233093 443
521 724226 509
568 875189 525
776 123965 354
549 851166 525
14 697037 509
26 418279 449
686 340750 443
320 511185 449
709 584666 470
804 826096 509
525 941124 525
360 610381 470
711 72560 340
789 532576 470
995 183718 383
119 727843 509
383 427742 449
333 132522 354
626 896861 525
115 582799 470
116 199821 383
982 773970 509
924 974171 525
627 486757 449
245 192417 383
316 49749 324
534 644516 509
992 467540 449
765 744368 509
94 90932 351
631 596207 470
686 458582 449
526 284472 443
92 743624 509
279 527404 470
226 482685 449
71 99900 351
800 525271 470
394 790447 509
915 928864 525
520 32536 308
839 72845 340
781 435731 449
554 173163 383
19 527232 470
871 581212 470
165 871128 525
868 371266 443
122 737132 509
297 93740 351
261 172838 383
924 983782 525
853 982855 525
957 565154 470
446 141495 354
59 761517 509
611 270195 443
82 82517 351
701 643896 509
778 202502 383
373 395389 443
813 327348 443
98 432719 449
852 114858 354
936 222359 386
254 999425 525
317 858814 525
303 50844 324
641 990320 525
137 681024 509
713 933534 525
121 158441 383
192 418189 449
720 206720 383
859 869285 525
828 662521 509
727 738524 509
11 967480 525
370 661000 509
372 147131 375
226 280435 443
290 315083 443
254 21024 279
21 978108 525
591 776229 509
630 630052 509
498 622601 470
551 22384 279
757 695156 509
477 66058 340
755 357910 443
556 520647 470
526 737047 509
29 411772 449
824 292014 443
454 23649 282
150 468230 449
838 764182 509
50 446066 449
579 723258 509
899 368936 443
362 267706 443
75 844339 525
771 886286 525
517 554035 470
870 811959 509
368 494416 449
533 55893 340
325 539900 470
456 845109 525
169 398854 443
527 312408 443
39 874162 525
768 224326 386
53 459357 449
277 718745 509
745 42671 324
9 710535 509
345 292473 443
599 86439 351
356 958182 525
678 444156 449
391 105182 351
869 421351 449
264 734214 509
279 756422 509
481 722107 509
811 591603 470
233 862916 525
228 274880 443
349 674536 509
687 317454 443
54 486532 449
686 656197 509
175 299743 443
368 645670 509
454 498249 449
266 906684 525
68 205221 383
799 201073 383
283 21160 279
519 715292 509
371 519906 470
895 540463 470
88 959777 525
124 889279 525
180 814660 509
589 561478 470
893 656333 509
197 930866 525
970 661520 509
354 546576 470
439 217840 386
741 471187 449
666 656337 509
526 567606 470
874 573888 470
963 300546 443
236 224806 386
892 909096 525
945 99635 351
191 37544 324
567 207952 383
291 208882 383
113 119101 354
739 996762 525
582 269945 443
57 41257 324
212 115695 354
852 595574 470
94 841541 525
319 40691 324
169 346344 443
639 784132 509
223 693452 509
721 788514 509
454 776640 509
806 512534 470
89 575766 470
949 884481 525
744 145607 375
571 589999 470
910 611389 470
169 7621 262
759 94354 351
833 201904 383
612 308918 443
374 577316 470
45 555910 470
688 732566 509
577 366127 443
673 853729 525
741 967739 525
631 521164 470
679 540970 470
678 792757 509
733 470801 449
737 345447 443
87 88440 351
261 792727 509
182 843645 525
643 133461 354
687 534799 470
823 299805 443
840 84605 351
953 959428 525
406 275388 443
456 142448 354
401 583511 470
590 556553 470
949 886969 525
372 251628 443
221 197486 383
514 158670 383
997 828863 509
107 94700 351
412 445949 449
731 558649 470
892 762444 509
158 51986 324
576 291529 443
527 497491 449
938 804343 509
113 472364 449
742 653026 509
254 395470 443
750 670494 509
729 883416 525
330 894498 525
850 98342 351
491 591374 470
366 256496 443
197 273636 443
263 595945 470
591 653867 509
855 523206 470
840 839933 525
293 656598 509
512 666363 509
186 131745 354
920 20671 279
339 955193 525
567 589326 470
35 310181 443
490 284664 443
827 421109 449
718 355504 443
17 312071 443
21 347991 443
579 409264 443
779 680677 509
766 579782 470
468 141639 354
424 733826 509
101 853868 525
805 369859 443
203 426969 449
490 604141 470
83 633317 509
276 152225 375
103 781782 509
884 939798 525
130 904226 525
233 275165 443
993 360658 443
338 595570 470
605 503321 449
359 316534 443
657 135562 354
818 177745 383
156 686175 509
32 960589 525
540 977006 525
694 894375 525
992 994342 525
193 141278 354
271 791615 509
286 593133 470
378 5607 238
627 703077 509
779 945457 525
264 80771 351
745 184384 383
909 787162 509
105 532346 470
738 196857 383
58 157896 383
477 707813 509
605 592609 470
227 121233 354
216 456669 449
950 608057 470
157 761855 509
127 731159 509
835 765340 509
769 983468 525
641 90137 351
386 831448 509
458 189185 383
526 462709 449
298 123811 354
193 866998 525
579 846810 525
465 809853 509
692 408606 443
710 100721 351
431 10383 262
679 75502 340
646 920922 525
819 443919 449
281 664485 509
736 521798 470
622 254900 443
299 984812 525
205 324486 443
196 156757 383
167 545505 470
829 13394 276
427 235345 443
592 244882 443
596 266896 443
322 141386 354
650 615744 470
128 327433 443
108 844908 525
860 366865 443
287 60252 340
444 916087 525
838 340703 443
447 988612 525
886 761659 509
669 982868 525
484 653664 509
802 678755 509
749 441602 449
710 509679 449
289 648317 509
724 804409 509
157 96547 351
701 755133 509
940 270825 443
1 228913 386
178 429192 449
785 876075 525
981 562439 470
371 323506 443
344 132349 354
931 56062 340
45 880868 525
315 319820 443
534 708025 509
903 880058 525
71 768064 509
911 918369 525
508 68365 340
842 479520 449
435 538885 470
779 114652 354
742 29227 308
907 454181 449
455 530238 470
211 142332 354
736 637391 509
891 271729 443
582 804441 509
988 610257 470
617 636097 509
407 327813 443
731 409517 443
56 219982 386
362 840545 525
866 972660 525
308 288084 443
704 830549 509
518 981929 525
869 785442 509
785 145610 375
49 155357 375
329 71998 340
825 312967 443
467 365507 443
290 305063 443
67 498167 449
465 682045 509
831 53552 340
874 410756 449
956 158980 383
195 138397 354
155 439338 449
220 193424 383
23 354111 443
869 484726 449
709 864933 525
347 67074 340
113 554030 470
25 400894 443
385 861254 525
152 885545 525
104 375038 443
75 162838 383
545 916493 525
865 684376 509
942 469097 449
455 612033 470
436 667347 509
9 943514 525
68 19001 279
541 7333 262
849 920717 525
213 19998 279
961 372642 443
511 227504 386
203 530670 470
2 126883 354
579 765355 509
311 347419 443
76 819144 509
842 661005 509
923 572213 470
211 494234 449
755 631419 509
518 227446 386
611 749162 509
891 935170 525
944 600044 470
522 929045 525
304 441966 449
239 543441 470
869 35855 324
165 45610 324
289 855513 525
307 511681 449
220 721037 509
272 589207 470
360 330699 443
620 502117 449
357 887135 525
788 595752 470
694 704334 509
297 73074 340
534 281672 443
878 359507 443
64 135464 354
781 325551 443
451 140142 354
901 205201 383
662 459477 449
753 775533 509
461 125072 354
376 530250 470
704 689328 509
428 747670 509
636 731209 509
353 706220 509
217 927907 525
500 248593 443
808 572187 470
310 982437 525
862 299769 443
796 296164 443
441 789509 509
292 672884 509
109 684307 509
406 49144 324
724 750709 509
628 705971 509
424 395079 443
128 912473 525
278 622142 470
737 48503 324
153 119378 354
201 670619 509
424 95763 351
157 787742 509
901 910511 525
274 390525 443
19 582921 470
185 690911 509
275 373646 443
766 718849 509
899 42680 324
203 96317 351
852 453661 449
748 972577 525
518 735178 509
879 91268 351
698 112849 354
746 728187 509
972 11619 268
216 869690 525
299 878750 525
729 512766 470
230 476718 449
77 106103 351
76 634274 509
53 308170 443
512 307606 443
631 296508 443
567 23198 279
444 490924 449
568 629642 509
839 403423 443
352 697684 509
844 963775 525
750 357318 443
554 697829 509
209 991665 525
894 101091 351
652 851057 525
382 776150 509
451 778268 509
527 701265 509
142 993297 525
220 630877 509
255 78501 351
27 824268 509
520 878344 525
53 88829 351
398 748974 509
842 403705 443
484 422946 449
527 503908 449
694 279165 443
590 116439 354
803 846276 525
791 277787 443
205 616520 470
528 611792 470
521 834390 509
710 890675 525
149 376582 443
943 203814 383
763 980609 525
814 987969 525
609 755924 509
498 420406 449
953 108354 354
44 777858 509
28 742165 509
323 809487 509
270 384796 443
317 144175 375
798 95681 351
620 319027 443
573 690129 509
498 389746 443
608 929454 525
51 121021 354
635 768962 509
486 575463 470
996 803401 509
903 256945 443
961 682641 509
212 821595 509
808 912014 525
834 745887 509
337 500814 449
851 43816 324
801 890243 525
30 139688 354
646 364535 443
860 948334 525
914 75337 340
522 458750 449
374 497653 449
760 744467 509
492 684114 509
309 214784 383
577 166357 383
68 105716 351
501 135940 354
255 168307 383
528 327652 443
510 560857 470
971 276859 443
100 976881 525
392 647314 509
927 300812 443
208 586746 470
882 99822 351
575 961448 525
944 425282 449
973 759123 509
407 633733 509
763 736577 509
783 415712 449
328 384473 443
806 654023 509
104 585028 470
385 209086 383
616 317149 443
248 36307 324
968 402343 443
367 919263 525
61 88822 351
581 433151 449
722 897021 525
235 361143 443
562 552751 470
802 609317 470
5 964817 525
561 12195 268
349 636660 509
738 818702 509
179 827024 509
784 48332 324
411 31580 308
416 541402 470
697 476227 449
224 936507 525
710 537408 470
128 551413 470
587 276250 443
428 676910 509
929 293946 443
51 228044 386
658 510361 449
831 268473 443
695 608999 470
241 536165 470
223 425406 449
824 869022 525
161 917709 525
798 731786 509
351 622552 470
55 418797 449
639 9373 262
863 707638 509
918 682001 509
911 747307 509
267 25801 282
724 275781 443
534 735477 509
828 626303 470
435 25302 282
941 938040 525
807 8032 262
676 21024 279
230 354435 443
463 822783 509
894 49116 324
520 859320 525
635 621864 470
62 892860 525
16 386704 443
97 582763 470
519 262295 443
154 368990 443
637 60345 340
365 467528 449
581 537454 470
76 508859 449
567 304572 443
649 57942 340
285 781155 509
911 437356 449
194 205825 383
790 774080 509
383 595566 470
913 879820 525
523 266994 443
838 985209 525
623 879722 525
257 20465 279
875 791337 509
157 659248 509
656 988971 525
664 280529 443
419 648429 509
626 741525 509
883 602688 470
274 479526 449
791 971589 525
189 370217 443
415 715186 509
4 382722 443
941 24914 282
224 126426 354
63 456275 449
573 558475 470
589 765193 509
464 226988 386
537 258280 443
591 960007 525
392 281190 443
803 631104 509
363 336511 443
52 275089 443
802 14698 276
354 184776 383
582 129057 354
91 482922 449
409 982902 525
373 718104 509
693 472976 449
442 656928 509
165 362493 443
459 126927 354
500 137633 354
931 265401 443
952 610901 470
913 447683 449
883 375707 443
489 152816 375
654 370958 443
496 437560 449
665 618150 470
321 475847 449
619 850841 525
649 417345 449
603 971757 525
692 410763 449
289 831305 509
145 148133 375
948 540444 470
817 609811 470
713 883189 525
615 571651 470
756 807113 509
485 125721 354
775 815083 509
19 814845 509
500 37966 324
852 678678 509
184 926974 525
519 815872 509
574 342173 443
222 754081 509
940 596905 470
63 849674 525
350 39418 324
621 843361 525
982 500050 449
562 349011 443
885 38293 324
739 549390 470
57 377663 443
776 800940 509
706 390077 443
46 493019 449
946 209707 383
499 497442 449
217 951509 525
102 900902 525
10 130969 354
192 691915 509
206 953545 525
27 74670 340
83487 8819 351
96719 14685 351
55466 38712 340
61036 37361 340
75741 20384 340
65136 3602 340
58006 712 340
75738 43293 340
88315 13935 351
89970 46026 351
72464 9753 340
71958 14334 340
66358 34911 340
88691 47233 351
52637 34167 340
93999 11239 351
71274 7164 340
91651 17565 351
67396 44634 340
68022 39777 340
89496 49416 351
51509 15790 324
81357 31714 351
56575 17939 340
97618 23073 351
62684 20175 340
84163 28074 351
86413 33772 351
77258 47984 351
96782 46197 351
64833 42486 340
85704 22964 351
66694 3765 340
97268 5740 351
89288 12406 351
91402 1760 351
83662 31197 351
50871 21615 324
51927 11651 324
94141 3549 351
74252 46126 340
88164 607 351
70097 37439 340
76670 8530 340
86218 14471 351
76856 18376 340
97498 14375 351
83661 2832 351
75927 36419 340
70261 19553 340
66810 26818 340
93226 2035 351
62034 5428 340
86811 4026 351
52120 42416 314
95577 49279 351
89325 36697 351
86111 11949 351
68223 27869 340
86350 3605 351
84298 34778 351
78710 28159 351
51132 34749 324
81185 3693 351
60305 3416 340
99658 28237 351
55197 33727 340
83627 40364 351
64664 9040 340
55588 6033 340
53235 44413 340
65895 9869 340
94728 22518 351
75423 9165 340
86400 24519 351
68113 32937 340
75407 7052 340
56683 7389 340
80841 32365 351
67738 48065 340
69320 33194 340
97799 46902 351
51413 40948 314
97265 35040 351
72500 43013 340
58822 6747 340
75580 5069 340
74202 37163 340
62835 21146 340
99291 45012 351
72745 22643 340
51355 31730 324
93403 40641 351
91612 5110 351
88792 40043 351
87770 32174 351
85984 22412 351
99713 32688 351
76519 45379 340
85840 49203 351
57001 39623 340
64629 34681 340
60344 12645 340
91576 3837 351
52849 46887 340
99716 22181 351
56157 531 340
62288 11220 340
52387 16989 324
58363 11855 340
61899 10154 340
88358 16777 351
86109 4418 351
92587 2878 351
71447 42689 340
53083 16745 340
98317 32634 351
51606 47602 309
97883 32568 351
68499 41415 340
84950 49843 351
91168 21013 351
52929 4155 340
92947 33939 351
86460 13701 351
65374 35835 340
72390 13679 340
68513 3175 340
77235 4384 351
73770 31252 340
89208 30545 351
57703 10565 340
83027 25091 351
97612 1527 351
65880 20011 340
54080 46972 340
76631 13473 340
82722 8119 351
62713 43441 340
72585 34947 340
89960 12523 351
94488 8399 351
59150 29117 340
80801 47882 351
86070 38347 351
71568 14503 340
72527 9800 340
72328 27709 340
54095 31124 340
53292 15198 340
56628 28770 340
53891 33058 340
51286 16981 324
54046 37871 340
95976 12118 351
86102 16391 351
96237 32133 351
94558 3966 351
51799 43897 314
51928 9671 324
56394 33509 340
58099 1482 340
56831 30170 340
65122 36980 340
56741 46179 340
58504 43834 340
99714 2609 351
61343 16427 340
94536 39875 351
74217 20338 340
56226 17329 340
65933 4389 340
75133 30373 340
87923 24765 351
77444 48471 351
58475 39042 340
98307 43396 351
80599 28049 351
62445 35754 340
84568 22365 351
87465 39363 351
93494 48352 351
72887 12907 340
65114 49052 340
65505 47695 340
93557 13843 351
91148 100 351
76260 44639 340
69006 32241 340
69963 17343 340
60169 28443 340
51469 28990 324
63349 32379 340
97358 43681 351
59308 49389 340
65040 23533 340
85215 46232 351
91209 38339 351
58327 47013 340
75382 19706 340
52997 19918 340
79257 33975 351
75546 16516 340
56205 27658 340
60978 10973 340
68698 34696 340
54139 26424 340
87044 43745 351
70965 39646 340
98478 29214 351
69953 46151 340
91196 24025 351
80427 11686 351
66118 12376 340
85204 26546 351
96248 647 351
57704 43618 340
72118 20865 340
69807 6933 340
73597 35451 340
84559 8395 351
78277 48413 351
98366 7587 351
57826 10686 340
59893 46193 340
84074 24586 351
83376 31099 351
76561 979 340
84321 18833 351
55119 3874 340
55077 25464 340
81428 13000 351
51071 13777 324
71682 21973 340
56400 29658 340
67592 19684 340
50088 27568 324
75471 22785 340
94405 27647 351
77580 36456 351
59146 20313 340
91766 28540 351
52444 18750 324
89298 39856 351
52422 3502 324
91307 9797 351
67084 17128 340
87069 20881 351
56412 17582 340
75184 18680 340
50944 47144 314
54689 16714 340
76064 31985 340
54396 7177 340
52885 49825 340
84822 38148 351
83912 32456 351
66215 26549 340
53145 5156 340
72981 44340 340
71036 16352 340
55227 39366 340
58685 5737 340
58792 26918 340
80596 9021 351
62180 49197 340
62388 42994 340
70782 25873 340
54605 31521 340
62480 36584 340
77425 4493 351
50628 49623 265
65508 17780 340
76992 39771 340
61964 39824 340
81852 28531 351
52552 25354 340
96420 46584 351
83629 4045 351
80313 31114 351
62315 48290 340
82066 10825 351
73039 8781 340
64017 44733 340
73666 26835 340
90192 21522 351
72110 8487 340
52585 24659 340
76384 37936 340
61205 34929 340
61449 38359 340
94732 18785 351
71934 13042 340
76795 48 340
68032 10857 340
74532 24755 340
71862 35266 340
70911 40287 340
69590 45325 340
70863 31153 340
72450 4990 340
59183 43276 340
81631 29938 351
55770 48893 340
69057 8783 340
67290 24396 340
62963 48717 340
76121 40673 340
90019 15067 351
87107 1985 351
87337 2112 351
82557 45764 351
96679 22255 351
88478 6115 351
95884 17430 351
73803 6899 340
68995 46339 340
81489 4825 351
59705 14658 340
91627 32233 351
79276 29240 351
88020 42623 351
58574 22645 340
50534 46409 314
56377 20826 340
71761 29167 340
91516 37143 351
78839 3696 351
74644 18927 340
85508 15594 351
53846 22139 340
83435 38982 351
71880 14407 340
68091 23614 340
82735 36029 351
61168 11003 340
58515 38620 340
76438 44527 340
72831 5204 340
53913 29276 340
81685 14449 351
70104 3871 340
64670 14066 340
80599 15245 351
50543 47589 296
53763 30920 340
59799 43153 340
60993 11629 340
65061 39743 340
92176 26222 351
76342 44805 340
85133 11383 351
70716 11600 340
55732 31167 340
93674 1486 351
87572 43933 351
70476 11510 340
53468 7780 340
65571 39396 340
58769 28557 340
77454 21461 351
60113 17215 340
50836 37003 314
84466 25038 351
75886 38637 340
99876 4061 351
71730 5951 340
96709 24465 351
85641 31673 351
90963 32915 351
54178 40342 340
77212 47377 351
75280 18796 340
80593 22163 351
89086 28562 351
77817 21589 351
74019 38707 340
97970 49765 351
61985 22686 340
90674 2043 351
82583 22999 351
76651 20032 340
57622 4574 340
63917 9900 340
86480 33978 351
89318 17088 351
59788 33553 340
85412 14013 351
94806 8038 351
75835 28287 340
90308 23472 351
56274 40217 340
97700 34995 351
99800 4046 351
86129 16574 351
75396 39817 340
71284 15216 340
95738 25258 351
93798 3351 351
52665 25630 340
90419 43927 351
97761 36713 351
80843 32003 351
99314 1251 351
57971 44475 340
98719 35996 351
94968 38146 351
51426 45917 314
51907 19114 324
73609 36733 340
72968 7262 340
86766 34892 351
85353 34988 351
54004 30560 340
89383 2702 351
56893 4441 340
65224 34260 340
91784 39299 351
60724 9999 340
84360 42056 351
87497 13948 351
83440 36991 351
73503 40587 340
81995 33077 351
77350 30634 351
81304 35046 351
92491 7459 351
58466 19560 340
86826 24800 351
55277 15989 340
91789 38934 351
98316 6611 351
78914 48021 351
65328 46609 340
88346 48490 351
97819 21664 351
50318 36606 314
85123 20859 351
70588 44479 340
79714 24117 351
81984 49817 351
72793 36942 340
55726 28513 340
56325 4305 340
78395 49246 351
69450 31581 340
53931 29476 340
78796 2078 351
93556 35246 351
93564 15511 351
82498 9943 351
52959 12063 340
82820 30086 351
67099 31221 340
59956 37124 340
57818 18833 340
80324 44970 351
97505 39768 351
81764 2107 351
60938 49851 340
73984 13820 340
99742 19821 351
52357 43500 314
54191 11407 340
57572 42052 340
63200 15114 340
80783 48604 351
92056 8888 351
74913 44822 340
71979 21104 340
91163 35436 351
59369 20604 340
94328 6641 351
87987 12473 351
56657 2582 340
67463 12538 340
57853 24844 340
78573 44728 351
60688 36929 340
55177 29114 340
60389 13433 340
59297 37805 340
67446 43226 340
92761 44321 351
76104 26836 340
73066 11008 340
63523 25355 340
55201 31292 340
95391 19267 351
53635 27091 340
87643 37494 351
84014 16481 351
78774 3460 351
73483 43603 340
92208 25416 351
69808 18355 340
69259 11987 340
52306 27525 324
91339 33432 351
67895 47677 340
76748 23715 340
89417 30794 351
53635 32151 340
57239 43123 340
55085 16818 340
79206 12973 351
66531 21503 340
50068 33654 324
83679 7111 351
50589 33505 324
50600 9125 324
51014 8110 324
93833 5061 351
60807 20869 340
59249 45832 340
97654 37663 351
80499 775 351
65854 17090 340
73837 23185 340
80495 48327 351
76325 12388 340
52638 46633 340
78431 31076 351
87117 43579 351
82604 36842 351
51862 26870 324
79709 33595 351
55040 27135 340
51141 14051 324
94340 44738 351
80060 38239 351
88890 8557 351
65440 15829 340
82972 24394 351
66965 40640 340
68540 42922 340
59373 28123 340
93889 47051 351
69635 49129 340
99197 45286 351
89585 3983 351
77114 15383 351
55090 18767 340
71170 22170 340
56434 16722 340
57470 4798 340
71697 33649 340
99510 31689 351
54662 5071 340
80200 9000 351
97456 17638 351
86851 36625 351
53928 14509 340
83203 39303 351
76242 2115 340
76743 37241 340
78499 48060 351
66285 14872 340
77420 8677 351
65088 16690 340
81732 12612 351
67592 16976 340
85252 42433 351
92784 37336 351
76475 26635 340
80884 44848 351
79682 40680 351
77737 35840 351
60522 19997 340
73094 42818 340
96545 21638 351
64784 31305 340
95668 30435 351
83604 12107 351
55806 4720 340
98126 32845 351
74831 5935 340
97494 12457 351
73656 21475 340
69338 7198 340
83106 33500 351
91110 43957 351
53582 12778 340
52319 17355 324
83415 927 351
96944 24192 351
76036 33110 340
50812 15482 324
55657 48362 340
52994 19798 340
57421 36885 340
57311 40413 340
95063 20742 351
85437 17487 351
79425 36925 351
80008 111 351
57151 34886 340
53377 43387 340
61993 45599 340
57628 44310 340
70211 31800 340
65076 45699 340
81454 694 351
66047 22704 340
93831 22884 351
62652 20909 340
85405 19495 351
99672 35304 351
58576 48989 340
69984 26806 340
98709 34017 351
87456 22943 351
62998 23485 340
74010 12183 340
58918 18668 340
82627 35445 351
98258 38538 351
71911 7298 340
91235 17531 351
77452 26399 351
68448 38901 340
87220 34691 351
68369 43036 340
68029 43184 340
52254 29928 324
53987 48097 340
64405 8628 340
85668 47298 351
51403 22933 324
71780 42140 340
73273 33925 340
89351 28507 351
82360 48459 351
90604 3502 351
90408 49417 351
72073 10331 340
69529 11922 340
61840 22988 340
63709 16838 340
58465 37242 340
72565 14283 340
98986 24676 351
73831 18601 340
71066 25180 340
59041 32882 340
67555 9502 340
81560 40173 351
82045 31534 351
65753 30526 340
63351 9293 340
81888 44835 351
65768 1704 340
77255 22381 351
90147 2845 351
90758 35273 351
92938 31082 351
99401 42458 351
64170 31076 340
50863 48693 296
73380 32225 340
93918 30793 351
75979 34002 340
71540 49113 340
85993 34641 351
62265 36903 340
61884 6995 340
69520 27374 340
57102 42057 340
60780 43948 340
90626 13849 351
56671 23738 340
72490 36692 340
80382 39290 351
89270 27684 351
86272 47052 351
68950 8948 340
99397 18493 351
58305 46252 340
83092 6796 351
63406 22263 340
82684 31962 351
59983 33378 340
89276 23678 351
86446 19540 351
76590 21154 340
88544 42725 351
64990 8141 340
73974 45660 340
80024 25662 351
58498 39224 340
61599 48017 340
69206 16987 340
55034 10994 340
75368 590 340
54522 6667 340
71713 18869 340
62310 23531 340
75237 31265 340
81383 7430 351
57534 27339 340
56319 10195 340
83665 2660 351
52468 35254 324
91842 42758 351
92203 27481 351
92066 10533 351
86752 2937 351
78982 3096 351
55089 35484 340
85364 45343 351
64298 22490 340
60791 30400 340
90012 34431 351
92945 35809 351
75078 42395 340
81520 14308 351
95061 17171 351
62601 5418 340
53863 28200 340
88849 10069 351
83836 36113 351
65915 31455 340
52901 44472 340
78139 1104 351
73839 39871 340
90825 39472 351
60009 36637 340
78946 4714 351
88464 6120 351
71848 35416 340
96988 46208 351
83497 10801 351
79139 47606 351
67757 17116 340
96875 45640 351
61016 13487 340
82669 33466 351
77264 28344 351
81813 8914 351
53833 39736 340
59510 10559 340
82284 10295 351
67322 1783 340
98662 37768 351
59415 42636 340
50236 32746 324
95917 33098 351
63277 14007 340
97068 26368 351
64688 9613 340
60579 9737 340
93259 28806 351
67363 49350 340
57557 5511 340
76002 10234 340
76212 35554 340
80427 16129 351
97488 40295 351
51586 31613 324
70281 29614 340
70389 5822 340
53075 13050 340
54783 43709 340
53215 16730 340
58230 39558 340
96870 29217 351
94836 18640 351
80222 16544 351
64258 19979 340
91919 16781 351
62496 22148 340
74767 46499 340
66130 31319 340
91769 45941 351
94965 10466 351
61789 41792 340
66159 32610 340
94785 47196 351
51651 40333 314
81252 27422 351
75540 47739 340
90771 25469 351
69537 29633 340
86837 22831 351
80079 42251 351
58961 9024 340
57556 42726 340
54335 24063 340
69887 29367 340
75852 34660 340
74326 13755 340
93847 46993 351
89895 3596 351
85864 16485 351
78063 37357 351
95457 32727 351
73129 24915 340
62796 33717 340
69423 26799 340
74083 42552 340
78748 32956 351
89679 9315 351
54866 19842 340
82824 26057 351
56998 27604 340
98460 20169 351
87369 12732 351
57147 34839 340
50162 34609 324
52478 24984 324
69031 11586 340
78375 4105 351
78155 46834 351
76532 14940 340
53329 25712 340
81774 23968 351
74014 29985 340
97646 18651 351
52925 8236 340
83054 13559 351
65436 33170 340
95421 551 351
65987 41912 340
96076 28165 351
91925 1331 351
57990 49065 340
76799 2495 340
90189 27783 351
99245 26108 351
88351 16662 351
56172 45333 340
93832 40297 351
64298 350 340
63824 30123 340
73209 3769 340
79029 39260 351
75923 38213 340
50867 10098 324
84088 18149 351
74720 17054 340
82578 4216 351
72053 22573 340
72633 39529 340
50726 30679 324
58259 11125 340
75074 25703 340
89955 35189 351
92357 17255 351
55362 41159 340
71611 41064 340
82939 41981 351
81856 4587 351
68816 21810 340
73987 2143 340
55483 36820 340
70793 7159 340
69295 33747 340
74349 46615 340
55900 24740 340
99333 11403 351
59633 48130 340
79856 24724 351
70219 1506 340
94187 7424 351
87788 913 351
68515 20469 340
77799 43036 351
78212 42826 351
78792 46652 351
71520 3761 340
91648 20620 351
73932 17525 340
83150 43288 351
89540 31212 351
78586 28004 351
95503 49945 351
93850 26278 351
61213 39665 340
60695 4977 340
78124 42583 351
70506 30238 340
73338 18502 340
80896 841 351
93045 49931 351
80669 29750 351
54046 2413 340
82253 46399 351
77325 26346 351
83749 19451 351
73213 46159 340
75223 38524 340
63704 9859 340
80388 15732 351
61213 25569 340
74220 26677 340
60077 47344 340
69138 2004 340
95542 4240 351
72747 37737 340
52935 30659 340
58581 42502 340
85186 5398 351
71091 5425 340
71807 17179 340
95910 12880 351
79037 5636 351
74616 42432 340
61667 14414 340
94786 40626 351
53845 42360 340
75502 2771 340
58866 47102 340
98502 9926 351
50106 4294 324
87499 3360 351
59229 22262 340
59106 16527 340
84719 28416 351
52905 29128 340
50599 3900 324
58871 49260 340
95159 25552 351
83313 42214 351
75590 17134 340
66952 29651 340
51864 36298 314
72848 45615 340
92639 19991 351
73708 37496 340
50923 8045 324
87349 19889 351
94541 47961 351
72090 48053 340
54489 28016 340
64656 10822 340
84745 42593 351
82010 48849 351
91679 49223 351
70069 1280 340
73379 30887 340
98186 32332 351
58282 12332 340
80934 34588 351
84199 44093 351
61639 39054 340
51579 8344 324
71436 25249 340
88073 37293 351
82847 6189 351
76468 42074 340
84175 27520 351
59193 3950 340
93909 11781 351
74793 46731 340
85576 14019 351
68463 47597 340
84028 46575 351
92688 24706 351
54294 5903 340
78704 24197 351
60202 5645 340
75360 35867 340
80229 25268 351
81605 5177 351
52999 21497 340
50901 8752 324
55960 10553 340
93099 15303 351
69003 29179 340
65530 31683 340
85071 34642 351
72461 5812 340
84754 14738 351
97741 31423 351
74545 16860 340
88508 8148 351
59739 29495 340
66542 17307 340
67091 13917 340
55255 15136 340
67972 48591 340
55663 13624 340
53279 11558 340
90898 14111 351
62031 7207 340
52453 2576 324
68910 15154 340
95843 25936 351
57360 27192 340
82133 12247 351
92941 40838 351
65791 4748 340
99485 35986 351
61719 28155 340
81691 35217 351
84705 18534 351
83260 8082 351
80294 25958 351
56745 19163 340
75716 21084 340
70087 590 340
71790 49688 340
59672 231 340
82723 30741 351
64123 13589 340
99388 17855 351
57470 34850 340
68687 40322 340
89843 26817 351
95953 47312 351
70593 10387 340
94696 27982 351
88289 17014 351
94767 34237 351
99049 7515 351
87186 7456 351
51510 46482 314
56809 21166 340
79938 15812 351
81074 16246 351
61829 23389 340
93943 18058 351
99991 7012 351
74366 13050 340
96067 29976 351
50015 11949 324
56040 42200 340
74800 33102 340
81625 34191 351
80349 20849 351
59828 30795 340
63507 32849 340
57920 36745 340
67451 4631 340
83887 33790 351
95188 37753 351
66643 45972 340
65769 11052 340
54157 5631 340
65506 23383 340
54096 8075 340
79622 4071 351
84756 36468 351
92397 1400 351
67559 27633 340
92372 32231 351
78574 35102 351
67770 9985 340
72153 25157 340
73799 18934 340
73220 24745 340
71661 36496 340
65049 35422 340
70518 36458 340
83363 23624 351
99244 35887 351
98750 37950 351
71304 20977 340
67514 31547 340
52531 3266 340
96735 36801 351
86984 8306 351
81194 16330 351
67706 39045 340
58389 23036 340
99681 19536 351
65012 40552 340
89648 24848 351
70555 6656 340
86322 44663 351
91374 11026 351
82227 12437 351
89489 3350 351
78379 29311 351
56958 26736 340
52133 5726 324
92628 11666 351
77918 8326 351
78396 28113 351
58776 21713 340
70071 30737 340
55646 46744 340
97668 36928 351
62626 30381 340
89998 23645 351
68002 5496 340
58385 3 340
95434 48860 351
82173 38757 351
99906 34773 351
68083 22472 340
66664 42209 340
56652 28311 340
90889 7640 351
90297 4951 351
91608 42025 351
67189 40264 340
99361 42290 351
50439 37477 314
62663 19547 340
52900 5208 340
83337 24144 351
60705 20653 340
74148 30106 340
66630 3601 340
58930 35417 340
66845 41174 340
97472 48239 351
61946 11254 340
67197 11931 340
79333 12450 351
91838 26913 351
77826 6470 351
82558 3107 351
54818 40506 340
91731 39966 351
84082 41143 351
88636 10868 351
81281 388 351
87718 21553 351
97392 25837 351
89118 7900 351
55202 25295 340
67920 42316 340
87426 37010 351
94830 8740 351
59395 21219 340
83357 26381 351
50834 6653 324
61882 5326 340
68553 18292 340
56345 30698 340
73917 9566 340
98941 42551 351
87494 49389 351
59044 32630 340
93071 23085 351
85146 10036 351
54147 35207 340
79294 38140 351
92408 25200 351
90657 34566 351
93144 18593 351
56794 21488 340
69129 18755 340
94391 35608 351
91534 6279 351
90191 33827 351
89943 37295 351
52258 28045 324
51684 47868 309
99265 10909 351
77959 29621 351
81610 17236 351
85078 6049 351
51004 34723 324
67968 12786 340
61065 12902 340
52967 43998 340
89513 1024 351
55051 37947 340
80619 3380 351
93368 38502 351
95479 3901 351
53430 10511 340
82878 31707 351
52462 4005 324
98531 14170 351
73084 15386 340
77443 25249 351
66447 2530 340
52335 39732 314
58750 13022 340
59915 43383 340
84581 16863 351
76254 16927 340
51757 11817 324
60522 31478 340
83753 1878 351
85126 23403 351
56348 47635 340
87782 18020 351
87944 12747 351
51148 25521 324
50562 44494 314
87912 33966 351
72257 37406 340
84843 1541 351
76918 25766 340
96009 9037 351
67925 49816 340
65069 42051 340
64913 30305 340
70502 26755 340
95493 39546 351
91775 29603 351
63423 21534 340
54029 19820 340
85175 691 351
66689 31078 340
68221 10359 340
61309 34944 340
76929 34137 340
58179 27336 340
73980 17104 340
85993 18301 351
98940 7244 351
66473 41262 340
79484 583 351
72517 27198 340
72898 6727 340
75752 15671 340
67169 7476 340
94631 11256 351
71471 23712 340
51014 26237 324
65633 25720 340
70391 44457 340
92819 36870 351
80093 25347 351
53812 14799 340
71230 2554 340
98509 14560 351
70727 42053 340
54114 12224 340
76954 15500 340
79409 23745 351
87283 24941 351
62600 18777 340
80008 40828 351
77491 35272 351
73246 30730 340
79730 22933 351
86744 7568 351
92217 17433 351
93627 47592 351
73426 7639 340
69421 25464 340
61469 29175 340
70091 34845 340
71415 17182 340
53946 6304 340
88616 33452 351
75765 37671 340
76806 15361 340
59685 46202 340
97512 18156 351
50783 34160 324
98869 25522 351
63558 46775 340
76730 9528 340
92962 44172 351
71418 26029 340
66297 18924 340
84671 47718 351
90153 44808 351
86927 35607 351
55751 34494 340
78139 37579 351
68706 954 340
81729 16369 351
96865 1129 351
52497 43507 314
56731 33973 340
88364 14579 351
67669 32626 340
61000 24517 340
68213 15251 340
84160 29299 351
79478 12554 351
79448 40369 351
76132 44075 340
97503 43758 351
60279 34459 340
60669 37491 340
82301 14650 351
98284 21211 351
77840 26826 351
93075 41391 351
92550 4843 351
73660 48189 340
84471 32565 351
87463 11716 351
67242 9169 340
72376 4143 340
64296 40741 340
85148 19548 351
69074 21001 340
75657 19511 340
75677 18506 340
97763 22103 351
52635 33419 340
64490 14549 340
65094 48051 340
69777 29477 340
84070 23080 351
75786 10291 340
59538 29845 340
72748 283 340
64403 17306 340
68166 21652 340
52467 8657 324
81534 21258 351
92677 7112 351
56994 36326 340
99710 49088 351
68080 10205 340
95680 1825 351
96849 33490 351
93480 19304 351
94128 39736 351
75406 27166 340
71736 44328 340
93913 6214 351
53339 18300 340
65493 31426 340
66063 39126 340
71100 2162 340
84962 4431 351
57057 43803 340
59007 33040 340
56557 40048 340
69321 3462 340
90752 24720 351
80180 16822 351
61977 41931 340
51587 34061 324
66385 15074 340
72555 18226 340
57873 11018 340
92759 26171 351
53284 34253 340
68181 24953 340
77254 26813 351
78957 11041 351
76924 7669 340
89426 48471 351
72990 19919 340
58257 47609 340
59119 21643 340
52599 14581 340
62861 35971 340
71695 3448 340
75860 8536 340
96472 6853 351
79437 25847 351
73556 45454 340
84659 47806 351
90701 32033 351
52710 2390 340
75731 47042 340
55736 39116 340
99473 30913 351
79141 10719 351
87981 19720 351
96880 31912 351
87197 18020 351
63065 1937 340
97239 21501 351
85003 41508 351
89601 38515 351
65809 49233 340
51752 17399 324
80232 18747 351
89852 24147 351
69007 39359 340
97639 20311 351
99691 34306 351
76654 12433 340
85127 29495 351
54320 4488 340
55833 37370 340
96844 12485 351
86464 39243 351
65344 47855 340
90137 46410 351
59004 8945 340
79441 13371 351
92308 41530 351
79077 9590 351
50164 18161 324
77157 39103 351
88638 17651 351
51463 20269 324
52591 26299 340
64967 9128 340
87583 34956 351
94012 35828 351
89463 16110 351
95526 36325 351
67453 5106 340
83667 14557 351
72491 25668 340
52690 16185 340
89086 42988 351
55135 43285 340
91290 13777 351
82092 5943 351
96619 8923 351
65408 26991 340
96614 5571 351
96233 8249 351
84286 1177 351
90574 48523 351
64674 14370 340
80495 1041 351
87587 17292 351
62782 38963 340
83364 39983 351
71558 38240 340
77450 18961 351
66969 22842 340
70739 39110 340
95560 16589 351
50211 18227 324
55356 28205 340
58985 21037 340
79010 24059 351
71632 41571 340
98594 11907 351
90785 23845 351
58624 12790 340
73270 27535 340
66251 46735 340
59321 37318 340
79796 8643 351
67835 365 340
97177 1498 351
73409 16516 340
72814 5157 340
58345 40446 340
85741 27275 351
83530 5982 351
89508 25076 351
77385 20445 351
93965 21697 351
74088 4683 340
67420 14885 340
97305 24416 351
70769 48436 340
83472 18029 351
71261 2967 340
87382 21539 351
96225 28873 351
94218 8719 351
92209 2770 351
72530 27681 340
96024 10829 351
87199 34760 351
83126 5975 351
80606 797 351
78564 41127 351
92155 4152 351
67943 13252 340
86816 11970 351
82675 26104 351
93164 4808 351
99815 11231 351
59822 26264 340
98646 48603 351
93056 23548 351
54134 7208 340
83521 1856 351
91409 327 351
73499 1729 340
96617 45993 351
69667 40692 340
80457 13353 351
54030 26880 340
72934 29847 340
61376 10426 340
92996 20925 351
60096 36763 340
97605 33183 351
58840 45312 340
92716 3732 351
92841 44253 351
56496 28203 340
51771 2622 324
64956 19484 340
65681 9644 340
65123 36605 340
97483 17641 351
60272 39005 340
88885 25496 351
54172 46977 340
53805 14092 340
69385 11464 340
88130 42939 351
58043 31068 340
51576 28558 324
62486 28168 340
64359 4920 340
69411 28193 340
71331 31568 340
82220 9634 351
71927 3693 340
59382 32888 340
93083 40062 351
59887 40582 340
63460 47827 340
57373 5414 340
71818 11739 340
53510 6957 340
86965 618 351
94477 23210 351
81008 32279 351
99658 45899 351
72448 22272 340
58467 3179 340
66590 29834 340
69302 29180 340
86624 16889 351
66729 37677 340
72278 40519 340
94696 7416 351
76079 38149 340
96317 46235 351
62476 16972 340
57918 48448 340
99052 9550 351
99088 36027 351
54839 40878 340
90634 4384 351
93559 24457 351
86116 28239 351
89760 33791 351
94238 48157 351
91887 45682 351
95101 28592 351
86432 4170 351
87264 44774 351
96746 45938 351
87217 36323 351
64646 27442 340
83767 6757 351
65901 13530 340
73703 33349 340
91487 33112 351
85995 34893 351
76415 36231 340
62587 41248 340
83899 612 351
69096 46074 340
61530 34110 340
52600 33270 340
53983 12617 340
75371 39062 340
86650 21374 351
79612 4898 351
82509 25811 351
90851 40176 351
81259 7090 351
79079 31196 351
54348 28025 340
97041 46068 351
56766 41934 340
77755 25843 351
98582 44605 351
93527 37560 351
97028 7343 351
67357 30162 340
96404 22984 351
82508 7034 351
92673 18350 351
60210 15597 340
62484 27793 340
87559 32645 351
70170 39547 340
75283 44579 340
60467 42677 340
59343 43498 340
66167 25939 340
61465 33547 340
50963 40605 314
54561 33993 340
83233 44587 351
99296 15784 351
74230 11453 340
92649 12055 351
89556 34228 351
71495 32279 340
58496 36416 340
73126 5175 340
67486 35911 340
77710 37070 351
60168 15119 340
54186 17108 340
78510 36168 351
61287 35004 340
59623 7321 340
51496 242 324
79861 5157 351
93158 13885 351
61158 5786 340
55700 17202 340
81655 25350 351
50448 34853 324
51604 29846 324
97926 11532 351
92379 700 351
70559 14961 340
92990 19980 351
99846 4548 351
66934 11571 340
64139 14155 340
90165 41381 351
75153 13735 340
91524 40129 351
55170 16469 340
84571 43011 351
62642 17981 340
52351 5511 324
84864 48954 351
56085 20821 340
96185 38918 351
52181 35773 314
70519 26082 340
62698 2127 340
64279 4175 340
81189 49015 351
52632 5980 340
69809 29444 340
79519 34988 351
63794 7172 340
88280 18627 351
85895 37166 351
85943 48381 351
70222 40315 340
57084 39163 340
81766 47777 351
50260 24682 324
62352 44846 340
81580 39682 351
72239 32813 340
82241 32265 351
53614 48600 340
55283 28129 340
51168 30203 324
91400 15061 351
56867 26608 340
69276 48747 340
50206 22189 324
56006 30997 340
63001 24502 340
66006 34314 340
64572 5823 340
96523 30861 351
61184 30963 340
82753 42615 351
77777 35786 351
80295 13462 351
73685 33930 340
79567 21536 351
78662 15261 351
97054 46229 351
91483 15819 351
82579 46305 351
87445 1108 351
69252 18731 340
96405 35964 351
60420 34590 340
70619 43987 340
78210 16497 351
54153 18064 340
73259 2116 340
53622 36825 340
84238 13577 351
58478 802 340
75312 3149 340
82102 13552 351
96710 17826 351
74334 20536 340
78624 34090 351
97327 41448 351
66822 29618 340
70740 40978 340
97785 13273 351
68518 16785 340
88940 507 351
59615 13625 340
67932 29470 340
76223 47711 340
86298 7512 351
58989 7202 340
79050 27643 351
79525 16517 351
89844 46110 351
98560 39883 351
90807 18826 351
75185 42333 340
74781 6878 340
89692 8826 351
78794 3119 351
76177 3004 340
81438 25151 351
94838 9859 351
66442 8392 340
99891 9152 351
98527 21286 351
79670 22544 351
71410 9374 340
53414 19539 340
76443 12143 340
54549 30072 340
94317 21764 351
95839 28631 351
68736 23042 340
96879 13178 351
94810 11044 351
57569 12457 340
66924 39921 340
81618 30705 351
56376 41591 340
54403 33552 340
60305 43782 340
80989 5631 351
67355 5195 340
86174 38588 351
88097 23687 351
96641 3731 351
53397 4028 340
89340 18681 351
66289 39172 340
67299 40021 340
97309 33773 351
77642 9003 351
62410 19685 340
95063 14550 351
71899 28397 340
67046 5794 340
68515 46253 340
64390 39971 340
84873 40213 351
71824 32309 340
71544 31339 340
91208 40593 351
63331 6518 340
64877 38248 340
91078 30166 351
83834 15999 351
66679 32621 340
58143 39783 340
94075 40670 351
95481 9096 351
72758 12465 340
71950 35754 340
78186 2352 351
73925 29584 340
80160 10769 351
82225 32977 351
98277 22464 351
86991 43812 351
97211 14439 351
56421 3335 340
83841 45037 351
68650 28844 340
51133 29369 324
73348 11537 340
51381 3282 324
86141 19243 351
76973 24053 340
95743 35182 351
58506 36049 340
93806 39579 351
61253 30354 340
64245 29110 340
79435 19352 351
79384 6706 351
63778 39219 340
50184 34764 324
66822 15981 340
82358 49025 351
71330 43028 340
65887 25965 340
79018 29107 351
91557 34417 351
78340 10621 351
95918 29008 351
70247 901 340
83701 25206 351
50859 20988 324
55919 45317 340
89456 36008 351
68056 26062 340
52747 25053 340
84764 9849 351
90747 37946 351
95361 29024 351
63354 30403 340
50577 10286 324
85951 41239 351
74230 7983 340
55040 30253 340
75502 40084 340
96676 3552 351
56174 10407 340
79526 44708 351
98963 3685 351
76774 6451 340
56627 44108 340
74858 4601 340
84978 26658 351
83234 12408 351
92385 34655 351
52809 19433 340
87425 24137 351
58647 34192 340
56501 49738 340
62115 47850 340
83156 11184 351
65062 12358 340
60110 19297 340
92475 32397 351
56758 33336 340
85170 8127 351
93790 16928 351
90356 46604 351
80033 22668 351
78848 28939 351
52009 39537 314
68212 11738 340
78160 45313 351
60584 25251 340
50036 38725 314
78580 43208 351
58756 31238 340
53425 5531 340
73575 39848 340
54061 3676 340
76796 28819 340
61224 2111 340
95803 30719 351
97596 37241 351
76442 23291 340
88009 10983 351
73852 1610 340
85502 43355 351
64645 30907 340
65812 47300 340
85720 28068 351
91220 9289 351
79809 15194 351
55177 22642 340
51726 9696 324
50496 14948 324
57656 5737 340
89708 38550 351
86528 27195 351
61030 35172 340
97988 12098 351
92817 31184 351
62528 16334 340
59019 16559 340
83521 25531 351
64336 40375 340
71302 8491 340
51273 8611 324
50527 8242 324
77122 42129 351
84151 14013 351
88312 49449 351
78686 38847 351
65089 10666 340
72607 8602 340
98374 43970 351
60305 11735 340
99979 26457 351
63016 23938 340
88320 24475 351
56379 8452 340
52496 112 324
65792 28318 340
63078 38058 340
96452 23520 351
99119 7435 351
73607 25635 340
59322 2752 340
51507 31993 324
89084 41277 351
87133 22943 351
58097 24582 340
84517 5707 351
90781 32616 351
68216 4984 340
85920 10290 351
86165 42540 351
56791 6675 340
63388 21218 340
64783 34513 340
65249 37848 340
80629 30099 351
93376 38071 351
84025 11212 351
98683 34026 351
57153 17893 340
82927 40446 351
72442 9781 340
59029 20869 340
88841 32255 351
92388 48230 351
60751 2904 340
72755 41988 340
66619 14356 340
62380 8665 340
60217 39868 340
50364 22832 324
78920 28910 351
94952 25356 351
71513 23042 340
55161 6695 340
69156 8436 340
77944 12139 351
99829 25938 351
72116 14295 340
62339 42323 340
85952 9631 351
76449 40018 340
67482 24563 340
78430 19767 351
58998 42857 340
71735 5904 340
72729 15737 340
66988 24929 340
98113 12086 351
89583 29621 351
97826 3924 351
63544 12959 340
51243 37898 314
61974 45714 340
96455 24630 351
60385 47657 340
81584 22567 351
86987 48467 351
97758 20043 351
50693 38815 314
77180 8933 351
79773 42192 351
97899 9402 351
76660 39870 340
80384 169 351
71470 10505 340
97817 17525 351
57475 25866 340
57438 14720 340
50258 36439 314
76210 25941 340
98309 22307 351
98968 2050 351
62544 29296 340
62418 42112 340
86627 49698 351
90580 13873 351
83375 4817 351
65031 149 340
76949 35898 340
97002 44121 351
64554 32067 340
81779 22669 351
61399 17769 340
90755 27167 351
62348 3880 340
81464 13337 351
78996 48726 351
98140 32852 351
81092 18316 351
65402 18344 340
60446 7250 340
61312 22129 340
80130 25286 351
67632 1903 340
74755 22297 340
69441 12010 340
80151 13606 351
84115 17776 351
50521 29744 324
69472 4525 340
75369 14390 340
67101 23798 340
64082 23798 340
72304 49730 340
90092 13980 351
53803 1861 340
90552 26148 351
72822 26986 340
68969 34036 340
76971 36556 340
88242 40975 351
70811 48721 340
54458 47095 340
77358 33348 351
75196 35330 340
85368 941 351
97435 31640 351
63494 5119 340
61059 13670 340
74776 22638 340
83899 1810 351
57769 4619 340
69766 17228 340
80441 17710 351
