1 10 20
100 200 125
201 210 89
900 1000 174
85124 70747 351
11506 72975 340
17512 97798 351
52645 63146 335
10254 3023 262
54647 76902 335
51480 79054 351
96102 77789 338
91019 88369 315
76735 43547 340
23947 19599 282
44325 66492 340
88994 23229 351
60683 53255 322
47577 78896 351
32360 6985 308
26334 53554 340
1011 53493 340
64532 56867 335
26969 30717 272
53817 37286 340
82445 43554 351
96408 28461 351
38285 33836 324
68533 66331 312
6405 65724 340
35620 41632 324
96993 64571 351
55358 74926 335
19378 5511 279
1872 96905 351
34668 16582 311
5166 54129 340
8926 12680 268
25496 74769 340
55397 17651 340
32181 67591 340
5597 54468 340
62208 86789 351
89115 7575 351
23589 75539 340
68842 97430 351
94747 52082 351
48684 34207 324
26036 21653 282
85437 28938 351
15219 63418 340
77748 94989 338
32718 48171 324
44584 21150 324
88712 18116 351
61832 56053 335
35884 60016 340
49533 55819 340
88346 69380 351
39014 54624 340
78010 31652 351
12753 13093 201
47197 27291 324
5548 59717 340
89360 21519 351
61600 91903 351
87265 15000 351
82083 22867 351
52892 77233 351
31616 98179 351
68726 14003 340
12593 40279 324
10736 31357 308
41232 48472 314
42304 24441 324
95991 33393 351
67344 59698 335
32456 79348 351
49771 95045 351
22152 59413 340
48962 95448 351
96299 5166 351
7203 48304 324
66992 72384 325
3219 81736 351
93496 56664 351
82858 1205 351
41982 41113 257
99742 29507 351
14363 29970 308
33110 72563 340
77802 59076 351
26178 16836 282
81369 12303 351
20046 14604 279
85751 16002 351
75083 73269 325
23594 47615 324
93673 845 351
27926 40909 324
54333 72994 335
14270 98350 351
29403 34655 311
49168 30221 324
84985 24965 351
99089 68597 351
59780 12939 340
47895 58359 340
78895 52427 351
35155 91576 351
21038 74882 340
22005 24999 282
72940 62948 330
8856 53258 340
39008 515 324
52913 77042 351
60752 87151 351
70161 35883 340
56965 82248 351
98851 51904 351
43974 24070 324
9922 91615 351
91367 95969 333
78365 88081 338
42161 77677 351
16662 81390 351
41856 23039 324
29998 89505 351
26973 99584 351
58847 14771 340
42036 93602 351
42732 23199 324
29900 77328 351
61594 12814 340
14380 89370 351
68149 37060 340
58579 8908 340
9676 29217 308
75560 21361 340
21674 97486 351
4120 23611 282
11115 54554 340
45842 56218 340
68964 4776 340
24768 30019 308
93396 73167 351
93530 52154 351
18627 29723 308
66114 5826 340
17785 44767 324
74977 21215 340
34960 84080 351
38403 1527 324
55968 33959 340
75278 20345 340
14697 10946 276
40300 85580 351
59859 44918 340
72789 50000 340
21760 48092 324
62384 21311 340
98613 4958 351
23358 69734 340
90069 71695 351
25930 96855 351
73845 65079 325
75495 78510 351
62701 31515 340
47109 13156 324
72758 27082 340
14936 29751 308
9566 96395 351
40333 43847 288
16717 28652 308
44985 45510 314
56992 21083 340
75070 69699 325
31741 94279 351
89308 71435 351
72560 85519 351
63181 36335 340
72549 37198 340
35729 15127 324
78542 80106 338
59946 51145 340
39569 59236 340
34252 1136 311
77345 43809 351
7681 10561 260
28359 24921 308
51171 71692 340
53338 43105 340
6459 43665 324
76088 35606 340
67679 62381 330
4867 84209 351
71075 77769 351
20460 3724 279
69475 14678 340
26033 95672 351
21290 96027 351
32545 99370 351
62746 88892 351
82598 57939 351
54852 26259 340
68473 22504 340
63538 97795 351
5713 96911 351
96924 82132 333
56595 37060 340
97388 17660 351
52921 1739 340
20383 78254 351
10377 72933 340
86935 80098 320
16811 98525 351
6905 93198 351
98155 23776 351
13104 39896 324
12658 58402 340
26233 55766 340
12620 12816 201
1350 96351 351
68073 82541 351
30523 26174 308
52587 73456 335
45560 28050 324
527 69029 340
14860 9751 276
96631 85870 333
62164 7530 340
10372 15453 276
62677 42037 340
96277 65034 351
47676 89116 351
27762 13397 308
40164 90238 351
15780 26035 282
61528 7038 340
38641 37105 306
81607 32569 351
68768 54470 335
73835 61587 330
68282 47616 340
80031 87682 333
80353 87398 333
50487 76518 340
90012 86598 333
76359 76824 307
92248 2339 351
84752 31662 351
32551 45859 324
97483 60489 351
82749 39673 351
10953 43741 324
19208 63175 340
62302 41793 340
21316 56305 340
5182 86466 351
47895 46875 314
73852 35096 340
17260 78234 351
48253 37562 314
34353 40686 324
12083 60689 340
93694 66982 351
19366 32815 308
74905 9873 340
29124 61192 340
61777 59487 335
76046 71189 325
64135 26737 340
36200 62246 340
74461 98263 351
27302 57549 340
84455 82212 320
87430 14016 351
30294 43953 324
61288 8052 340
79559 46855 351
92373 97927 328
35915 75577 340
83300 50885 351
8865 28185 308
56679 67698 335
28241 55678 340
8855 94644 351
83640 37762 351
5556 28647 308
70743 11513 340
41668 62010 340
76099 36503 340
92788 25456 351
17169 49366 324
23924 4912 282
77446 1116 351
63768 35043 340
96567 69811 351
53587 89222 351
62560 48593 340
24823 48171 324
80825 67755 351
12770 14928 276
64739 19974 340
3220 25741 282
90878 63943 351
98801 97117 297
15882 10618 276
82217 34220 351
67506 77675 351
50074 59628 340
47212 92663 351
47605 42564 314
99402 37641 351
14258 93124 351
87648 54979 351
32209 5637 308
20859 32885 308
91407 19997 351
33878 94842 351
42329 1909 324
4768 21151 279
32690 31281 285
92286 73807 351
14250 93031 351
56086 6815 340
38271 98592 351
55569 77314 351
82475 27336 351
25069 31582 308
40155 51494 314
98767 98373 266
80152 20185 351
61264 49961 340
29263 12440 308
89667 38025 351
99977 71945 351
94032 81048 333
74458 36565 340
82505 2325 351
2633 14873 276
51771 14136 324
31867 43736 324
76257 4903 340
52974 97590 351
447 57651 340
6112 41570 324
47114 24276 324
48281 40563 314
69272 46230 340
19459 61818 340
21942 42689 324
28762 85007 351
10009 37347 324
74768 72811 294
44162 81274 351
6728 95183 351
791 32733 308
37085 567 324
94062 42684 351
63218 20922 340
66877 3030 340
59925 13854 340
29296 80310 351
54019 34944 340
86641 32669 351
26642 58876 340
12813 32008 308
22994 44377 324
61236 54694 335
43139 99345 351
68635 6278 340
95279 46428 351
66111 61375 330
4489 4367 215
70448 1763 340
92293 1803 351
92961 17939 351
86773 60342 351
54746 96873 351
92135 435 351
62012 43010 340
32585 21998 308
22897 91649 351
62525 6289 340
6032 68740 340
66523 14989 340
45880 30096 324
9691 3253 262
21775 26112 282
9386 79335 351
78033 23853 351
23966 1139 282
87126 57966 351
42054 34081 324
34053 82663 351
26918 67766 340
47416 18227 324
36594 33406 324
78609 76704 351
26576 51087 324
32140 67083 340
69174 74180 325
41923 21528 324
10112 47732 324
69638 80260 351
62965 34101 340
5157 75749 340
33396 2530 308
7093 32543 308
71907 64539 325
80370 41656 351
54305 94510 351
91391 37928 351
65700 62516 330
4282 80917 351
80116 36220 351
86888 4638 351
19336 93641 351
29852 15624 308
8407 37456 324
63251 56369 335
13840 17111 271
87383 20466 351
50358 25950 324
29962 1602 308
52452 65812 340
93084 48980 351
72277 3768 340
33839 60905 340
28677 87321 351
93399 26882 351
89958 95258 333
51208 98502 351
55632 52361 340
89741 77422 338
14975 60228 340
59140 70464 335
62481 39853 340
68495 57158 335
13204 93653 351
61189 30051 340
17167 47681 324
32777 31410 285
18418 76725 340
5290 78331 351
13515 39741 324
7504 30873 308
44254 93099 351
28823 63445 340
51272 34134 324
41424 45264 314
42005 62783 340
36427 16005 324
54700 85892 351
68403 38339 340
17946 99707 351
39699 63675 340
79912 51056 351
19563 65349 340
4509 61573 340
71250 8781 340
66678 39837 340
16916 38299 324
58038 23453 340
12366 92689 351
13614 30190 308
11122 98044 351
37172 39754 306
10076 17673 279
11721 40371 324
7564 17774 279
87663 29077 351
35219 99352 351
24970 47660 324
28332 30102 272
60192 50465 340
67141 70583 312
81151 21972 351
17947 7143 279
79814 39590 351
78198 33002 351
68896 14002 340
95470 12709 351
74968 87985 351
48799 46630 314
87852 20611 351
92345 81511 333
68907 39394 340
15823 13284 271
80859 29941 351
49096 48093 296
31411 94696 351
81484 18758 351
21847 63442 340
2695 86564 351
65901 62036 330
62331 16868 340
26120 94491 351
19817 62878 340
8570 36039 324
81992 90509 333
55004 40561 340
70021 56326 335
58820 36080 340
1824 6287 262
41889 47220 314
50785 51473 309
64690 15127 340
64186 81981 351
77190 61770 351
68045 29486 340
33093 76231 340
38883 7607 324
41519 58008 340
79914 94514 333
62073 86636 351
86604 4149 351
78121 28094 351
63075 80253 351
41143 46017 314
3842 80990 351
94003 41925 351
50006 26644 324
87258 85573 333
52548 56831 322
3137 53134 340
36664 63052 340
54358 51746 340
13348 19954 279
73787 56938 335
97587 38266 351
66693 6991 340
96591 27155 351
10675 45896 324
63285 57286 335
85317 49783 351
81925 38076 351
73612 74600 294
33698 44037 324
38058 75300 340
62933 32704 340
7559 24252 282
18727 60691 340
52118 48264 309
81790 90934 333
97349 58872 351
90749 45965 351
23506 76371 340
5864 54647 340
56592 27439 340
83551 1820 351
32042 49368 324
49925 84867 351
33053 59704 340
2366 35733 324
80647 3791 351
62380 73146 330
43485 37910 306
69231 85261 351
42582 91894 351
10703 29135 308
2071 40745 324
83151 56979 351
18388 34883 311
93523 45793 351
66792 90664 351
23741 31769 308
23175 17846 274
11221 91837 351
202 86740 351
35951 99763 351
96708 4927 351
61764 27600 340
36600 34250 324
34765 97148 351
64786 83469 351
65726 69003 312
66369 98680 351
59590 80188 351
6029 88987 351
692 91573 351
85660 56130 351
72991 86246 351
86691 35389 351
75099 96436 351
30151 62069 340
9498 30640 308
88843 69033 351
82037 24796 351
98396 41557 351
45677 63273 340
5922 67280 340
43433 70656 340
49562 48930 265
87690 61144 351
71108 48578 340
56763 62071 335
67461 91416 351
17129 92458 351
53514 69555 335
80255 24423 351
98407 50619 351
13400 27814 308
5382 17176 276
87178 49566 351
75984 52181 340
28550 61385 340
73526 65687 325
49616 92333 351
14810 25720 282
24659 96497 351
74966 26694 340
8958 50268 324
38195 49868 314
76534 2768 340
97127 20507 351
99266 43256 351
38412 29006 324
82951 29196 351
31883 60327 340
88249 24529 351
21657 20040 256
75638 10430 340
98615 58718 351
99629 40658 351
35666 30914 324
99859 12376 351
80366 10606 351
25390 98919 351
67725 31842 340
65080 73424 325
43801 63904 340
70800 9912 340
15656 94561 351
51295 61588 340
8138 92408 351
82813 88151 333
11695 74931 340
11781 55815 340
57910 11079 340
62767 85480 351
91603 71088 351
81081 56489 351
38233 52497 314
24361 15899 282
31946 39437 324
97272 93176 328
70276 51251 340
2738 80062 351
11167 70302 340
60015 80793 351
25041 63676 340
77840 94741 338
73312 2037 340
40123 99189 351
77874 89607 338
75162 68637 325
98521 34128 351
67234 56784 335
87700 23396 351
30576 35968 324
69355 99900 351
83413 9594 351
85747 84252 302
17613 54028 340
16938 27209 308
54648 75614 335
5335 2996 238
81258 3892 351
31606 4460 308
7050 16998 276
18669 27607 308
67442 97365 351
69140 38221 340
23485 91583 351
17288 6110 276
55050 95621 351
12308 70823 340
27097 23848 308
87819 18619 351
99757 91367 333
48913 10063 324
68149 31062 340
15109 76178 340
80581 87467 333
19604 38610 324
31552 13226 308
86462 73849 351
79993 8143 351
24201 27295 308
62222 53352 335
58511 98502 351
20022 70682 340
9225 92945 351
49153 64325 340
46302 33460 324
45186 69996 340
61443 67396 330
55251 73053 335
40727 30470 324
80688 95753 333
78581 24446 351
60453 91388 351
95799 41841 351
92008 13100 351
45776 14174 324
50691 61781 340
54393 3711 340
33557 67370 340
50599 74983 340
95242 94214 328
37314 97544 351
48886 17628 324
47237 17401 324
27264 53915 340
84514 44531 351
21812 32425 308
58412 7216 340
91671 95370 328
33574 6890 308
73168 51365 340
94156 74910 351
88327 7637 351
80846 70887 351
90843 13348 351
32884 70756 340
74164 44390 340
47480 65767 340
6583 56644 340
11466 90499 351
70344 20703 340
23691 92122 351
68857 65302 312
55116 35287 340
37712 83682 351
46961 14614 324
14506 74315 340
15491 94436 351
39696 61320 340
46808 80962 351
59014 70335 335
30680 66044 340
9104 54597 340
53274 67301 335
88750 83009 333
53729 40406 340
61268 87924 351
7665 41463 324
97802 94135 328
27142 25555 308
41639 12992 324
4211 70160 340
93026 82097 333
4358 10621 262
27353 75556 340
55033 76910 335
51074 64954 340
1399 80501 351
73624 80820 351
77212 43227 351
1721 68150 340
40129 54887 340
44511 9354 324
95873 1834 351
24675 62111 340
81908 10998 351
51788 97509 351
92476 18149 351
4196 20503 279
38723 9741 324
14838 27995 308
21980 14098 279
12376 96374 351
34451 55741 340
93424 63255 351
84066 16795 351
45754 92418 351
55407 42773 340
21551 36376 324
52628 76608 335
47098 64292 340
65602 42664 340
5421 87358 351
56963 85349 351
48024 56845 340
29068 73537 340
88364 7897 351
73439 76052 325
66031 91175 351
69117 18949 340
57539 12114 340
94511 69753 351
88956 31839 351
46801 84890 351
92864 63122 351
48187 72624 340
25414 96876 351
4885 33159 308
13180 73097 340
45524 60558 340
84155 1864 351
68529 67473 312
70856 57095 335
63696 62721 330
69856 22762 340
46586 32689 324
18035 87004 351
20846 40491 324
64341 37239 340
72715 3011 340
46363 7942 324
96021 58080 351
92820 97872 328
33413 57924 340
41894 26901 324
77316 8101 351
54374 73574 335
63814 53860 335
76907 54444 335
34009 89547 351
62268 94845 351
99206 17601 351
38202 14811 324
88727 19938 351
29767 75933 340
99017 43579 351
47949 32889 324
76155 27123 340
91626 35691 351
47235 85252 351
4470 53331 340
23711 35748 324
40590 91893 351
5374 28636 308
8932 18385 279
75915 32894 340
17469 20028 279
32840 65458 340
19412 83364 351
60834 72777 335
24728 16296 282
26925 33811 285
62361 21032 340
57967 36956 340
63069 26983 340
41273 99035 351
9659 23724 282
5381 51865 324
28807 72226 340
22089 70479 340
37624 43895 306
17613 27791 308
62993 15265 340
16489 76322 340
20867 58680 340
95066 9808 351
22595 11462 279
60804 19109 340
17687 16738 279
9697 2646 262
79655 71568 351
74677 20675 340
35352 48489 324
79507 48691 351
52458 75963 340
44121 19663 324
31451 41606 324
60536 90404 351
73298 72751 294
70000 61945 330
39372 87041 351
24822 16992 282
11596 42856 324
44492 41388 288
20755 13547 279
9267 88354 351
33569 90508 351
97685 88630 333
36934 97386 351
21261 54213 340
42545 77052 351
44310 70805 340
78516 2229 351
14290 28670 308
51684 97128 351
90066 77778 338
1582 94664 351
22397 1870 279
68526 12911 340
43229 29685 324
57041 25900 340
29261 96834 351
67777 74368 325
36007 9922 324
75191 53197 335
20851 92008 351
98367 86476 333
30857 25846 308
30011 91545 351
10574 42726 324
5028 90662 351
73419 7819 340
90863 14466 351
74726 89930 351
92867 70435 351
51534 52455 278
18912 33978 308
62024 1535 340
75523 12675 340
34901 63215 340
24506 47464 324
29458 8781 308
75783 32159 340
3138 42927 324
27346 61239 340
5100 15139 276
45793 88678 351
74317 53234 335
68361 43219 340
35310 48381 324
35176 16535 311
23316 27944 308
16701 5793 276
55084 1452 340
42001 57584 340
905 38879 324
88327 97421 333
57713 8674 340
62198 73065 330
33334 34046 267
73724 43321 340
69179 38174 340
45079 14211 324
19931 30475 308
95625 79856 333
13797 38716 324
34014 66402 340
39992 94862 351
32732 61502 340
43847 67753 340
79425 72983 351
84423 16050 351
19223 23856 282
98497 96662 297
11673 55245 340
14415 17605 271
43960 53826 340
5935 20211 279
50240 14888 324
63253 66196 330
83645 95534 333
24335 63988 340
83518 95736 333
52997 81379 351
46446 71560 340
30321 54333 340
24893 83601 351
74129 62909 330
62617 18947 340
73641 34348 340
99636 60550 351
40117 14904 324
3393 36040 324
79995 93945 333
90149 25138 351
73811 13265 340
17326 92714 351
2086 794 182
36360 6268 324
15720 90872 351
99784 87381 333
27029 22269 308
19541 31576 308
94518 76843 351
956 67434 340
16494 10183 276
8393 30065 308
41671 52697 340
20837 12355 279
72920 67318 325
80 77356 351
83362 44334 351
96946 2744 351
44652 26990 324
10601 49551 324
50923 28949 324
88858 57608 351
52737 22341 340
50139 23492 324
34868 93210 351
1920 58094 340
88173 41982 351
27166 50682 324
36253 99248 351
21356 88859 351
97253 33502 351
31121 11029 308
74553 1473 340
20578 91133 351
65714 59952 335
85406 30131 351
5263 41223 324
55542 7020 340
