390058 107247 443
348060 296920 441
112806 788170 509
339731 417762 449
746159 751441 393
329854 951795 525
411948 393167 449
668412 461902 509
804707 680413 504
589324 380094 470
727276 845815 525
291170 611005 470
147128 234490 443
956245 139512 525
297782 720341 509
222751 244456 443
474052 54392 449
886841 874270 432
32489 44070 324
793382 590350 509
571370 786365 509
711046 731638 411
281466 187063 443
121630 334118 443
128951 927646 525
41378 562902 470
171518 464465 449
327530 885232 525
776888 607058 509
636780 68990 509
487822 582894 470
739435 16596 509
627948 448468 509
764513 726750 424
882304 749712 525
804588 289530 509
821868 80880 509
104451 421114 449
816421 819356 450
497435 529618 470
218051 479325 449
363784 590857 470
603093 883702 525
45567 21167 324
11872 464013 449
967106 834830 525
585270 77204 470
718990 636535 504
249537 74563 443
384632 804716 509
313678 997300 525
21744 64817 340
547007 960860 525
768904 237139 509
196479 761531 509
57529 997179 525
97350 664003 509
662272 424656 509
200995 850458 525
104431 457857 449
752884 195401 509
862486 983193 507
607362 370046 470
229292 148252 386
348209 701633 509
920074 681490 525
618230 961107 525
623495 280194 470
590893 146693 470
735670 78542 509
111095 228798 386
782728 911607 525
138130 257024 443
346886 705026 509
935009 146361 525
487170 334386 449
908105 357226 525
652341 518183 509
626598 471173 509
912842 44777 525
430478 518965 470
793303 689558 504
362488 436189 449
639047 13831 509
280426 792692 509
932046 596508 525
962156 473269 525
243177 181098 443
538426 326023 470
729769 902961 525
922579 78119 525
969924 504162 525
48260 518900 470
286388 157345 443
260474 160047 443
323660 400576 441
52751 903422 525
347021 879745 525
832752 139401 509
495817 54340 449
787244 733659 468
115095 139641 349
692336 559299 509
96462 728453 509
417683 992011 525
321185 76743 443
879841 492611 525
361756 530317 470
660834 291964 509
896340 150844 525
654830 528065 509
848715 290866 525
962098 717528 525
382512 937741 525
595686 206548 470
887725 159704 525
882120 802331 525
124956 233428 443
14669 511653 449
842214 871208 419
518195 630757 509
881922 132294 525
65145 345988 443
106834 471021 449
44706 942679 525
419267 994184 525
617517 384376 470
191297 34356 383
271720 656790 509
961688 736431 525
754949 61136 509
554250 994213 525
215484 571980 470
108569 24250 354
893772 354752 525
376351 965132 525
32302 372117 443
411811 806724 509
851337 513296 525
34412 982010 525
155277 563494 470
892762 231371 525
678673 765208 504
544991 232042 470
926999 125172 525
506442 524860 470
827279 642179 504
549745 746324 509
751434 667204 504
231003 962643 525
366605 657032 509
806422 637767 504
101543 206430 383
743572 76237 509
617768 199673 470
369975 927358 525
595991 498686 470
915191 713294 525
55284 757405 509
807293 858400 525
820855 73735 509
796496 780368 468
420409 643354 509
172847 125765 383
620525 114325 470
374761 413940 449
864792 78371 525
948684 351854 525
521245 163905 470
559567 735164 509
511519 753412 509
897044 432567 525
404812 717163 509
578801 863956 525
55263 860880 525
58989 263936 443
987293 655279 525
517067 137313 470
398165 732550 509
174319 605720 470
555460 875639 525
892407 932455 476
781505 38704 509
516726 858203 525
367888 305196 441
303449 507591 449
127882 281783 443
278877 108122 443
748948 304472 509
94015 397867 443
411516 603586 470
443349 40089 449
666941 415371 509
623491 40104 470
756228 187392 509
280253 824993 509
962032 688346 525
305020 586835 470
567367 859659 525
946806 474489 525
865817 624456 525
831318 661138 504
399720 591065 470
554910 493732 470
67693 818960 509
616018 295806 470
638972 733244 504
696407 390218 509
614119 63135 470
777904 912732 525
175567 730486 509
927396 295660 525
104279 642689 509
970686 739606 525
215260 188673 373
920442 23826 525
834532 519593 509
204756 325205 443
252551 121748 443
977995 726370 525
565991 969528 525
957409 719245 525
681414 44202 509
50489 825204 509
954222 596364 525
836510 204533 509
502492 580587 470
811238 862158 525
215136 881484 525
843284 308924 525
504466 420818 444
942227 407193 525
378541 542680 470
348018 106073 443
34966 690434 509
391947 366083 436
497890 8980 449
564263 887168 525
541748 207291 470
129308 721611 509
418883 963141 525
431968 60604 449
155814 629500 509
248924 71673 443
433644 903213 525
339895 666835 509
113185 899185 525
910899 849871 476
706419 532869 509
143429 51788 375
683786 316442 509
177500 566654 470
114318 154429 375
709784 56865 509
777139 187406 509
875777 170444 525
71617 324391 443
477936 827858 509
79749 44045 351
976911 452233 525
375544 479548 449
730281 114612 509
458870 910354 525
78096 230177 386
601689 752033 509
385164 615775 470
537686 373919 470
662395 658460 354
109595 731852 509
631286 582091 509
531268 678469 509
757314 921440 525
426205 154346 449
854689 640301 525
896636 446702 525
355508 123972 443
561984 587081 434
784972 899594 525
825357 141155 509
385818 728055 509
433427 146999 449
785690 364376 509
336528 717012 509
761998 732669 424
435443 957167 525
970673 997430 427
294460 975648 525
848521 982069 507
624328 203644 470
58258 961821 525
998367 564179 525
177227 475586 449
119987 689118 509
229233 273794 443
746089 827747 468
631545 982181 525
734678 875855 525
445613 159811 449
564208 406434 470
820534 44693 509
454616 209395 449
768679 850392 525
75195 783088 509
668417 126662 509
467609 257077 449
824224 170691 509
487640 240286 449
859992 802565 525
816752 422558 509
870813 178774 525
37747 842662 525
102900 733820 509
692468 144644 509
88527 86677 333
661874 708937 504
668902 833206 504
369459 616934 470
83529 492094 449
894348 659181 525
530107 257664 470
13182 79681 351
16430 882183 525
657078 574226 509
289669 604086 470
305495 847574 525
85771 126135 354
250943 226149 443
585217 327233 470
668802 170667 509
506258 903913 525
225964 977810 525
785499 654871 504
273690 274204 358
873205 717000 525
763610 221414 509
930723 453384 525
83916 816869 509
830282 144407 509
543424 520047 408
246927 449860 449
270056 940162 525
851018 194367 525
683934 934293 525
393665 810631 509
161680 689334 509
355013 789221 509
736326 692018 504
539168 459663 470
689653 302847 509
197199 724025 509
572470 173708 470
206841 104743 383
221633 34313 386
423159 134848 449
860683 185891 525
771440 612660 509
916551 557287 525
585399 199620 470
734430 20393 509
308815 342665 384
832432 549922 509
952378 605527 525
436303 481670 444
209288 536686 470
710840 648657 504
96577 803026 509
431057 187944 449
992990 868701 507
823601 344523 509
802037 284034 509
902524 303004 525
950935 745934 525
971957 360723 525
990339 315642 525
798393 377776 509
443826 288689 449
839015 290337 525
342338 607462 470
130136 884758 525
142360 947656 525
81521 978189 525
234259 344412 407
901638 102728 525
400198 634931 509
430088 199661 449
465504 812029 509
654743 762362 504
222507 985983 525
910872 847474 476
878610 321739 525
777158 147450 509
42273 684707 509
684989 915961 525
549190 715535 509
120800 888830 525
570073 788459 509
855461 557946 525
360694 198991 443
320700 468658 449
434208 536374 470
213646 726213 509
923639 513023 525
824395 621994 509
946227 775087 525
830158 396493 509
427832 918234 525
474633 111477 449
893200 295843 525
751287 941479 525
379351 601515 470
680152 728904 504
654560 700276 442
127160 10930 354
609064 617274 447
488933 862571 525
244869 193043 443
608001 805536 509
398547 734751 509
805730 20047 509
915504 822701 525
904137 146704 525
359492 838607 525
90728 163795 383
348371 643637 509
209183 239408 443
437128 101069 449
54290 208319 383
202305 596737 470
729060 199951 509
120731 650898 509
218542 614166 470
770690 369366 509
658547 761745 504
788350 498582 509
279947 361896 441
841451 546735 525
105489 996508 525
266347 859759 525
76041 385478 443
818959 720230 468
487149 251680 449
401854 528390 470
508871 373074 449
149679 131696 375
616073 658623 509
297164 41410 443
348696 480739 449
826499 128780 509
500487 715048 509
334449 428372 449
568268 213386 470
48336 271759 443
99033 125936 354
40740 40737 37
295677 235302 407
800348 437130 509
556553 61790 470
112314 265528 443
878114 260019 525
72777 365995 443
313414 246518 407
612880 334622 470
48760 198154 383
216747 493639 449
758768 868942 525
721157 983643 525
435830 452743 400
514041 508885 470
870358 682617 525
881730 816870 525
64438 386658 443
391943 221757 443
180701 734967 509
563926 562481 359
309826 302406 371
81623 741008 509
33278 184218 383
95561 838867 525
749945 663259 504
19656 654851 509
517156 664431 509
233349 579396 470
838391 232602 525
936066 660338 525
264919 662632 509
58095 960007 525
799124 414639 509
596981 693496 509
110192 211744 383
366120 192175 443
210216 440372 449
541657 506639 470
90389 380933 443
455265 57686 449
49900 735670 509
803765 94799 509
524221 733045 509
903326 718925 525
250956 438701 449
667500 115126 509
349059 940557 525
177542 30962 383
232751 861470 525
748571 869048 525
533661 253120 470
794938 183096 509
179432 135258 383
527411 970977 525
172892 574466 470
181582 364109 443
211985 23728 383
107191 756724 509
365817 628416 509
897504 82588 525
347735 345190 441
477392 326416 449
530390 996711 525
969634 590678 525
311573 939561 525
660676 607949 509
253682 464480 449
571188 75437 470
52278 140290 354
72945 638736 509
905094 150626 525
365305 157761 443
8554 397988 443
739948 77485 509
460183 963043 525
434850 968682 525
624427 16970 470
750322 70230 509
508088 325565 449
785051 640140 504
581743 998715 525
286022 693095 509
90285 743358 509
436077 247402 449
231057 80347 443
910404 330662 525
641256 628469 416
741827 246207 509
831019 173232 509
933285 41333 525
864066 988721 507
35743 853389 525
305265 890492 525
257625 935158 525
968069 202264 525
583929 633585 509
34186 555324 470
57245 531600 470
91612 484454 449
816763 392547 509
532281 902390 525
840884 6600 525
746369 481958 509
862161 595007 525
676854 977233 525
126471 66551 354
823937 173737 509
47094 568999 470
880938 791771 525
127271 393060 443
162218 191853 365
348267 292851 441
667871 881397 525
252148 414530 449
702200 654496 442
416229 982363 525
578158 594671 434
734807 869239 525
362117 132802 443
560954 382524 470
668175 797019 504
101771 679524 509
535241 679605 509
766814 327593 509
81160 592680 470
1249 539802 470
770435 423637 509
892216 6318 525
855563 940339 507
936501 479841 525
27046 278271 443
73875 785979 509
289031 667078 509
686983 459614 509
83818 505607 449
265579 970710 525
62415 693794 509
10318 603753 470
314612 596501 470
273672 282522 389
42620 65628 340
100395 858596 525
123828 672319 509
169726 788653 509
35134 495467 449
786341 522633 509
841975 212540 525
955862 621692 525
740756 347324 509
780499 786218 375
65445 504489 449
961396 490952 525
222455 659321 509
587521 974571 525
864945 13312 525
711046 545596 509
426142 755064 509
336876 318966 384
312108 820140 509
141832 783607 509
823953 861530 525
987822 848286 507
523719 788693 509
333768 587791 470
224746 301419 443
982279 431287 525
112050 273144 443
712859 263144 509
924539 499818 525
929267 981180 507
918301 348399 525
68313 238114 443
341990 760103 509
529804 214774 470
71359 427605 449
86217 656342 509
497941 993 449
198193 672879 509
246544 66305 443
983337 591532 525
726399 665638 504
969532 444240 525
224059 328640 443
587795 243766 470
859936 557828 525
358541 885817 525
360001 71184 443
128165 358608 443
264647 880394 525
163990 850847 525
980514 63453 525
434557 72031 449
879588 389031 525
707456 476000 509
110085 966042 525
78429 697170 509
682790 267802 509
573505 712384 509
813712 779412 468
833275 373116 509
800300 21999 509
691847 38929 509
375959 940688 525
242602 978228 525
26317 503268 449
351728 106397 443
316666 231806 407
886837 601164 525
632134 801183 504
295104 102901 443
706393 171849 509
953597 9640 525
548327 740312 509
408226 307087 441
37099 685893 509
37909 592718 470
17488 440586 449
215028 311581 443
853532 970846 507
791900 608041 509
337342 914442 525
764208 589713 509
682692 746178 504
992386 560926 525
215569 623407 470
65649 342388 443
396056 600916 470
627047 717532 504
748028 597054 509
717587 623748 509
203357 31130 383
577981 60536 470
279815 163314 443
514361 736896 509
45930 655234 509
925268 475503 525
545645 114372 470
871538 916784 476
491537 496995 426
879019 975957 507
269206 321195 407
379432 415479 449
68421 47497 340
763393 835398 468
981161 665075 525
942172 180402 525
151188 835735 509
251686 904058 525
938861 628378 525
892644 742834 525
389771 6512 443
55591 14674 340
52312 501590 449
690963 992748 525
391343 719595 509
109178 923154 525
384171 312793 441
548463 374204 470
782766 414911 509
871047 165831 525
550140 228417 470
168660 963715 525
456097 108051 449
807557 113512 509
710069 559905 509
565849 197405 470
167412 656274 509
901434 661455 525
237335 772303 509
471482 486342 413
308463 586353 470
52163 184909 383
256277 743715 509
528579 554034 452
341072 219017 443
133843 737438 509
696624 875202 525
52387 872525 525
47735 396101 443
880774 851132 432
404178 45585 443
667316 618012 509
511705 434471 444
197030 515367 470
877728 263274 525
250629 78030 443
350905 308432 441
928197 54754 525
261783 642514 509
385729 815716 509
568361 712777 509
862296 900881 445
975284 43219 525
534139 246437 470
242024 648661 509
415696 27026 449
824558 968829 525
822777 996385 525
496098 50587 449
972514 897746 507
934721 968038 507
665953 529574 509
587661 332730 470
673316 548851 509
169203 342031 443
773965 611699 509
373449 430382 449
630270 996199 525
414264 963189 525
641493 521848 509
461710 29063 449
341067 100068 443
921979 407287 525
339986 168004 443
397639 744338 509
732208 10397 509
794002 610301 509
706444 670586 504
64178 573034 470
181442 738820 509
924862 851205 476
214103 701520 509
742461 783157 468
288741 854294 525
321578 314923 371
569148 912434 525
555053 160080 470
785901 958094 525
897241 656412 525
607693 631923 509
759040 853355 525
286803 335337 389
385192 899601 525
558 18805 279
97768 564078 470
580378 487624 470
287379 957470 525
19821 303493 443
870230 204968 525
321864 376702 441
744656 929409 525
658625 782691 504
293983 278664 389
27413 407633 443
23033 83456 351
967090 475979 525
581246 309396 470
246945 363727 441
906647 292774 525
262395 964267 525
163552 227150 386
749986 786590 468
93199 299120 443
521224 52051 470
900419 634577 525
165758 737733 509
368493 232634 441
750808 722771 424
348589 538036 470
593044 423171 470
529635 943734 525
137175 881222 525
919079 51256 525
943494 230528 525
203932 629595 509
397393 513292 470
497964 304759 449
701000 232048 509
225067 709498 509
612297 638145 509
494497 365510 449
988498 68618 525
98405 873279 525
319486 161534 443
760578 25460 509
452129 546711 470
447001 608110 470
166656 81630 383
656494 479047 509
417793 585627 470
61034 883406 525
413646 975023 525
628454 316517 509
146040 949836 525
645130 765967 504
653428 640269 416
29444 309897 443
352690 837338 509
849535 938696 476
239345 907895 525
297273 816769 509
290702 731697 509
820249 840302 525
964923 212709 525
88498 908235 525
160217 226546 386
295251 396535 441
132048 788884 509
791067 886557 525
782628 577664 509
686124 934813 525
399735 648633 509
906510 626854 525
671058 807468 504
274548 810923 509
166581 971970 525
488990 70038 449
834724 504021 509
445330 190203 449
187486 292064 443
259798 359800 441
19811 841636 525
905734 258424 525
491942 519718 470
351912 229812 443
438291 745407 509
864362 427762 525
385999 385459 343
293526 334087 384
789050 326146 509
218777 843269 525
569072 574769 377
835548 254864 509
897844 150508 525
412987 442773 418
955026 640688 525
846481 513449 525
190947 323276 443
366835 905731 525
354429 678929 509
550515 260727 470
771011 66309 509
332893 231259 407
891275 197025 525
155959 749943 509
723348 438721 509
458098 620173 470
69451 872751 525
328139 526596 470
811507 8962 509
399870 479201 449
235990 451983 449
527172 596468 452
524560 35370 470
864781 809422 525
895092 803781 525
840351 504637 525
748914 575142 509
703597 347294 509
744921 625244 509
530139 887076 525
477829 104702 449
210442 774510 509
226908 573108 470
606242 907876 525
70013 677395 509
598979 774486 509
814679 362202 509
953168 677155 525
825379 106064 509
523093 804021 509
133023 534561 470
975385 756721 525
475405 265969 449
251084 817489 509
328488 518319 470
175600 192155 365
26054 595855 470
925460 925528 202
869118 648106 525
845427 611782 525
556248 798794 509
929026 367997 525
71976 563930 470
659229 162327 509
313917 814663 509
184852 356619 443
506071 904612 525
558487 903982 525
552670 417228 470
869469 292844 525
158663 316809 443
299195 847455 525
730895 438717 509
633877 281187 509
247336 628657 509
291412 427537 449
162802 172135 352
75333 425736 449
331990 308740 384
866774 177675 525
419718 262369 449
888676 80849 525
841067 957839 507
357815 242346 441
308329 251646 407
888396 631518 525
95913 450406 449
501331 647234 509
830135 866697 525
496218 484270 426
500875 376450 449
970136 999311 458
264133 719941 509
904991 942127 507
493738 898806 525
324318 283173 389
101052 153680 375
447705 578527 470
490799 413892 444
586170 588082 359
986120 898282 507
152325 172087 383
117583 567466 470
3491 209963 383
217182 347107 443
868751 448710 525
932493 364600 525
26701 144626 375
569833 850545 525
36473 420905 449
871839 565729 525
47663 289101 443
664122 422758 509
690846 892624 525
160356 508670 449
2704 728241 509
160478 281732 443
621801 818486 509
570496 676511 509
43925 873095 525
153394 930414 525
397906 37568 443
90288 117001 354
379717 491760 449
554688 790184 509
83861 979551 525
410039 383597 449
473328 525105 470
555292 886495 525
592758 239879 470
189562 368490 443
411839 528414 470
429732 768022 509
905812 208715 525
296776 721856 509
