97507 627017 509
614586 351769 470
379636 527500 470
667751 729489 504
878888 647386 525
923483 87328 525
867723 985547 507
730529 816906 468
881807 336816 525
237576 415909 449
556500 295368 470
71996 747076 509
908954 937434 476
379834 305873 441
460950 15734 449
111604 813771 509
281267 673986 509
208939 799725 509
761440 89551 509
391341 132576 443
632582 22177 509
665508 720579 504
197990 144726 383
710372 821260 468
26789 29040 259
808700 433483 509
597795 991535 525
949133 266395 525
907632 115659 525
503085 97954 449
750285 963922 525
306097 983974 525
57967 122601 354
57031 526242 470
765436 171116 509
430993 966358 525
694120 380861 509
902982 918034 476
887450 840261 445
585228 25386 470
364963 663813 509
799897 429928 509
226373 620872 470
569633 406878 470
288105 369751 441
454527 935070 525
215455 989262 525
808010 501683 509
380541 618542 470
253633 56263 443
332097 926996 525
254339 380068 441
227069 863208 525
419023 11375 449
78452 703248 509
554488 784678 509
923625 603640 525
676015 475066 509
491683 705215 509
136558 240726 443
414423 817832 509
790701 652209 504
876716 882876 401
791640 325530 509
657253 106523 509
822417 734272 468
727472 466579 509
553579 546723 377
525885 98812 470
253420 164765 443
907669 800357 525
306648 785274 509
369676 440717 449
77540 257916 443
365469 73679 443
389586 316492 441
817751 73192 509
91755 349993 443
221355 736336 509
736902 71863 509
677513 757583 504
948089 819839 525
495155 249261 449
809371 203866 509
83544 949196 525
219809 162249 386
416840 639089 509
218662 787972 509
527683 52227 470
765829 831000 468
104308 319784 443
681228 744664 504
192077 358229 443
774339 30676 509
235354 629193 509
61079 809549 509
645616 815706 504
30594 570021 470
571474 738325 509
52232 697824 509
810231 145425 509
177689 157988 370
376256 659502 509
28742 187329 383
320425 580542 470
972342 374167 525
732505 387632 509
11457 951608 525
120763 366001 443
417551 121019 449
163084 937068 525
333240 84572 443
785592 320393 509
730088 604362 509
507683 547109 470
461989 486011 413
192213 547236 470
825047 483771 509
666848 390622 509
163626 656323 509
798768 708052 468
410015 84330 449
83469 191769 383
352417 116958 443
697728 792163 504
184161 148742 383
494121 562542 470
14089 534066 470
679584 494432 509
743922 556102 509
153666 689156 509
564505 411708 470
556082 588877 434
563805 913948 525
505413 974809 525
810129 10927 509
41496 442656 449
63844 96560 351
837642 935873 525
364391 358709 410
496835 608439 470
582098 260960 470
612564 179362 470
638125 840807 525
825760 511079 509
330844 458506 449
884206 29208 525
664479 513218 509
628005 23597 509
588831 593167 403
412059 728816 509
677912 129769 509
498981 502725 426
645000 135466 509
702057 565445 509
438291 306474 449
770863 83468 509
312220 752788 509
865656 569870 525
933684 96927 525
474614 408620 449
87249 221378 386
590739 162509 470
546357 302900 470
937627 82309 525
360038 103479 443
689303 81908 509
937239 53990 525
886091 205146 525
473504 830315 509
515230 340321 470
139258 676632 509
2917 688999 509
107 601653 470
698950 497511 509
783169 105788 509
821181 754372 468
864261 277597 525
746862 445527 509
38705 185599 383
360521 981567 525
41737 507792 449
836617 813780 450
322999 436652 449
701610 678477 442
665428 507862 509
682436 218855 509
326346 351570 441
635417 985761 525
71542 401516 443
729185 390250 509
849825 134406 525
257191 847587 525
252558 633926 509
604197 12776 470
130838 280416 443
326929 373401 441
804827 936307 525
861948 455558 525
121513 76541 354
698513 769970 504
170905 19559 383
856646 818454 525
228771 155995 386
920526 548652 525
989282 417622 525
850167 543417 525
429336 606300 470
440807 320172 449
157194 92442 383
884754 709261 525
262939 999219 525
60433 111151 354
793638 96573 509
264748 988028 525
601159 26874 470
252101 89907 443
364206 882991 525
282389 671734 509
132367 707752 509
21430 764868 509
886937 929031 476
971479 16558 525
689965 451617 509
640204 317380 509
388541 862606 525
981164 981247 321
901982 845450 445
356667 362730 410
330137 673523 509
295828 907069 525
593464 479760 470
539897 709085 509
413897 702121 509
831472 572257 509
330626 706014 509
916629 693529 525
935271 770002 525
703782 1338 509
703508 545520 509
784386 7239 509
490379 473370 413
73292 681997 509
719656 965073 525
896615 560207 525
764935 752662 424
229602 927513 525
839575 649425 525
959618 494517 525
985108 671887 525
656830 176117 509
636598 377476 509
293046 641977 509
769213 778956 437
66762 114 340
482356 779192 509
63934 515512 470
430435 737927 509
354008 108891 443
375177 182986 443
394789 183818 443
566839 497533 470
427487 190926 449
945469 124549 525
361928 807039 509
713679 681095 504
538269 471265 470
30599 503187 449
597918 359776 470
534304 142476 470
795080 713914 468
474537 179198 449
326034 451599 449
859948 482361 525
460562 960509 525
824689 533179 509
600089 143278 470
31408 406065 443
651653 539803 509
999614 386357 525
746827 846826 525
808811 824220 450
785809 155877 509
631117 426757 509
391979 954849 525
828334 857072 525
365341 945393 525
533684 543719 408
407569 716879 509
84796 621059 470
105583 826446 509
998080 845425 507
950406 378476 525
140638 283858 443
114170 372430 443
271972 208956 443
116102 63566 354
660720 775612 504
103357 615986 470
692865 581346 509
476698 702078 509
410652 911794 525
785929 573852 509
874194 401465 525
973735 913816 507
488287 670096 509
579920 952943 525
688148 41163 509
76511 58110 335
23627 518944 470
156329 251685 443
186859 483974 449
629017 567960 509
849253 560335 525
420069 88405 449
268939 159623 443
760529 844308 525
174677 392432 443
525259 833583 509
247644 914412 525
320401 413480 449
418556 759189 509
842201 829688 525
459931 301046 449
897126 383729 525
878398 691198 525
888271 452491 525
251490 587030 470
264823 727477 509
19686 157502 383
761472 501744 509
785846 305038 509
322294 487988 449
608953 932502 525
659669 86247 509
495557 14306 449
710319 575282 509
101980 576348 470
605354 759377 509
151929 576293 470
198439 909168 525
578401 539086 452
427382 532206 470
522485 61947 470
750984 10360 509
693487 564486 509
366249 20923 443
379938 268228 441
679096 43511 509
279505 413498 449
696978 626376 442
472825 554676 470
962562 190858 525
604849 268176 470
517385 816201 509
277448 403447 441
423750 205839 449
326941 666197 509
257513 500411 449
264756 919320 525
188094 16268 383
521492 319462 470
776306 82175 509
368160 878464 525
825270 687395 504
124836 641101 509
292958 496500 449
612757 653977 509
225880 950575 525
14830 836093 509
859675 771319 525
659478 874463 525
611442 832252 509
983519 439158 525
555169 376913 470
199413 897954 525
463869 202327 449
488675 271659 449
86355 123125 354
64679 424393 449
122752 100329 354
48692 445190 449
325438 905180 525
669004 33836 509
69613 480238 449
686447 579900 509
610984 925590 525
842418 247893 525
529945 345271 470
375506 400806 436
175455 342430 443
771970 499910 509
17595 299671 443
19217 811858 509
217901 885644 525
168607 963653 525
439882 580308 470
228039 233381 443
163567 159184 370
686570 789266 504
958720 934867 507
212052 673618 509
368515 449315 449
259034 661967 509
312892 511004 449
379657 371780 423
98831 693597 509
474735 412353 444
353769 788199 509
3871 36486 324
417106 553349 470
322261 274488 389
59757 235798 443
633473 886768 525
565574 897301 525
648539 810950 504
338515 42311 443
636356 186876 509
335478 245215 407
510784 134735 449
615949 54314 470
685664 49257 509
567887 894533 525
252398 131328 443
704606 924500 525
322559 415285 449
261378 504959 449
927942 909154 476
821040 104507 509
423937 704617 509
631392 29234 509
825199 621152 509
933762 32521 525
126140 980370 525
466636 853717 525
559269 942963 525
694393 378544 509
637964 490356 509
419491 536190 470
608131 291731 470
571458 27330 470
897106 535270 525
555868 714903 509
186240 696031 509
532291 469311 470
764485 740191 424
668286 528102 509
96156 537275 470
656736 543243 509
268750 410381 449
262205 803961 509
670762 598711 509
285413 65942 443
360760 122510 443
968858 926260 507
857461 408273 525
47213 413963 449
670435 567733 509
536554 580998 452
720693 523564 509
163319 429954 449
375686 263615 441
420834 585816 470
649367 332805 509
675515 713899 504
623602 254646 470
532856 73232 470
779874 405636 509
480197 295898 449
527561 777407 509
964316 885892 507
688345 267896 509
237656 586970 470
765554 94232 509
309814 87600 443
34934 163030 383
783121 805106 468
887354 668481 525
839411 767574 525
646442 260210 509
118810 501421 449
971472 565546 525
298363 623062 470
477276 595092 470
948298 377052 525
448783 172842 449
137073 318163 443
758320 213599 509
58615 162391 383
917385 224771 525
280204 672787 509
517042 984947 525
190541 653466 509
556837 688274 509
524733 380891 470
803182 332503 509
557488 304553 470
938943 552723 525
51369 499369 449
836791 349112 509
722322 877104 525
952002 258129 525
753468 307519 509
446469 193670 449
22034 262193 443
663720 970555 525
956072 999588 458
521 219032 386
596308 999598 525
183365 136077 383
715231 830876 468
154459 45418 375
549851 602890 434
743172 225038 509
282220 701932 509
606663 742835 509
469084 148482 449
556396 307628 470
439710 449293 369
348793 65969 443
915969 121880 525
69171 487387 449
743091 329577 509
314446 105177 443
784190 708820 468
725954 771909 468
31741 891726 525
629563 486815 509
296029 852499 525
714768 182967 509
450568 986855 525
686641 753142 504
988008 254675 525
227028 158162 386
808724 456065 509
800799 906353 525
150011 791977 509
385229 645339 509
531505 573958 452
905018 245965 525
650045 38300 509
615355 407613 470
58039 363808 443
28161 134788 354
916375 119695 525
749021 41255 509
92994 864669 525
531261 171810 470
948387 382513 525
193427 820122 509
837622 271236 509
119331 688249 509
381593 649117 509
27587 947427 525
700321 779772 504
463987 115148 449
208737 50809 383
695821 99039 509
714590 831915 468
482172 282933 449
937257 656051 525
171711 444710 449
747186 967746 525
596094 689842 509
898833 617600 525
656865 751995 504
144102 749647 509
153882 252359 443
560001 803016 509
298778 739116 509
442497 30922 449
765662 987881 525
755943 735753 424
955016 85501 525
659233 936131 525
717126 486617 509
769469 296859 509
797173 355539 509
57314 315880 443
380724 317154 441
435613 672330 509
190944 847268 525
438266 318217 449
180823 593692 470
886986 496649 525
738649 697525 504
899830 545963 525
838429 61096 525
974143 234688 525
570230 229203 470
945381 943764 383
917883 962319 507
910397 542007 525
363969 435294 449
336027 841159 525
550933 352861 470
223052 763451 509
459108 546279 470
289226 520582 470
50645 895708 525
573947 725581 509
581652 704857 509
149434 585895 470
817792 936955 525
748734 981834 525
846879 518567 525
601965 497731 470
83116 784267 509
569017 997092 525
284700 730932 509
9345 769177 509
315607 627102 509
47452 847073 525
239398 335321 407
408148 161262 443
744532 316168 509
95798 43677 351
794411 892180 525
658520 104366 509
435971 258922 449
204922 592525 470
794782 895127 525
629744 778260 504
635258 474921 509
966155 284636 525
814390 609756 509
418419 141030 449
656883 613637 509
164598 454147 449
570542 517161 452
23455 644185 509
293885 87371 443
396758 83622 443
433553 552693 470
657078 735282 504
31480 292698 443
781590 365632 509
121393 768622 509
423249 287069 449
345278 984003 525
759674 408632 509
131175 177898 383
938627 546997 525
808055 542072 509
251688 416204 449
861549 861589 282
482160 647311 509
737725 190128 509
820548 61105 509
988988 617488 525
775495 971659 525
579087 127274 470
46936 817459 509
468266 181158 449
791245 532331 509
721486 347128 509
987371 153879 525
514162 991170 525
78550 948573 525
836425 872311 525
825884 66779 509
839329 110457 525
863438 554395 525
801867 541625 509
535231 768861 509
422985 753330 509
377095 301604 441
48916 904196 525
671820 84040 509
816728 180062 509
307686 628549 509
362446 677002 509
953546 785744 525
435573 540415 470
923065 942007 507
693941 232121 509
897082 123836 525
70466 522269 470
619735 637063 509
234106 700560 509
475431 312598 449
181181 538418 470
505 74547 340
875021 385391 525
116626 905568 525
665437 457523 509
359561 346961 379
141946 245573 443
100859 322003 443
509943 847279 525
363723 475400 449
406691 210238 443
642519 371797 509
334632 232166 407
613875 335367 470
142864 975133 525
688566 910520 525
931857 854648 476
138708 316907 443
319983 353203 441
746725 37316 509
210166 982302 525
742144 54926 509
857379 674637 525
541046 427184 470
913707 443443 525
110836 908556 525
266293 874554 525
128674 630383 509
963823 121239 525
670799 684247 385
788355 688542 504
232041 304368 407
833314 123841 509
517013 309367 470
87917 121048 354
830845 681459 504
880063 380220 525
476780 738690 509
820298 887317 525
755230 981444 525
997081 507204 525
480181 208450 449
72954 501154 449
969258 884696 507
615237 376225 470
652830 988688 525
640101 694475 442
205884 735033 509
154855 807177 509
530889 950826 525
70777 497341 449
500078 84460 449
526472 571046 452
291185 689470 509
332293 89090 443
993495 189942 525
99197 340152 443
715003 585063 509
622176 811287 509
48892 528350 470
389127 103431 443
670757 113146 509
901936 744693 525
933027 533350 525
171733 473542 449
700903 578804 509
303393 197529 443
526645 668710 509
769146 906195 525
824747 460047 509
747024 615662 509
645537 234245 509
368667 944155 525
424964 155471 449
606776 638888 509
335053 557411 470
375997 342045 441
718046 264447 509
136824 391604 443
579425 786895 509
510040 146110 449
580933 157085 470
787044 148530 509
90983 668091 509
518906 364697 470
120344 17145 354
111198 52975 354
485725 16023 449
631010 107137 509
842295 802881 525
411908 943920 525
203806 342930 443
653077 488992 509
373071 167355 443
256736 20092 443
359760 668549 509
637587 520917 509
895421 762200 525
673677 690877 398
625676 502413 470
780573 727655 468
853159 519723 525
150506 417759 449
38984 526247 470
997788 838646 507
196540 856167 525
473765 901197 525
622548 846778 525
30025 696400 509
253945 397894 441
957023 658340 525
849852 620116 525
781935 666275 504
980846 961454 458
755015 907240 525
580314 720453 509
238349 419567 449
748728 954630 525
592279 483032 470
631258 919226 525
822076 243082 509
235358 42860 443
973137 218779 525
751342 943109 525
578788 88696 470
855804 771539 525
495148 145411 449
489493 595578 470
275810 905931 525
242822 201506 443
201093 714312 509
907904 399898 525
671118 199574 509
55752 548485 470
391575 45786 443
895007 876875 445
40674 412016 449
815342 838222 525
299971 655884 509
126916 303853 443
693895 168820 509
842798 73324 525
349691 846549 525
607570 736554 509
947554 804355 525
299270 126395 443
340705 377159 441
930805 143262 525
793318 405440 509
340231 661893 509
207502 283686 443
340898 632260 509
549896 700415 509
299789 781257 509
566733 982004 525
965463 758739 525
599609 950545 525
171632 487258 449
985242 160680 525
270048 977864 525
319631 785011 509
879009 292072 525
528649 356522 470
740632 276560 509
331364 296281 384
946040 71376 525
148081 331133 443
765202 482313 509
848322 234832 525
409637 768111 509
759940 714733 424
723953 728674 362
227265 86850 386
371542 81543 443
745303 11650 509
723984 735859 424
390128 286540 441
496117 49275 449
947631 243854 525
6251 978994 525
1866 674445 509
230775 829765 509
458504 263462 449
410680 503450 444
478690 975608 525
164500 581169 470
179765 891182 525
798266 450093 509
627674 507612 509
875084 479534 525
289151 79268 443
589103 52961 470
271323 887426 525
62215 662295 509
357998 234333 441
415938 947052 525
130420 428467 449
108753 102996 354
480730 726268 509
356249 263785 441
671332 424033 509
418600 892621 525
162505 663394 509
784455 88292 509
536483 923431 525
308155 395136 441
539922 718851 509
437398 164228 449
163518 83213 383
570693 883469 525
74962 312701 443
69077 810565 509
360929 773825 509
790699 298213 509
486025 161552 449
549375 478159 470
58752 649266 509
97698 235901 443
798943 650980 504
721948 649302 504
941614 713177 525
181502 166057 365
754191 420154 509
347812 70242 443
832195 990459 525
243056 210333 443
14837 555780 470
549703 2790 470
527621 747888 509
57222 96798 351
106308 774321 509
72045 623135 470
786425 990972 525
543394 874527 525
867866 491978 525
7791 923225 525
472898 799552 509
558182 425554 470
159401 856826 525
911332 16077 525
450415 208410 449
130538 7112 354
460260 389472 449
945281 976001 458
21252 892785 525
343395 883496 525
896447 656178 525
988369 800035 525
192309 533528 470
944622 930017 507
925183 649530 525
204993 605204 470
342584 891222 525
296137 716191 509
928760 752319 525
68884 609525 470
94719 876137 525
427609 39053 449
151719 425922 449
642620 682228 442
947490 920456 507
218592 566981 470
975349 270112 525
487162 557057 470
128908 811683 509
392609 325574 441
833995 881917 525
897708 290068 525
436645 313945 449
983504 677238 525
478874 595154 470
790734 261700 509
842390 137488 525
878012 259673 525
899060 831060 525
367512 781114 509
307255 192820 443
341077 678558 509
298879 156667 443
729301 98750 509
288822 804132 509
514512 817357 509
913696 82625 525
127550 759148 509
832130 693939 504
435121 613055 470
838714 917147 476
381544 29251 443
484635 794855 509
833021 812756 450
863276 279260 525
742066 973866 525
29729 759136 509
326753 123246 443
926989 677556 525
643764 851257 525
890587 294252 525
633332 826115 504
452162 840638 525
210677 524901 470
944126 498865 525
660960 462972 509
199232 594961 470
80901 295255 443
448858 730641 509
247942 206785 443
918050 553649 525
752697 548518 509
440974 234655 449
849523 874186 432
294398 515881 470
781548 725824 468
209930 82651 383
92003 31225 351
964451 625297 525
87856 368190 443
537722 368118 470
877850 569780 525
607893 899837 525
