889194 414450 525
722816 125045 509
866041 496278 525
245557 903193 525
161910 45316 383
953559 291496 525
947837 158502 525
408794 768754 509
672712 980055 525
933341 109180 525
894742 919506 476
156247 608253 470
137863 184026 383
388720 99799 443
740943 438866 509
89746 392166 443
140841 972979 525
910095 777092 525
77114 585178 470
549444 713239 509
966961 437218 525
796658 939585 525
520268 113552 470
602523 195842 470
749142 696826 504
817548 496454 509
52731 884628 525
921601 191535 525
587645 879979 525
712316 527772 509
401106 683545 509
901671 480114 525
4931 427450 449
599757 523695 452
6176 784663 509
266294 767739 509
783310 238509 509
463972 839146 525
901310 772467 525
133341 773512 509
339593 896272 525
76027 586613 470
358602 205973 443
320859 310197 384
590982 329298 470
916723 964733 507
913572 88950 525
788140 481956 509
921469 550930 525
852134 998349 507
728493 363285 509
678285 240212 509
680684 455548 509
525318 599452 452
985742 488929 525
553354 971487 525
704286 281043 509
822713 323786 509
487041 908465 525
712770 524398 509
174820 145166 383
383710 529665 470
547499 503201 470
623612 537831 452
912517 90469 525
783490 805098 468
428029 329231 449
144669 259133 443
453161 13581 449
829051 163345 509
235276 143694 443
613329 218389 470
817056 620987 509
892815 5907 525
276597 626282 470
860644 837190 525
125507 737848 509
459827 149667 449
749648 379933 509
162751 358647 443
298637 337268 384
433779 83793 449
593802 913632 525
677005 323912 509
979770 907037 507
181637 5734 383
757367 85239 509
657266 269854 509
830039 909073 525
227407 777716 509
612376 904639 525
896494 698325 525
407309 628280 509
719892 902200 525
708148 828712 468
864252 378160 525
349087 527422 470
381881 755883 509
453365 411498 418
686339 363092 509
782105 73612 509
532851 222297 470
795433 172447 509
261716 306750 407
555632 281309 470
737257 629301 504
450789 314430 449
481962 59702 449
415678 599212 470
855916 273427 525
894425 28621 525
610644 919345 525
600896 92756 470
854237 750994 525
703353 278590 509
450873 566357 470
507751 865963 525
169617 507591 449
78382 250842 443
146740 47470 375
780384 368385 509
820677 647958 504
323546 177662 443
711657 355349 509
521109 993476 525
400432 594419 470
892690 155435 525
836161 469068 509
33723 643621 509
584525 52246 470
22586 503342 449
927437 976829 507
46746 857192 525
941510 8875 525
640170 185942 509
385447 539546 470
165332 344817 443
521607 191844 470
654827 761904 504
574019 959739 525
490404 909229 525
870132 795294 525
523734 233962 470
997302 31134 525
604908 322370 470
828692 963551 525
309708 137586 443
880170 741728 525
625261 953311 525
862526 133140 525
234086 791281 509
887713 202566 525
664131 153538 509
739390 886544 525
309853 361897 441
810776 967538 525
447443 728356 509
479769 687130 509
994444 778990 525
633728 882162 525
16063 279165 443
346086 734102 509
505072 851296 525
714629 946789 525
742883 565890 509
265047 551222 470
88970 601132 470
150478 983744 525
411191 260369 449
83625 59512 351
675442 629169 442
387828 100149 443
154155 830906 509
975883 680678 525
809033 26620 509
875617 678120 525
967562 938275 507
246822 884794 525
355362 708655 509
539045 927738 525
433275 11063 449
894260 366051 525
530371 836052 509
638912 917894 525
407376 359293 436
838234 960911 507
78829 119663 354
25097 330271 443
562858 258339 470
550611 691941 509
614568 477168 470
653909 899899 525
154532 509871 449
880306 492573 525
426753 534061 470
536727 627255 509
650786 75895 509
476646 948838 525
131156 945808 525
327903 913993 525
387544 473769 449
634427 201725 509
595980 725782 509
559963 465464 470
249317 679250 509
398874 761322 509
458937 623691 470
72889 322681 443
581048 669499 509
392779 753344 509
394790 860500 525
995179 343190 525
677039 819355 504
333901 860114 525
821898 222803 509
209880 648176 509
927348 224586 525
406597 163511 443
467180 288440 449
786791 764991 468
29235 203092 383
951748 955248 414
57519 114979 354
335365 861935 525
972879 687828 525
490769 193916 449
560188 710935 509
839697 169694 525
775823 911601 525
732066 209872 509
832960 3100 509
361297 758448 509
120671 396458 443
823071 611344 509
717203 577472 509
645189 112666 509
456738 318185 449
901736 920086 476
106006 312729 443
954857 113406 525
405201 569326 470
457681 280835 449
747701 977445 525
835134 263293 509
747037 877212 525
150811 322737 443
869763 547572 525
43479 356644 443
206031 832603 509
118571 923209 525
80186 567440 470
953260 361441 525
611671 382570 470
827292 424581 509
429533 623106 470
123821 904141 525
852104 174766 525
805367 321073 509
497734 417938 444
954308 941011 414
875992 202902 525
613390 673369 509
496523 125768 449
648075 666351 442
196729 482519 449
100409 202063 383
585848 314191 470
739043 691412 504
260757 874856 525
934087 276217 525
286813 614997 470
836700 219886 509
988398 634581 525
660396 457963 509
473908 855731 525
137161 805309 509
762907 6414 509
275059 754240 509
696451 677353 442
977857 106744 525
329238 352483 441
682249 696026 442
261954 204204 443
408159 837533 509
112614 719293 509
94174 192071 383
900647 528816 525
516840 398026 470
602814 798902 509
787084 989665 525
740385 993839 525
209896 961452 525
970158 658572 525
220093 284678 443
843043 520895 525
872562 688495 525
891123 214400 525
691069 683245 398
656238 293540 509
62800 535059 470
881017 929915 476
795062 590649 509
978863 383953 525
445243 639855 509
128693 999464 525
745582 93632 509
936196 699298 525
692503 481598 509
719334 586023 509
160103 247732 443
301055 409602 441
408903 549630 470
73167 532217 470
195153 294085 443
9777 253327 443
593582 531067 452
105471 781376 509
174291 186137 365
261259 774473 509
707225 630909 504
88592 780063 509
162254 841041 525
463087 555268 470
309307 74915 443
465382 306149 449
901169 625271 525
148738 656971 509
333312 845776 525
437426 626178 470
755079 284420 509
720468 136810 509
812097 926169 525
905232 947089 507
478942 823709 509
99724 731247 509
64870 195770 383
302634 686560 509
944421 721198 525
434349 94494 449
291691 278193 389
381996 698774 509
773026 770263 393
176334 514695 470
223883 399334 443
656201 358721 509
114719 453511 449
991396 746183 525
797585 736567 468
100345 882782 525
91969 163152 383
85741 336116 443
384587 703380 509
683629 475775 509
840665 716764 525
190073 654393 509
811378 523868 509
452700 361882 449
574126 640576 509
26757 373579 443
543896 725377 509
71156 96771 351
764744 137419 509
313097 344727 384
639584 471837 509
73169 264774 443
965212 964804 277
87998 681630 509
765048 860930 525
132308 128544 344
419570 983258 525
635584 506583 509
815320 27063 509
608420 661735 509
933854 352399 525
268954 553395 470
540152 696553 509
98864 47176 351
750520 588935 509
811659 618317 509
648205 906734 525
451200 175716 449
297391 312943 384
440190 607050 470
606425 812115 509
780999 459641 509
340255 699529 509
434569 851220 525
605472 690775 509
80421 929117 525
398548 47097 443
615459 848244 525
714173 755419 424
417124 41111 449
282659 61858 443
620173 257404 470
940626 403219 525
546498 131134 470
405878 489034 449
942366 595444 525
30453 516367 470
981467 983056 383
935469 674745 525
276429 386645 441
158880 768236 509
563528 592434 434
848366 384664 525
879121 977794 507
541991 448719 470
420952 402022 449
160046 345419 443
622778 756298 509
368288 658285 509
231651 156044 443
948079 502581 525
226355 812822 509
589168 523006 452
821876 455306 509
641022 615101 509
164031 219321 386
499517 12324 449
788332 871355 525
547101 652550 509
896130 320377 525
886773 29968 525
838450 533206 525
416324 652498 509
315038 50091 443
879364 517677 525
336769 777990 509
44080 55370 340
362024 260726 441
612327 412537 470
848085 519579 525
514104 328198 470
597934 66932 470
200858 867084 525
391175 311818 441
54172 132769 354
218649 394991 443
351855 136638 443
324381 360370 441
948023 722492 525
124482 375874 443
546865 73406 470
481732 612155 470
783019 53199 509
839552 270838 525
925991 239128 525
190064 634135 509
382821 799339 509
942260 940166 383
627170 587686 509
60233 596194 470
328945 339023 366
915141 722316 525
405283 371655 436
453359 71881 449
227489 193150 386
699041 223173 509
396203 766282 509
231231 519924 470
398542 818281 509
752692 739363 393
658074 975875 525
725198 777588 468
208252 62075 383
336846 202992 443
540404 418582 470
35247 408857 443
502180 845392 525
252256 329263 407
979419 584279 525
661254 172169 509
430687 526677 470
405099 465248 449
839131 323139 525
293649 42576 443
534360 664722 509
507826 820485 509
816463 340275 509
470515 947593 525
710839 691043 504
800931 401047 509
787939 645718 504
287926 78251 443
682664 604731 509
5768 373173 443
914264 262832 525
578275 50656 470
786973 443722 509
253186 522122 470
672398 165396 509
988941 636941 525
653343 261893 509
158107 468494 449
301097 707059 509
381811 387799 361
458560 670247 509
347417 64390 443
249677 781706 509
106520 137969 349
271602 676806 509
977225 290685 525
20690 412985 449
135055 227896 386
265136 272206 407
87673 180595 383
370184 595516 470
530353 622080 452
687602 200198 509
893785 588925 525
252771 397064 441
440440 835287 509
809400 235397 509
629535 257567 509
213167 342159 443
430093 144203 449
115065 210328 383
207200 799392 509
388482 293738 441
595810 341725 470
38155 643596 509
605815 671110 509
124750 700315 509
717586 62886 509
855695 468873 525
604384 556595 434
942797 204566 525
63125 444015 449
105068 990302 525
618583 626438 509
443373 158030 449
625187 904531 525
598375 154021 470
114162 790631 509
85125 31863 351
143814 571157 470
581946 134478 470
254433 720101 509
297595 241670 407
128785 447452 449
579879 927391 525
113689 804200 509
192681 52737 383
572946 495151 470
44366 776246 509
793314 344986 509
56549 397919 443
262717 657428 509
376880 326703 441
407031 893827 525
218107 755432 509
94798 985396 525
807328 828037 450
344037 201422 443
790362 885732 525
23504 167032 383
311400 902551 525
966016 277479 525
261248 966269 525
783825 897707 525
528631 621481 452
242215 260051 363
717669 50386 509
129392 498888 449
221096 441511 449
843222 427438 525
833389 641059 504
177503 935398 525
938401 357629 525
604055 155570 470
898011 900419 370
869587 257487 525
912246 294643 525
412935 77940 449
805645 615144 509
246040 558064 470
589833 572999 434
778994 16970 509
775006 964193 525
966246 333391 525
717145 154618 509
47369 879005 525
355467 967412 525
622766 290589 470
71938 731340 509
360734 176194 443
622649 299327 470
640092 979663 525
234064 965903 525
421631 557521 470
156941 532136 470
952374 488330 525
141142 1496 354
831060 974491 525
176161 557646 470
488337 196993 449
183135 827520 509
723138 667564 504
152088 17479 375
682278 493718 509
516887 12518 470
538150 678376 509
365627 623987 470
541588 770562 509
346989 320187 441
471934 74335 449
300870 672912 509
135603 836219 509
228665 596621 470
840382 396550 525
77193 229124 386
789446 663135 504
575373 354316 470
806965 396350 509
531559 869610 525
712984 516450 509
660592 409076 509
991931 80751 525
904194 416316 525
400129 581284 470
146795 465049 449
976401 31269 525
87054 932508 525
331181 773491 509
891169 947307 507
826627 155427 509
412268 550613 470
264891 826297 509
25042 622380 470
248491 292191 407
237229 897562 525
556811 113088 470
95518 264164 443
333345 250956 407
376208 249231 441
670414 318112 509
724178 325851 509
442551 64900 449
864889 140436 525
852584 712664 525
489449 587658 470
268950 732144 509
646171 139586 509
533481 408218 470
352318 222425 443
359395 824572 509
645914 102908 509
515374 313321 470
874876 699255 525
324155 420466 449
703666 370818 509
580528 266923 470
320902 65511 443
196373 803157 509
487110 941829 525
264111 625804 470
833179 397822 509
273664 408514 441
375076 592802 470
855637 176562 525
286605 242167 407
205933 661955 509
945208 392517 525
119578 995665 525
843080 902447 445
918933 630710 525
796932 147447 509
725224 959578 525
615147 879121 525
169616 65586 383
793154 75279 509
319827 313135 353
640635 553730 509
547967 912090 525
587830 402219 470
946245 245370 525
245595 681736 509
36245 820959 509
83557 671162 509
688053 402923 509
58029 92563 351
432043 534418 470
944235 52361 525
82204 36739 351
969501 308488 525
875708 606014 525
834585 961102 525
449122 63658 449
740980 631897 504
203734 857377 525
807105 941662 525
503422 407063 449
341226 679167 509
749052 132661 509
301852 778726 509
81003 231794 443
707503 517116 509
504679 439975 444
354601 9309 443
927251 997466 507
314313 270917 389
24877 425550 449
331184 776128 509
668796 880293 525
390374 275615 441
537245 899895 525
833 691569 509
979516 801380 525
347011 464019 449
849488 980682 507
268816 416736 449
725056 542720 509
229890 469738 449
575893 415387 470
90714 903637 525
728271 77375 509
387469 864200 525
415758 337416 449
257530 537126 470
748671 286101 509
315286 368825 441
577939 844277 525
584819 634626 509
82029 223767 386
256258 507181 449
976650 977926 334
953769 772663 525
651459 212813 509
712569 154611 509
741083 571243 509
441540 36294 449
629406 727098 504
131328 772390 509
74885 670219 509
825686 963015 525
961416 623635 525
74664 124856 354
495525 623114 470
642611 731653 504
572346 815774 509
929094 95182 525
2079 630497 509
476718 129125 449
336361 225949 443
641797 771452 504
905827 532752 525
737108 276975 509
483510 57865 449
260352 657089 509
967177 119656 525
491266 904824 525
229193 424657 449
17121 662680 509
760321 169672 509
409184 150520 443
685115 177071 509
775839 482274 509
645805 656342 385
602070 43868 470
926623 216375 525
517728 742404 509
317391 478656 449
902526 198090 525
310570 923617 525
642938 71792 509
56399 562194 470
128967 803377 509
598893 419069 470
371541 683874 509
421245 775812 509
572579 678433 509
338516 997176 525
715336 92122 509
271932 909769 525
780183 852859 525
212015 980755 525
965634 586986 525
282165 979228 525
37801 862676 525
555449 894461 525
877207 223206 525
744484 347757 509
210174 191552 373
393848 419849 449
650145 986030 525
808632 148008 509
576476 173894 470
872920 894387 445
414498 44659 449
705180 488673 509
461320 504423 426
817713 421027 509
823597 303103 509
252199 319961 407
41925 47733 314
974737 137301 525
664719 511294 509
251858 503868 449
377025 684080 509
761674 253918 509
847405 691265 525
455780 723840 509
651225 843026 525
452466 468981 444
834858 606114 509
745783 848207 525
858083 861299 370
230262 751062 509
207202 382127 443
571013 473520 470
638341 334848 509
698704 673494 442
668952 72907 509
992019 561685 525
637322 551539 509
998592 198938 525
545542 733229 509
684504 654399 442
913044 311669 525
562130 36537 470
606133 283992 470
952039 482342 525
721920 167970 509
904708 364837 525
850024 182239 525
698609 388654 509
343705 140076 443
680362 344475 509
665981 623520 509
82736 568537 470
291368 995724 525
545887 859144 525
566520 410197 470
601246 277278 470
673681 447912 509
400737 338717 441
159168 337180 443
142948 858242 525
503129 779104 509
746327 535947 509
256220 913067 525
479926 91660 449
853799 388919 525
266137 446847 449
422802 492019 444
713725 270826 509
192813 375821 443
486619 566616 470
454872 969862 525
293928 661326 509
447099 466742 444
133950 679128 509
636934 908665 525
806817 707912 468
31 182908 383
423536 101694 449
830118 766521 468
291930 223938 443
886884 19228 525
451226 876818 525
962422 68094 525
202523 179904 365
386795 407735 436
697878 995282 525
79651 138500 354
472394 4099 449
86595 441600 449
973619 835234 525
978759 320490 525
833095 508247 509
217097 973783 525
366099 391461 436
427711 655183 509
142742 879771 525
207295 956825 525
283562 842238 525
371841 495331 449
679309 184285 509
820737 511074 509
295865 262083 407
97738 32559 351
83990 192281 383
821594 25898 509
700684 714966 504
161856 400219 443
389439 412597 449
235896 313607 407
535192 558699 452
359624 74904 443
133982 290132 443
728541 183824 509
396375 812292 509
388469 5439 443
627503 889472 525
20022 218273 386
543070 761248 509
951564 745721 525
173961 459619 449
921469 583728 525
392369 610807 470
10289 523204 470
605222 288792 470
776127 281788 509
30201 611223 470
10333 177424 383
448959 321955 449
639846 534921 509
989774 713319 525
396992 550056 470
385993 661499 509
983223 762752 525
687290 326719 509
615105 9040 470
466760 615265 470
162841 153342 383
634242 813252 504
249628 495048 449
877240 30240 525
62386 749977 509
218552 505123 449
413369 677674 509
213626 509334 449
361099 466479 449
461721 3054 449
896847 570174 525
957120 157907 525
52167 930839 525
912675 130750 525
695638 880554 525
233293 589960 470
477201 861006 525
282623 743751 509
649580 677627 442
497055 8251 449
149671 299415 443
761454 116557 509
242496 404076 441
118572 882110 525
446077 42581 449
152285 157296 383
17039 456708 449
313906 196204 443
343563 246539 407
44762 765634 509
92072 243987 443
390702 343171 441
947878 21047 525
83906 614967 470
598517 797617 509
406777 254111 441
305017 111058 443
121293 872783 525
718216 874560 525
210760 276060 443
516939 608350 452
544858 5462 470
270029 891631 525
432931 517524 470
973605 174557 525
792124 519454 509
282528 881451 525
898743 905015 401
739276 523090 509
370635 467602 449
338192 557228 470
907032 539617 525
969410 411340 525
219985 164307 386
658738 814775 504
509929 454469 444
154631 420801 449
954504 295186 525
17528 193336 383
984302 919129 507
409686 695134 509
245084 283020 407
242977 287834 407
121043 532086 470
706606 482351 509
523694 176061 470
558694 102739 470
930840 157819 525
880375 548743 525
667168 534924 509
773340 278328 509
248836 580801 470
57020 724238 509
762829 4456 509
752506 583508 509
702147 171247 509
435928 689156 509
637793 164166 509
396771 981202 525
24855 462026 449
573828 200346 470
430248 405480 449
818494 652488 504
213531 355214 443
543753 82627 470