523148 267235 470
884665 815676 525
297738 119874 443
135139 928001 525
459406 507531 444
458309 36786 449
890120 388906 525
773233 110845 509
733612 761489 424
262427 618172 470
781968 269790 509
363007 621957 470
323192 783163 509
247287 658036 509
346870 931228 525
946237 80857 525
600816 486859 470
873177 627012 525
552912 830504 509
785615 152753 509
58474 54025 322
36375 338132 443
3896 945042 525
890857 45523 525
622914 107675 470
17917 298908 443
945588 818816 525
600857 86789 470
604374 872281 525
774339 276558 509
313246 305500 384
306307 926805 525
194552 604831 470
691609 599854 509
576272 551160 421
63493 629459 509
500520 584813 470
674955 531198 509
891716 177546 525
478703 549853 470
591264 565697 434
931959 980580 507
225108 179334 386
455173 30877 449
403310 839857 525
781503 563370 509
36502 925940 525
166805 343129 443
164428 589041 470
714061 231370 509
932906 288230 525
411679 402799 449
779314 609043 509
424659 499106 444
974246 288332 525
160329 608233 470
67048 105937 351
520789 759064 509
741290 315632 509
418051 683709 509
653544 48665 509
321855 866218 525
686874 802606 504
934031 683749 525
615600 720857 509
448287 495498 444
410856 82242 449
316567 693483 509
40554 863529 525
443451 69926 449
284762 632846 509
371959 537939 470
354768 663753 509
649971 672192 442
451322 663746 509
729275 708037 411
924442 342427 525
788741 723286 468
696898 570228 509
34823 488427 449
886000 669167 525
583701 654000 509
934186 715886 525
201881 849425 525
822688 58509 509
41595 944808 525
229294 731088 509
114607 192799 383
133436 158589 383
495553 89200 449
847088 993648 507
350675 678685 509
72846 554819 470
495369 769348 509
285730 89540 443
392823 926439 525
51624 198557 383
477627 106872 449
910196 244 525
560047 413785 470
933340 701691 525
935573 111220 525
494014 999558 525
329369 29717 443
798838 791387 468
159587 288592 443
201948 996796 525
876907 355439 525
522040 500465 470
702561 518398 509
22874 919512 525
599909 961499 525
288690 765171 509
514679 147486 470
607304 164404 470
353693 60061 443
475842 880843 525
196189 815012 509
553154 854754 525
661081 697947 442
600848 233353 470
161113 702900 509
525602 239318 470
393385 26065 443
898214 262573 525
803083 2916 509
31636 567968 470
891055 524313 525
877728 792431 525
824893 857180 525
482036 61444 449
347779 703075 509
310236 138837 443
157535 596214 470
951636 741970 525
842985 931589 476
492128 327859 449
111115 584248 470
639758 617256 509
397457 491829 449
207302 362023 443
228443 569456 470
738248 978526 525
979165 530109 525
243906 409061 441
819231 646954 504
558324 163648 470
958143 501763 525
294458 899459 525
173183 458598 449
610128 71702 470
207085 47887 383
774080 290969 509
555505 546306 452
312514 693018 509
724753 129993 509
91888 676327 509
617549 804672 509
71120 886910 525
927193 710507 525
402424 547429 470
962733 825140 525
211772 542008 470
472095 337281 449
752978 289745 509
961927 739730 525
922314 590702 525
972831 997393 427
353020 96601 443
491549 729566 509
831108 872578 525
663667 963879 525
102878 129405 354
541657 567934 452
731662 186698 509
853 843329 525
23772 698095 509
701913 76038 509
662038 31968 509
294931 395127 441
687060 338125 509
42071 910224 525
355938 490428 449
877197 362567 525
725338 70463 509
23649 162302 383
581106 573416 390
533211 394059 470
843632 38043 525
971885 505506 525
539546 266794 470
229001 586275 470
705128 180779 509
511057 405666 449
896540 663502 525
418969 755553 509
250850 574059 470
349695 49188 443
815492 180788 509
113547 639093 509
760280 484753 509
608677 377082 470
880860 632242 525
683829 951179 525
378708 910033 525
711155 42666 509
680730 478176 509
559337 952835 525
527500 293995 470
332477 554486 470
800532 332508 509
209061 601915 470
69628 893147 525
322987 28734 443
373398 966818 525
611069 707173 509
129464 612985 470
593079 165856 470
733820 957652 525
427529 859889 525
877012 453523 525
769169 952758 525
745958 337438 509
564295 182169 470
803840 738627 468
852059 824696 525
785696 929082 525
169983 689829 509
533992 995125 525
362697 124632 443
228126 201286 386
87353 816063 509
255434 393053 441
57085 47606 340
118988 185822 383
825153 21723 509
993016 660679 525
138961 793778 509
543856 774608 509
124457 24731 354
27080 919855 525
512759 270478 470
899754 557208 525
205431 677825 509
59514 361883 443
78631 782404 509
100760 990114 525
180511 183939 334
190338 950941 525
904133 255290 525
312910 711468 509
163073 228747 386
885134 327981 525
144917 473784 449
115356 27472 354
655239 391087 509
449258 837251 509
866721 640824 525
225076 316966 443
373961 633105 509
731226 610123 509
595907 53176 470
788352 568366 509
1553 352981 443
231542 13033 443
391781 408952 405
577064 189020 470
193693 487993 449
64872 897043 525
9419 843286 525
622914 350066 470
982809 941785 458
805520 477743 509
345987 524876 470
134768 578806 470
613677 971381 525
277690 813445 509
828081 14206 509
12490 237108 443
525375 45421 470
932016 320217 525
864371 480804 525
695854 109854 509
989441 47219 525
304540 865657 525
237083 170182 443
725938 461808 509
425039 145675 449
197746 921197 525
269147 888648 525
312362 957680 525
293083 593657 470
895104 337071 525
877003 306878 525
716356 682066 504
849773 878149 432
506796 104295 449
74005 9044 340
802256 111964 509
143687 467433 449
760598 235951 509
801029 892818 525
318678 290896 384
156627 379137 443
312182 886019 525
631601 538728 509
707696 128924 509
253307 773629 509
955162 709047 525
888297 980694 507
787144 946882 525
89427 551035 470
49958 602579 470
792535 424094 509
746832 387998 509
100693 348241 443
987844 649963 525
711031 891616 525
737888 509004 509
102113 222979 386
743766 280343 509
329233 571794 470
768388 653262 504
188585 951029 525
544624 917199 525
786687 408392 509
441286 113926 449
672039 704763 504
906380 680371 525
679317 270192 509
429416 921960 525
111001 462141 449
316958 527581 470
395893 560908 470
243448 776638 509
580165 286975 470
80108 275729 443
548479 151422 470
275914 581854 470
182835 166699 365
14196 20019 279
674027 95166 509
67216 360230 443
948379 753655 525
780302 992045 525
389689 48704 443
226154 596040 470
20627 112253 354
651026 367547 509
982743 26702 525
912992 250652 525
242965 599047 470
82156 648285 509
835943 743180 468
143522 611396 470
381333 625115 470
531014 983601 525
834935 569082 509
410078 309320 449
571083 523091 452
454262 585719 470
247217 891158 525
336340 996444 525
21643 887201 525
864604 804255 525
959163 380406 525
989270 506092 525
931193 701641 525
793882 142027 509
141883 924862 525
856124 678036 525
99173 500305 449
3084 962113 525
369819 393008 436
35068 665796 509
767913 541367 509
869848 285667 525
501385 446012 444
363388 32644 443
982459 374165 525
975838 807587 525
603211 535290 452
350128 792784 509
869571 864619 388
288322 88319 443
130571 333914 443
877448 512088 525
933921 131749 525
725884 878515 525
986233 799188 525
668554 253240 509
240451 33197 443
406208 470815 449
990547 377428 525
210168 771674 509
630919 842343 525
867504 135541 525
745187 379760 509
285762 578350 470
542635 646405 509
189582 934483 525
460179 750396 509
400232 570996 470
620375 793311 509
183044 61455 383
245277 320358 407
117016 532384 470
345487 376071 441
444816 930173 525
670863 694080 442
477028 789748 509
577803 594023 434
440596 393889 449
798675 578838 509
967938 632986 525
912565 271901 525
868550 515591 525
620561 899986 525
442886 983214 525
693845 681917 442
671324 607317 509
695395 818050 504
914686 63014 525
352397 542041 470
716524 613091 509
889957 895412 370
439590 326114 449
747885 859117 525
758410 437337 509
418025 93984 449
601006 758266 509
682805 707311 504
634728 405025 509
919021 18374 525
992374 662776 525
31635 675271 509
347714 308479 441
511217 187202 449
584810 500220 470
478235 651525 509
634236 180219 509
165291 803016 509
694104 836894 504
709371 539235 509
90482 992061 525
694959 349348 509
337890 719304 509
372225 972845 525
331924 65179 443
804445 414258 509
906298 592340 525
644903 42061 509
367918 842973 525
511135 749566 509
708650 298290 509
303091 783519 509
885564 992117 507
17973 688550 509
625416 752890 509
44815 504669 449
893852 518051 525
587835 728490 509
450710 933818 525
610869 303497 470
448302 491089 444
79189 504988 449
108792 294614 443
723563 724297 274
805942 904579 525
410549 876730 525
321020 705258 509
671597 836689 504
76150 939955 525
569371 202010 470
486970 915798 525
229813 283305 443
848556 181727 525
30849 340648 443
169136 162168 352
450507 520333 470
996946 985717 396
509001 336102 449
971242 127514 525
693001 7645 509
742808 803875 468
350251 314904 441
626460 171056 509
893487 920895 476
183776 371047 443
505539 586436 470
323546 571552 470
910713 201341 525
950820 581313 525
555941 532106 452
274320 914470 525
848773 128577 525
813620 624921 509
822191 96386 509
618270 60020 470
333119 169251 443
306714 277767 389
828393 917820 525
295262 792058 509
911441 628439 525
104338 63307 351
405059 150990 443
930500 207962 525
602255 425091 470
144214 935053 525
677135 344140 509
292398 248138 407
44387 109903 354
34276 692785 509
968415 616822 525
813920 16504 509
196519 351029 443
426286 62865 449
386833 828524 509
452004 577542 470
440423 648657 509
85838 489233 449
373379 138096 443
207722 729628 509
416955 684327 509
552180 604373 434
140681 243464 443
457134 825404 509
537217 824509 509
59848 737675 509
107393 714246 509
645524 518048 509
666829 912743 525
525338 625837 452
892557 613382 525
617122 594698 447
349665 957877 525
435742 272951 449
781439 675764 504
739966 385826 509
255911 233839 381
890726 243965 525
204417 110988 383
316240 733592 509
517937 424195 470
313184 701519 509
914647 721270 525
576588 271362 470
158365 37101 383
354286 963791 525
402395 444190 449
257354 521440 470
211339 125447 383
642402 916711 525
771701 429048 509
107488 460376 449
23801 925939 525
569602 596921 434
172079 207540 373
869664 253858 525
273491 932983 525
541774 452687 470
899273 483018 525
50808 972798 525
43399 461051 449
938230 957569 507
438213 893992 525
79152 771074 509
68519 282401 443
521554 398559 470
213671 220488 386
47828 697556 509
690229 816151 504
266978 162925 443
140097 588226 470
684642 45114 509
953615 814801 525
186668 975975 525
823709 706698 468
298534 992398 525
89293 588959 470
713058 10451 509
60767 167888 383
79898 518008 470
690555 858851 525
73208 439415 449
423031 203256 449
418312 289364 449
906595 727191 525
136432 217897 386
471195 969086 525
297796 294820 358
242731 187673 443
817212 81043 509
994541 678800 525
890812 253392 525
360139 843087 525
299580 285209 389
900129 103404 525
408994 548638 470
398177 220497 443
618078 18833 470
143347 474838 449
671986 265356 509
213101 826365 509
392450 164847 443
342497 383164 441
867156 928138 476
778677 771867 437
60304 253825 443
279533 583148 470
850454 126642 525
835143 610591 509
228256 999761 525
783377 510194 509
960264 641670 525
694183 954805 525
722940 612843 509
222551 305350 443
946012 473204 525
338123 685701 509
73814 623437 470
427271 280894 449
839158 629520 525
789981 461947 509
799920 309533 509
540877 504080 470
22630 134286 354
701463 441455 509
928972 503733 525
700067 126012 509
60104 987212 525
657965 193409 509
255676 514105 470
71453 25788 340
46026 171892 383
986125 989575 396
328754 780463 509
343925 404262 441
661442 605136 509
243401 666711 509
800320 335595 509
122079 663112 509
383234 153944 443
974031 963519 458
814928 834283 450
732083 930970 525
992826 33896 525
905655 579345 525
705118 869857 525
883435 215300 525
187502 629588 509
829397 146747 509
164348 594927 470
148551 240976 443
838074 266762 525
581825 704385 509
89532 331287 443
744081 648248 504
902198 442810 525
377279 525441 470
129182 108677 349
635947 418014 509
392346 686662 509
97667 400579 443
686364 252347 509
553093 966958 525
243666 231446 381
460283 857471 525
451392 384263 449
285383 80152 443
704894 341630 509
570029 6361 470
959464 103655 525
200593 737162 509
1346 272336 443
686023 906007 525
646870 400785 509
112529 42094 354
698770 565904 509
509009 861595 525
600286 5297 470
404843 718426 509
161654 890588 525
175767 931489 525
405026 891099 525
596919 538742 452
912114 893914 476
370641 891515 525
825538 741083 468
727527 444758 509
285912 637366 509
791751 615597 509
449176 647749 509
508839 335694 449
667376 555750 509
835017 294035 509
131164 766501 509
996525 993068 365
614762 487192 470
398763 93985 443
704372 921049 525
439259 233120 449
468456 604334 470
400081 591697 470
862994 794399 525
450661 100454 449
256344 608482 470
782381 810491 468
801582 784731 468
90895 848998 525
869826 404372 525
429263 16017 449
46596 242421 443
214989 92772 383
602240 497286 470
384109 243977 441
534596 928869 525
460189 358628 449
621960 122004 470
797809 281787 509
628874 166261 509
786927 208922 509
606654 952696 525
512381 153709 470
317154 564159 470
407405 75304 443
620732 534978 452
270405 879319 525
994970 299447 525
641397 733926 504
333672 675528 509
409609 644835 509
427770 511193 444
529117 823090 509
561356 698616 509
176151 179451 347
858848 755347 525
926865 140166 525
303682 567868 470
265357 458149 449
673042 643593 442
24515 485774 449
271308 636242 509
84423 756877 509
863894 446281 525
783613 472052 509
576772 124924 470
71011 179227 383
96392 434067 449
440253 742932 509
444380 743496 509
755407 852153 525
274476 891741 525
273807 964434 525
741460 178568 509
759745 258747 509
502856 816745 509
52631 832428 509
22098 916644 525
675327 23245 509
860468 478533 525
142969 517440 470
644326 682156 442
831457 150611 509
945324 238499 525
511821 249694 449
390074 559458 470
209091 780561 509
709424 734921 411
994517 898750 507
986322 50554 525
13529 488053 449
864830 207455 525
546915 384820 470
449996 668264 509
256271 921313 525
915776 762565 525
473907 308894 449
244190 445660 449
211409 177823 373
782138 752523 468
758975 308846 509
253474 832558 509
185397 566697 470
725388 369623 509
232973 948380 525
539340 25026 470
335671 355481 441
509942 786493 509
775647 460172 509
916470 123988 525
506239 766041 509
701872 194017 509
901013 825256 525
487070 244286 449
482401 17733 449
478608 33011 449
274007 349804 441
313174 48298 443
663561 734817 504
578048 684719 509
199503 466198 449
581620 388058 470
706687 560227 509
302688 221067 443
411597 744356 509
836594 3158 509
948675 383857 525
870246 126179 525
788813 172000 509
940830 710628 525
466197 812243 509
790460 911327 525
926179 776204 525
787598 667396 504
309001 718503 509
167398 3221 383
496869 578230 470
838768 417624 525
112497 190935 383
738672 6369 509
252093 432540 449
194506 919710 525
374431 570259 470
679826 54121 509
741337 53322 509
341784 164240 443
502923 128011 449
213656 891667 525
620525 957290 525
273384 380818 441
486163 43777 449
349822 204639 443
40423 384002 443
558158 902808 525
279299 893853 525
682116 44017 509
171829 432986 449
856766 41550 525
750691 596823 509
100668 40129 351
502117 305712 449
318264 391128 441
619101 440635 470
234670 113467 443
407827 527652 470
482462 390538 449
787409 453891 509
488794 274625 449
285345 165764 443
493906 471868 426
694655 295451 509
678668 85695 509
937257 851618 476
688410 886278 525
180185 933753 525
103702 183521 383
675481 679380 385
774808 546102 509
215949 60387 383
123092 923857 525
894129 856086 445
863754 355408 525
148851 376801 443
681188 949887 525
149641 992068 525
834820 779570 468
214725 175585 373
617548 996475 525
10899 213658 383
179706 515150 470
947821 576333 525
683958 974067 525
900987 412340 525
651396 615298 509
492599 963411 525
390226 404019 405
162339 61506 383
211262 307996 443
507231 899393 525
541164 55327 470
783039 500774 509
235610 17418 443
574181 314603 470
315900 635781 509
112605 911112 525
983454 918386 507
763853 993563 525
852126 680201 525
613441 811782 509
678590 635274 442
8025 81101 351
582478 58755 470
878163 693908 525
45872 379858 443
866683 74377 525
978140 261061 525
423155 543030 470
859728 522494 525
927287 540155 525
559688 646911 509
854875 315582 525
797302 582622 509
232525 345013 407
769152 984663 525
759481 776198 468
109144 226498 386
130393 97985 354
675886 547869 509
33937 309498 443
878456 662706 525
372325 511415 449
226894 869153 525
289255 861792 525
417040 599486 470
827101 858895 525
649070 508855 509
429565 209964 449
856186 70804 525
34325 150883 375
638828 21891 509
885331 932782 476
600622 294646 470
687097 179519 509
527186 478049 470
809593 228072 509
268150 589784 470
583575 605899 434
213412 647221 509
488531 565226 470
425618 572480 470
633669 170969 509
870142 43289 525
952719 245428 525
626392 92302 509
743307 969017 525
9500 219989 386
28131 232958 443
82920 678068 509
589505 232403 470
450634 866191 525
476753 944586 525
187148 592660 470
447777 180379 449
8106 860617 525
547651 674934 509
514556 807156 509
968865 818639 525
760616 27039 509
442003 873758 525
65220 41706 340
903695 890213 401
880848 760265 525
747341 806110 468
319352 636558 509
866107 644015 525
532980 370303 470
692271 346700 509
244178 37474 443
797465 369139 509
77468 503883 449
570875 634446 509
59656 565318 470
321013 489433 449
79996 801135 509
549571 598038 434
984980 894264 507
565513 679403 509
223578 121505 386
779021 187324 509
17346 742064 509
291565 134999 443
528222 861819 525
451953 409616 449
615704 756924 509
256465 885101 525
560460 64249 470
259963 813126 509
152680 861846 525
318953 16133 443
455582 140599 449
85557 131238 354
337578 621862 470
129353 43327 354
644056 439847 509
500477 929978 525
646538 367432 509
614543 50883 470
106918 498397 449
228875 345300 443
963606 44936 525
452805 388985 449
674118 830273 504
493151 795380 509
751976 137474 509
851951 574137 525
669240 775725 504
884347 522098 525
517962 749464 509
656833 523301 509
