1 1 1
1 2 2
2 1 2
10 10 7
100 100 26
1000 1000 112
10000 10000 30
100000 100000 129
1000000 1000000 153
10000000 10000000 146
221 664 145
668 246 145
826 210 171
17 789 171
99 375 144
586 481 142
977 46 179
435 24 144
154 1000 179
201 906 179
215 671 145
604 133 144
141 355 144
297 832 171
791 837 135
137 460 144
582 814 171
561 949 179
152 642 144
248 939 179
130 978 179
594 867 171
777 843 135
123 169 122
812 487 171
895 562 179
487 19 144
968 523 179
525 990 179
459 717 171
621 452 142
84 973 179
912 909 42
363 834 171
85 749 171
140 637 144
490 282 144
37 473 144
130 515 144
842 501 171
158 257 128
826 293 171
820 320 171
43 281 128
346 846 171
861 816 148
575 926 179
180 654 145
867 171 171
70 701 145
385 821 171
945 963 130
71 712 171
373 798 171
725 72 171
290 353 144
151 662 145
144 319 131
509 636 137
283 4 128
499 649 145
950 215 179
443 974 179
790 933 179
109 622 144
72 578 144
357 276 144
129 920 179
332 154 144
22 832 171
53 786 171
515 782 171
275 794 171
757 768 153
395 14 144
507 765 171
16 565 144
934 540 179
330 191 144
545 147 144
76 597 144
951 644 179
373 125 144
924 933 130
524 867 171
598 897 179
375 200 144
285 108 128
839 389 171
762 947 179
957 394 179
748 203 171
744 598 171
60 35 113
368 295 144
807 165 171
940 152 179
67 994 179
692 711 171
494 119 144
195 334 144
165 359 144
688 56 145
434 52 144
478 259 144
184 731 171
606 899 179
911 877 148
894 226 179
330 812 171
521 338 142
760 533 171
911 273 179
217 717 171
14 513 144
86 887 179
551 855 171
74 374 144
73 546 144
699 6 145
686 245 145
633 925 179
444 635 142
521 759 171
730 391 171
765 630 171
378 777 171
415 470 134
757 154 171
875 446 179
425 229 144
543 635 137
920 798 179
520 634 137
72 84 116
154 272 128
223 289 128
544 294 144
570 765 171
237 642 144
320 739 171
974 473 179
640 43 144
376 267 144
271 409 144
207 52 125
210 594 144
793 811 135
946 651 179
890 760 179
791 977 179
583 966 179
983 429 179
864 178 171
879 296 179
431 489 142
123 278 128
768 568 171
85 984 179
397 73 144
630 382 142
537 109 144
21 132 122
759 930 179
218 760 171
430 277 144
834 457 171
215 256 128
218 699 145
599 514 137
585 814 171
406 436 134
513 356 142
236 481 144
42 50 105
294 219 128
46 872 179
518 413 142
263 211 128
194 675 145
998 92 179
747 620 171
318 690 145
18 179 125
579 303 144
811 110 171
812 491 171
978 215 179
222 258 128
840 355 171
686 314 145
913 725 179
427 313 144
44 798 171
847 98 171
591 685 145
186 320 131
920 328 179
563 716 171
555 726 171
813 189 171
121 26 119
486 253 144
644 722 171
838 106 171
328 125 144
73 694 145
304 171 128
86 219 125
702 284 145
482 594 142
598 56 144
677 491 145
711 857 153
426 354 134
273 108 128
429 917 179
182 753 171
298 388 144
734 417 171
692 148 145
509 48 144
530 80 144
898 715 179
97 379 144
552 163 144
867 22 171
355 380 108
153 173 125
869 160 171
15 666 145
413 260 144
255 956 179
34 596 144
488 149 144
519 676 145
932 168 179
257 697 145
316 808 171
376 463 134
429 69 144
871 800 179
49 788 171
369 768 171
220 695 145
186 217 120
382 393 121
817 716 153
872 353 179
663 790 171
199 429 144
106 625 144
246 928 179
337 154 144
332 62 144
14 191 125
299 172 128
222 418 144
339 956 179
852 394 171
604 465 142
334 960 179
56 514 144
870 378 171
589 669 145
910 212 179
759 490 171
309 958 179
455 864 171
670 92 145
933 162 179
344 467 134
923 684 179
354 114 144
455 955 179
22 968 179
134 363 144
346 710 171
824 888 179
172 405 144
565 649 145
99 659 145
935 611 179
318 552 144
989 268 179
428 108 144
558 718 171
382 457 134
69 484 144
621 922 179
945 709 179
350 577 142
346 518 142
456 158 144
431 787 171
19 780 171
543 851 171
43 183 125
973 687 179
220 464 144
628 324 144
598 638 132
803 80 171
949 508 179
737 666 171
417 450 134
724 763 153
879 51 179
764 877 179
740 984 179
206 955 179
855 282 171
551 74 144
823 130 171
149 897 179
193 774 171
29 480 144
213 547 144
490 164 144
859 34 171
444 178 144
598 43 144
181 850 171
793 36 171
229 719 171
147 864 171
104 569 144
946 324 179
480 979 179
706 471 171
7027 1489 262
1018 7451 262
5520 143 238
675 6848 262
3223 8155 262
4800 4438 197
5879 9246 262
978 4126 238
8662 7718 252
3838 5196 215
1465 6649 262
1077 7485 262
1129 7464 262
8873 7333 252
2170 7893 262
3082 9189 262
7394 1065 262
1344 3675 217
221 8363 262
158 9897 262
5636 5733 205
449 4053 238
7453 327 262
3812 2885 238
5818 6720 262
4345 4251 202
2351 5595 238
170 4708 238
3728 540 238
6003 1705 238
6356 538 262
2221 4515 238
2867 638 209
7197 9722 260
8478 9614 260
8215 8125 190
9001 123 262
1962 4763 238
7163 8420 252
9295 4678 262
3921 7605 262
8649 1107 262
3162 8637 262
6386 6426 169
7440 5716 262
5184 4852 210
6317 3443 262
1447 5086 238
419 2359 183
4023 7957 262
6360 4516 262
378 8416 262
1088 1287 182
4419 9113 262
646 486 142
2142 7119 262
2415 4638 238
3289 2867 217
6325 6358 200
6142 6275 262
8994 8106 247
7897 5688 262
469 7493 262
6192 8653 257
1795 9503 262
2793 4168 238
3499 7001 262
7333 4369 262
1794 5218 238
774 816 153
2162 9594 262
1857 1860 131
8811 1202 262
1781 5592 238
5705 5482 236
8252 429 262
1287 1268 146
9092 8015 247
5410 3934 215
1707 1501 180
6742 9738 260
2888 777 209
4828 1413 238
284 7905 262
6188 3173 262
5691 4205 236
7566 4393 262
5525 6380 262
5841 2535 238
6934 9983 260
5883 47 238
6678 2118 262
2640 457 209
5424 5355 192
7338 2832 262
7024 4385 262
7962 1680 262
7640 6411 257
2313 2930 217
4105 4770 215
9614 3974 262
8786 9879 260
4013 2994 238
9429 8011 260
9021 4388 262
810 470 171
126 5968 238
253 7668 262
7188 323 262
1718 8938 262
429 4056 238
2550 3618 217
2784 9392 262
6659 2929 262
9954 5058 262
9032 9734 260
2373 4157 238
5033 5129 179
9502 2437 262
8693 622 262
4304 2736 238
5539 2344 238
1712 3325 217
686 924 179
7210 6253 257
9789 8266 260
435 7777 262
4336 3616 238
3000 4619 238
7024 6806 257
9601 130 262
5600 4202 236
4170 9920 262
3924 364 238
8620 9804 260
8925 4480 262
251 5050 238
4027 4365 202
298 1039 179
7431 4919 262
3339 2101 217
7762 2805 262
4640 9051 262
8680 3723 262
4829 3298 238
6865 4702 262
8005 1914 262
2954 2100 217
8981 4383 262
7953 2518 262
6814 9239 257
2864 7276 262
9829 8326 260
9057 5979 262
2324 8879 262
1907 9397 262
3869 3449 238
1758 3568 217
65 611 144
6042 4065 236
6147 8503 262
2056 9614 262
8953 3981 262
4953 8415 262
3681 7548 262
3330 503 217
9832 9595 198
6923 6404 244
6226 6344 200
3341 9507 262
4653 6111 236
3554 2244 217
9271 4166 262
6089 6305 262
4091 2843 238
6260 8675 257
7544 5543 262
9068 2169 262
7230 3331 262
7986 4078 262
8006 8863 234
6522 9614 260
4357 8592 262
5594 8762 262
191 5051 238
2317 1049 183
7027 7585 239
5107 9097 262
9338 4471 262
3270 2911 217
5768 5927 218
1224 2616 209
6484 2078 262
772 1440 182
9598 212 262
8076 8083 146
9344 4504 262
1797 9091 262
1790 6947 262
6247 9931 260
4670 5099 210
5843 2381 238
1525 2683 209
3576 2864 217
5288 7820 262
7465 6803 257
5536 2230 238
6872 3523 262
2018 7456 262
6942 967 262
53 9855 262
3220 7677 262
9197 7893 252
2180 4103 238
5541 5552 205
7742 2037 262
2983 98 217
5592 8311 262
8017 4373 262
6990 7587 239
218 7382 262
5940 8875 262
887 744 179
8409 1271 262
7583 6481 257
1840 5160 238
7214 7039 195
8450 1950 262
6152 4851 236
9484 5720 262
1558 2327 183
1199 3734 238
1357 1768 180
7394 527 262
3856 83 238
9530 846 262
4394 7406 262
3169 7406 262
2013 8994 262
6791 5253 262
3831 7197 262
2441 1868 183
9509 5094 262
1701 7736 262
6233 7260 257
3450 576 217
5633 789 238
5788 3743 236
5702 7508 262
6671 2843 262
9946 7605 260
9774 9499 198
6027 7480 262
8898 3356 262
5091 1702 238
6271 5175 262
8200 7968 190
5706 5122 236
5439 9207 262
7946 7198 239
2862 7901 262
2822 6846 262
1697 1854 180
7479 391 262
1012 9623 262
2193 9229 262
2661 80 209
1824 9223 262
1803 3377 217
7611 9513 260
6339 9173 257
1169 5033 238
4901 6280 262
2016 4130 238
5175 1529 238
8811 9210 247
9786 1818 262
3770 2732 238
737 5249 238
8774 8668 216
5192 5473 192
2573 6129 238
7810 8776 252
134 4452 238
3672 1651 217
8847 6012 262
1122 1213 182
3339 4963 238
3201 162 217
4902 5422 210
9607 5830 262
3979 8398 262
8606 6983 252
7729 2018 262
4369 8301 262
4040 3667 238
440 7978 262
1787 7390 262
8454 9179 247
7347 8419 252
3728 97 238
7576 4169 262
7638 7340 239
5086 9772 262
9439 8133 260
3867 7862 262
4677 1996 238
5548 9661 262
7279 2468 262
6077 1710 238
5249 4531 210
1193 7868 262
3435 2806 217
9560 6660 260
1882 4148 238
9780 7313 260
5556 4897 210
8079 140 262
2919 9823 262
281 3922 238
3371 5305 238
1244 5687 238
3575 8474 262
1100 1670 182
5887 4648 236
5965 9213 262
7147 8545 252
8641 548 262
3953 380 238
3385 7895 262
54119 9530 340
86127 22144 351
96983 78705 338
62654 33257 340
75415 88966 351
76336 40174 340
15412 4905 276
42740 51484 314
41885 54916 340
89914 5982 351
27762 46871 324
30102 43931 324
82858 82700 227
85705 17092 351
80691 35521 351
37545 67140 340
87389 9587 351
41685 55896 340
55442 90967 351
35943 69 324
84084 76183 351
93229 92404 315
12968 75296 340
18707 9708 279
95963 1795 351
99790 54601 351
40860 4021 324
13664 84407 351
47114 21695 324
95710 66762 351
98394 99227 328
77099 294 351
54376 6882 340
18654 17470 279
83337 80920 320
43068 78428 351
67133 40121 340
75032 22252 340
88723 5596 351
75715 75863 294
82556 54229 351
97539 43276 351
31742 24469 308
43574 16583 324
17279 91589 351
81942 15845 351
29892 70862 340
26940 4105 308
14570 14311 209
42414 90763 351
50540 57655 340
4281 87353 351
6776 94311 351
12078 76542 340
94487 41294 351
99578 86176 333
22776 41512 324
41394 62602 340
51552 12986 324
85709 51718 351
70184 17250 340
26003 46447 324
32292 7984 308
50380 74386 340
39137 74320 340
14877 75294 340
52985 1820 340
59892 3972 340
66778 51545 340
39703 2106 324
94173 73663 351
49015 91221 351
87895 88859 333
17317 66307 340
47774 61540 340
74619 58610 335
5421 9138 262
83476 79342 320
69260 3981 340
93128 35406 351
77345 66702 351
55123 52444 340
85418 29173 351
44465 54480 340
14009 9370 276
71543 55296 335
22552 86296 351
34621 13212 311
49926 24963 324
63968 38921 340
80004 84761 320
21189 62055 340
19637 97957 351
65282 75769 325
4374 19453 279
84634 59015 351
52525 70378 340
78012 79253 338
44424 84901 351
90799 33198 351
41279 40667 288
12459 53772 340
33565 88832 351
8433 58056 340
55406 39379 340
87821 55710 351
86909 19152 351
70390 87857 351
95875 44898 351
30891 35896 324
69717 77283 351
76332 65067 325
18750 72740 340
58287 27560 340
92524 54607 351
49993 3723 324
27815 7412 308
86400 47257 351
27983 41914 324
67807 50958 340
31283 12558 308
34914 81601 351
57506 13342 340
39982 81270 351
68905 44767 340
19373 60232 340
74807 98820 351
57441 56104 304
48237 96182 351
2991 2519 217
34564 53839 340
84052 12433 351
98647 40212 351
41230 15988 324
82880 21347 351
87822 18866 351
55143 79189 351
99665 71899 351
16808 52338 324
3387 60152 340
19907 21983 269
21272 26817 308
68503 60014 335
35488 60380 340
26581 16972 282
48581 24933 324
93724 34361 351
58760 73421 335
44974 93812 351
62346 53509 335
82382 65367 351
37067 66623 340
93155 2624 351
51821 72411 340
19220 52158 324
90158 12416 351
81115 37952 351
42322 62713 340
10875 43282 324
66093 63887 299
62697 89243 351
62451 41246 340
9979 48001 324
87360 66088 351
429 35643 311
64185 30736 340
14866 19008 279
45984 72468 340
16296 88812 351
58093 88777 351
73674 38888 340
98805 59726 351
8637 83496 351
44747 23364 324
62390 27381 340
48303 42436 314
48995 35414 324
69804 72994 325
72933 30305 340
89490 11497 351
77476 71694 351
76526 95251 351
96670 74218 351
80537 73330 351
34058 82250 351
8533 73272 340
48298 2391 324
98607 72317 351
55023 63930 335
5808 47535 324
1069 52997 340
58369 12808 340
51306 11683 324
80337 29891 351
28527 63034 340
88755 14592 351
98605 44514 351
1686 66124 340
66716 72598 325
31163 30024 272
50597 88049 351
6687 56127 340
56740 45520 340
88615 37972 351
38784 79739 351
48940 21403 324
76281 29225 340
22857 80882 351
92682 75222 351
74441 34526 340
87014 19340 351
92335 73085 351
1263 25449 282
45836 40954 314
13710 86111 351
71612 29997 340
22438 80078 351
13612 87581 351
40463 89630 351
98793 79887 333
24767 17515 282
92174 30313 351
92698 374 351
78079 80468 338
20203 42112 324
38956 8024 324
40429 6680 324
94157 69163 351
94270 49101 351
11983 92579 351
64686 27410 340
62891 18831 340
49565 19232 324
74979 51596 340
26846 6246 308
11169 75818 340
47677 16532 324
53955 14710 340
25273 55921 340
87503 21480 351
66661 67228 268
61775 55216 335
58151 15145 340
67116 37412 340
83832 50563 351
22257 96331 351
46298 47849 314
48966 51143 296
25202 57180 340
64097 10084 340
90594 81385 333
65498 23478 340
47201 6159 324
26134 89276 351
38301 71058 340
5431 656 238
62203 83285 351
79119 44767 351
33723 49630 324
96798 95344 297
60365 40975 340
76243 22441 340
3708 15772 276
42904 19653 324
32684 98889 351
24411 29626 308
42702 51203 314
27268 28186 259
31469 52058 324
52545 16231 340
6755 1065 262
83848 82563 320
79059 59737 351
10336 23563 282
67411 25753 340
70746 86258 351
73783 44294 340
6209 96882 351
28100 77367 351
79288 5702 351
93668 744 351
97869 57388 351
38173 61057 340
31491 83111 351
65604 82193 351
38002 8659 324
14253 58737 340
63504 73605 325
406 78286 351
32287 99217 351
46966 484 324
15510 35298 311
30 59116 340
37266 41427 306
49549 88713 351
3154 15047 276
94856 43494 351
57121 29725 340
41765 48400 314
52167 30135 324
59912 61883 335
31032 68955 340
10346 92906 351
51830 62536 340
33796 91062 351
60709 12469 340
52021 59488 340
25892 38199 324
4987 96898 351
25382 83126 351
24185 27379 308
62589 50775 340
88645 56203 351
4454 54222 340
14375 84892 351
72387 52265 340
36090 84680 351
27747 33686 285
50476 54623 340
73662 3277 340
25501 46791 324
55474 41766 340
86616 89568 333
98481 80150 333
36557 32122 324
27872 82499 351
54051 73618 335
38716 46675 314
27309 8165 308
31873 71788 340
