221 664 145
668 246 145
826 210 171
17 789 171
99 375 144
586 481 142
977 46 179
435 24 144
154 1000 179
201 906 179
215 671 145
604 133 144
141 355 144
297 832 171
791 837 135
137 460 144
582 814 171
561 949 179
152 642 144
248 939 179
130 978 179
594 867 171
777 843 135
123 169 122
812 487 171
895 562 179
487 19 144
968 523 179
525 990 179
459 717 171
621 452 142
84 973 179
912 909 42
363 834 171
85 749 171
140 637 144
490 282 144
37 473 144
130 515 144
842 501 171
158 257 128
826 293 171
820 320 171
43 281 128
346 846 171
861 816 148
575 926 179
180 654 145
867 171 171
70 701 145
385 821 171
945 963 130
71 712 171
373 798 171
725 72 171
290 353 144
151 662 145
144 319 131
509 636 137
283 4 128
499 649 145
950 215 179
443 974 179
790 933 179
109 622 144
72 578 144
357 276 144
129 920 179
332 154 144
22 832 171
53 786 171
515 782 171
275 794 171
757 768 153
395 14 144
507 765 171
16 565 144
934 540 179
330 191 144
545 147 144
76 597 144
951 644 179
373 125 144
924 933 130
524 867 171
598 897 179
375 200 144
285 108 128
839 389 171
762 947 179
957 394 179
748 203 171
744 598 171
60 35 113
368 295 144
807 165 171
940 152 179
67 994 179
692 711 171
494 119 144
195 334 144
165 359 144
688 56 145
434 52 144
478 259 144
184 731 171
606 899 179
911 877 148
894 226 179
330 812 171
521 338 142
760 533 171
911 273 179
217 717 171
14 513 144
86 887 179
551 855 171
74 374 144
73 546 144
699 6 145
686 245 145
633 925 179
444 635 142
521 759 171
730 391 171
765 630 171
378 777 171
415 470 134
757 154 171
875 446 179
425 229 144
543 635 137
920 798 179
520 634 137
72 84 116
154 272 128
223 289 128
544 294 144
570 765 171
237 642 144
320 739 171
974 473 179
640 43 144
376 267 144
271 409 144
207 52 125
210 594 144
793 811 135
946 651 179
890 760 179
791 977 179
583 966 179
983 429 179
864 178 171
879 296 179
431 489 142
123 278 128
768 568 171
85 984 179
397 73 144
630 382 142
537 109 144
21 132 122
759 930 179
218 760 171
430 277 144
834 457 171
215 256 128
218 699 145
599 514 137
585 814 171
406 436 134
513 356 142
236 481 144
42 50 105
294 219 128
46 872 179
518 413 142
263 211 128
194 675 145
998 92 179
747 620 171
318 690 145
18 179 125
579 303 144
811 110 171
812 491 171
978 215 179
222 258 128
840 355 171
686 314 145
913 725 179
427 313 144
44 798 171
847 98 171
591 685 145
186 320 131
920 328 179
563 716 171
555 726 171
813 189 171
121 26 119
486 253 144
644 722 171
838 106 171
328 125 144
73 694 145
304 171 128
86 219 125
702 284 145
482 594 142
598 56 144
677 491 145
711 857 153
426 354 134
273 108 128
429 917 179
182 753 171
298 388 144
734 417 171
692 148 145
509 48 144
530 80 144
898 715 179
97 379 144
552 163 144
867 22 171
355 380 108
153 173 125
869 160 171
15 666 145
413 260 144
255 956 179
34 596 144
488 149 144
519 676 145
932 168 179
257 697 145
316 808 171
376 463 134
429 69 144
871 800 179
49 788 171
369 768 171
220 695 145
186 217 120
382 393 121
817 716 153
872 353 179
663 790 171
199 429 144
106 625 144
246 928 179
337 154 144
332 62 144
14 191 125
299 172 128
222 418 144
339 956 179
852 394 171
604 465 142
334 960 179
56 514 144
870 378 171
589 669 145
910 212 179
759 490 171
309 958 179
455 864 171
670 92 145
933 162 179
344 467 134
923 684 179
354 114 144
455 955 179
22 968 179
134 363 144
346 710 171
824 888 179
172 405 144
565 649 145
99 659 145
935 611 179
318 552 144
989 268 179
428 108 144
558 718 171
382 457 134
69 484 144
860276 379344 525
318537 157381 443
711761 349918 509
408966 709282 509
108833 602447 470
763346 682503 504
873478 164053 525
651356 175180 509
318995 805884 509
577713 10609 470
777803 903738 525
327719 454536 449
852866 150334 525
976726 601979 525
159419 972790 525
479015 149040 449
301425 12823 443
527324 644934 509
749067 470864 509
900107 215728 525
395950 934080 525
309407 364963 441
604881 533382 452
825351 336262 509
844964 262581 525
571379 46019 470
920846 375317 525
700908 954756 525
111849 541426 470
387280 556911 470
693575 15587 509
292813 971514 525
935314 365300 525
324034 764652 509
388259 467559 449
148755 850636 525
811174 652183 504
646186 533858 509
869557 693324 525
106210 332514 443
816019 52159 509
157799 666719 509
399239 102295 443
930006 856410 476
763416 760377 380
390454 591001 470
47352 296741 443
247070 957276 525
846211 221548 525
324037 337615 384
874517 411455 525
53575 783102 509
325142 928952 525
680143 774919 504
458101 416402 418
284061 980755 525
584055 470530 470
672112 633549 442
26750 783977 509
815025 493979 509
606634 180318 470
361792 53113 443
765559 606739 509
53969 270811 443
563156 871405 525
686884 491667 509
846172 716911 525
79483 75746 351
793812 41173 509
531124 245151 470
52067 551546 470
598801 302434 470
633154 122297 509
537130 145140 470
602954 807026 509
82201 603234 470
497807 47494 449
811406 886309 525
390418 716212 509
637534 777430 504
431448 754057 509
169173 808863 509
898174 726901 525
989762 1661 525
780096 153551 509
422844 208295 449
783193 138842 509
724911 777798 468
910056 118077 525
774647 652987 504
970073 464578 525
373986 3961 443
841668 345155 525
390012 780241 509
934117 912981 476
58643 741193 509
50969 954553 525
270219 984241 525
728208 321025 509
101646 428665 449
200474 862196 525
886190 170317 525
558718 716388 509
353734 740023 509
249133 76428 443
527342 628924 509
816062 358983 509
410729 383998 449
91425 649299 509
642354 775369 504
695215 366139 509
832108 625699 509
56763 172662 383
899443 766286 525
736063 209323 509
100803 469652 449
745448 765466 424
534526 151124 470
659985 856393 525
699428 24626 509
667407 942061 525
81463 318389 443
17912 456184 449
333468 89665 443
718554 770537 468
830049 793249 468
315218 917278 525
926576 399602 525
655699 77984 509
188909 174431 365
310145 233407 407
932655 743087 525
875202 318073 525
25904 910618 525
842465 658415 525
219661 369588 443
634150 588406 509
656740 998795 525
567114 919376 525
450061 88335 449
116561 2489 354
835581 927376 525
379560 486618 449
431234 753425 509
203821 388327 443
721658 545876 509
751594 162892 509
318036 401526 441
206066 447681 449
734078 338078 509
548739 133218 470
707136 314964 509
755890 401676 509
213813 451665 449
45455 874669 525
673604 667623 367
844859 654867 525
694798 399516 509
11825 369551 443
710057 754187 424
174953 67931 383
929751 998015 507
711052 903243 525
347172 224396 443
423902 386275 449
167195 981389 525
43276 284712 443
244629 120908 443
31960 70597 340
849417 879851 432
130072 568534 470
703308 46466 509
336467 662731 509
743641 871730 525
44332 771205 509
458430 827831 509
383031 668913 509
668858 963360 525
296232 239879 407
1715 904778 525
859408 37222 525
406405 146502 443
847178 319206 525
994250 217269 525
704860 138470 509
730859 870692 525
11458 704642 509
479111 744604 509
681182 961310 525
956236 229493 525
284156 15108 443
566431 635792 509
767038 836512 468
126773 643297 509
63635 200455 383
640284 443421 509
473773 13890 449
575354 569724 377
545916 849797 525
515889 411884 470
608375 908586 525
139056 544053 470
961728 39486 525
319728 677429 509
554089 182956 470
221801 606718 470
336750 774936 509
793769 648859 504
706509 728298 411
896369 924864 476
835614 727150 468
476854 915474 525
730388 769223 468
135305 657152 509
139243 301184 443
549145 453600 470
798063 893594 525
917036 342916 525
213335 418422 449
394058 915966 525
501187 10307 449
989452 261220 525
166262 49764 383
273622 216678 443
880123 700069 525
917276 928082 476
198618 686655 509
713344 647627 504
11550 904755 525
590588 502037 470
44978 76740 340
776975 791798 437
371096 139212 443
146413 326367 443
323588 372288 441
850632 66946 525
648939 897615 525
555850 518201 452
982192 770654 525
52900 445396 449
101461 253270 443
265923 373715 441
677015 897916 525
513277 659503 509
505926 573424 470
794585 619165 509
257894 608443 470
763200 310672 509
443787 501733 444
844816 412678 525
157748 756599 509
323669 58829 443
389219 89269 443
941495 659313 525
804514 85394 509
197742 399342 443
335939 697769 509
607375 667498 509
733213 71338 509
787986 96606 509
620777 399346 470
465492 42454 449
644050 185909 509
657617 225623 509
16370 665786 509
931724 794709 525
278553 981379 525
862374 136808 525
551752 839339 525
441734 874735 525
354893 853935 525
37453 463259 449
387978 508946 449
200911 352328 443
33619 269453 443
203404 550678 470
230345 295102 443
450086 635400 509
343838 829595 509
47094 278290 443
533902 668853 509
32338 278703 443
173758 219983 386
9124 544733 470
872367 922940 476
408292 640576 509
374726 450605 449
4554 293359 443
227504 348709 443
479869 846902 525
447316 556805 470
102366 126111 354
345701 446907 449
623559 673900 509
184403 306396 443
101585 120994 354
49852 767895 509
73543 154372 375
148349 769757 509
149447 404438 443
755601 790785 468
641669 860735 525
223049 539856 470
11239 43443 324
89121 304089 443
224370 409031 443
252778 768691 509
273944 399818 441
19038 589087 470
21110 730565 509
179582 490625 449
2545 354927 443
112075 301404 443
220012 407260 443
41512 837897 525
152293 196930 383
38023 162974 383
390647 687302 509
27676 707460 509
42514 132170 354
234701 272315 407
373062 385059 423
10713 908776 525
164703 370076 443
189214 362436 443
739925 791353 468
479835 853761 525
187596 790761 509
8770 9094 247
1527 155493 375
740227 987374 525
641208 660924 429
280826 998937 525
161429 343532 443
397108 503540 449
578796 623334 447
494678 521706 470
1319 714971 509
896 20770 279
35759 232268 443
153759 221708 386
154490 257798 443
72373 131981 354
242340 270650 407
125217 842259 525
14823 44282 324
446921 711417 509
494481 970745 525
243800 502886 449
313487 343951 384
157860 438603 449
405662 555054 470
52278 372622 443
328139 544482 470
203523 453522 449
1680 197659 383
460706 512584 470
441566 538979 470
66933 122826 354
369301 528990 470
513126 673074 509
130776 187806 383
595610 943701 525
112960 714234 509
318828 535698 470
839772 963672 507
533407 678419 509
118095 713842 509
588902 721631 509
588768 940424 525
85016 88535 333
27794 817978 509
38390 687541 509
40539 106538 354
204015 820207 509
307001 440506 449
253658 844935 525
14539 101415 351
269567 710685 509
10718 60362 340
298027 434058 449
226693 666372 509
510078 562517 470
74196 516306 470
667984 931224 525
33689 36086 324
13117 95155 351
16613 45389 324
224410 298235 443
166625 777817 509
739481 945519 525
418472 828063 509
16584 86803 351
41718 76131 340
26263 91917 351
758354 911051 525
210515 507762 449
366036 786152 509
130077 937036 525
19958 92549 351
218896 575390 470
169232 176613 347
355985 853433 525
426560 532794 470
90592 787795 509
291941 971117 525
21611 783533 509
65077 215754 383
186928 859171 525
501584 901537 525
816915 877334 525
707297 794968 468
80992 111917 354
430746 698228 509
473077 604341 470
187348 492133 449
283843 348791 441
16024 306133 443
19910 394205 443
39129 601157 470
99262 238219 443
164151 343128 443
105542 505041 449
494982 958005 525
189770 877961 525
42463 45200 314
401748 432527 449
200757 220268 386
66563 405436 443
298580 619625 470
386798 597705 470
185679 650124 509
361948 792794 509
146845 516690 470
224532 460660 449
163767 179896 352
88743 146063 375
148552 837338 509
163037 791141 509
100734 490808 449
104600 327954 443
583814 614834 403
42687 94430 351
594834 790139 509
83243 286657 443
124 4939 238
67092 518771 470
79323 354912 443
69402 805452 509
418238 421164 343
635451 901561 525
281533 756005 509
379819 552647 470
19006 123253 354
14595 17623 271
308917 325289 384
83583 312939 443
66760 140323 354
147489 445673 449
121758 387881 443
232476 649498 509
833342 856276 525
473204 675067 509
434569 998205 525
92475 811651 509
76302 808652 509
48823 386003 443
361622 755694 509
295653 909459 525
371180 613138 470
28500 264621 443
466785 497192 426
20529 394788 443
221196 907573 525
21087 270435 443
294066 396651 441
189742 532801 470
111460 414271 449
56635 152193 375
696099 962310 525
794303 950119 525
10706 570317 470
324145 687269 509
247943 811357 509
152800 849076 525
191113 495560 449
195225 595293 470
41004 129710 354
302861 413751 449
413919 449929 418
112271 131775 349
459760 496010 444
378022 977117 525
74964 197791 383
35559 145062 375
410130 637862 509
240548 799132 509
309121 560775 470
410455 758897 509
461990 940650 525
254679 489334 449
101097 539620 470
161299 788202 509
69794 392705 443
2333 18615 279
936570 945595 507
100953 369168 443
68396 106124 351
492963 587790 470
429017 941698 525
59533 936241 525
366212 733733 509
137043 232674 443
84061 400163 443
537944 810499 509
377082 602411 470
333559 505120 449
691390 818941 504
327479 547139 470
756059 923844 525
171929 424284 449
45246 100731 351
126600 846289 525
145989 502483 449
6281 9631 260
200647 211679 373
771924 828999 468
400540 420915 449
70670 71319 325
248767 530696 470
691454 934791 525
102368 152012 375
127728 352095 443
77582 107867 354
147801 186310 383
161672 339422 443
687177 750214 504
359018 370997 410
21366 58624 340
372036 392905 436
318483 841010 525
340723 719945 509
71190 91124 351
42665 60108 340
463032 502339 426
103864 167333 383
2728 10058 262
155548 207759 383
590367 672297 509
106341 157791 383
62281 469887 449
16387 16677 266
287040 593156 470
136745 289880 443
330832 535174 470
362812 563909 470
250981 390727 441
189761 693167 509
209956 613261 470
12534 21695 279
664915 782836 504
366526 471438 449
296366 947604 525
230671 580600 470
617614 871654 525
175833 321753 443
21279 70989 340
378643 553596 470
93221 856182 525
72909 74534 294
28240 40432 324
378009 718184 509
246743 552116 470
123630 128528 331
82855 400956 443
147082 788816 509
50017 106808 354
184716 507450 449
606679 948404 525
103237 975097 525
43544 624757 470
32846 97775 351
46 14202 276
509374 930449 525
387862 710934 509
428343 458414 400
22310 71728 340
568511 601980 434
47303 878350 525
89639 249441 443
87505 909817 525
104717 219623 386
253919 419593 449
787 12409 268
86551 116998 354
511574 593739 470
148547 404850 443
253741 898136 525
547603 581930 421
33117 172568 383
668640 711567 504
52312 735887 509
536831 932964 525
177265 737750 509
18815 857822 525
115398 451895 449
59075 392105 443
53725 259101 443
306091 577032 470
770973 983905 525
105643 230675 443
132554 257493 443
513912 574396 452
214770 328599 443
529840 737670 509
56392 394979 443
2302 6010 238
939607 963003 414
359382 488237 449
60955 882104 525
35255 286915 443
20965 22489 269
87864 845611 525
89331 855474 525
99046 118745 354
895073 952391 507
361715 386582 423
299417 640405 509
874998 889892 445
9050 31371 308
711922 753162 424
183826 532207 470
256878 416853 449
3068 7204 262
843067 938580 476
35277 71306 340
8678 419847 449
8403 130305 354
343258 907237 525
9873 233165 443
8691 341822 443
72140 401532 443
8030 75968 340
134920 152985 375
246901 850469 525
9624 47418 324
298001 934532 525
1 1 1
1 2 2
2 1 2
10 10 7
100 100 26
1000 1000 112
10000 10000 30
100000 100000 129
5421 87358 351
56963 85349 351
48024 56845 340
29068 73537 340
88364 7897 351
73439 76052 325
66031 91175 351
69117 18949 340
57539 12114 340
94511 69753 351
88956 31839 351
46801 84890 351
92864 63122 351
48187 72624 340
25414 96876 351
4885 33159 308
13180 73097 340
45524 60558 340
84155 1864 351
68529 67473 312
70856 57095 335
63696 62721 330
69856 22762 340
46586 32689 324
18035 87004 351
20846 40491 324
64341 37239 340
72715 3011 340
46363 7942 324
96021 58080 351
92820 97872 328
33413 57924 340
41894 26901 324
77316 8101 351
54374 73574 335
63814 53860 335
76907 54444 335
34009 89547 351
62268 94845 351
99206 17601 351
38202 14811 324
88727 19938 351
29767 75933 340
99017 43579 351
47949 32889 324
76155 27123 340
91626 35691 351
47235 85252 351
4470 53331 340
23711 35748 324
40590 91893 351
5374 28636 308
8932 18385 279
75915 32894 340
17469 20028 279
32840 65458 340
19412 83364 351
60834 72777 335
24728 16296 282
26925 33811 285
62361 21032 340
57967 36956 340
63069 26983 340
41273 99035 351
9659 23724 282
5381 51865 324
28807 72226 340
22089 70479 340
37624 43895 306
17613 27791 308
62993 15265 340
16489 76322 340
20867 58680 340
95066 9808 351
22595 11462 279
60804 19109 340
17687 16738 279
9697 2646 262
79655 71568 351
74677 20675 340
35352 48489 324
79507 48691 351
52458 75963 340
44121 19663 324
31451 41606 324
60536 90404 351
73298 72751 294
70000 61945 330
39372 87041 351
24822 16992 282
11596 42856 324
44492 41388 288
20755 13547 279
9267 88354 351
33569 90508 351
97685 88630 333
36934 97386 351
21261 54213 340
42545 77052 351
44310 70805 340
78516 2229 351
14290 28670 308
51684 97128 351
90066 77778 338
1582 94664 351
22397 1870 279
68526 12911 340
43229 29685 324
57041 25900 340
29261 96834 351
67777 74368 325
36007 9922 324
75191 53197 335
20851 92008 351
98367 86476 333
30857 25846 308
30011 91545 351
10574 42726 324
5028 90662 351
73419 7819 340
90863 14466 351
74726 89930 351
92867 70435 351
51534 52455 278
18912 33978 308
62024 1535 340
75523 12675 340
34901 63215 340
24506 47464 324
29458 8781 308
75783 32159 340
3138 42927 324
27346 61239 340
5100 15139 276
45793 88678 351
74317 53234 335
68361 43219 340
35310 48381 324
35176 16535 311
23316 27944 308
16701 5793 276
55084 1452 340
42001 57584 340
905 38879 324
88327 97421 333
57713 8674 340
62198 73065 330
33334 34046 267
73724 43321 340
69179 38174 340
45079 14211 324
19931 30475 308
95625 79856 333
13797 38716 324
34014 66402 340
39992 94862 351
32732 61502 340
43847 67753 340
79425 72983 351
84423 16050 351
19223 23856 282
98497 96662 297
11673 55245 340
14415 17605 271
43960 53826 340
5935 20211 279
50240 14888 324
63253 66196 330
83645 95534 333
24335 63988 340
83518 95736 333
52997 81379 351
46446 71560 340
30321 54333 340
24893 83601 351
74129 62909 330
62617 18947 340
73641 34348 340
99636 60550 351
40117 14904 324
3393 36040 324
79995 93945 333
90149 25138 351
73811 13265 340
17326 92714 351
2086 794 182
36360 6268 324
15720 90872 351
99784 87381 333
27029 22269 308
19541 31576 308
94518 76843 351
956 67434 340
16494 10183 276
8393 30065 308
41671 52697 340
20837 12355 279
72920 67318 325
80 77356 351
83362 44334 351
96946 2744 351
44652 26990 324
10601 49551 324
50923 28949 324
88858 57608 351
52737 22341 340
50139 23492 324
34868 93210 351
1920 58094 340
88173 41982 351
27166 50682 324
36253 99248 351
21356 88859 351
97253 33502 351
31121 11029 308
74553 1473 340
20578 91133 351
65714 59952 335
85406 30131 351
5263 41223 324
55542 7020 340
