1 1 1
1 9 20
1 1000000 525
1000000 1000000 153
9 15 20
62383 519407 470
43823 327979 443
884033 59351 525
660360 499037 509
991088 181834 525
492393 158984 449
106436 89193 354
67129 914221 525
342088 960449 525
705572 846894 525
653975 549981 509
963133 529059 525
52074 702394 509
97901 996981 525
90780 499874 449
556150 302557 470
76465 513582 470
638835 169471 509
731747 349667 509
871668 866249 388
234871 371345 441
171958 289792 443
220863 893938 525
525023 521886 364
499994 399123 449
864762 193951 525
258631 211484 443
225549 622651 470
422922 724529 509
959904 83893 525
435984 550277 470
962903 114763 525
273209 703292 509
739437 672559 504
386746 217323 443
59579 253894 443
610899 846967 525
599104 886242 525
991375 442681 525
733545 666429 504
319741 27807 443
246426 277219 407
580013 315026 470
179015 908148 525
604960 19116 470
337847 2562 443
826766 986351 525
569569 51454 470
295358 364613 441
755161 373082 509
164760 863164 525
247187 534335 470
939212 44079 525
83944 719570 509
114059 906972 525
571528 381016 470
109578 576017 470
945528 294373 525
580838 693706 509
468196 931911 525
38703 162125 383
616682 946395 525
612835 392403 470
579920 918331 525
407682 597188 470
199842 333569 443
164941 498234 449
10050 561060 470
199724 958331 525
270543 699000 509
624136 131158 470
748830 963374 525
683883 25177 509
783862 983446 525
79048 98316 333
938071 925263 476
204693 758653 509
786875 272945 509
941341 175172 525
715064 118588 509
193408 184029 360
840510 452748 525
876776 916742 476
150287 258860 443
603240 951049 525
685404 263857 509
46034 957990 525
503865 614173 470
169303 83040 383
706595 235312 509
787226 164754 509
196266 48213 383
72856 334520 443
604796 259396 470
117602 783724 509
673479 841492 525
63063 843770 525
801145 718642 468
105547 958352 525
91888 142892 375
348831 24452 443
143941 772397 509
188140 576977 470
669643 443850 509
33157 360169 443
756605 550156 509
217612 211760 386
505114 168598 449
356779 865696 525
348483 515535 470
236530 879638 525
889241 617460 525
773660 187311 509
477895 294339 449
13872 413107 449
858762 51660 525
581725 969759 525
216743 420905 449
785032 298511 509
692501 223414 509
763105 67951 509
539565 69001 470
333778 294156 384
384551 823097 509
319797 887245 525
141049 489128 449
519117 666146 509
116391 494791 449
226964 610391 470
921116 563954 525
550052 757442 509
689525 361381 509
784513 914123 525
297436 245271 407
435264 804060 509
695798 841424 525
848342 57684 525
935526 452233 525
658372 263205 509
260954 133098 443
91902 622708 470
683068 383838 509
551012 942877 525
303587 710324 509
149424 55403 375
550305 387271 470
134005 370367 443
17511 339275 443
310610 139361 443
427351 891869 525
862322 999704 507
631297 366841 509
461069 278272 449
864564 413874 525
933723 484570 525
558899 374695 470
367002 658505 509
849754 293627 525
282185 493622 449
899027 339901 525
830808 99637 509
114998 88752 354
478911 983766 525
592499 463262 470
668430 643355 442
991680 633518 525
75039 552271 470
371482 111124 443
982329 286464 525
581627 475469 470
825798 293734 509
301588 248873 407
164923 357353 443
62877 866772 525
129667 954427 525
334021 884411 525
900701 600581 525
673407 905993 525
681166 350936 509
764409 328389 509
13032 118942 354
244410 808821 509
115410 260239 443
93928 354664 443
227432 342820 443
220140 933229 525
974265 32577 525
919070 527704 525
506041 401533 449
324407 511855 449
519022 699600 509
127195 55350 354
93003 916427 525
812771 292040 509
112007 401712 443
958733 48896 525
293525 724663 509
146468 60244 375
352539 368918 410
651569 60041 509
858328 673299 525
529721 978097 525
760451 207987 509
23386 291250 443
624111 757676 509
891091 595815 525
984398 870581 507
346997 700571 509
610299 957366 525
107037 976569 525
221435 395621 443
430305 590141 470
155487 252109 443
137532 503416 449
455453 276561 449
767321 185314 509
486928 812996 509
186177 307675 443
912316 75782 525
421092 607378 470
943900 540516 525
502 475022 449
603042 102422 470
601031 543857 452
532400 188421 470
888377 349513 525
212770 357054 443
768941 990451 525
337137 337015 229
402959 667917 509
715996 803167 468
863376 298089 525
729897 18809 509
283253 611760 470
777954 179659 509
189708 189899 360
438828 445628 356
630683 607380 509
28451 798299 509
815225 84782 509
282716 269050 407
274258 764921 509
888101 737573 525
877284 573412 525
106076 211896 383
375696 138550 443
96205 637337 509
274894 6210 443
595542 913548 525
825119 348025 509
794420 263452 509
514826 975567 525
200810 598014 470
188880 247654 443
18740 62592 340
738990 782157 468
552188 465367 470
718333 611874 509
340106 642447 509
795319 213771 509
802718 334519 509
521155 691222 509
552149 106560 470
659261 907719 525
71141 4265 340
137084 631637 509
701734 750495 504
809665 921883 525
249486 626944 509
271026 572440 470
56491 842863 525
742104 785641 468
495289 202100 449
545378 615537 452
334803 758605 509
201916 464218 449
175213 963126 525
615320 967144 525
194827 195118 342
692529 360820 509
253862 846530 525
530320 343886 470
367464 907268 525
979319 941024 458
918933 858423 476
390159 981160 525
621253 736651 509
859239 92159 525
18531 561169 470
226504 94761 386
204371 300892 443
637502 971544 525
71005 626380 509
4143 816278 509
824686 280382 509
227988 334744 443
444071 446397 338
952453 278977 525
818386 925796 525
835876 885979 525
889310 174859 525
748642 52538 509
436533 11961 449
560436 341415 470
592838 703631 509
501739 243776 449
664404 113559 509
53686 194710 383
399806 374471 436
593398 405451 470
358960 208254 443
314792 939148 525
819460 847142 525
454668 542140 470
620036 443534 470
795798 191256 509
471638 2104 449
323907 322192 322
331985 486952 449
484156 180865 449
326471 180853 443
947584 722782 525
90758 567599 470
953485 411691 525
153592 452599 449
247972 88943 443
356580 525685 470
411675 7722 449
415015 133692 449
853052 364570 525
800195 318284 509
943642 964051 414
342442 176703 443
615718 188936 470
560179 612257 434
954204 698289 525
854521 434511 525
531801 973300 525
295681 602200 470
205192 383938 443
685015 923635 525
540255 765920 509
617952 73109 470
715486 690659 504
696647 535589 509
432059 477732 444
412918 735882 509
510346 230887 449
118434 109106 349
603985 404890 470
572936 253089 470
694251 509460 509
776048 74456 509
645381 835214 504
387708 58574 443
326668 600139 470
656575 498240 509
596531 253297 470
349001 25980 443
490356 450194 444
993904 882089 507
118256 359393 443
369940 62737 443
290030 291053 327
510104 658146 509
751421 195833 509
229547 995316 525
419783 787435 509
280307 264308 407
723113 322372 509
961229 895775 507
925055 723387 525
334594 50678 443
679626 934484 525
374520 651389 509
845475 655617 525
682299 445508 509
73565 415981 449
11274 41232 324
26764 232994 443
770916 448622 509
776451 592403 509
390788 836676 509
970815 692662 525
729355 930542 525
197680 611870 470
989883 942806 458
299038 875684 525
302931 687255 509
715598 54817 509
421506 927668 525
494213 367310 449
309380 195054 443
219463 269250 443
732439 313463 509
971386 895547 507
188145 289128 443
159445 823342 509
382848 119423 443
950159 808457 525
954822 866712 507
709005 247198 509
623509 860913 525
528747 399213 470
528802 163137 470
803104 693908 504
371199 931195 525
718853 35661 509
46659 335043 443
915482 18121 525
327993 945658 525
437028 327724 449
903580 632510 525
296227 970844 525
517038 708215 509
564887 459927 470
517098 350848 470
600564 280538 470
336783 200510 443
867549 837967 419
855855 797225 525
713256 300198 509
428374 338343 449
846129 646864 525
549257 276012 470
441625 250724 449
597174 984209 525
29274 299185 443
964151 179429 525
886955 10329 525
878970 591294 525
37857 22374 324
744303 934475 525
799974 529197 509
333964 124826 443
313348 226760 443
251798 213975 443
614101 698698 509
814104 712606 468
21795 47663 324
84765 782965 509
679795 561297 509
852056 756363 525
287926 48154 443
677701 961818 525
122258 871644 525
482777 238849 449
229187 650339 509
690595 275326 509
798511 746988 468
606292 651271 509
166798 258000 443
655043 700115 442
331841 898680 525
788187 125376 509
564082 958869 525
782940 642288 504
999191 612732 525
954796 637267 525
446614 696528 509
195848 570289 470
620778 358680 470
448966 995839 525
615031 402331 470
73831 435282 449
422459 791661 509
981161 955400 458
751435 796712 468
880787 209564 525
36183 713440 509
516626 166137 470
233432 89367 443
875601 877779 432
676512 844240 525
731931 950037 525
740579 94740 509
964152 929274 507
473479 619831 470
226340 242351 443
588125 674643 509
571676 678568 509
88234 46813 351
774070 762342 468
942362 316955 525
227263 242508 443
275685 189397 443
725240 339440 509
326169 765339 509
928647 797563 525
738566 464928 509
986784 233569 525
789942 396615 509
257266 455167 449
644294 459291 509
440809 528928 470
492941 229026 449
498180 516611 470
741526 624561 509
490092 647590 509
692829 782811 504
441086 154274 449
499376 452446 444
199329 474945 449
199641 832401 509
700595 377774 509
465214 967383 525
503187 917817 525
387876 243251 441
999901 46306 525
765141 510467 509
156931 66228 383
577167 537375 452
907446 354180 525
908306 236274 525
698860 596164 509
564818 608730 434
5204 530352 470
737815 224070 509
769458 573838 509
940393 314407 525
307966 912122 525
790813 572114 509
358953 534882 470
103373 953840 525
765062 316019 509
877602 157047 525
825342 77260 509
848631 314651 525
816976 819946 450
159296 592634 470
46242 747280 509
854580 675669 525
381788 763188 509
859939 440625 525
171231 394353 443
52100 21949 324
866671 565221 525
156465 274386 443
494992 212122 449
234485 137452 443
991618 941908 458
703464 802102 504
398923 109368 443
933950 68762 525
833790 354428 509
341631 245636 407
781780 523632 509
655379 542338 509
543024 472002 470
629740 609124 509
439626 40348 449
555764 85036 470
109169 185738 383
652547 279041 509
483606 772539 509
698939 930409 525
277735 939932 525
794607 7067 509
542450 638015 509
603717 922637 525
917841 650306 525
880640 137862 525
788733 48014 509
350336 430705 449
851765 137645 525
675011 392900 509
597332 152351 470
986807 230224 525
988563 350716 525
569605 115422 470
535263 288299 470
984053 714050 525
890670 581898 525
675365 81295 509
766494 715078 424
14473 377178 443
411252 184716 449
650091 942742 525
281779 586195 470
37951 852398 525
983278 856515 507
471504 11030 449
175089 333246 443
981901 93104 525
457734 452436 369
443421 648646 509
932647 666953 525
726479 169564 509
387927 728993 509
335139 349099 441
751138 247672 509
744298 556939 509
915076 387732 525
525475 10558 470
15015 747031 509
227239 240926 443
2645 497460 449
422054 169546 449
232972 536312 470
197727 215126 373
123511 711086 509
827195 587882 509
593111 130693 470
788772 90339 509
250652 669264 509
193930 221684 386
945842 921230 507
46405 74222 340
474762 814211 509
154267 706516 509
872597 448448 525
317454 597328 470
96363 158054 383
981073 609550 525
608948 531003 452
754664 568849 509
105660 473668 449
10767 832537 509
17515 762658 509
241413 581672 470
858854 384005 525
323245 659483 509
501237 255485 449
601635 345918 470
197183 488347 449
902544 399792 525
100446 976313 525
48922 71642 340
23005 395928 443
507946 812053 509
894319 866602 445
800493 428871 509
557134 722473 509
919759 913836 383
905702 849242 445
62731 69442 330
424749 946167 525
975864 156302 525
198378 676415 509
458709 962689 525
862323 932990 476
552565 594657 434
758903 465026 509
889729 177692 525
708099 719290 411
341584 149810 443
643764 502951 509
191819 141349 383
104426 287921 443
300109 865152 525
815727 847057 525
71423 396784 443
750453 422375 509
761994 341054 509
730410 891307 525
737437 547679 509
263681 143326 443
581198 396042 470
731068 360002 509
233783 109614 443
497407 812647 509
589146 149674 470
726448 796640 468
480547 481740 369
304674 849868 525
925292 268319 525
297406 494399 449
407048 735832 509
785839 26870 509
463693 23335 449
582938 831634 509
66814 873603 525
835057 23269 509
187994 503541 449
142347 614758 470
589433 178335 470
807599 384526 509
164510 601956 470
515381 902948 525
869663 636168 525
991051 554295 525
111524 737460 509
776438 161468 509
897141 331908 525
692823 51103 509
755291 334194 509
787052 898692 525
669453 374457 509
399202 50517 443
93183 886541 525
8187 879116 525
58848 777802 509
258966 647599 509
669281 995220 525
763428 608927 509
350534 405676 436
94920 686151 509
422063 48446 449
303035 61810 443
998274 681390 525
609541 71714 470
334901 682174 509
345286 804294 509
894712 276406 525
206716 339070 443
787971 771174 437
997386 714314 525
327832 121576 443
431508 422829 418
107138 110930 310
451733 758503 509
302843 266662 407
394875 609762 470
38429 983647 525
497466 343292 449
432606 911646 525
193491 769401 509
530102 693077 509
467619 628178 509
963657 76343 525
574366 42345 470
228883 775185 509
407621 107210 443
260604 436443 449
311656 883846 525
136804 648811 509
622185 459319 470
93315 263047 443
151122 775784 509
754122 297519 509
115116 699392 509
728459 308119 509
864472 60816 525
615534 358469 470
36443 21671 324
740955 197579 509
725852 731326 380
568810 329507 470
13350 170829 383
961750 449013 525
962590 502146 525
560571 252868 470
290053 970083 525
903176 887718 401
108003 219337 386
956037 799500 525
764395 51648 509
376844 92761 443
736668 255592 509
729538 305081 509
491636 745105 509
596426 59545 470
340162 548839 470
327088 46010 443
103920 632864 509
307568 308780 371
588143 365515 470
956681 965672 414
908514 520164 525
879460 8300 525
834033 490781 509
307333 168448 443
731690 352561 509
540925 811883 509
94318 826798 509
53635 337855 443
540035 350784 470
225671 850352 525
350711 602441 470
24933 750292 509
277857 425426 449
857936 109158 525
403284 246436 441
359118 968876 525
432824 648365 509
911461 152039 525
844432 162369 525
378920 330564 441
764461 841500 525
921497 403943 525
107054 996960 525
640619 257160 509
232152 90528 443
21306 828783 509
170584 585608 470
218100 465220 449
144598 683660 509
2096 595126 470
986763 713356 525
2241 489968 449
263362 235827 407
615422 582085 447
618220 739364 509
98704 419332 449
743887 120896 509
827020 533390 509
194624 470177 449
877935 959051 507
847636 199661 525
246490 892888 525
401761 106916 443
192631 251071 443
795237 487797 509
711597 124096 509
788636 57227 509
478329 987527 525
228931 850756 525
466391 344106 449
164246 88177 383
826607 797806 450
387878 767719 509
875254 210379 525
257301 1969 443
617524 309338 470
633481 172672 509
717148 864202 525
167747 416064 449
155057 176659 383
552261 306781 470
497263 134206 449
514060 687274 509
64083 194663 383
717036 974760 525
341699 380820 441
457615 182979 449
985589 717451 525
236095 747318 509
751559 674633 504
721059 578070 509
683920 658680 442
667694 339385 509
611639 822236 509
392261 102115 443
664533 974517 525
893662 65483 525
82089 124498 354
93009 795390 509
855554 827410 525
973061 601381 525
584257 199094 470
983432 376894 525
542094 469601 470
241540 476502 449
260008 972712 525
959127 913501 507
461123 279393 449
916630 700318 525
391412 690566 509
304188 108685 443
538161 2213 470
414067 660519 509
461453 972875 525
280688 895718 525
280141 271380 389
443048 115997 449
395820 118266 443
601917 371735 470
272320 686757 509
832492 324872 509
938802 239164 525
749706 157063 509
566831 191669 470
474864 358418 449
339552 85042 443
404234 31536 443
333524 393257 441
771419 289407 509
537083 149976 470
165118 532076 470
188950 92120 383
287177 191913 443
880574 426011 525
584880 514989 452
921749 339036 525
901842 340094 525
66839 974224 525
704773 113292 509
418518 123174 449
671966 696679 442
939643 530761 525
78601 56278 351
563560 826545 509
675751 435179 509
345213 103725 443
527250 536519 377
145061 338795 443
565279 633585 509
817960 554683 509
286489 267538 407
552948 379814 470
796168 328131 509
89259 62512 351
907523 432443 525
95531 822836 509
596032 568870 434
191304 756390 509
818762 675242 504
427874 741571 509
232515 909458 525
735155 464704 509
417785 763784 509
681910 691114 398
362733 603867 470
31415 202532 383
324658 866358 525
502054 482991 426
394620 58071 443
263001 911218 525
70098 13703 340
431585 365650 449
907074 558233 525
821221 831639 419
894145 637908 525
434615 251317 449
152143 943152 525
937444 670685 525
372422 774196 509
21687 445971 449
854942 873308 432
87280 846405 525
168516 221273 386
125287 599819 470
36952 222352 386
622065 319347 470
445691 763348 509
613411 831035 509
990622 341909 525
875161 841528 432
691339 215663 509
484818 956580 525
13563 107756 354
987217 159352 525
210991 904591 525
399165 923550 525
646229 936286 525
751828 173083 509
304497 954346 525
904831 788456 525
13933 799524 509
873908 768157 525
705002 610780 509
87585 906137 525
282309 52089 443
432276 526741 470
397362 966733 525
620385 831442 509
889514 989577 507
5028 949621 525
103632 564311 470
815726 18434 509
523356 129452 470
64632 265177 443
552962 933281 525
587814 526802 452
586164 4136 470
354140 656050 509
55853 448963 449
771672 755641 468
108865 127380 349
870615 402671 525
475414 80532 449
735814 684908 504
263378 753872 509
1665 826599 509
314857 778463 509
173977 971519 525
665070 746897 504
642895 802113 504
929809 874753 476
16793 300946 443
324598 440174 449
284669 861694 525
395641 156406 443
80877 34110 351
585654 982233 525
506040 415854 444
635150 777313 504
100502 922892 525
757195 688822 504
536832 2262 470
421162 722677 509
940619 47866 525
982909 87756 525
244774 367740 441
39869 404202 443
713665 842870 525
127902 239640 443
639022 543502 509
386436 218465 443
675484 835558 504
304075 563241 470
234257 306569 407
622675 432559 470
722545 398878 509
378451 795653 509
544669 396281 470
772448 993898 525
860969 472710 525
7639 387580 443
431748 379905 449
