934275 533886 525
592073 792369 509
320194 387880 441
363774 820759 509
156249 977902 525
868746 872004 432
586689 190583 470
244656 631960 509
434765 805560 509
597215 337096 470
497277 273587 449
971547 603649 525
466181 390861 449
117695 848955 525
411183 836534 509
839409 379907 525
197507 518638 470
387363 842140 525
118240 490606 449
520125 35013 470
482286 618859 470
478811 9030 449
671027 372937 509
955452 968494 414
464107 467895 413
639488 458194 509
407974 89362 443
225434 261362 443
422063 897258 525
502293 298535 449
238917 940808 525
240466 706291 509
78642 648108 509
464751 704513 509
202947 310054 443
186748 217620 386
723880 319173 509
911043 951060 507
677198 406666 509
982203 461954 525
327916 824139 509
559000 313036 470
370522 94125 443
227879 859347 525
25309 966101 525
375579 186191 443
424048 923178 525
645195 348043 509
470411 764225 509
257984 971340 525
857479 46346 525
800690 908473 525
806454 615143 509
218909 695188 509
464455 478328 413
786615 650911 504
265562 287090 407
700974 479083 509
839035 250317 525
631235 930162 525
672696 849836 525
635755 783418 504
412202 190245 449
742657 236592 509
343861 890966 525
792425 41478 509
599343 644567 509
320276 836341 509
215452 767233 509
731975 258977 509
601067 252268 470
796451 115151 509
871871 96130 525
898990 358947 525
961222 254277 525
889347 317224 525
221923 336570 443
791138 780219 406
465142 641627 509
609615 29482 470
232542 731750 509
651691 69240 509
469581 772102 509
335371 666514 509
266754 956050 525
983426 711178 525
926108 723412 525
464562 820339 509
360055 673375 509
334502 587787 470
818273 716990 468
93785 814698 509
847795 382192 525
102435 357400 443
940130 446315 525
494898 881932 525
512722 654869 509
621046 804331 509
404041 829666 509
802350 398534 509
691624 363169 509
451025 886710 525
598420 798267 509
141499 298970 443
181655 479943 449
598238 780495 509
201977 34633 383
380214 68663 443
349695 411311 449
214159 805364 509
737782 964867 525
246200 524865 470
815949 620818 509
953339 664015 525
159857 729452 509
102749 964028 525
425981 507412 444
206924 801518 509
55368 190280 383
166783 646027 509
519483 362442 470
960061 623941 525
55255 759148 509
842890 660112 525
85980 284070 443
804951 456521 509
322249 657977 509
972312 235196 525
7386 715736 509
982698 757032 525
911175 184709 525
780981 152313 509
694753 390644 509
879873 976636 507
447135 682158 509
538338 943148 525
498956 817828 509
137093 367547 443
581288 422967 470
110365 286042 443
437310 937056 525
784368 886369 525
716242 65417 509
399747 684172 509
849620 780363 525
308322 27425 443
195510 588910 470
745243 159776 509
304148 670196 509
255402 492638 449
296650 825969 509
987142 414755 525
189752 215367 373
445185 973726 525
409641 749179 509
382029 951449 525
528035 507073 470
2385 541132 470
142813 745761 509
459482 288950 449
100928 792947 509
788446 62624 509
816859 182140 509
131027 538843 470
524874 374274 470
245380 867256 525
432109 40403 449
517059 549875 452
204120 999258 525
563282 182510 470
960222 251116 525
621769 997689 525
308362 710604 509
837902 80784 525
538220 114396 470
765889 484863 509
401993 146756 443
588388 429217 470
595282 830044 509
406103 737303 509
52914 215941 383
748695 710752 424
998505 334895 525
244445 129447 443
120892 373715 443
306732 35034 443
442842 908866 525
509612 450066 444
632450 460466 509
191045 887952 525
109381 666994 509
802836 491183 509
17399 333241 443
829379 350551 509
11716 378314 443
409496 594829 470
393880 891394 525
35368 193367 383
750415 810891 468
898549 16205 525
420888 354725 449
792476 101780 509
318043 244591 407
441527 745718 509
388912 47276 443
657555 343274 509
848322 572454 525
951463 212936 525
635419 306971 509
100649 93809 341
175387 813734 509
837243 208180 509
689307 248325 509
291908 114957 443
257976 358855 441
728103 307306 509
188239 408086 443
992356 734892 525
916060 880826 476
49171 55648 340
505683 850351 525
222623 636259 509
11609 206702 383
625712 994366 525
523660 730524 509
836427 314453 509
661483 123209 509
498804 815840 509
168485 205655 365
176591 771245 509
328180 487551 449
583998 410147 470
524353 594807 452
934295 424952 525
296480 597481 470
780243 673496 504
677214 886905 525
45365 177947 383
974583 10273 525
951666 776672 525
12820 974182 525
875943 651062 525
661966 496864 509
613546 396589 470
533337 375841 470
328175 986359 525
81301 873990 525
120056 903177 525
452836 417943 418
523069 574558 452
549254 720592 509
693426 469650 509
595321 479949 470
669637 363166 509
867138 566874 525
749158 450605 509
861283 655931 525
805950 867357 525
185468 730292 509
726899 61409 509
425932 956786 525
857738 21391 525
964082 725051 525
343531 29736 443
821936 14528 509
123654 467617 449
167655 178226 347
616041 511293 470
553017 716542 509
11831 279522 443
876364 117771 525
501236 140735 449
313403 653175 509
161154 384031 443
991728 368607 525
722 133913 354
967267 492011 525
650512 907553 525
697600 668342 442
424871 558017 470
688246 941042 525
886583 505741 525
184239 33805 383
230350 701604 509
628786 227701 509
715029 63078 509
686362 942898 525
146157 75168 375
2523 573047 470
258940 823560 509
696646 467689 509
301538 416673 449
78932 723859 509
885180 607287 525
154773 964149 525
268165 899305 525
956670 56702 525
115574 768539 509
630096 409125 509
486142 360863 449
242581 519199 470
915309 998171 507
100017 267015 443
668355 364400 509
479057 395798 449
311348 385837 441
46219 127719 354
472319 776021 509
277978 278810 345
146283 802216 509
876819 610518 525
455902 319985 449
509395 904342 525
909935 312387 525
83511 107683 354
535326 579468 452
482073 593007 470
723243 643201 504
265964 718256 509
299502 164538 443
146619 409771 443
174312 202411 365
95 535946 470
267886 524020 470
743408 264985 509
794760 770066 437
845510 118082 525
330167 524193 470
657603 662021 398
111482 554793 470
816790 912201 525
345355 607860 470
994831 665646 525
829212 797169 450
118628 134270 344
735972 803581 468
484411 555701 470
767814 213725 509
664728 303455 509
444895 482446 444
429134 674786 509
876428 617674 525
29243 68321 340
59561 645666 509
491269 538784 470
961727 436857 525
869153 587568 525
368577 577659 470
605258 77349 470
629119 800526 504
883209 618728 525
73464 639332 509
101923 290789 443
100809 363530 443
220418 120406 386
545391 98047 470
421571 25336 449
405047 51123 443
311501 352568 441
819237 219147 509
74238 871000 525
126963 780989 509
516244 412541 470
150396 21166 375
45355 125451 354
1765 815923 509
377311 502773 449
211907 53575 383
468050 615538 470
444365 314572 449
376498 192300 443
101812 345277 443
120042 340216 443
86426 415494 449
607183 766950 509
312385 541311 470
357114 181735 443
16393 524023 470
891812 33300 525
668034 134812 509
219750 164079 386
714417 943047 525
987627 54098 525
371477 227781 443
405561 539947 470
939114 536916 525
873207 216806 525
101319 836053 509
616185 831636 509
580099 655430 509
278698 940053 525
106254 983298 525
774712 122515 509
444927 573891 470
764724 678349 504
271038 563860 470
677129 773368 504
92876 221952 386
193989 839183 525
465378 4611 449
189782 162085 365
521422 160629 470
366466 462499 449
355492 654737 509
585504 921287 525
377202 25039 443
617180 663452 509
649263 942190 525
493500 140232 449
96876 524858 470
574044 974540 525
241080 24817 443
276402 475716 449
836033 533567 509
256530 955429 525
954061 606938 525
633350 352858 509
568337 504967 470
1863 517041 470
394205 830733 509
224559 656989 509
593389 896417 525
934164 450302 525
582094 454550 470
17002 621855 470
90655 637156 509
648712 770739 504
931344 660318 525
338574 210451 443
856647 982518 507
722821 948783 525
66216 921000 525
623682 610331 447
808851 213 509
6755 536508 470
73385 702167 509
760439 668558 504
40102 381885 443
914865 915046 370
661329 654540 429
719412 985080 525
251802 634522 509
516986 321632 470
657519 180629 509
490231 945819 525
774718 955584 525
356303 781545 509
562763 991827 525
589823 892116 525
897089 237851 525
565973 587056 434
698621 143169 509
427637 868107 525
623866 785754 509
368414 31581 443
694639 511175 509
753327 470472 509
596667 535941 452
256242 18619 443
856509 938888 476
710855 227511 509
961747 467362 525
957689 42523 525
930141 680970 525
989253 624614 525
882144 708782 525
68777 183839 383
137509 981618 525
558016 161037 470
231347 944001 525
693978 634313 442
99029 174080 383
313813 280194 389
620566 450220 470
280722 106680 443
404865 278946 441
596616 650373 509
688173 130757 509
552959 97670 470
102401 162481 383
679154 640944 442
564326 196474 470
260873 329771 407
165144 155923 383
912058 268122 525
61100 590057 470
470435 971995 525
855567 224239 525
862228 141689 525
622572 611435 447
613928 427665 470
725136 850996 525
358325 16156 443
488447 261718 449
715807 413600 509
29624 613129 470
942995 869960 507
515388 98611 470
153286 912940 525
648825 39374 509
682812 250434 509
738876 856222 525
552874 28044 470
432646 638540 509
780481 481884 509
210499 761572 509
218852 319670 443
340962 699090 509
646644 542755 509
826824 857843 525
697046 850261 525
49657 784307 509
737435 282205 509
705605 720737 411
10147 397666 443
964196 716777 525
735324 199381 509
322218 533970 470
471125 501536 426
841605 727156 525
294853 361904 441
544060 832366 509
373919 194225 443
777944 671234 504
575123 591867 434
670558 135942 509
100110 59572 351
549651 955506 525
768235 502680 509
206699 464818 449
767355 800306 468
741058 191226 509
660749 134114 509
386064 493600 449
583286 496138 470
420751 196168 449
212301 921664 525
506832 147488 449
204162 383793 443
723337 477298 509
48525 619009 470
758059 721638 424
591300 69332 470
253571 370688 441
346969 632460 509
968405 153114 525
610118 508389 470
937784 824823 525
267456 508423 449
150827 693822 509
355133 927021 525
138322 821035 509
942027 30378 525
453952 540519 470
22633 712315 509
852038 640031 525
806474 214485 509
406825 727884 509
994035 747084 525
995321 165538 525
19826 736399 509
475728 882736 525
540273 210873 470
567574 635934 509
246102 992936 525
74787 218426 386
199237 870149 525
480315 430541 444
734391 939400 525
574605 139260 470
504350 487435 426
505568 661617 509
18858 701002 509
139119 122022 344
298034 179739 443
233700 576687 470
339225 23113 443
753902 102556 509
270723 204490 443
654052 651701 385
322052 545569 470
111994 509075 449
312568 95570 443
370332 98998 443
569619 297958 470
788592 201708 509
424983 633494 509
577568 692580 509
857292 657395 525
643358 982429 525
926714 7725 525
676882 251640 509
993447 164632 525
88903 305674 443
122177 72427 354
200629 91176 383
588762 178180 470
33519 632680 509
769423 576778 509
791889 733112 468
961491 955476 414
959865 811549 525
569187 531051 452
446986 692722 509
211284 288541 443
984723 628755 525
881180 995139 507
592247 556546 434
655682 316866 509
58879 957937 525
88145 516654 470
527415 218329 470
858777 944355 507
380331 629198 509
811616 833679 450
894120 760830 525
801442 803258 406
817018 336662 509
22328 923890 525
690297 215278 509
239385 614800 470
303939 635600 509
419735 319800 449
447908 802367 509
534953 4368 470
483461 776218 509
310953 417448 449
745765 190952 509
856921 371923 525
517305 343486 470
358617 906940 525
888969 399410 525
780571 870012 525
565474 919355 525
340269 887611 525
263573 965794 525
215118 300591 443
639706 24265 509
989619 65187 525
718392 547158 509
376039 841995 525
31920 668860 509
15099 900964 525
11994 222637 386
960528 703629 525
193763 336686 443
42860 643241 509
313110 961005 525
586778 236314 470
858168 785143 525
281712 75352 443
326658 609450 470
96843 531604 470
771614 869327 525
953632 724252 525
104568 251698 443
947200 510129 525
84011 716818 509
915786 896050 476
459787 432886 400
445908 662353 509
201325 984793 525
521235 43166 470
845114 87664 525
228869 33683 386
778464 600194 509
548300 390578 470
108349 703031 509
385684 925342 525
406976 701679 509
770205 116855 509
848 542855 470
479144 938992 525
159816 752746 509
601908 506544 470
545433 142831 470
605793 282993 470
133443 993001 525
769126 228212 509
439945 460877 387
262473 159795 443
573752 401061 470
184880 864828 525
135876 134098 344
832369 277988 509
461682 467718 369
203008 550013 470
384880 232572 441
391287 429009 449
415500 394587 449
147153 22978 375
730258 183136 509
634000 845982 525
292879 798306 509
749178 718754 424
787888 501340 509
558 793357 509
597487 251919 470
159151 967143 525
640786 84877 509
420315 145753 449
879251 896181 445
749980 888916 525
593320 680010 509
455827 14354 449
244010 983207 525
261427 10780 443
759174 925752 525
299120 880204 525
908046 215507 525
795766 649663 504
240386 188615 443
859962 305042 525
894203 644069 525
29023 48555 324
708593 297086 509
133351 571071 470
407306 718667 509
60087 350765 443
335037 910092 525
138743 715612 509
183457 671021 509
683393 923854 525
956469 20464 525
269804 991651 525
461465 426728 444
79951 893718 525
304363 177654 443
925253 156688 525
500597 14949 449
228067 598343 470
321994 335039 384
763761 247571 509
809535 882950 525
691997 775276 504
976425 881896 507
20809 156993 383
459042 29093 449
356053 558577 470
705118 565626 509
910278 932700 476
464642 202884 449
834757 379035 509
517943 765918 509
502828 530654 470
911847 174355 525
927055 746458 525
215126 93589 383
484269 240956 449
936954 740565 525
141913 6146 354
881890 704564 525
380434 470177 449
908400 344594 525
254047 210486 443
502386 648449 509
131246 388097 443
702535 251523 509
420668 996198 525
361686 29042 443
465622 508698 426
146442 49932 375
964593 452936 525
665062 997219 525
19597 647757 509
582498 671437 509
720594 19013 509
278162 684066 509
614155 153807 470
898161 420034 525
47095 972464 525
889458 58216 525
940218 372896 525
162721 69772 383
272213 123217 443
64747 821046 509
572252 904694 525
987699 134505 525
947529 52271 525
349424 898455 525
193882 401185 443
938023 241484 525
538376 762659 509
854612 935402 476
958971 71545 525
965145 813316 525
276983 921317 525
302794 200778 443
261053 270517 407
434024 376145 449
588607 489028 470
683280 281366 509
22027 779509 509
276379 387558 441
47097 533398 470
372586 176282 443
961855 444385 525
16881 794278 509
935175 837344 525
501997 372778 449
712025 188516 509
977579 776104 525
17508 401718 443
894670 212902 525
932474 8751 525
466561 188950 449
406453 583213 470
364602 314132 441
164559 200701 365
87293 423081 449
696683 61217 509
322659 472851 449
292595 603745 470
387173 779993 509
612898 400935 470
210923 88115 383
191018 143990 383
427207 158472 449
908602 160608 525
130833 440854 449
932104 742890 525
481275 275205 449
144926 845965 525
898103 383283 525
611971 465994 470
560661 560094 359
526750 297081 470
850222 41211 525
843261 726895 525
32780 579456 470
125824 458960 449
242552 130822 443
437020 829101 509
945031 585952 525
497476 257828 449
923189 806410 525
830935 589364 509
498991 583456 470
77825 776917 509
671594 868382 525
246533 149967 443
189765 112184 383
330078 231987 407
554684 594648 434
933852 241750 525
298416 264848 407
322347 629390 509
964202 660324 525
637352 957106 525
650726 970146 525
208929 112444 383
233865 858613 525
486164 652860 509
66174 922547 525
851613 273289 525
862310 264948 525
378742 770594 509
370544 255656 441
894985 949263 507
532936 628601 509
926667 51127 525
327337 324326 384
142589 934081 525
187469 580264 470
625446 845838 525
9087 879002 525
480544 231513 449
814419 429623 509
937146 6480 525
330417 745066 509
955297 856885 507
684269 190054 509
427644 442814 400
354678 484441 449
801096 437059 509
881837 574027 525
928971 791602 525
244591 798009 509
262462 745375 509
351009 314816 441
670803 26695 509
241344 834018 509
774613 773164 362
304176 607623 470
915595 429971 525
761176 19458 509
794578 48742 509
384165 791923 509
96237 789123 509
651179 262043 509
866512 697084 525
792978 813727 468
804210 704713 468
592308 54147 470
698681 369419 509
119614 543290 470
24292 191677 383
187152 684062 509
566025 608907 434
398037 657026 509
670479 522991 509
749625 345145 509
520591 335362 470
32037 678233 509
942158 618811 525
664225 814600 504
107387 627439 509
742865 251869 509
54193 733002 509
319552 635511 509
372485 101276 443
105054 310898 443
307593 18477 443
636477 207663 509
229773 307466 443
805668 170758 509
228068 254294 443
872129 384189 525
361642 396784 436
956439 727860 525
937716 961951 507
749597 723248 424
795742 885080 525
620484 481675 470
687679 343293 509
587427 711733 509
418560 141209 449
872852 664744 525
901401 467110 525
233182 708219 509
735304 325969 509
384270 840128 525
518095 464751 470
547325 9176 470
613008 499594 470
303803 21439 443
218004 52246 386
552276 507735 470
778150 637892 504
694939 326920 509
398265 570123 470
918549 335139 525
552911 843349 525
133328 154147 375
871647 197841 525
635299 636983 416
933191 82053 525
787 207366 383
355947 729614 509
93449 468287 449
699883 55825 509
767444 228589 509
193402 286772 443
239055 259401 368
14414 647287 509
950653 544610 525
753960 18934 509
689024 931410 525
707134 888040 525
153658 105890 375
374449 617785 470
286233 944439 525
478394 517415 470
202190 894795 525
224340 852368 525
867 611463 470
787323 9138 509
17345 320826 443
836803 343538 509
759491 674268 504
122141 782939 509
227800 202331 386
829582 513332 509
380648 727008 509
811934 109133 509
918303 192829 525
602612 372439 470
790914 618851 509
613766 528256 452
347782 233719 441
596539 371552 470
757723 696566 504
202726 27308 383
967848 911714 507
593941 107908 470
575783 444523 470
174044 391435 443
303141 395561 441
171496 878373 525
605804 570864 434
872447 562151 525
916845 78981 525
90279 174102 383
534053 742264 509
939384 378489 525
732654 768565 468
237244 162825 443
640833 238630 509
803032 66978 509
693888 437268 509
