258391 989459 525
508489 516140 470
145435 997824 525
371376 469547 449
823671 260064 509
953520 302126 525
289654 256080 407
508058 601506 470
900495 963235 507
362161 258234 441
572902 600465 434
220365 802826 509
334671 221635 443
810036 346853 509
74308 205564 383
416144 15564 449
274820 482059 449
463583 389366 449
843919 127136 525
49707 991777 525
26331 579850 470
756900 41007 509
873432 89660 525
856832 386763 525
459631 929750 525
608330 625532 447
307018 720803 509
98552 896746 525
577023 139463 470
840394 281548 525
182697 827878 509
715663 301110 509
801189 870948 525
618524 777265 509
470573 99162 449
338516 364234 441
410489 959838 525
58574 323618 443
645972 280942 509
249634 581054 470
511896 319798 449
33060 190508 383
442058 102315 449
526551 172363 470
271851 135718 443
374202 602721 470
332744 631785 509
24340 92207 351
243145 387435 441
195692 287491 443
208645 421445 449
908350 932247 476
360747 82378 443
604648 114191 470
76028 875947 525
284404 887544 525
877948 804003 525
728765 722788 380
956469 261375 525
3369 711646 509
121946 143479 375
371078 865762 525
455070 462955 444
981246 329748 525
190234 825432 509
668197 944008 525
841309 227450 525
126140 273642 443
708545 912901 525
936950 49644 525
315926 467861 449
107746 654256 509
293849 537169 470
146414 918554 525
857941 9626 525
243001 994512 525
197370 627031 509
444744 788223 509
793897 15362 509
9938 949444 525
495191 997847 525
257549 337642 407
397230 536985 470
73162 761683 509
84424 6963 351
120917 81677 354
244935 931809 525
114465 906774 525
244736 8483 443
725273 331378 509
891736 914487 476
753237 30859 509
697682 363561 509
52565 714343 509
381135 581610 470
80641 97946 333
479398 940983 525
768985 576466 509
153481 712980 509
166232 149080 383
987063 133942 525
590266 620030 447
25842 325821 443
162051 271764 443
214391 609569 470
842512 410634 525
377383 112533 443
746705 903116 525
174687 101745 383
239350 610289 470
671492 453342 509
907886 685198 525
574013 469526 470
429700 929925 525
531157 239817 470
62223 702090 509
59535 557188 470
93167 82160 333
427773 281053 449
395776 262268 441
9616 246053 443
845567 257877 525
797763 294115 509
440928 1989 449
909273 175852 525
715469 969096 525
997808 431812 525
845454 153068 525
782545 700698 504
590498 469572 470
882913 727471 525
370990 864647 525
940798 409454 525
765330 457874 509
214270 854822 525
343587 298746 384
54215 821418 509
273541 669923 509
193923 16542 383
199744 612209 470
566081 242922 470
866958 343087 525
816901 466893 509
774033 835783 468
47657 469389 449
156631 587806 470
309459 599338 470
914023 91767 525
65281 839520 525
177564 481478 449
151139 36018 375
976388 359002 525
837010 572269 509
934638 348579 525
423581 977351 525
698161 799080 504
813053 425906 509
78680 502688 449
595624 207486 470
612447 817584 509
440995 269023 449
733988 747955 424
579067 183294 470
325755 269309 407
222798 955191 525
511124 458186 444
614088 418699 470
315101 889358 525
663059 583107 509
215887 814312 509
257652 944655 525
208133 492114 449
293472 709740 509
375082 363063 392
815001 175827 509
35477 862428 525
598578 994359 525
535276 540615 408
378224 438017 449
147757 38362 375
677055 990025 525
797305 166192 509
662382 597354 509
272088 218758 443
592964 835966 509
106133 465682 449
146731 942273 525
505893 661267 509
812837 442135 509
445616 904198 525
217522 631737 509
439575 290279 449
665076 920403 525
448827 744802 509
960194 223719 525
639262 908114 525
960326 772963 525
808756 600092 509
587604 168852 470
589262 566914 434
462739 223007 449
741464 807678 468
493862 354363 449
426235 366462 449
294879 898621 525
802782 52171 509
830638 645842 504
276558 290135 389
675237 266698 509
232205 120593 443
55018 597836 470
435928 339310 449
116195 700983 509
966126 352473 525
548810 223476 470
231292 972282 525
346877 355857 379
766165 184954 509
906147 620681 525
602421 658077 509
336452 835937 509
913926 350114 525
924202 778218 525
822628 74094 509
972202 617488 525
311977 783042 509
431204 932357 525
945617 353512 525
747951 218847 509
836260 130574 509
548118 829176 509
992442 684773 525
951922 679016 525
287109 957934 525
24030 169833 383
480206 811911 509
715253 123016 509
767606 976163 525
48475 500846 449
597455 812936 509
278816 479938 449
277891 757407 509
320595 6435 443
326508 732693 509
951388 638433 525
557631 315375 470
36859 87147 351
177664 20459 383
377738 372779 423
208817 400912 443
74470 303278 443
10590 562067 470
313453 121389 443
120024 969779 525
983068 543186 525
186461 229596 386
500673 736601 509
732985 211310 509
970665 121925 525
60717 163285 383
280166 437363 449
126984 362162 443
982145 858220 507
726094 470912 509
19556 533417 470
637605 151818 509
771011 497629 509
102327 364095 443
26537 369657 443
783094 469495 509
150463 990591 525
835171 105095 509
248542 178363 443
83893 170622 383
228733 422815 449
621680 294025 470
769283 464253 509
828752 2576 509
139918 341558 443
988539 840616 507
159742 726540 509
109529 507128 449
795131 929202 525
671691 163201 509
572267 438957 470
634676 249457 509
356993 388320 423
316678 17426 443
630771 400797 509
149491 261132 443
739825 739917 287
634403 921249 525
27103 218709 386
678630 404010 509
994975 714659 525
293781 267182 407
560433 241345 470
477019 302878 449
249528 967017 525
577107 943607 525
532429 866038 525
338573 469160 449
533827 595871 452
104314 814948 509
456863 361376 449
792458 722840 468
932609 65560 525
862311 486949 525
889156 174681 525
773918 847696 525
686248 892186 525
933309 751078 525
488450 451983 444
741571 743147 349
243232 239059 368
425539 402184 449
609303 290148 470
572855 631976 509
505904 113887 449
128567 983050 525
989181 30885 525
913137 375044 525
340375 363424 441
3015 465519 449
379132 376088 423
124698 990093 525
354753 360336 379
694501 142091 509
372664 608888 470
524 175450 383
35322 413847 449
228141 518411 470
620227 958251 525
845016 779974 525
621630 25497 470
230285 642062 509
191147 548870 470
930086 410828 525
554856 72935 470
168600 700100 509
19646 880225 525
52176 523815 470
36263 725540 509
232323 36590 443
792742 973965 525
588153 109280 470
368533 655861 509
943829 391540 525
948070 611490 525
287083 115483 443
835171 606457 509
517882 112323 470
160254 962037 525
959695 319769 525
782000 658998 504
639968 857939 525
39200 112988 354
942105 327257 525
542427 103741 470
960704 614157 525
983486 291636 525
460325 402959 449
158648 312431 443
593568 694259 509
691274 724346 504
604155 281312 470
71662 79122 351
119032 833180 509
672035 841677 525
648165 865904 525
945008 856011 507
525080 366019 470
708811 7652 509
527247 127151 470
853741 673030 525
958015 408036 525
353912 166265 443
114082 291813 443
799687 460043 509
721329 169034 509
861250 94890 525
211591 951776 525
347961 599538 470
777310 795874 437
550151 904555 525
3539 686207 509
55192 472970 449
23096 971190 525
756241 550157 509
343800 518292 470
101778 256928 443
267437 190111 443
483715 347542 449
539074 26432 470
65618 505239 449
163140 991449 525
444742 279969 449
90312 128319 354
322796 665764 509
192721 472580 449
793343 167815 509
612935 85605 470
317005 806503 509
441823 69971 449
533928 155976 470
819325 375648 509
846695 889871 445
714539 403613 509
261940 109291 443
958594 92279 525
452323 942704 525
58509 893178 525
853054 859617 419
332932 827035 509
521703 30666 470
836018 479346 509
256825 89869 443
360029 530438 470
642566 785160 504
473993 420523 444
816989 670793 504
458883 61446 449
159807 645534 509
734250 601706 509
76941 460177 449
740933 747793 362
405847 795224 509
27672 772769 509
803704 391293 509
794614 18906 509
648818 293680 509
388790 671192 509
179451 469563 449
568780 486585 470
971485 833622 525
154851 841136 525
316532 638592 509
219763 191712 386
258249 64832 443
75559 430930 449
996138 398928 525
617422 435990 470
800705 627079 504
521249 548304 452
244350 946681 525
620511 84135 470
544393 465021 470
987213 921064 507
572304 876544 525
675663 512165 509
580925 722257 509
730517 921890 525
679779 340100 509
907287 923143 476
923294 63186 525
421893 616293 470
536634 426302 470
217803 558025 470
269585 376660 441
171185 333076 443
582171 649527 509
946939 162009 525
109591 381218 443
945496 72857 525
207017 422818 449
148727 523179 470
693234 918574 525
344931 125007 443
122658 886486 525
989293 8147 525
758958 205279 509
879620 915225 476
887150 124988 525
981099 213638 525
856400 392955 525
650905 865333 525
145950 327512 443
157608 972305 525
818082 537803 509
362118 48648 443
214392 45561 383
881984 572104 525
941020 999089 458
88039 815956 509
299648 932346 525
226954 41714 386
17785 821662 509
632943 667694 442
834488 220096 509
50737 326481 443
238887 595456 470
141689 603177 470
653260 845345 525
441948 176373 449
358536 876486 525
301327 159652 443
643097 466609 509
316195 923579 525
759974 282967 509
845495 841683 401
521259 723654 509
618404 797306 509
343734 883496 525
624839 260821 470
472386 615031 470
855098 127312 525
45009 885472 525
253845 294929 407
483057 734564 509
637576 899876 525
853758 789767 525
989867 662149 525
900423 31513 525
118448 602742 470
696437 870025 525
686323 493514 509
893925 439820 525
241461 207813 443
91730 477769 449
874841 884857 432
428112 709412 509
341602 53201 443
703759 446289 509
56740 783611 509
427720 697210 509
844698 811704 525
469697 143174 449
297207 577239 470
451523 503441 444
153103 500185 449
708531 868175 525
278154 973863 525
324492 589676 470
801932 207948 509
912068 384742 525
457655 944885 525
609365 503048 470
682765 332552 509
52920 888373 525
594272 153107 470
689925 404214 509
676517 288904 509
350847 947823 525
134884 950798 525
712521 973632 525
15596 247872 443
689232 229956 509
850934 227080 525
146040 273643 443
758955 905899 525
505213 726792 509
806783 665737 504
33655 243686 443
378967 209362 443
98014 318208 443
74053 361951 443
714633 501442 509
462998 950977 525
443166 279106 449
511285 30745 449
575244 290627 470
404472 98980 443
138392 570983 470
145771 68254 375
555333 840 470
578666 446950 470
793470 725355 468
152330 402429 443
607440 645129 509
227862 210673 386
102717 254044 443
549026 151431 470
25640 465654 449
828671 947243 525
456546 515088 470
181744 413117 449
363918 238362 441
506712 939897 525
743833 156302 509
841901 661637 525
976122 993861 427
542713 194498 470
123533 394040 443
156949 370166 443
1905 353375 443
49278 544242 470
706538 408853 509
793104 416262 509
148070 11277 375
413650 111249 449
755211 573050 509
817343 942772 525
469070 273009 449
616518 853803 525
116095 538609 470
539945 817413 509
412505 710924 509
641934 482359 509
974545 622408 525
866813 216577 525
746076 500767 509
851664 834366 525
927419 156930 525
596652 965677 525
316409 366903 441
252007 779980 509
695355 945989 525
86199 677395 509
228719 76283 386
956643 18046 525
118118 591745 470
370474 7495 443
904892 417750 525
767732 32328 509
585354 287272 470
309862 160150 443
275100 277429 345
219736 563091 470
880548 391950 525
930041 252553 525
242800 378727 441
631146 592835 509
807001 603278 509
938821 388820 525
151376 817569 509
986240 122305 525
471413 537780 470
834562 684414 504
895229 657604 525
792696 498593 509
547864 863413 525
359622 244037 441
377409 161644 443
746774 847519 525
51430 412614 449
398889 145908 443
577382 572678 390
90222 279421 443
697136 162790 509
793356 342465 509
133 260951 443
963710 37644 525
633084 278427 509
21722 874943 525
639744 260521 509
400802 643808 509
268806 795720 509
582623 629210 509
994835 835255 525
854573 72914 525
448921 82106 449
653241 885560 525
159390 563771 470
403714 627410 509
628553 704475 442
615041 152880 470
998731 369107 525
300663 296325 371
599616 333664 470
117884 455174 449
943537 339045 525
940428 904412 507
353346 528480 470
893779 912015 476
564543 549704 421
701153 282224 509
430977 198033 449
946669 544369 525
609487 216920 470
664658 145918 509
617289 504836 470
532748 884500 525
72618 613797 470
896218 783421 525
842692 280406 525
917984 36240 525
967694 601103 525
181695 289744 443
385121 486590 449
516338 138393 470
67402 441152 449
479427 556899 470
654830 200322 509
663941 366950 509
580301 48370 470
935259 694169 525
496581 549999 470
783941 644619 504
80715 957792 525
18522 198650 383
216910 316530 443
317961 668098 509
120817 222272 386
365505 879707 525
365868 902108 525
296822 280413 389
970683 130271 525
135436 558750 470
698976 183023 509
390571 557311 470
520987 828092 509
516667 525606 439
602975 973297 525
974614 557474 525
615354 513119 452
771381 729330 468
231800 289282 407
637676 576056 509
795904 237143 509
204023 590352 470
288936 638791 509
271770 202255 443
988776 688918 525
853576 392333 525
204842 38956 383
322211 783788 509
409664 626986 509
312354 28882 443
927015 904582 476
342755 224910 443
188224 907031 525
37697 966377 525
695160 228787 509
983268 402883 525
854621 77261 525
185529 509864 449
347161 239094 441
130031 264975 443
723329 402468 509
534456 542013 408
882930 75786 525
3252 594155 470
887241 537838 525
982823 869087 507
135977 222594 386
150897 782696 509
723686 4629 509
655535 549382 509
941625 874009 507
394009 548549 470
609724 670872 509
384429 648313 509
68500 442617 449
946034 980314 458
49285 80279 351
67651 668724 509
299957 470008 449
94486 627207 509
555556 11305 470
490630 313135 449
86190 944297 525
219803 77156 386
212416 159603 373
447517 865707 525
57632 105541 351
893500 857330 445
196253 783456 509
159535 214955 373
951411 250719 525
896522 17881 525
70178 258730 443
997802 425443 525
286044 461071 449
876889 684719 525
288932 463911 449
506357 203191 449
767411 148007 509
3266 722046 509
379454 386991 379
705289 700106 504
341093 515464 470
14851 343792 443
298863 872914 525
837674 149043 509
507698 54143 449
802648 161706 509
788599 712750 468
247966 915614 525
367702 397416 436
552467 808877 509
904950 889255 401
329207 556245 470
486505 135890 449
912036 72826 525
236499 529484 470
591620 952147 525
782682 126920 509
174334 511794 449
286131 361774 441
892635 333974 525
688312 703370 442
890508 436496 525
555157 591605 434
985128 270425 525
134733 97451 354
56418 796759 509
15592 231081 443
666960 322958 509
347899 187517 443
557965 421228 470
970520 302033 525
348897 201543 443
241296 72345 443
169667 447200 449
898944 837387 525
790010 55210 509
719108 84042 509
739546 168284 509
323953 878495 525
456376 134511 449
448608 559953 470
30080 685227 509
389577 136683 443
366740 654604 509
298295 494548 449
839597 102096 525
890035 714349 525
893521 744347 525
335970 62217 443
87535 746170 509
910602 184415 525
713125 94297 509
669796 796858 504
458957 57277 449
929092 381129 525
897667 29328 525
735944 224068 509
864438 986165 507
712324 554510 509
390293 262819 441
803886 794296 468
848711 952110 507
860687 808263 525
546772 797940 509
165233 974725 525
259930 382568 441
670522 804112 504
268276 621868 470
365269 85972 443
717790 121145 509
269241 588710 470
852184 556104 525
59034 28819 340
498805 848978 525
517257 338319 470
755621 29672 509
621852 827086 509
437892 214047 449
217420 916622 525
119139 206022 383
436249 480518 444
338887 391474 441
439844 693555 509
839353 557474 525
169599 509628 449
936421 591115 525
633111 65045 509
143869 732938 509
427785 606993 470
998762 783554 525
896105 608752 525
702263 488157 509
289698 333660 384
449582 565683 470
665832 748930 504
471796 250020 449
382994 303817 441
196795 551092 470
905035 431068 525
788775 922656 525
333546 730903 509
214926 340971 443
397529 745208 509
952440 213483 525
765587 516186 509
155209 651472 509
732312 438359 509
653007 852901 525
178818 422080 449
719419 999692 525
395910 547359 470
998235 40034 525
969282 735146 525
321457 851589 525
992137 81205 525
796653 721498 468
318886 675231 509
386584 573031 470
535186 410596 470
109735 656524 509
165943 804515 509
612100 931397 525
419842 155611 449
539069 341802 470
300487 100743 443
459347 112488 449
86659 116101 354
344721 691910 509
776811 350704 509
943962 428292 525
16526 617475 470
272580 353005 441
944040 285612 525
623878 865648 525
298437 444134 449
842503 904017 445
579371 564193 421
166535 951228 525
473677 983457 525
729133 404979 509
109498 890250 525
688891 15318 509
722568 689683 504
890665 714726 525
778777 768761 437
742922 423417 509
97960 276361 443
129686 255633 443
822940 856873 525
897121 574123 525
677609 733119 504
962998 880602 507
626474 33293 509
746372 87945 509
494226 624232 470
566367 481194 470
102068 861840 525
611632 413410 470
70040 858436 525
803802 253454 509
961512 444893 525
540679 100777 470
658037 567630 509
658260 926656 525
817439 825176 450
530961 584806 452
141677 426742 449
388160 948495 525
154159 446333 449
930336 609298 525
826937 782874 468
860551 113377 525
650504 253052 509
263521 786012 509
230641 878948 525
239949 123883 443
982180 985353 427
131974 986990 525
456833 385774 449
322761 73432 443
539266 209972 470
946878 885650 507
2622 578872 470
924515 299 525
441788 905125 525
249484 975140 525
844152 987968 507
434595 13421 449
378888 775711 509
321995 528805 470
44618 948189 525
876502 477247 525
730192 129209 509
125123 956567 525
194297 429855 449
104472 226890 386
44014 643946 509
168079 402912 443
335423 222083 443
900824 245732 525
366482 674871 509
438659 209102 449
323648 62447 443
687828 219704 509
106222 665105 509
271350 532345 470
258343 565460 470
850238 745143 525
616365 833192 509
804978 588044 509
214911 816860 509
564735 147764 470
874286 129793 525
213333 154029 383
327678 756593 509
752444 591880 509
624636 9405 470
304683 58844 443
829805 692449 504
533110 261128 470
256471 351932 441
605543 576016 434
598993 4465 470
136563 579115 470
529780 314177 470
661501 446171 509
131469 17443 354
39853 876286 525
596188 44760 470
993271 864547 507
69653 572513 470
618964 160569 470
868457 824278 525
434751 963093 525
647847 444502 509
854711 478946 525
186008 868165 525
401087 217466 443
520045 339013 470
199054 565868 470
182181 408749 443
643084 236084 509
370134 342481 441
460882 580496 470
220346 481032 449
262409 568935 470
651925 328749 509
222812 472559 449
106956 53295 354
758906 948491 525
545471 479478 470
661500 459961 509
226560 926462 525
577438 910556 525
347793 288785 441
773729 223178 509
351476 786601 509
159688 311313 443
704097 159968 509
317668 172864 443
881349 843755 432
826828 1851 509
280223 521090 470
508965 231493 449
89453 23345 351
44089 981820 525
745796 921407 525
42406 873595 525
280275 32971 443
884041 812494 525
39932 226948 386
778368 985921 525
659761 491853 509
2059 667568 509
746921 809353 468
182745 991399 525
373016 736771 509
791351 336240 509
10045 69293 340
682637 573999 509
320842 720054 509
890490 821686 525
657333 82076 509
995268 225327 525
436293 854928 525
161419 255084 443
638188 431838 509
221221 244716 443
700588 334351 509
767998 464067 509
923531 280248 525
948134 519370 525
766056 440836 509
799239 289491 509
645408 637663 416
468669 800119 509
118698 449289 449
620214 187565 470
215794 250279 443
299291 99158 443
779292 415441 509
741074 149392 509
945102 274361 525
421699 540661 470
658004 192204 509
889746 312751 525
269108 885800 525
622625 244224 470
778931 600065 509
617683 749282 509
914887 716060 525
560564 155049 470
98109 765555 509
260107 477870 449
834337 811011 450
957824 99169 525
374930 60164 443
883581 879975 344
818985 129411 509
628527 508818 509
984074 346830 525
838377 500065 525
190357 267820 443
514337 455464 470
222927 933058 525
478217 822513 509
182253 820738 509
66697 740615 509
314524 75616 443
397532 766974 509
722016 711303 411
759861 411800 509
414578 800457 509
164476 553075 470
145698 233287 443
784797 157309 509
918400 549072 525
125622 844888 525
963678 333975 525
187860 121573 383
