860276 379344 525
318537 157381 443
711761 349918 509
408966 709282 509
108833 602447 470
763346 682503 504
873478 164053 525
651356 175180 509
318995 805884 509
577713 10609 470
777803 903738 525
327719 454536 449
852866 150334 525
976726 601979 525
159419 972790 525
479015 149040 449
301425 12823 443
527324 644934 509
749067 470864 509
900107 215728 525
395950 934080 525
309407 364963 441
604881 533382 452
825351 336262 509
844964 262581 525
571379 46019 470
920846 375317 525
700908 954756 525
111849 541426 470
387280 556911 470
693575 15587 509
292813 971514 525
935314 365300 525
324034 764652 509
388259 467559 449
148755 850636 525
811174 652183 504
646186 533858 509
869557 693324 525
106210 332514 443
816019 52159 509
157799 666719 509
399239 102295 443
930006 856410 476
763416 760377 380
390454 591001 470
47352 296741 443
247070 957276 525
846211 221548 525
324037 337615 384
874517 411455 525
53575 783102 509
325142 928952 525
680143 774919 504
458101 416402 418
284061 980755 525
584055 470530 470
672112 633549 442
26750 783977 509
815025 493979 509
606634 180318 470
361792 53113 443
765559 606739 509
53969 270811 443
563156 871405 525
686884 491667 509
846172 716911 525
79483 75746 351
793812 41173 509
531124 245151 470
52067 551546 470
598801 302434 470
633154 122297 509
537130 145140 470
602954 807026 509
82201 603234 470
497807 47494 449
811406 886309 525
390418 716212 509
637534 777430 504
431448 754057 509
169173 808863 509
898174 726901 525
989762 1661 525
780096 153551 509
422844 208295 449
783193 138842 509
724911 777798 468
910056 118077 525
774647 652987 504
970073 464578 525
373986 3961 443
841668 345155 525
390012 780241 509
934117 912981 476
58643 741193 509
50969 954553 525
270219 984241 525
728208 321025 509
101646 428665 449
200474 862196 525
886190 170317 525
558718 716388 509
353734 740023 509
249133 76428 443
527342 628924 509
816062 358983 509
410729 383998 449
91425 649299 509
642354 775369 504
695215 366139 509
832108 625699 509
56763 172662 383
899443 766286 525
736063 209323 509
100803 469652 449
745448 765466 424
534526 151124 470
659985 856393 525
699428 24626 509
667407 942061 525
81463 318389 443
17912 456184 449
333468 89665 443
718554 770537 468
830049 793249 468
315218 917278 525
926576 399602 525
655699 77984 509
188909 174431 365
310145 233407 407
932655 743087 525
875202 318073 525
25904 910618 525
842465 658415 525
219661 369588 443
634150 588406 509
656740 998795 525
567114 919376 525
450061 88335 449
116561 2489 354
835581 927376 525
379560 486618 449
431234 753425 509
203821 388327 443
721658 545876 509
751594 162892 509
318036 401526 441
206066 447681 449
734078 338078 509
548739 133218 470
707136 314964 509
755890 401676 509
213813 451665 449
45455 874669 525
673604 667623 367
844859 654867 525
694798 399516 509
11825 369551 443
710057 754187 424
174953 67931 383
929751 998015 507
711052 903243 525
347172 224396 443
423902 386275 449
167195 981389 525
43276 284712 443
244629 120908 443
31960 70597 340
849417 879851 432
130072 568534 470
703308 46466 509
336467 662731 509
743641 871730 525
44332 771205 509
458430 827831 509
383031 668913 509
668858 963360 525
296232 239879 407
1715 904778 525
859408 37222 525
406405 146502 443
847178 319206 525
994250 217269 525
704860 138470 509
730859 870692 525
11458 704642 509
479111 744604 509
681182 961310 525
956236 229493 525
284156 15108 443
566431 635792 509
767038 836512 468
126773 643297 509
63635 200455 383
640284 443421 509
473773 13890 449
575354 569724 377
545916 849797 525
515889 411884 470
608375 908586 525
139056 544053 470
961728 39486 525
319728 677429 509
554089 182956 470
221801 606718 470
336750 774936 509
793769 648859 504
706509 728298 411
896369 924864 476
835614 727150 468
476854 915474 525
730388 769223 468
135305 657152 509
139243 301184 443
549145 453600 470
798063 893594 525
917036 342916 525
213335 418422 449
394058 915966 525
501187 10307 449
989452 261220 525
166262 49764 383
273622 216678 443
880123 700069 525
917276 928082 476
198618 686655 509
713344 647627 504
11550 904755 525
590588 502037 470
44978 76740 340
776975 791798 437
371096 139212 443
146413 326367 443
323588 372288 441
850632 66946 525
648939 897615 525
555850 518201 452
982192 770654 525
52900 445396 449
101461 253270 443
265923 373715 441
677015 897916 525
513277 659503 509
505926 573424 470
794585 619165 509
257894 608443 470
763200 310672 509
443787 501733 444
844816 412678 525
157748 756599 509
323669 58829 443
389219 89269 443
941495 659313 525
804514 85394 509
197742 399342 443
335939 697769 509
607375 667498 509
733213 71338 509
787986 96606 509
620777 399346 470
465492 42454 449
644050 185909 509
657617 225623 509
16370 665786 509
931724 794709 525
278553 981379 525
862374 136808 525
551752 839339 525
441734 874735 525
2031 929478 525
727479 684354 504
562644 393458 470
70934 272691 443
454683 809143 509
630993 440749 509
554794 182247 470
608097 782840 509
881759 480719 525
468883 198945 449
675512 542746 509
795477 669492 504
359421 472531 449
154032 67929 375
605134 356764 470
577468 461756 470
192524 278542 443
811457 578604 509
404016 197090 443
436037 499188 444
544481 302331 470
305997 779584 509
438937 351728 449
634049 190928 509
215142 238812 443
415100 550080 470
246142 835482 509
932258 45821 525
100194 133037 354
299491 89502 443
363300 896886 525
497083 543883 470
830237 732756 468
267889 29775 443
606249 923417 525
632427 798668 504
842476 573323 525
379919 962706 525
568350 595345 434
490191 257641 449
948507 914852 507
618027 930682 525
537109 383240 470
413222 860406 525
323771 785130 509
713947 256222 509
661498 847712 525
816447 56937 509
830513 69011 509
202952 163313 365
872558 631970 525
12596 453544 449
210330 356996 443
96990 260806 443
610333 929360 525
963394 471786 525
54227 265922 443
310197 508439 449
209640 431535 449
240484 287873 407
892909 102042 525
737424 318493 509
371156 921362 525
696419 112711 509
815993 96865 509
196097 879968 525
326195 511380 449
579422 45487 470
483823 745835 509
331411 105570 443
797451 476355 509
687517 780026 504
954079 163812 525
128732 232682 443
526518 325201 470
908479 756876 525
339733 714483 509
48657 388670 443
731811 644563 504
948875 40975 525
473371 520863 470
516696 426250 470
691922 698915 367
153209 443185 449
695148 288556 509
597803 600034 372
177002 190375 365
537359 612077 452
134508 577684 470
81585 234700 443
838549 979466 507
405106 962273 525
408038 480976 449
903799 855502 445
789527 645744 504
790554 493726 509
376599 23136 443
129547 104887 354
455088 864679 525
578784 226832 470
301169 871924 525
991586 18672 525
427283 713057 509
480733 98809 449
976656 37878 525
637867 303112 509
669781 547510 509
634945 408401 509
872592 554308 525
891171 739119 525
547159 230195 470
156110 269148 443
750465 647763 504
363839 709899 509
436899 178101 449
633121 388833 509
691289 664887 442
991 18362 279
245611 828236 509
607767 989604 525
616110 159430 470
331313 61898 443
743614 69506 509
675176 42317 509
581955 94221 470
709422 155256 509
846217 28577 525
525723 730619 509
84323 13774 351
378212 654650 509
993064 804580 525
351533 708424 509
146009 152211 370
409408 718253 509
666183 890987 525
900169 643712 525
533645 780659 509
543510 436242 470
663861 271391 509
155642 800780 509
146681 747164 509
472245 302011 449
515322 58025 470
628889 800535 504
840378 751307 525
198122 174364 365
521718 940216 525
830100 916312 525
323204 411192 449
355134 654788 509
582334 667008 509
440223 482269 444
147319 786874 509
844505 311104 525
501246 946246 525
716162 214217 509
730780 671083 504
819516 592154 509
90895 642331 509
340918 155631 443
488349 100754 449
577315 142260 470
420903 7577 449
779715 264387 509
669449 812162 504
40157 137275 354
149346 305124 443
867544 401043 525
970179 635174 525
290946 298722 358
703968 995094 525
857938 841060 419
883172 986890 507
421130 307043 449
215511 876338 525
688809 65872 509
670461 283440 509
778554 541521 509
343622 113663 443
499216 13211 449
772717 130533 509
117353 192455 383
434158 711877 509
987199 750491 525
160241 820164 509
97903 654833 509
684500 22037 509
414000 436302 418
977255 304663 525
954375 514675 525
539281 1892 470
739964 760424 424
570090 944189 525
844668 983949 507
437641 900767 525
718755 404469 509
643720 693573 442
935515 774198 525
550948 770691 509
703613 455439 509
423875 966672 525
666394 435570 509
477913 557701 470
469374 506771 426
463704 387037 449
732305 946556 525
336616 557997 470
187291 881487 525
339857 307869 384
483562 342894 449
97040 594196 470
820104 365425 509
941587 343786 525
720965 470670 509
842197 399660 525
801643 249713 509
97912 150157 375
567166 395529 470
190258 648733 509
124225 177042 383
524930 529532 408
35146 253175 443
696730 339820 509
469350 836530 509
12129 377016 443
631612 182918 509
315470 143104 443
795995 895119 525
790138 462406 509
596751 488096 470
139899 543514 470
666372 861051 525
409003 577270 470
37115 335544 443
349430 620923 470
305227 493992 449
234968 186246 443
399666 121973 443
755987 56775 509
977153 28772 525
962290 315722 525
982385 711351 525
756638 286984 509
232145 565388 470
627141 609338 509
896557 262934 525
46160 796783 509
212767 891868 525
973739 730581 525
590102 708950 509
470963 798651 509
159042 976004 525
770632 412422 509
953877 616901 525
478664 679553 509
121152 960867 525
245398 50459 443
35427 833704 509
714974 222468 509
507571 691754 509
40885 620150 470
350787 453912 449
654581 248428 509
499451 951248 525
659253 680199 442
501389 833221 509
839113 434650 525
251676 336493 407
507894 604870 470
729937 234759 509
128433 416269 449
138132 407961 443
778546 753534 468
621121 720289 509
336525 133230 443
311003 310661 371
22432 805678 509
234772 895716 525
556939 621606 447
194536 217493 386
453365 802024 509
369796 591445 470
63426 672738 509
658140 298300 509
492847 624596 470
594856 780526 509
96700 686126 509
348891 872941 525
277680 826619 509
565911 896120 525
514580 16668 470
840970 653445 525
661584 136205 509
289877 649501 509
90951 321793 443
551280 521460 452
291518 660333 509
791202 281381 509
307976 970522 525
806188 253185 509
440081 258442 449
861610 777213 525
685650 76895 509
492021 976445 525
280835 487565 449
947126 287190 525
700689 448986 509
655683 885843 525
904984 421994 525
854123 580104 525
599581 880728 525
448599 269520 449
307635 877650 525
187721 926950 525
502125 325277 449
720333 104688 509
694330 997896 525
57923 257736 443
430000 443485 400
645800 372217 509
163770 448593 449
452963 918079 525
507459 327033 449
560730 579226 421
315419 381920 441
164782 394066 443
782292 319926 509
315878 227004 443
859064 969188 507
711415 49321 509
589401 699268 509
470901 475806 382
476106 56337 449
533646 120746 470
297642 201962 443
453719 374873 449
644733 219528 509
351878 918300 525
872827 363723 525
533939 4060 470
784256 927373 525
547668 795120 509
522372 493518 470
397155 616829 470
852994 300580 525
647762 91906 509
681202 400100 509
719665 700747 504
160904 853339 525
384074 991412 525
34885 495019 449
899919 209897 525
483710 486065 338
917452 629734 525
36013 710849 509
111986 63898 354
172765 10256 383
500967 151357 449
362673 854877 525
505558 274933 449
112109 44431 354
379546 902782 525
306971 700519 509
688195 890968 525
905302 966514 507
795855 387321 509
71554 277918 443
253616 288628 407
592449 39194 470
807135 307778 509
721590 393332 509
334543 778652 509
874757 114032 525
950098 651090 525
291948 122475 443
150360 363499 443
476931 103689 449
192715 65813 383
796545 779677 468
134992 408675 443
380961 237180 441
986769 529384 525
425788 648787 509
927691 167661 525
184714 840931 525
873714 487206 525
142107 827240 509
118723 975935 525
757037 426688 509
673603 993645 525
555079 189443 470
658137 412740 509
532784 293264 470
744722 227602 509
437769 327763 449
797510 464924 509
827292 424273 509
265768 868124 525
881889 522341 525
982991 689104 525
73107 370095 443
461283 254718 449
889226 603860 525
895866 863167 445
257 62119 340
7837 895581 525
876029 429941 525
889035 186580 525
852845 680611 525
408873 394086 405
836237 14105 509
692014 899589 525
585112 40863 470
113877 568139 470
310720 124133 443
313266 23090 443
487603 709856 509
95636 246154 443
937398 208121 525
957731 744885 525
317362 874918 525
212834 596096 470
758022 625632 509
603432 427152 470
421382 682622 509
689165 594570 509
278678 238024 407
757341 223324 509
503810 424352 444
744704 741135 349
304136 262337 407
579746 129413 470
23860 727181 509
35831 247884 443
905086 914530 476
186194 489241 449
50389 949805 525
730142 52449 509
927564 392562 525
555772 551385 421
522544 487276 470
783387 835176 468
508540 82874 449
509933 703898 509
824036 62735 509
500669 876656 525
150565 654290 509
253944 31679 443
913802 943997 507
411682 767568 509
350969 285834 441
515859 910783 525
736055 262528 509
862629 600757 525
361830 882683 525
587282 658853 509
120061 244303 443
857338 809477 525
206486 197178 355
121208 282307 443
314919 347947 441
70791 764163 509
337323 552122 470
54500 315060 443
870030 70480 525
756328 22603 509
590998 125279 470
890726 340690 525
848971 484527 525
26270 913048 525
466720 999663 525
230237 138933 386
103382 121927 354
170066 727242 509
448454 189972 449
421977 822088 509
729620 140691 509
64679 96410 351
774638 809932 468
514483 297748 470
971206 916317 507
177952 354733 443
374285 298007 441
815236 999154 525
771494 257798 509
507667 94479 449
246190 133879 443
949423 964838 414
380457 655611 509
779220 441587 509
99778 284602 443
484103 409235 449
659505 509014 509
884555 425324 525
728124 290631 509
658126 884901 525
721289 574946 509
470605 947942 525
669380 265226 509
329042 800460 509
851948 401863 525
244922 121958 443
287595 468988 449
73940 592341 470
7436 113045 354
334015 954720 525
691201 82115 509
330682 746015 509
678400 78646 509
15707 329143 443
655464 874093 525
966710 792019 525
81294 402879 443
100819 734338 509
609205 884505 525
294961 72677 443
793604 708622 468
488937 531905 470
635627 30077 509
137089 538903 470
809983 57893 509
87389 447992 449
278495 890419 525
434354 519090 470
66206 90808 351
998256 440125 525
141102 811041 509
249336 750402 509
597069 526663 452
732147 438445 509
790527 853416 525
86926 942564 525
766655 589565 509
374934 832145 509
312490 84145 443
942875 596090 525
319730 287749 389
909874 731745 525
766812 584577 509
455555 494694 444
925279 867141 476
535036 392178 470
582292 46285 470
87096 41640 351
867004 524100 525
789368 718117 468
900862 308768 525
920131 975478 507
27184 833708 509
430019 841784 525
365169 251218 441
439862 442785 356
623184 671183 509
989679 30817 525
746480 802733 468
358397 501399 449
822218 367821 509
78053 115265 354
341335 365285 441
378715 664219 509
932577 207749 525
740833 580707 509
268771 729917 509
914807 174608 525
202860 368662 443
630138 446889 509
688006 975523 525
222475 158613 386
457956 948651 525
452976 397266 449
629989 669336 442
693218 271384 509
664737 836414 504
833554 97644 509
582020 977786 525
365297 961556 525
343790 657638 509
90083 252616 443
581540 103179 470
624419 546291 452
955998 460328 525
936330 617279 525
562373 675211 509
710694 115895 509
791691 565011 509
463541 533074 470
750456 906272 525
382671 472941 449
265734 129036 443
997462 303239 525
408169 69199 443
558525 466197 470
555911 450518 470
585590 554697 434
187227 557582 470
196652 586279 470
198140 187774 360
423417 741076 509
752591 2738 509
209357 722234 509
948419 618096 525
948886 593493 525
186557 57778 383
435677 402411 449
60120 757257 509
591357 29504 470
789863 540594 509
660354 340623 509
261286 754512 509
308502 646416 509
592589 803038 509
638865 544519 509
757815 666195 504
82940 825137 509
778913 669098 504
139135 457664 449
880405 164635 525
812365 444771 509
122253 747700 509
822054 370971 509
991396 729261 525
302710 374025 441
356985 349321 379
694520 882840 525
395513 252097 441
320437 647682 509
162523 335567 443
339948 393430 441
928346 294965 525
235436 354832 441
430712 505098 444
865334 755929 525
485698 290359 449
379264 995605 525
599421 369852 470
398634 486781 449
680571 306737 509
869631 708376 525
774256 422512 509
1937 911193 525
866101 168036 525
567856 361317 470
839446 694556 525
391311 400776 405
645666 146569 509
122537 63178 354
886132 653144 525
717392 413244 509
157870 507942 449
103144 390926 443
718950 225176 509
223547 90013 386
925022 645765 525
459882 504464 444
572192 140870 470
982258 153212 525
659603 652603 429
530097 181826 470
802807 847369 525
953251 845672 507
194816 11909 383
313409 916534 525
133189 351745 443
90449 91568 333
145477 824252 509
796827 542039 509
632193 353328 509
722455 586702 509
322354 795353 509
580138 489793 470
183677 312083 443
513965 644544 509
607006 294316 470
322774 551742 470
110017 107393 310
274896 456010 449
99733 611301 470
592731 717851 509
672493 279629 509
191112 541474 470
336951 232347 407
876565 565951 525
73277 679283 509
308171 792339 509
185539 636251 509
511860 249749 449
270422 565200 470
962064 219081 525
110117 500658 449
490012 955566 525
876009 406194 525
225145 753055 509
930013 274688 525
815944 35912 509
778524 439930 509
524032 450666 470
553662 109479 470
528813 852329 525
988244 631949 525
850249 945307 507
142771 815655 509
364899 130984 443
740436 767533 424
636237 739222 504
59098 118349 354
592931 655126 509
455825 295760 449
114661 926004 525
673094 586859 509
338166 50578 443
688736 199251 509
135022 450855 449
153165 245105 443
309779 670601 509
570037 737924 509
948858 48391 525
805252 417488 509
259541 419902 449
61308 382121 443
615788 969665 525
942577 220501 525
611104 988092 525
873415 282328 525
277922 609444 470
337138 589515 470
274399 890853 525
119308 323239 443
930712 747253 525
727890 304341 509
366254 114481 443
469631 389152 449
952866 991717 458
508624 420807 444
98535 522363 470
895417 416373 525
779389 363674 509
84581 341627 443
185032 15180 383
190814 128020 383
59790 461596 449
424915 181766 449
679960 694658 442
221863 281437 443
243295 927900 525
975242 573170 525
644943 293130 509
324075 186442 443
172473 501528 449
504634 13981 449
146003 812187 509
103293 438238 449
668553 495156 509
71423 417053 449
52866 478299 449
408920 815393 509
788800 283983 509
518726 733791 509
763763 769369 468
167660 768241 509
493053 538348 470
183078 206504 360
11141 172111 383
840061 2694 525
43415 902961 525
845753 145532 525
395559 122743 443
48294 238893 443
359609 786727 509
586492 654787 509
760513 447725 509
811441 994814 525
606601 38812 470
419576 36415 449
186351 261038 443
834551 429316 509
482038 633615 509
970740 967448 458
448210 333290 449
833433 6221 509
166625 561258 470
683124 628039 442
130002 941353 525
793001 921918 525
373342 946045 525
177965 463533 449
857542 606720 525
118808 721375 509
849951 442041 525
659758 551973 509
852103 93743 525
4988 365338 443
91915 319462 443
46729 252398 443
824430 613630 509
40030 64483 340
600247 465490 470
545958 973644 525
569879 363396 470
854621 639461 525
246868 187607 443
602470 567031 434
477571 319014 449
418423 403265 449
63565 982942 525
564793 183408 470
514038 585399 452
19944 340299 443
524726 541219 408
661258 430190 509
233237 45961 443
645932 133803 509
842978 974916 507
708975 947908 525
361414 463453 449
954836 748723 525
699786 537826 509
97685 107415 354
63850 405764 443
48935 101511 351
620028 533134 452
301611 596062 470
137199 619092 470
886680 205758 525
978793 572173 525
475103 93248 449
209836 219376 386
201170 936042 525
135518 115020 349
560914 671089 509
107479 803694 509
968903 79161 525
821418 157659 509
133769 720894 509
152236 76860 375
935199 375310 525
938627 947904 507
989958 179818 525
934068 396735 525
6983 464006 449
12853 190266 383
283338 245438 407
