1 1 1
999999 999999 259
200 1 125
999999 1 525
100 200 125
934457 592139 525
891362 111309 525
521514 459167 470
722512 809473 468
894187 689848 525
543709 17928 470
513852 595602 452
874027 766212 525
479751 207400 449
759712 370043 509
118228 52314 354
210563 495041 449
765033 341036 509
249677 822567 509
856262 893017 445
184137 448207 449
561829 987909 525
169636 612637 470
215266 719690 509
767155 769578 468
235682 367707 441
20294 718780 509
795636 697500 504
488440 513885 470
315236 869919 525
46824 882511 525
967074 656281 525
238521 509693 449
65505 841735 525
110231 878058 525
424365 544993 470
9655 5415 262
427406 43357 449
467738 409459 449
634006 476201 509
296195 669160 509
298849 482619 449
480317 786982 509
923894 408238 525
129366 896557 525
616097 201207 470
776613 845415 525
794715 324606 509
796471 19353 509
208494 738875 509
902001 909104 445
677052 837266 504
254714 261404 363
708102 872337 525
910837 178871 525
986184 970537 458
136055 693189 509
332344 769246 509
83841 55053 351
678440 55642 509
914138 640143 525
821635 909677 525
671937 292753 509
729213 709774 411
729055 322182 509
31431 686242 509
211937 818656 509
407313 477662 449
522125 263697 470
343415 853572 525
618879 235908 470
127024 13140 354
971263 466844 525
779066 122948 509
606167 537217 452
901214 778769 525
229313 17886 386
467828 363220 449
634886 831611 504
179571 922850 525
887631 471717 525
575614 935189 525
934706 117049 525
783369 465081 509
16063 375726 443
950463 563601 525
573473 229392 470
715151 178389 509
740013 756156 424
930648 744154 525
51364 233391 443
271799 601226 470
242798 95940 443
671990 999779 525
473806 132275 449
479604 838182 525
105574 543545 470
594410 982777 525
212698 147240 383
900145 369583 525
899280 966461 507
361056 207524 443
985739 928012 507
999523 590195 525
935623 65609 525
591441 60726 470
791468 919821 525
47947 360155 443
443785 184308 449
805388 102308 509
141451 206434 383
764753 972399 525
648328 502068 509
38490 539895 470
14422 731958 509
323023 142339 443
260280 23779 443
508855 136847 449
938336 468775 525
387435 64352 443
247700 905568 525
459663 73364 449
691238 51213 509
601480 441170 470
793393 48740 509
816252 12546 509
959971 781654 525
269446 614731 470
80387 867683 525
382046 412834 449
8205 570502 470
357792 757307 509
687830 826121 504
350783 808363 509
664592 483781 509
390687 153889 443
351918 370277 410
124211 734582 509
144350 707887 509
510654 478747 426
888319 582486 525
512291 388370 470
793873 439732 509
63342 354219 443
615440 323432 470
519184 545588 408
384776 819151 509
202146 824693 509
486778 545491 470
308790 105066 443
462118 747002 509
511774 715295 509
148620 78296 375
358783 645580 509
562391 486867 470
897025 856670 445
738481 766901 424
704059 9220 509
226040 877548 525
524284 729040 509
600582 464937 470
709800 227002 509
304930 109673 443
935772 177592 525
241654 581931 470
585936 630500 509
548331 947473 525
885061 898773 445
663490 562079 509
136990 157600 383
535167 321144 470
902435 169361 525
907125 786769 525
410968 1048 449
392814 752703 509
278240 381562 441
748415 650731 504
356683 386394 423
489638 383609 449
567232 407412 470
129981 679831 509
100343 247392 443
287043 261247 407
963176 271949 525
100667 239054 443
415891 889539 525
739079 708089 424
220323 451643 449
636574 360163 509
765023 324952 509
796560 634326 504
368433 498482 449
6802 60101 340
782287 857806 525
805569 777245 468
882285 722078 525
73321 956292 525
843254 175292 525
530813 399534 470
589724 687397 509
519538 110025 470
61500 723413 509
377520 546452 470
610791 521941 452
34639 402609 443
474425 502103 426
820478 937464 525
118226 301662 443
491619 664873 509
722221 176884 509
405146 369605 436
814380 67826 509
358698 844554 525
742835 375838 509
381525 533309 470
771171 585287 509
784437 235263 509
903580 880296 445
63535 604708 470
295633 682182 509
654794 647533 385
863963 186522 525
220233 534367 470
977642 703059 525
314943 413571 449
431525 47115 449
56759 41537 340
54698 12882 340
418293 485534 444
782926 690643 504
65483 355322 443
843220 328475 525
83274 982248 525
883360 916585 476
21276 779513 509
475352 233545 449
257525 259127 301
625760 830561 509
824481 535639 509
333756 852322 525
989634 619883 525
28665 219158 386
83391 947949 525
299521 64838 443
631768 919764 525
630098 215159 509
234807 63925 443
940210 785110 525
472950 775413 509
994788 369615 525
69020 296624 443
381729 382725 361
930032 591174 525
224527 673718 509
966753 446575 525
851047 728101 525
826714 959566 525
245789 913857 525
39130 690620 509
622834 449128 470
846074 959822 507
651595 489141 509
262092 554666 470
108761 516553 470
386863 527839 470
339106 21772 443
797823 88522 509
801199 281436 509
394345 571775 470
256597 646080 509
909070 406905 525
759747 396545 509
332915 335644 335
835207 259241 509
438317 316869 449
780773 104741 509
104396 10980 351
963189 61880 525
429147 64701 449
223855 286295 443
577424 40623 470
26103 284813 443
490844 897143 525
320803 21056 443
380879 442408 449
857121 8926 525
843742 811058 525
599229 484194 470
307072 426228 449
478820 325778 449
590885 424955 470
843720 148975 525
860714 539125 525
195091 61331 383
508023 676900 509
854774 91490 525
625415 356961 470
104724 4269 351
539341 343849 470
69867 329385 443
922429 233170 525
362798 458966 449
474480 23313 449
875540 699099 525
50313 269617 443
973265 619860 525
417137 68146 449
319994 749995 509
660572 968058 525
853561 906055 445
646343 108240 509
107835 665195 509
440180 109192 449
871804 680481 525
105427 129126 354
175743 310050 443
813730 320130 509
868743 865924 357
595883 11443 470
774845 260096 509
392144 245493 441
187242 91019 383
715499 868291 525
376455 818187 509
685343 561933 509
487240 827735 509
742099 987987 525
866233 581492 525
543748 819541 509
691748 668515 398
664543 868655 525
259809 581965 470
947955 28686 525
167427 134055 383
963560 640165 525
54712 797933 509
767514 908949 525
910682 35151 525
66393 476969 449
89881 686367 509
350328 557860 470
587502 533451 452
932530 757027 525
503708 8578 449
622527 375404 470
850654 88840 525
512529 66691 470
89670 843802 525
441475 234416 449
341738 730069 509
886344 878530 370
719645 787693 468
743861 420145 509
828117 446692 509
18290 761917 509
658208 339598 509
660670 971774 525
94498 399814 443
214513 908063 525
65774 324264 443
11536 696502 509
786222 693611 504
111524 791367 509
859841 61852 525
455899 637276 509
14098 882293 525
160967 823132 509
720830 258834 509
667846 556933 509
396834 53649 443
29417 95102 351
820039 558448 509
307169 319493 384
507055 708257 509
844745 960415 507
983480 465827 525
120925 717324 509
568001 155112 470
101396 536190 470
334077 575318 470
919256 310453 525
79424 161277 383
355941 395645 436
546874 830937 509
374320 747263 509
820443 827401 375
609792 468496 470
973713 867928 507
457823 542563 470
685816 851578 525
421320 936963 525
867353 605631 525
983716 689373 525
249869 780936 509
434133 85511 449
286889 807762 509
915132 360041 525
410092 267300 449
429851 475466 444
165582 313169 443
408883 728318 509
35659 714413 509
258076 321473 407
517319 911642 525
168984 246012 443
451564 798354 509
385751 301716 441
759872 870551 525
298067 630405 509
392967 941967 525
397215 22642 443
776221 122269 509
34537 212998 383
831089 346013 509
403799 914541 525
456436 962875 525
162769 833163 509
264536 571711 470
775878 936153 525
616307 935894 525
987266 919786 507
905425 334273 525
168365 547525 470
365129 771715 509
737639 72291 509
157469 901412 525
865341 654627 525
86702 363728 443
222975 696389 509
61070 242175 443
908560 357829 525
348325 375731 410
378329 383925 379
304229 710405 509
399540 560613 470
384540 935315 525
941358 43514 525
332338 256186 407
87600 634315 509
72883 788998 509
922466 915289 432
388265 400117 436
67953 300021 443
668024 853120 525
222317 994474 525
471304 632104 509
259314 864985 525
985674 765142 525
339419 55281 443
380971 820451 509
104160 161138 383
129349 469639 449
422188 321841 449
276620 376299 441
37937 929966 525
184557 550126 470
363530 682318 509
952542 84365 525
304849 226901 443
933690 154006 525
818272 578885 509
340262 442839 449
306629 329566 384
304968 908235 525
972510 234732 525
581700 817810 509
558482 921872 525
660744 947108 525
317478 107208 443
621025 657495 509
747541 522669 509
89968 402485 443
945287 158090 525
398752 422421 449
161475 599040 470
866189 400967 525
721481 311806 509
599290 125867 470
133554 222511 386
381900 201154 443
250918 376172 441
462764 74379 449
844486 937493 476
787264 81522 509
34137 114288 354
715902 748424 424
71459 215395 383
361308 875598 525
967286 396779 525
826133 259080 509
699556 823284 504
815157 577934 509
351888 114519 443
532775 890198 525
916888 938204 476
525838 681909 509
527671 566321 452
810998 800024 406
447295 133643 449
769649 924373 525
714570 40098 509
986587 89625 525
889353 786621 525
827651 274085 509
991088 446696 525
570608 941630 525
100729 824994 509
837379 699607 504
12550 463391 449
115173 358988 443
371858 861253 525
524884 685732 509
803614 182340 509
129723 434889 449
563171 85390 470
473553 914129 525
880718 382160 525
460772 238891 449
411342 652778 509
180316 833338 509
285225 848731 525
907761 383956 525
2993 240307 443
179979 868071 525
983304 903962 507
181136 453865 449
300614 536 443
404433 255214 441
188956 963038 525
538974 942248 525
597077 166640 470
165485 587644 470
629903 93820 509
637090 915751 525
215461 470381 449
810438 989695 525
654464 22904 509
333238 177677 443
527453 93979 470
501689 317926 449
288069 675320 509
331344 668888 509
530497 691255 509
939162 66562 525
474276 321803 449
204478 643354 509
250092 384459 441
400929 259445 441
946160 553158 525
992554 488318 525
432130 668682 509
874731 843879 432
392283 584075 470
476284 224786 449
998119 530472 525
420305 920416 525
589526 643789 509
369591 435849 449
793905 564047 509
791121 200527 509
260708 813734 509
982859 876962 507
913603 170993 525
538701 850551 525
793190 913479 525
763507 930822 525
292658 914611 525
994470 691434 525
578957 778182 509
713194 449726 509
691430 109912 509
558519 642456 509
400307 315481 441
971873 133628 525
277299 655553 509
84455 659777 509
212333 528848 470
642395 780847 504
195905 461071 449
569771 350800 470
411557 503264 444
429120 440226 400
983630 177571 525
644836 741584 504
841049 736272 525
790454 956202 525
348608 887498 525
250808 184059 443
114094 741816 509
412869 163177 449
741037 971126 525
997567 557205 525
574796 374815 470
924399 204603 525
652638 996648 525
526371 757148 509
197609 433216 449
443778 516828 470
281196 165486 443
999176 694080 525
570202 573661 377
340044 421746 449
9953 201128 383
451246 883232 525
35123 886571 525
525222 101948 470
729041 996734 525
29341 875954 525
56970 798563 509
137266 556755 470
385237 150083 443
595787 83473 470
422153 633931 509
442950 588216 470
552309 638485 509
373819 339400 441
226016 232642 443
142192 797909 509
572187 395346 470
784783 138773 509
278444 633089 509
241205 726032 509
864160 535562 525
160500 429404 449
666759 531799 509
914463 125224 525
472052 425217 444
916301 890813 476
257279 348907 441
717062 196711 509
621620 262185 470
325178 350889 441
787534 57994 509
824092 414461 509
243855 967002 525
991008 25725 525
592148 265625 470
751135 275204 509
624537 907598 525
19834 399658 443
821320 690733 504
542866 848554 525
111177 892095 525
534200 745776 509
490468 76992 449
791593 969433 525
596528 6761 470
945724 718376 525
213540 618371 470
116677 149500 375
698317 825382 504
586852 630501 509
101206 901103 525
106412 624649 470
829006 319614 509
819423 516814 509
76336 260796 443
465554 980178 525
682472 144851 509
364913 481638 449
33408 236147 443
380686 306418 441
735968 626780 504
754782 61774 509
377585 864957 525
863258 678001 525
122474 571348 470
383074 396194 436
773296 787546 437
191582 766932 509
724139 261798 509
84655 758451 509
629818 244273 509
793764 51977 509
376341 683533 509
743055 844147 525
101519 478566 449
656336 889762 525
913943 971931 507
714699 548158 509
752888 371199 509
788879 422454 509
667531 255818 509
285992 288843 389
138179 465369 449
427621 508113 444
179844 848498 525
115990 729650 509
312437 272928 389
248451 127819 443
397573 378237 436
140230 459363 449
235239 591683 470
668303 705108 504
226521 708116 509
543533 351793 470
211763 256251 443
178101 784069 509
512647 919560 525
894748 423018 525
523405 905510 525
362143 690398 509
305530 460459 449
257272 496759 449
162605 878580 525
526790 364330 470
49761 354132 443
633487 256937 509
809184 343802 509
318336 485711 449
872877 834968 525
843284 44305 525
642075 590154 509
545652 838325 525
413233 159007 449
543165 240308 470
765810 994703 525
281059 572104 470
555890 41706 470
23639 39304 324
224382 838704 525
630544 943346 525
103655 549708 470
674561 217636 509
951545 149408 525
89722 471301 449
350782 268422 441
341977 294922 384
874046 766778 525
353864 370413 410
215367 529829 470
360134 375999 410
509766 652438 509
378140 123055 443
100599 222013 386
720561 437203 509
575359 162259 470
154806 568972 470
701341 497008 509
994490 231155 525
374562 782036 509
606190 367102 470
88381 468209 449
956657 147622 525
557478 258586 470
590709 253726 470
107684 126492 349
482559 186966 449
942460 917831 507
97873 540147 470
472599 23109 449
433741 629476 509
115936 853463 525
944146 230813 525
555708 148754 470
798154 64235 509
868893 170207 525
902551 100596 525
744293 958525 525
512989 150103 470
706361 627040 504
35997 97048 351
312343 384713 441
932315 635729 525
974040 931253 507
298489 807830 509
176771 78459 383
226167 279149 443
414424 731935 509
491527 274083 449
356983 376899 423
719011 971961 525
252432 466128 449
372935 546891 470
830285 457506 509
206474 350953 443
349044 767575 509
104444 385450 443
878059 844795 432
433659 213032 449
125555 417556 449
49879 576662 470
20189 42846 324
840863 775928 525
140608 845893 525
384606 775028 509
399698 938599 525
107371 605409 470
223022 957613 525
906130 108452 525
172741 212558 373
390598 285896 441
342108 239692 407
469196 463831 413
565662 265276 470
619323 694219 509
906859 520948 525
270274 759119 509
334465 427596 449
682910 758947 504
371795 190517 443
558763 719249 509
24875 493926 449
45111 504012 449
239755 726458 509
671250 503349 509
431894 441635 400
728704 155304 509
635312 122177 509
990897 475463 525
878537 354753 525
108955 373424 443
349323 540639 470
57795 624873 470
438667 753053 509
789649 961223 525
583802 380220 470
390773 724626 509
360635 690898 509
167763 577151 470
562572 432991 470
224487 953522 525
155224 971725 525
293466 412388 449
538324 752872 509
660313 16548 509
803834 622405 509
235113 220591 443
890543 670266 525
440647 712192 509
471653 319950 449
945175 189910 525
81943 389505 443
494083 310389 449
27990 183738 383
510716 220200 449
868763 967459 507
435425 189772 449
954509 642147 525
374548 727500 509
758467 224458 509
37780 64915 340
54281 502291 449
386837 941810 525
409486 101676 443
391023 414795 449
474705 634865 509
48735 484329 449
832145 460543 509
339066 137341 443
850701 992037 507
6040 688656 509
362541 747950 509
947785 968213 414
136134 488600 449
452761 510997 444
436584 488375 444
232009 378974 441
912845 776966 525
72264 293966 443
710179 426103 509
285197 714697 509
874753 343971 525
876927 140421 525
809550 954705 525
712212 152392 509
178176 173751 347
434202 914191 525
902571 856861 445
840401 234410 525
655366 157068 509
366016 37673 443
152883 299175 443
856109 561871 525
356668 225069 443
503122 561913 470
640366 493895 509
15754 979765 525
298334 514848 470
541776 279153 470
871218 881552 432
115022 720855 509
213340 98105 383
208312 776008 509
48992 880282 525
329908 246735 407
905767 999401 507
392710 166566 443
660700 43374 509
175152 772827 509
358351 235802 441
792821 386604 509
355034 415022 449
247183 897342 525
457523 342887 449
953588 517649 525
613966 783550 509
150764 805718 509
385403 177910 443
332022 354525 441
486854 663696 509
418191 730060 509
538650 694008 509
893894 579633 525
963096 523168 525
765996 241085 509
578535 509370 470
934623 101103 525
27712 260977 443
889064 997711 507
193099 683483 509
221073 129308 386
832533 576175 509
232623 88711 443
436740 75883 449
901012 961226 507
863364 31058 525
43885 965850 525
810089 61315 509
657681 944451 525
740143 100981 509
107787 960272 525
857234 872676 432
777472 820677 468
581405 849432 525
888410 939287 476
593422 574991 434
871554 922922 476
468532 294689 449
13968 74476 340
849552 320351 525
80285 24641 351
150113 606990 470
441724 824244 509
300263 958288 525
957088 578299 525
803465 186486 509
227153 63057 386
12340 708096 509
445053 863828 525
23529 955524 525
738415 593728 509
486220 446435 444
859400 515285 525
909039 947588 507
770029 337593 509
829823 756740 468
481925 124011 449
298497 985446 525
513889 943806 525
73727 276002 443
501590 775770 509
831033 15442 509
925623 904856 476
631221 536816 509
711015 30514 509
582887 591350 434
110829 583580 470
181861 469586 449
128513 939087 525
531577 52493 470
473637 766377 509
682444 934377 525
431332 572539 470
79053 296165 443
248349 848811 525
308379 109258 443
956901 808668 525
396150 855976 525
808896 689179 504
828713 69334 509
333901 929981 525
990376 561792 525
47456 949536 525
954534 414568 525
424407 980299 525
494303 887517 525
725025 868576 525
133805 298266 443
36193 849445 525
480298 65920 449
515445 856573 525
972130 289867 525
27224 242308 443
498718 404988 449
152793 554926 470
731550 700246 504
315139 367715 441
883594 500427 525
126430 250845 443
531600 687188 509
640347 723976 504
200917 744876 509
276042 161891 443
896220 439129 525
553457 82044 470
615946 547850 447
673735 987199 525
981124 288637 525
976986 614555 525
