1 10 20
100 200 125
201 210 89
900 1000 174
999999 999999 259
999998 999999 259
1 1 1
2 1 2
1 3 8
52041 413371 449
223799 479106 449
744834 894660 525
533537 975516 525
113500 939078 525
202906 229472 386
231208 604127 470
354178 757087 509
625964 994817 525
573126 759156 509
678365 804231 504
589735 735580 509
759011 923654 525
762676 885115 525
476598 743413 509
279570 469101 449
606332 784208 509
964446 996330 458
54580 959134 525
652121 951220 525
67249 548895 470
883486 960401 507
346985 486230 449
865857 994843 507
222972 347008 443
478269 775571 509
754926 870294 525
270600 404693 441
652990 742307 504
892392 962913 507
271798 894177 525
53667 207641 383
934770 938074 414
702849 788999 504
195555 635354 509
172642 654667 509
862040 954190 507
312377 545767 470
78319 950152 525
829943 927384 525
862287 907957 445
789574 934404 525
516984 611345 452
669288 841507 525
533706 962132 525
52295 867242 525
791501 999525 525
348116 941718 525
882946 930638 476
139397 719564 509
918044 945392 507
495170 920243 525
747504 944358 525
855043 881502 432
285988 833214 509
196712 373363 443
149806 493934 449
122224 765760 509
99448 940112 525
744203 948837 525
951090 980518 458
726532 933443 525
908712 980192 507
827153 990709 525
811244 905149 525
184973 989101 525
54383 870924 525
232335 873443 525
84456 391993 443
680903 857381 525
30731 519078 470
281444 333039 389
409881 867770 525
549911 680158 509
888808 970062 507
748734 990211 525
468153 893327 525
923734 942112 507
471976 912342 525
743243 941079 525
963924 999419 458
459838 550635 470
134710 944344 525
528239 595435 452
40745 231379 443
952153 967730 414
17493 328360 443
310166 929548 525
781717 886553 525
113493 797248 509
896653 943386 507
947617 975683 458
515791 528570 439
493304 524900 470
967444 994856 458
512199 794527 509
70891 619056 470
391222 906930 525
239494 870955 525
350912 815795 509
241031 900322 525
417758 955289 525
168139 308152 443
887435 982906 507
561949 904819 525
771375 825452 468
897650 930498 476
263528 515530 470
445114 793615 509
33690 132912 354
609823 862551 525
482363 680089 509
38662 137631 354
766164 834237 468
516355 545837 439
185847 385366 443
113357 266176 443
414043 987149 525
437663 476922 444
160315 684076 509
451041 676931 509
133991 549360 470
18059 384779 443
25737 726316 509
375307 648380 509
391189 659162 509
90887 610408 470
413478 923965 525
331411 721914 509
826239 945681 525
47308 381594 443
532616 819856 509
647029 835568 504
898296 957369 507
758860 947868 525
304951 332799 384
790197 962966 525
239450 912321 525
117119 794596 509
49555 998104 525
696395 999260 525
264926 630626 509
927322 942311 507
521758 736724 509
40647 611653 470
416965 765987 509
922918 935047 476
745764 994407 525
46169 643146 509
459989 859081 525
773111 895388 525
879801 930739 476
528804 567881 452
627482 958139 525
618978 768055 509
360474 602327 470
824931 923388 525
288732 488016 449
753088 972757 525
405120 869649 525
588141 844434 525
136490 569536 470
124252 162047 383
363430 414440 449
166719 427101 449
109327 892177 525
661210 960406 525
387841 538163 470
11916 29735 308
826716 884197 525
708508 879576 525
791697 916137 525
242428 752856 509
361242 511711 449
296314 981591 525
906771 992856 507
574883 885906 525
911110 914605 401
69140 538452 470
609792 925409 525
306521 863519 525
813306 889887 525
246115 289775 407
762211 952952 525
955666 969202 414
282290 426501 449
920842 973186 507
197960 801113 509
587849 943920 525
424487 587795 470
414353 643775 509
373156 455123 449
376919 800960 509
339960 595212 470
537247 610394 452
984683 991531 427
920885 997401 507
209673 520153 470
653121 906561 525
975640 999269 440
870564 969019 507
583163 589565 434
552194 646429 509
457504 659945 509
203300 409365 443
948086 986609 458
586117 840922 525
392878 849094 525
773580 884769 525
753455 992304 525
202646 963728 525
541221 625089 452
606000 773568 509
39969 732215 509
926615 975817 507
201146 847629 525
101690 121982 354
243405 546932 470
521208 702871 509
746612 770478 468
191161 669542 509
290915 521439 470
147209 772050 509
387366 552026 470
865210 875321 432
526718 825550 509
573599 809212 509
594363 664255 509
922617 958974 507
246281 558393 470
5392 99023 351
468649 953140 525
316775 716279 509
212148 571267 470
622624 719986 509
488647 669864 509
381809 505204 449
938826 958540 507
411313 738129 509
253540 714271 509
509081 779581 509
819817 847643 525
568258 735301 509
802143 906849 525
143819 301551 443
329699 618920 470
168745 836518 509
443925 605676 470
125398 166262 383
366503 638062 509
32603 794162 509
118257 328266 443
841190 920872 476
48823 90430 351
20195 580414 470
801396 844605 525
615822 919382 525
831507 845898 525
954953 999732 458
135209 501909 449
871472 956748 507
943481 994382 458
11596 403285 443
731845 881073 525
631838 666910 442
932008 974313 507
348407 428516 449
491691 576934 470
831594 959251 525
298263 638734 509
236762 498441 449
215196 479562 449
907225 995228 507
593425 703584 509
914203 955968 507
105404 945438 525
806878 956496 525
63286 118782 354
234131 822775 509
188334 358551 443
119064 273401 443
687159 784327 504
993389 998010 440
626480 745896 504
198645 950027 525
611542 776329 509
895712 919413 476
337966 898421 525
963541 988897 458
791985 880928 525
7923 192724 383
996298 999593 440
617382 686806 509
590967 857078 525
446270 976269 525
441277 597558 470
723191 854705 525
209127 246598 443
329630 646751 509
172456 244026 443
782515 864309 525
706003 929290 525
868279 968545 507
522225 929434 525
359991 422488 449
130747 474497 449
727732 831663 468
895372 955081 507
528203 676700 509
364981 424641 449
414499 512510 470
192860 640861 509
639642 978990 525
360936 446308 449
391557 669300 509
499059 936509 525
854784 865211 388
458515 697858 509
641934 954222 525
304032 418464 449
64361 467703 449
663638 755167 504
535709 709896 509
557686 788706 509
240333 662817 509
717998 808523 468
266702 460522 449
844510 890928 445
405006 643718 509
334032 837259 509
327215 413960 449
255473 572860 470
866459 913250 476
605481 610767 403
843173 979037 507
43809 650580 509
324373 862747 525
154467 998332 525
884793 964681 507
184846 364414 443
286725 694763 509
412710 804602 509
511519 853485 525
531101 819821 509
139568 530024 470
446522 566999 470
318482 847636 525
919208 927489 476
392090 781413 509
806123 824699 450
102530 224937 386
961514 977155 458
958197 991662 458
6716 77432 351
760045 935261 525
63866 322995 443
143532 981059 525
610643 735536 509
271395 552721 470
764691 904348 525
979191 993955 427
439976 847835 525
294154 740023 509
760680 829152 468
328229 890076 525
10800 830968 509
635403 739801 504
167015 451737 449
49511 226433 386
705406 966118 525
227979 453909 449
550304 942758 525
293838 552384 470
219164 299974 443
131278 912138 525
30140 160099 383
811608 948316 525
102929 668081 509
121978 390670 443
966703 984560 458
231169 310359 407
220992 325120 443
165109 428268 449
27971 845328 525
474656 851526 525
229839 432388 449
992529 996543 365
425499 430362 374
503823 625355 470
271492 362087 441
686806 689192 398
103895 134438 354
258878 875529 525
336133 404115 441
593554 799018 509
552137 847700 525
508452 690620 509
412289 456867 418
760606 981367 525
103951 232649 443
90053 473975 449
492589 587089 470
444897 534440 470
140685 668353 509
622443 857729 525
227521 662471 509
907020 958990 507
753637 882863 525
134718 316683 443
87110 687947 509
402389 489870 449
430442 883874 525
235462 400253 441
590526 695386 509
902820 943467 507
276012 497077 449
439205 508068 444
434039 766197 509
234233 369264 441
892603 892677 264
50937 207113 383
736617 848990 525
969275 990460 458
132689 157449 383
863908 913690 476
726462 869533 525
315392 988246 525
386030 546625 470
254755 966868 525
326241 868619 525
837793 955704 525
584560 726822 509
318805 319489 322
373292 591570 470
846398 922383 476
43385 859433 525
707429 990728 525
349644 369243 410
564937 835079 509
612082 905473 525
32815 453457 449
208261 744332 509
451151 873009 525
549273 698229 509
443089 841233 525
450710 612717 470
871494 873843 432
262673 897204 525
350250 834088 509
213470 647566 509
675166 909831 525
542363 656320 509
775006 961502 525
235571 275620 407
620455 777284 509
736387 949393 525
473013 773950 509
814221 993563 525
237451 492046 449
315919 376867 441
746997 827218 468
343934 879168 525
866245 889149 445
878264 977926 507
754002 891012 525
846582 866186 419
587279 612071 403
979108 999186 440
746019 805956 468
276288 900085 525
432411 436770 387
730833 815423 468
277165 573947 470
82544 266584 443
932960 953810 507
453823 956877 525
928660 964017 507
213747 260777 443
621975 968450 525
185928 493266 449
870828 913522 476
299153 338243 384
36782 925778 525
237820 620530 470
477127 859906 525
737033 974531 525
331570 896907 525
990131 996246 365
490045 785961 509
806327 866553 525
828156 831756 419
398412 969996 525
566122 824771 509
566311 791531 509
30113 814103 509
715453 753566 424
201230 785933 509
818872 871814 525
644791 752400 504
353953 588830 470
884333 983393 507
258195 583065 470
218294 652333 509
203829 910948 525
217607 569734 470
816079 898743 525
553034 757746 509
763862 949225 525
192789 562439 470
210342 814677 509
598113 881453 525
442189 602345 470
734367 740289 424
988957 992187 352
785928 927085 525
372788 873210 525
705562 762907 424
908532 948902 507
27537 278615 443
62800 939273 525
411207 685938 509
232369 425131 449
521436 587029 452
298701 923470 525
804898 832948 450
339087 709117 509
260819 704898 509
137252 403893 443
880405 975520 507
868764 934590 476
725422 774646 468
353402 907915 525
903243 979896 507
701813 721948 504
749849 848074 525
289758 360289 441
13054 791086 509
45186 690456 509
538991 686449 509
773026 914197 525
394644 454421 449
717061 728122 411
477230 582875 470
569468 995188 525
521891 766034 509
133682 854132 525
220253 839173 525
545039 640902 509
77609 157012 383
433397 837142 509
725718 913405 525
106020 893432 525
291005 316355 384
677657 974221 525
462447 735330 509
881174 890901 445
936487 970569 507
430324 471930 444
270355 505897 449
588883 605630 403
353210 408874 436
269709 717018 509
614150 922539 525
137874 312131 443
147839 906321 525
179088 786985 509
552740 779518 509
337640 975747 525
648236 962710 525
362259 396991 436
51011 617565 470
703850 927631 525
399133 786582 509
741512 751742 393
867821 901970 445
689819 981604 525
253860 465449 449
309916 887096 525
481867 789769 509
100930 226421 386
444498 523502 470
113941 327176 443
808734 904806 525
929382 968103 507
423395 850258 525
444565 942804 525
11136 875680 525
501035 670442 509
97059 519899 470
22635 475418 449
399195 677788 509
26540 54447 340
378769 486325 449
969339 997370 458
767299 872912 525
193825 593413 470
498788 900146 525
822890 844273 525
302466 342644 384
240105 572694 470
364487 885034 525
584715 905791 525
949226 979411 458
234825 841296 525
238149 448700 449
249987 406880 441
765080 923498 525
223803 418514 449
938685 955636 507
520624 987505 525
385652 748729 509
37276 263646 443
956161 986544 458
44952 684913 509
197132 891023 525
603940 888466 525
465405 845409 525
400640 543267 470
259269 687716 509
795197 940942 525
211463 702220 509
147865 275269 443
364076 417063 449
810466 837945 525
69772 435453 449
897643 901041 401
890485 951797 507
843213 884057 432
16296 596332 470
994482 994494 166
147245 334398 443
215503 917176 525
961989 969247 414
923765 975653 507
861552 902716 445
469916 815092 509
14285 984170 525
780762 978387 525
105135 632597 509
933787 997704 507
450083 480776 444
653515 890384 525
119003 962128 525
232066 868267 525
511640 958391 525
945565 986748 458
850894 898095 445
366118 732053 509
861184 918857 476
496473 917987 525
791093 845298 525
773616 781579 437
75561 445645 449
936403 981284 507
848813 870522 419
40518 649117 509
491053 892582 525
632372 781175 504
845398 886143 432
223863 392932 443
625952 749159 509
964463 969252 365
959164 966957 414
404648 913186 525
945062 994610 458
53070 137891 354
236590 417242 449
265338 980940 525
76568 606141 470
872036 999832 507
477669 712416 509
9150 495801 449
790067 909025 525
410314 597391 470
898253 952405 507
202868 373754 443
566747 663629 509
990431 993524 352
656600 690138 442
20925 576764 470
822156 982743 525
356713 379319 423
372248 720066 509
895703 909645 445
224791 408696 443
794752 886846 525
509184 718087 509
192140 575835 470
129629 348209 443
535337 584070 452
399618 764228 509
683873 915512 525
76608 733096 509
408349 753583 509
371559 709575 509
395831 996480 525
567294 916393 525
992006 996958 365
211170 736098 509
856743 943803 507
67646 444502 449
389713 786770 509
823634 892044 525
852469 876462 432
251821 889457 525
22241 761052 509
868712 933961 476
537822 925104 525
298969 926383 525
54935 361651 443
242848 834259 509
74559 895865 525
408736 611533 470
455600 572809 470
595361 747051 509
361936 660105 509
702588 968593 525
397743 601314 470
849254 970065 507
652216 789888 504
693567 693916 305
132311 791124 509
447319 937930 525
448061 927199 525
883330 948945 507
745191 992105 525
258848 458967 449
163893 447174 449
290752 744433 509
917222 959657 507
377751 382323 379
985709 990527 396
12870 36151 324
783458 948572 525
4401 757805 509
850816 850973 251
882979 888632 445
922175 963482 507
532394 575068 452
882747 913180 476
672225 886956 525
661415 905797 525
67703 820369 509
852108 890979 445
253386 331136 407
564521 955175 525
712431 897207 525
904758 989181 507
785473 927894 525
94796 531067 470
454952 750102 509
697377 881268 525
296510 305690 371
506426 980835 525
16186 57906 340
269474 580244 470
971356 991052 427
861856 880063 432
545221 942128 525
252900 273771 407
545611 712689 509
274592 721588 509
394855 909071 525
784036 817611 468
510943 655370 509
671596 699961 442
213952 658356 509
990066 993581 352
391390 606819 470
231448 938268 525
419353 683807 509
171847 604207 470
887287 959681 507
509909 919662 525
977022 988582 427
458280 715892 509
13069 152581 375
642028 929022 525
23322 252539 443
936731 972222 507
894942 993158 507
730259 818340 468
584884 613419 403
258535 918178 525
84669 185925 383
935177 964716 507
659997 909220 525
810319 968451 525
876148 962929 507
308175 662427 509
484196 574546 470
514940 969567 525
389641 951114 525
933100 947363 507
525772 836473 509
157331 916525 525
565909 777237 509
754831 853096 525
805147 805207 251
798063 860449 525
464931 914654 525
632280 835576 504
687297 910753 525
329302 607587 470
703637 916504 525
709874 868715 525
91612 313612 443
581178 954472 525
178952 848690 525
510088 905794 525
78880 140606 354
484900 495040 426
93869 449737 449
707346 720028 411
689421 891941 525
99483 809976 509
650040 806394 504
455696 816128 509
265256 678722 509
578988 825586 509
729679 943957 525
707295 741297 424
639172 652079 416
35697 334539 443
67550 335513 443
982882 996739 427
449282 531742 470
412201 509781 444
634329 932855 525
172448 530715 470
416402 718166 509
272857 548399 470
820742 934162 525
196913 376342 443
621048 673159 509
214470 271996 443
575965 697267 509
511216 931154 525
594244 812506 509
224347 377977 443
871190 986410 507
486995 975042 525
670282 870746 525
138650 281513 443
854918 914145 476
122389 639379 509
772824 907509 525
866938 876224 432
857685 885596 432
872489 910624 476
243484 324349 407
110704 814662 509
89750 245072 443
207944 230390 386
420097 583153 470
616138 722142 509
470191 804936 509
89389 740753 509
112282 924215 525
840130 901306 445
572329 669180 509
758368 989087 525
83459 159459 383
568758 854316 525
267936 892366 525
403510 738694 509
489253 931407 525
180007 281018 443
747337 889318 525
364140 402130 436
817108 988601 525
253440 927989 525
905730 970972 507
863342 951031 507
402895 879256 525
783797 940027 525
157807 883710 525
29059 993055 525
112610 332833 443
469430 772666 509
572865 745698 509
551407 778036 509
481327 524021 470
562213 855278 525
754397 792380 468
637671 785190 504
892141 950440 507
955196 975930 458
865782 968202 507
633753 795820 504
283401 833552 509
658589 687288 442
539308 731643 509
83429 297266 443
623172 716885 509
96460 928326 525
99161 624592 470
250797 807836 509
215721 395080 443
188946 394920 443
699611 723529 504
793638 985952 525
342738 782202 509
385365 818933 509
303586 322471 384
763625 911371 525
343289 802100 509
179710 246242 443
600044 609253 403
372341 536367 470
392984 940316 525
983867 990483 427
202810 863235 525
85057 621117 470
875173 977748 507
177946 847595 525
334113 790198 509
698011 983289 525
484243 486142 338
360150 928306 525
73597 110811 354
267243 751856 509
91711 965224 525
337803 343464 366
631070 672651 442
911721 967220 507
459767 780675 509
579825 950271 525
353595 520929 470
102092 384965 443
35851 311557 443
601510 943346 525
932684 958908 507
744861 896742 525
348569 785399 509
992061 998054 440
100537 309698 443
365106 741973 509
878613 981711 507
521516 749389 509
208682 363601 443
995647 997057 365
709721 945972 525
206311 676610 509
680958 875619 525
400686 777645 509
481542 710680 509
141812 280114 443
266530 984065 525
374831 712887 509
54880 732743 509
700608 944707 525
565924 706243 509
851345 859309 419
380056 622668 470
256358 342393 407
40633 369959 443
585201 739832 509
779933 888140 525
327882 752837 509
408796 608143 470
429200 613725 470
425071 637593 509
120317 910324 525
157809 219478 386
799928 843715 525
879742 909122 445
832539 922570 525
656119 918325 525
988120 988430 290
677525 953940 525
788534 966168 525
808162 828831 450
746671 777191 468
361265 589902 470
787231 891183 525
723212 809979 468
682699 883926 525
794600 804327 468
328868 934917 525
674157 836531 504
933201 996334 507
400334 579113 470
861791 957573 507
327842 406225 441
155681 564515 470
500862 657014 509
313482 893141 525
491069 576704 470
194513 5475 383
