971604 225622 525
216358 126500 383
483264 877763 525
284747 653923 509
383626 864548 525
219746 188574 386
667638 817641 504
355677 244219 441
777267 698446 504
880141 253434 525
274217 264046 407
845318 979926 507
562201 852493 525
144964 307533 443
77237 692420 509
347561 553479 470
784215 608711 509
615807 418640 470
832941 337390 509
128811 18020 354
907513 680154 525
142566 233248 443
921145 988910 507
436295 784656 509
959104 249394 525
452304 684260 509
57425 392168 443
755530 837386 468
104676 846885 525
324886 192602 443
154151 867226 525
247163 527093 470
374826 943944 525
561465 113884 470
763241 293353 509
937884 7050 525
449558 995949 525
404790 201541 443
820707 141011 509
38395 24943 324
622580 237850 470
499232 256457 449
132122 355559 443
82081 424579 449
312682 20827 443
908958 564455 525
809645 547905 509
331724 509135 449
713462 705506 411
69934 678362 509
913427 126393 525
479471 986175 525
17459 882571 525
646563 970631 525
299355 904054 525
228238 761004 509
477514 52485 449
384528 632632 509
999951 894657 507
827883 339492 509
791127 337833 509
794290 898672 525
643068 679437 442
774852 848880 525
66821 744249 509
428687 791131 509
555762 53750 470
439262 562650 470
448714 150989 449
652176 602404 509
750639 444818 509
775570 551262 509
250314 446266 449
837416 147157 509
961007 916377 507
336071 149123 443
668913 145829 509
876449 980322 507
753562 795799 468
405853 402917 405
669260 434021 509
571008 188540 470
47398 140255 354
524506 794505 509
54420 41574 340
839754 319871 525
619006 648923 509
151830 198172 383
906871 9320 525
945176 711665 525
545188 233649 470
163299 719520 509
881605 329691 525
368354 991385 525
800718 532464 509
76679 79222 351
625085 108786 470
718753 965162 525
56859 370831 443
815417 486195 509
323044 898513 525
458862 432155 400
581752 948801 525
131969 784295 509
202285 241439 443
716315 280031 509
176125 168586 347
494103 474723 426
830042 468646 509
571575 570855 359
381837 534712 470
361250 635955 509
125744 918706 525
35712 207846 383
694182 265934 509
712337 923190 525
257402 976424 525
585617 741853 509
652272 216852 509
394519 238932 441
120409 248012 443
37124 28816 324
777158 883059 525
238785 586000 470
601123 24237 470
395715 54567 443
873139 880646 432
683645 471614 509
349011 680444 509
104747 181193 383
284361 964993 525
817233 825977 450
562885 456317 470
934731 478425 525
401054 752088 509
694480 164481 509
543893 707700 509
202062 757303 509
6351 249351 443
723258 316246 509
179972 250416 443
671033 160192 509
33233 502070 449
337681 724943 509
798078 416883 509
787374 16541 509
64422 79427 351
288875 289775 345
669494 394825 509
531601 683145 509
393821 177796 443
454118 34611 449
799734 670696 504
66434 993751 525
720246 57190 509
744313 796739 468
264016 542908 470
610184 886548 525
203737 161084 365
120608 501613 449
385353 254315 441
254715 693622 509
159653 881059 525
91330 200983 383
241895 501653 449
559804 575990 421
260238 525313 470
467489 135735 449
180962 638308 509
475330 99533 449
184988 587030 470
746524 455818 509
87637 311214 443
475320 812858 509
664610 935040 525
988449 161049 525
905217 887689 401
245412 23596 443
568325 44877 470
671372 278660 509
148505 496666 449
517293 542493 439
977168 743324 525
884802 365801 525
507089 524183 470
40015 252226 443
708944 669716 504
843099 537349 525
347729 348028 304
946562 55997 525
70216 376493 443
627861 270112 509
585260 988918 525
780222 813853 468
71337 701087 509
25672 25179 246
190366 951287 525
834082 460695 509
649313 343147 509
882724 131788 525
724608 82435 509
73376 322093 443
368997 676818 509
791910 437112 509
954928 797929 525
95161 785136 509
966394 313593 525
930974 331241 525
465021 863463 525
535571 840112 525
543292 165096 470
714540 318571 509
747500 648915 504
688359 359443 509
736905 54797 509
396272 134418 443
401367 380644 436
983926 210517 525
549596 992190 525
183938 237899 443
883715 277984 525
661762 520887 509
930645 676282 525
886878 938928 476
953215 448427 525
573617 180746 470
965991 504848 525
445643 269726 449
760230 114525 509
146988 905567 525
964153 628537 525
979843 607479 525
799783 271589 509
380605 520888 470
103531 667202 509
414896 935890 525
822902 570578 509
745219 699769 504
46388 719529 509
273098 202805 443
906217 880421 445
813052 981664 525
624782 76654 470
657233 348998 509
995346 710845 525
75475 828421 509
486114 653640 509
609433 994686 525
624290 260502 470
559692 199299 470
914494 108614 525
382719 161844 443
261547 866291 525
156500 377514 443
541454 478266 470
98262 925870 525
517737 414666 470
24497 394111 443
153838 525923 470
595291 661719 509
124961 778316 509
147968 696625 509
540187 639960 509
370895 38082 443
867633 848474 419
124530 965798 525
49869 883892 525
23316 884099 525
768544 420268 509
455024 15241 449
253716 48929 443
46712 131381 354
19132 508689 449
487327 506146 426
23984 623259 470
250224 107252 443
854603 268284 525
350472 462619 449
585155 316041 470
552441 793248 509
748806 458314 509
454483 590759 470
42064 608770 470
503574 619335 470
358318 34007 443
803984 82511 509
65520 149123 375
858768 367498 525
557218 627569 509
412938 418326 387
61888 249187 443
263380 723355 509
165849 425857 449
910713 257393 525
574562 241745 470
506583 393195 449
329972 337635 366
806756 734595 468
2608 924852 525
668333 824020 504
651488 815970 504
909755 662063 525
823307 671213 504
228062 152028 386
107114 953909 525
170713 758717 509
776614 511407 509
280488 868614 525
72389 79744 351
518390 110760 470
78847 995003 525
914048 305757 525
85079 268671 443
945624 318741 525
968251 586849 525
434869 315541 449
830223 148275 509
883895 848658 432
653346 112391 509
765981 908886 525
576397 542366 452
303184 738144 509
114176 927373 525
66219 948623 525
332814 657223 509
810336 53464 509
387838 377311 379
747205 855018 525
339346 290414 384
141640 617234 470
472005 87265 449
228292 453855 449
522804 463967 470
115206 993987 525
789547 857693 525
697173 721967 504
222444 389934 443
200731 134960 383
889243 132190 525
353998 499516 449
612770 399806 470
39149 778195 509
85551 833240 509
275669 259254 407
841650 263764 525
672231 567072 509
660918 412002 509
114080 223115 386
456915 419920 418
15086 363208 443
462618 627076 509
561046 391699 470
687199 116019 509
899924 188356 525
144985 914891 525
922398 699179 525
38479 738773 509
517069 695642 509
653215 404602 509
284486 954840 525
546555 166206 470
882101 612944 525
4548 35997 324
7910 210955 383
448236 870284 525
266888 868213 525
975233 553342 525
871148 392631 525
25416 604369 470
552467 484184 470
386937 323674 441
9053 26401 282
879898 296577 525
541644 912411 525
935274 432548 525
275368 497633 449
975616 161574 525
132282 579613 470
397772 149655 443
314278 937045 525
682225 811560 504
536144 676424 509
553401 129054 470
3500 156713 383
458415 613326 470
991562 336054 525
493764 92535 449
757302 455225 509
67669 40629 340
381606 843466 525
289274 742452 509
792856 167388 509
519016 90461 470
805922 389925 509
926069 628641 525
981950 552684 525
577419 539035 452
949553 439916 525
820246 392296 509
216392 384268 443
10080 136575 354
842763 603066 525
732049 580882 509
288618 817193 509
990485 848961 507
412192 896373 525
340179 452374 449
38588 454265 449
269466 381173 441
267422 444950 449
95511 284905 443
376135 309970 441
739890 556665 509
675295 608933 509
424159 617888 470
774337 743338 468
213149 785278 509
299903 947953 525
418595 306629 449
692900 428817 509
735853 971219 525
114777 746676 509
747298 716009 424
187360 629399 509
564666 945779 525
499976 499527 395
474774 17340 449
120058 345866 443
378709 934847 525
848921 33098 525
971257 275795 525
145043 753170 509
865132 810916 525
601369 990293 525
147430 245843 443
266789 294871 407
287037 819019 509
670040 222335 509
55853 907698 525
618822 915933 525
54538 919162 525
474286 989861 525
266292 522421 470
824670 993757 525
581346 657868 509
844163 932912 476
563365 922702 525
705611 309071 509
244358 272069 407
392790 658404 509
241348 850954 525
899902 512036 525
320190 964628 525
576860 668060 509
875758 442537 525
1194 364809 443
805191 169676 509
723959 660391 504
368325 381853 423
260449 623306 470
386023 765207 509
850543 966123 507
675911 559898 509
884874 437500 525
112167 86474 354
916498 699559 525
639049 996699 525
102337 439433 449
739446 194790 509
656775 161457 509
717603 820614 468
610328 347183 470
69971 203778 383
731126 469980 509
961865 23332 525
148962 847162 525
421137 154839 449
554351 291216 470
268349 387109 441
202249 889563 525
24437 513999 470
442522 684789 509
683181 279910 509
495277 317663 449
295194 111121 443
58759 802141 509
518674 483097 470
37488 892963 525
739055 350746 509
825846 768540 468
887993 796564 525
128483 633972 509
229711 384855 443
936894 732206 525
127208 627438 509
577405 687899 509
7290 853165 525
635503 25531 509
965640 922793 507
38667 315761 443
948362 169831 525
959528 899554 507
236014 417788 449
800628 258448 509
205197 856744 525
660391 696021 442
586138 234229 470
789041 810200 468
102350 695214 509
123518 566820 470
84667 222439 386
484139 205831 449
477387 439999 444
802201 824584 450
928929 975122 507
294324 316689 384
789576 470455 509
635066 529187 509
437808 394639 449
415853 493632 444
856145 154151 525
948955 907437 507
175273 619848 470
750920 76628 509
787387 912759 525
212061 583835 470
347719 336149 441
814807 615907 509
554760 840130 525
439429 673648 509
262657 299855 407
753657 297430 509
176411 972256 525
528098 532125 377
798680 739826 468
707445 776241 468
814155 391667 509
513086 306811 470
331721 534540 470
606778 800980 509
703224 835981 504
58041 489939 449
264347 629777 509
335548 664305 509
130118 933961 525
798759 950051 525
486101 169181 449
581729 106289 470
972839 281517 525
472219 682358 509
758475 170786 509
898894 587853 525
852039 269711 525
554738 865003 525
85831 162178 383
20387 782988 509
556563 583922 434
724556 209944 509
530094 159994 470
592373 82773 470
814968 896075 525
485923 348489 449
939176 577991 525
896734 675548 525
268347 4323 443
964317 317799 525
961134 422856 525
340378 796729 509
692387 685973 442
374428 482243 449
264192 37766 443
675514 874682 525
702637 188755 509
518359 892240 525
110722 664826 509
861461 342784 525
512823 130609 470
390840 565990 470
789170 979828 525
425863 779813 509
829560 436914 509
40349 260583 443
611863 712597 509
125305 53339 354
728771 330431 509
846547 835798 525
989681 191276 525
358068 675904 509
343981 512053 470
711315 829619 468
223673 212048 386
968579 453751 525
319221 732448 509
13399 586867 470
495815 446014 444
267441 339870 407
363164 471037 449
134677 309107 443
79361 717879 509
433144 885645 525
730870 567722 509
578080 871051 525
811253 860416 525
372208 564206 470
400186 818442 509
920901 250109 525
917181 242998 525
540265 639217 509
404913 327027 441
367761 266149 441
617588 335732 470
616149 824927 509
857822 397978 525
84426 402323 443
987552 741219 525
658699 532649 509
316704 258011 407
53117 475489 449
766316 702581 504
581547 494406 470
773769 767608 468
518150 522749 439
32607 625722 470
947521 973512 458
842964 698955 525
915341 317053 525
552891 255093 470
380228 877682 525
741130 77707 509
349913 519333 470
711033 679511 504
332545 235199 407
942426 481567 525
799388 285398 509
626049 369976 470
914133 722559 525
110267 337200 443
486880 750617 509
910948 31725 525
860902 873572 432
415255 599399 470
739758 947530 525
126996 372938 443
191037 40503 383
866403 212318 525
383217 682244 509
638864 268996 509
651687 792739 504
806709 689001 504
694571 911070 525
337108 142700 443
674301 459019 509
484095 28412 449
538425 571502 452
19717 238809 443
535197 278637 470
239886 225815 443
521898 404098 470
572376 589027 434
627650 76995 509
655589 533152 509
590427 803897 509
822388 547048 509
923608 483071 525
823726 406825 509
866661 408419 525
92972 630483 509
821066 965115 525
540103 440422 470
508193 13804 449
550943 64997 470
451486 502965 444
925246 99027 525
145316 222260 386
697573 593772 509
205563 822254 509
60807 846940 525
44221 142112 354
261889 362589 441
554571 551429 421
683940 499627 509
271310 895103 525
38045 686296 509
434603 493630 444
559021 434355 470
670167 792455 504
253076 400301 441
580724 848908 525
727320 773615 468
401597 625424 470
817473 12022 509
927634 444574 525
411768 885350 525
118525 577995 470
467565 669652 509
232331 91510 443
435143 470886 444
181557 360383 443
339184 106362 443
92452 629313 509
487441 40935 449
731653 398831 509
5530 895368 525
505366 597171 470
406994 241805 441
842743 747023 525
872616 626458 525
780511 150041 509
710575 701499 504
730189 478063 509
479408 337602 449
35366 221961 386
420606 956926 525
752786 490278 509
806845 232664 509
871825 209024 525
934191 464810 525
357407 449598 449
728289 502700 509
697751 504237 509
509096 820118 509
100237 704310 509
588343 113154 470
706236 163533 509
442380 168998 449
204667 465768 449
975560 492880 525
238986 650841 509
961449 21905 525
507274 401571 449
984649 444308 525
4726 917028 525
961184 92692 525
220329 314108 443
190640 320043 443
116980 859492 525
835130 210697 509
755162 574827 509
980961 704326 525
431598 938237 525
695998 685749 442
615082 982120 525
159653 766509 509
231877 723780 509
541403 944776 525
866647 638713 525
779783 758001 468
532048 344977 470
859967 397847 525
778778 430093 509
775443 354515 509
934082 197149 525
188427 76608 383
595372 210793 470
76976 923120 525
43885 485934 449
576025 189320 470
366015 692978 509
251407 649250 509
359225 889490 525
370083 929260 525
341712 872550 525
297495 55927 443
494790 58748 449
105672 840868 525
288856 161124 443
432661 538357 470
513406 517293 395
956061 939083 507
853372 940476 507
466489 570479 470
564644 973382 525
569024 30740 470
911157 799823 525
880942 255685 525
595220 356781 470
977612 941518 458
654519 77025 509
660031 853582 525
38740 76898 340
675490 160136 509
218858 639361 509
13668 845550 525
13445 104899 351
107435 922571 525
495235 663732 509
704269 783174 504
762600 766045 375
933891 229707 525
614988 779693 509
247473 974920 525
733985 503482 509
803475 969486 525
352243 838533 525
559985 271130 470
561495 373994 470
812895 718527 468
635658 707448 504
683644 467914 509
589591 755725 509
585504 417475 470
110631 806659 509
865352 309449 525
147896 675374 509
384770 859952 525
643778 660771 429
551341 285569 470
591536 713289 509
643745 540380 509
577346 835242 509
907116 712062 525
399116 625273 470
926862 850438 476
791708 108618 509
489375 926589 525
930515 134746 525
87117 77294 338
85537 717242 509
847259 184180 525
391434 961359 525
758003 601587 509
68528 277133 443
861752 836199 525
783449 352793 509
894069 583828 525
662956 153746 509
204844 922682 525
791357 808607 468
160960 76340 383
749622 461221 509
713253 7993 509
214287 561197 470
489363 666230 509
222774 822957 509
887439 901383 401
864958 997776 507
731870 5389 509
940868 306630 525
375225 247413 441
379834 416497 449
256508 690056 509
32724 836711 509
47914 99144 351
183175 709013 509
675733 393205 509
528961 521601 408
831596 179048 509
413694 894396 525
325748 812358 509
524384 854978 525
147125 926737 525
166977 112594 383
532286 109058 470
972151 603437 525
656687 212103 509
864595 800102 525
881656 37521 525
839465 534362 525
591625 60784 470
154082 204392 383
914874 918703 383
86133 74301 351
264055 923078 525
566764 489798 470
295391 104816 443
367306 6390 443
401310 226513 443
285076 638381 509
667026 296986 509
685937 954777 525
934686 524629 525
712793 84819 509
10916 903579 525
522989 507826 470
821314 424439 509
162983 749734 509
695419 377514 509
459713 895785 525
596621 831142 509
506697 853303 525
449886 770705 509
675479 424479 509
131498 796207 509
867028 958590 507
780055 747317 468
861392 69416 525
991834 368812 525
927415 900879 476
319086 208950 443
92081 743169 509
91126 859017 525
753762 522984 509
288944 170989 443
122762 303601 443
870472 759017 525
206073 181195 360
55669 249014 443
944928 980251 458
237306 850543 525
476986 707161 509
620997 604302 447
155934 356869 443
558306 400332 470
575223 828610 509
713060 399575 509
51968 127872 354
37278 786953 509
535984 743908 509
352616 605080 470
720635 324167 509
418283 193859 449
588901 683519 509
201238 437472 449
282171 63597 443
535090 664549 509
668004 435588 509
844715 557027 525
665093 871113 525
901598 149726 525
664424 223540 509
323250 476268 449
849224 148018 525
576727 265988 470
932909 954317 507
623900 618761 372
885756 230004 525
821660 288166 509
569684 196150 470
699702 441516 509
174372 516349 470
965210 174205 525
115570 737667 509
530590 828754 509
777061 536409 509
868261 63847 525
548444 510910 470
51919 282212 443
461552 893484 525
650834 829680 504
676046 455670 509
949304 329566 525
287816 196820 443
735070 524653 509
953942 548535 525
941798 271180 525
910586 144447 525
219161 678439 509
504152 208686 449
448401 538627 470
771773 585666 509
997462 233672 525
19479 362151 443
101526 626995 509
225658 59569 386
902883 365975 525
21241 103823 351
393447 760373 509
844440 492672 525
212105 2776 383
413590 221065 449
766328 153218 509
898178 938594 476
768117 813905 468
93699 876951 525
436299 877797 525
191401 151089 383
159753 553546 470
33860 216195 383
525019 795229 509
252146 68195 443
125753 870142 525
545358 138115 470
313903 333523 384
297447 631498 509
975754 83284 525
124469 949518 525
112487 590231 470
28065 103608 351
368179 182764 443
316584 242590 407
280854 197635 443
381712 464594 449
804950 134626 509
630739 568966 509
83819 890773 525
134025 111103 349
194412 943338 525
71351 192792 383
143807 22033 375
530807 465333 470
837429 623877 509
107819 419152 449
823359 923825 525
334087 231908 407
437622 259167 449
854974 503442 525
40645 856877 525
501905 110650 449
57479 598357 470
563945 168152 470
999999 999999 259
