872791 405611 525
428493 726399 509
692263 486625 509
720369 887343 525
469419 442289 444
983683 333794 525
753331 786708 468
486660 303866 449
301826 298214 371
944946 809201 525
947470 784046 525
213353 86168 383
85747 799855 509
670310 870853 525
191380 101453 383
774182 606159 509
999307 271693 525
39755 363730 443
653314 526955 509
302509 513625 470
593174 797052 509
26162 734780 509
275832 864320 525
216949 273230 443
941623 642859 525
267007 942929 525
111677 863997 525
212793 266093 443
626248 978164 525
107907 11470 354
502629 351090 449
953980 392617 525
770737 536865 509
346503 871450 525
339060 621561 470
125489 342199 443
732271 340629 509
966463 23857 525
20764 254580 443
902427 165789 525
322235 693562 509
620025 187777 470
30364 44833 324
602657 37350 470
757241 670450 504
48053 420458 449
598194 53482 470
973819 785145 525
873442 183381 525
381296 144538 443
319844 231092 407
352893 655418 509
850222 102356 525
47974 912949 525
65676 534658 470
490675 545108 470
101323 56041 351
729073 368916 509
62387 510939 449
853334 428925 525
118197 985723 525
79931 862754 525
74898 843693 525
113833 855367 525
439214 576381 470
85772 906935 525
29469 180060 383
874964 338396 525
190675 817435 509
109402 175045 383
774351 394006 509
970286 922223 507
356442 259787 441
150407 419489 449
396579 626997 509
909338 710403 525
255779 680769 509
107457 132136 349
994799 809752 525
497856 354539 449
860597 224290 525
248349 884332 525
787367 784159 375
288439 434003 449
354163 166450 443
746226 116981 509
293966 372554 441
773373 270547 509
230107 581518 470
244868 927577 525
148690 41019 375
698285 824511 504
503009 900194 525
613190 306050 470
367649 61510 443
144166 941754 525
659441 362771 509
762481 203891 509
204244 302514 443
28096 845065 525
320604 115809 443
652012 608908 509
316137 331666 384
256208 611869 470
865201 109606 525
716101 351796 509
516236 945376 525
150941 766596 509
275302 525662 470
447128 766440 509
78248 216447 386
191354 567035 470
366923 144402 443
586053 504678 470
231510 713899 509
343580 919380 525
964611 298993 525
460704 334769 449
840995 363859 525
406855 569039 470
431299 358180 449
276230 552985 470
844310 402491 525
986045 190064 525
361760 433480 449
310216 457659 449
195300 117014 383
310508 932310 525
14169 199121 383
684108 360824 509
628086 63965 509
563765 406675 470
146779 968258 525
692175 956058 525
754944 632384 504
404615 653796 509
746520 741714 349
733940 849149 525
190377 818980 509
774671 247402 509
856933 692697 525
692156 155043 509
908936 10257 525
608147 946481 525
534239 655732 509
201825 461713 449
275405 627505 509
787852 320653 509
1711 815158 509
487770 966001 525
794035 716329 468
539506 680762 509
991092 857509 507
469641 841822 525
868042 984978 507
148449 80694 375
288964 830838 509
847207 514803 525
941730 579380 525
86810 723367 509
816205 527897 509
716666 268076 509
3505 951740 525
809617 303406 509
147008 380821 443
190918 4846 383
29724 950301 525
873210 711319 525
506742 668315 509
103430 941062 525
216301 25668 383
108783 503981 449
655513 924502 525
872547 645400 525
378647 70582 443
292699 813146 509
452650 5578 449
826978 356222 509
315022 501236 449
915244 789187 525
734948 913277 525
638127 812983 504
917653 876409 476
249332 491297 449
282917 50397 443
849092 249822 525
824582 192986 509
925618 549007 525
320031 554531 470
259618 971955 525
618460 743839 509
245309 961809 525
22743 205102 383
936707 133344 525
420970 98498 449
271886 586770 470
39295 738351 509
200923 390472 443
181587 83089 383
243307 455730 449
644987 838068 525
51104 758330 509
492264 873165 525
29944 585250 470
147299 586466 470
747781 168246 509
799715 763209 468
925970 462910 525
150643 112095 375
575671 477709 470
683886 217862 509
402668 451441 449
892934 74856 525
175008 955378 525
414687 104591 449
866004 384633 525
512103 118129 470
410764 482237 444
170470 328031 443
802609 654017 504
826159 993196 525
15506 723298 509
355901 745213 509
661631 409547 509
399869 887389 525
482064 32355 449
389966 699628 509
829992 72548 509
915339 788298 525
132362 113644 349
983668 342576 525
609969 854221 525
397643 29201 443
198949 589211 470
605627 641602 509
1311 657796 509
359563 209617 443
288891 427007 449
567168 155332 470
555852 149978 470
764923 287661 509
585982 121041 470
555182 919876 525
396251 428791 449
339201 389259 441
60677 147453 375
295161 149885 443
778346 43585 509
31606 755042 509
73547 701933 509
966927 120850 525
504519 265749 449
84885 581576 470
758969 69719 509
868234 502273 525
164061 253404 443
705134 881159 525
922109 38125 525
892286 22561 525
54957 618897 470
391087 478585 449
511178 165176 449
639290 487703 509
467295 972999 525
122422 537738 470
572924 320763 470
693192 283851 509
462479 363653 449
669855 884623 525
26710 543038 470
343857 816093 509
608163 381264 470
401288 734111 509
338332 986354 525
496021 62559 449
991682 753882 525
306885 526808 470
662679 814485 504
879222 620993 525
495522 484217 426
870899 425602 525
179480 325214 443
538437 53628 470
114558 483592 449
621131 434323 470
754069 565528 509
344733 223597 443
676721 939303 525
689867 697723 442
814604 988432 525
987390 473101 525
830509 546571 509
968994 236813 525
924608 127849 525
609436 979789 525
605281 82416 470
480661 944560 525
935529 591642 525
559402 64832 470
532575 114325 470
974937 84506 525
618168 493105 470
195340 173196 365
190908 676518 509
910086 748132 525
815332 767251 468
701376 228413 509
106510 129809 349
56527 81891 351
230120 978163 525
185439 639872 509
166046 130534 383
407351 876163 525
412757 167339 449
821536 75952 509
627729 411120 509
225465 331933 443
793467 882205 525
510400 578257 470
284583 759010 509
212139 787532 509
96583 199710 383
644101 891264 525
868348 845033 419
147099 603486 470
883693 287006 525
530361 23880 470
434098 231400 449
511149 334593 449
113860 345664 443
12307 732092 509
235136 692655 509
442253 885336 525
201972 632095 509
25334 239656 443
872301 620624 525
863644 636487 525
370716 858594 525
339007 163955 443
827475 883325 525
717429 372255 509
324570 628604 509
612498 663140 509
432828 214467 449
383212 169187 443
664257 641239 429
90712 694716 509
467155 399567 449
438216 352438 449
135173 108108 349
920334 410213 525
342276 405058 441
956461 97379 525
430355 977727 525
688381 494402 509
859143 132678 525
910744 806825 525
799572 195744 509
829193 964016 525
580075 808242 509
341878 58703 443
643582 148168 509
189784 580376 470
126149 803589 509
259744 162082 443
196171 404653 443
348004 329984 441
984065 874529 507
941830 473323 525
269369 323444 407
769471 15107 509
114591 14657 354
223282 309556 443
408591 941831 525
452408 815407 509
642507 826471 504
410617 696995 509
387626 237585 441
493928 537389 470
517506 288936 470
497084 724061 509
76987 530462 470
739679 139737 509
100914 867916 525
291881 432311 449
687689 452860 509
319557 684838 509
230795 382994 441
308787 394266 441
626084 613777 447
847698 133907 525
221466 614753 470
83432 47564 351
518380 530776 439
491656 749348 509
781448 322942 509
93652 149831 375
700932 761092 504
398231 941983 525
266333 33106 443
544739 703560 509
754612 116688 509
354155 780679 509
986964 702505 525
142832 597784 470
256705 671799 509
598045 448640 470
375013 135779 443
688545 386245 509
252498 122437 443
544916 387720 470
115734 904837 525
892396 265582 525
575512 871369 525
149555 368394 443
728395 5420 509
983202 148611 525
511738 546752 470
730828 139891 509
121827 912567 525
713936 544768 509
550298 557375 421
347048 774115 509
220736 833074 509
876841 51817 525
22188 185791 383
407840 423490 449
165650 517137 470
190685 702297 509
373501 72988 443
68248 685387 509
262603 585406 470
921707 403843 525
358296 628016 509
321181 960823 525
258593 722496 509
237419 452929 449
77050 93618 338
313077 443627 449
286767 732243 509
741579 270667 509
565046 760409 509
569964 156452 470
219445 17981 386
645561 372659 509
760430 317332 509
168148 182378 365
60454 523180 470
338779 978350 525
371288 485517 449
207341 562128 470
357893 158037 443
928453 337991 525
402162 774375 509
411267 292083 449
174423 69255 383
897591 540333 525
460803 262993 449
559563 319227 470
597977 266896 470
562202 757402 509
81020 62585 351
610455 161282 470
506528 229663 449
493660 287992 449
305410 661757 509
337550 225934 443
115436 74191 354
561801 600527 434
195800 887764 525
838665 438625 525
645261 271009 509
544195 940667 525
719450 551237 509
936445 736199 525
739181 798658 468
71502 602711 470
215447 568722 470
813269 989011 525
979785 15212 525
662942 653113 429
990698 732790 525
71704 769794 509
25423 620963 470
835117 603960 509
777822 808898 468
699353 540800 509
792004 314109 509
606201 645426 509
34822 40897 324
388707 717420 509
2004 442194 449
79969 364208 443
920890 792821 525
796982 172660 509
260709 486133 449
676546 612162 509
440568 373486 449
197343 454369 449
226898 452749 449
518703 270040 470
600626 883217 525
623644 400753 470
265318 505205 449
674949 35274 509
519215 175730 470
98656 120174 354
486774 617155 470
628371 576395 509
600785 420167 470
765075 248030 509
64999 883333 525
353360 203812 443
437277 553743 470
233015 412978 449
867449 330783 525
426374 920383 525
492145 916198 525
295044 796662 509
152245 226218 386
282450 764319 509
817197 444659 509
330491 346222 441
486915 81542 449
691020 789990 504
958382 627494 525
147709 27825 375
490893 239219 449
862984 25197 525
933741 910256 476
863163 96665 525
178955 736295 509
448009 757820 509
479541 53997 449
682250 429479 509
850112 350601 525
630243 629048 279
114510 925733 525
785893 536440 509
980789 201177 525
637021 601382 509
337541 526110 470
690559 812572 504
603998 995863 525
736091 699442 504
712785 627077 504
840281 940532 507
510536 765069 509
185481 857952 525
382145 459893 449
246572 143003 443
134495 613100 470
581442 140125 470
472071 952872 525
969888 261010 525
858039 134792 525
403333 473867 449
868533 11790 525
300152 922755 525
717560 865951 525
934383 45392 525
988840 522067 525
751165 195076 509
889566 705950 525
199156 278000 443
143201 947651 525
152023 21060 375
114434 566018 470
595466 643188 509
145444 440359 449
870089 707350 525
409715 986407 525
83038 513306 470
163001 412411 449
544461 495068 470
225271 606171 470
882261 943551 507
665128 539522 509
34012 738611 509
428838 496180 444
234573 691708 509
447721 576757 470
583245 853582 525
100312 391262 443
863500 769073 525
306209 458922 449
634513 717781 504
278327 944515 525
858866 968668 507
356308 332363 441
91572 614830 470
813521 436666 509
785096 545414 509
328189 682448 509
27241 640287 509
720339 663189 504
97621 255386 443
726454 722167 411
647324 340004 509
372205 57193 443
949596 154619 525
598312 556589 434
708144 362546 509
354319 644786 509
79995 334295 443
845652 31396 525
875484 708685 525
738744 243595 509
544188 393786 470
645576 963385 525
103786 364662 443
486578 66314 449
593795 107871 470
755687 663232 504
792516 153832 509
504914 654453 509
559567 166499 470
984603 378999 525
650945 759857 504
266375 443750 449
67822 91598 351
805831 659577 504
551432 890234 525
383144 774059 509
217152 219463 337
93794 722655 509
795172 72513 509
550164 218443 470
784956 302223 509
513510 807762 509
861673 548207 525
375774 194872 443
602839 451052 470
63101 837148 509
920034 578415 525
57288 595187 470
495283 294259 449
212218 455698 449
687301 72414 509
768474 443155 509
785793 795951 437
58975 70649 335
912077 837575 525
832107 421123 509
526649 698461 509
851189 39249 525
283235 207507 443
523977 614473 452
50015 227697 386
764509 582475 509
855022 717975 525
245717 883228 525
425722 595638 470
376786 964823 525
264152 697155 509
43519 625419 470
164099 613522 470
592272 851338 525
116864 348457 443
400818 977982 525
828156 599511 509
982623 75161 525
451274 884194 525
738145 893376 525
100302 387963 443
786232 951291 525
123378 652451 509
651752 39470 509
313451 581990 470
406493 767233 509
448790 991979 525
461092 47268 449
79244 521090 470
586095 759606 509
880097 249980 525
260317 695339 509
368979 311464 441
523039 726254 509
509414 948003 525
145340 335332 443
816848 925978 525
554975 265141 470
629609 697129 442
904758 378252 525
560106 403954 470
791898 882276 525
3480 456532 449
3487 458236 449
869261 513899 525
989522 454224 525
495395 257610 449
508492 456874 444
409386 794096 509
496277 552688 470
872336 147257 525
970968 883510 507
721040 69873 509
467574 404061 449
264591 744549 509
943443 349936 525
973854 453483 525
483845 669248 509
424220 381149 449
658214 142496 509
974725 966484 458
741368 781163 468
147051 231404 443
579298 327622 470
586374 741962 509
233422 858117 525
638057 523071 509
463134 816843 509
560702 325070 470
396884 946216 525
772904 367142 509
703118 742296 504
315808 971024 525
740485 764995 424
118138 288268 443
198465 458574 449
97173 337995 443
523169 672089 509
551307 167281 470
389034 46630 443
394126 241972 441
878315 250654 525
914452 228802 525
139919 919686 525
415230 894070 525
392783 204851 443
888514 439252 525
196608 145409 383
124380 906747 525
600588 290239 470
201496 30446 383
860817 316989 525
614217 954034 525
985416 297229 525
248002 301658 407
534152 190761 470
988685 12750 525
252136 482890 449
843020 374533 525
403743 17374 443
38620 987511 525
812021 150557 509
347918 824789 509
356102 46772 443
805077 879741 525
87987 543082 470
141940 812067 509
781922 618884 509
701191 731065 504
805400 995834 525
337049 820116 509
694155 147849 509
575431 160053 470
319101 124870 443
641435 403108 509
671392 918692 525
43422 622980 470
989710 773542 525
541226 250836 470
237128 520049 470
630383 334603 509
428863 819737 509
614613 238563 470
882707 387292 525
925896 80182 525
23788 542639 470
53232 937776 525
284652 943714 525
80245 101580 341
665819 230912 509
947521 659738 525
796155 585853 509
673866 823353 504
286088 562746 470
944893 182292 525
55092 625043 470
116183 351337 443
684752 568349 509
251039 293237 407
730801 737741 424
213288 889960 525
277073 19008 443
356579 762526 509
100744 939093 525
157062 715803 509
855935 87158 525
824970 993735 525
157842 954552 525
459593 746865 509
727462 191281 509
5816 403323 443
364525 554567 470
512174 496234 470
868179 358283 525
802990 929965 525
139130 423103 449
981897 518205 525
821504 700816 504
558807 232269 470
145795 677512 509
570289 997785 525
579374 501362 470
87999 328482 443
573042 252759 470
836306 786342 468
906671 199028 525
83907 745398 509
721949 619632 509
792412 824379 468
996692 336284 525
162377 3587 383
209487 155689 383
473208 109114 449
647206 196064 509
145253 952878 525
541662 519925 408
814957 943487 525
176233 59590 383
858136 202590 525
736622 804890 468
727230 163642 509
7785 504525 449
783685 310248 509
109399 651377 509
474818 98548 449
66504 222257 386
304619 200108 443
803633 346056 509
362952 848957 525
166249 494168 449
438495 973708 525
188863 156620 370
633398 673790 442
241039 951494 525
923795 518185 525
751337 519668 509
340505 952376 525
442755 127333 449
902554 330522 525
959175 378631 525
332978 714916 509
46409 842073 525
59986 364295 443
705337 185529 509
81960 536502 470
761192 549203 509
29616 119503 354
253756 326008 407
378455 726070 509
839300 577507 525
873799 141724 525
382123 796286 509
151973 189205 383
363249 316757 441
140784 679778 509
5521 902140 525
798788 150904 509
546453 695755 509
813218 189706 509
371144 605031 470
669905 228936 509
926558 405705 525
761157 637602 504
28856 548460 470
288397 752398 509
866378 533661 525
104714 16728 351
241093 483880 449
493172 554500 470
308819 18069 443
653277 718800 504
244769 77726 443
547030 832030 509
47079 253670 443
394719 938255 525
438753 238536 449
975746 293219 525
219278 582314 470
768864 943921 525
539445 447070 470
495235 856976 525
179572 824314 509
391711 462742 449
213491 284095 443
749328 582323 509
809192 335354 509
315754 951164 525
666435 243784 509
552641 925814 525
38951 773932 509
139850 403712 443
711035 373877 509
974960 350397 525
194681 798296 509
697410 999292 525
860782 842661 419
406609 656316 509
566582 734319 509
384629 106286 443
939720 961873 414
681235 638453 442
802611 885399 525
499535 331899 449
84662 540184 470
505394 244312 449
738841 625187 509
398695 300455 441
854844 223649 525
595432 556357 434
315584 631226 509
953792 81079 525
110415 87663 354
61012 54901 335
683415 576673 509
858796 337093 525
486722 901097 525
128536 524096 470
866195 16955 525
104578 649686 509
468895 416236 444
211477 716416 509
166011 464496 449
502376 784374 509
449451 735821 509
21476 967665 525
639752 889878 525
739276 539891 509
524627 907018 525
738688 895344 525
842412 66972 525
706474 67191 509
85800 336177 443
29381 346490 443
914842 758667 525
693264 129190 509
503291 645258 509
997567 626288 525
743040 314321 509
640747 688845 442
477871 583029 470
761306 418873 509
282051 833176 509
221626 473347 449
597410 378884 470
810178 445536 509
361973 460829 449
52183 277071 443
356415 1613 443
857328 701955 525
139356 690743 509
838066 207011 525
183482 767801 509
481862 626528 509
966473 574527 525
745302 664625 504
438456 491548 444
894535 698085 525
13409 933338 525
940268 13273 525
55774 304535 443
816021 43407 509
316418 79821 443
767384 776288 468
632434 471301 509
877637 276198 525
686404 81590 509
803155 230705 509
272611 65941 443
739823 456902 509
768487 94336 509
712734 165957 509
442053 484686 444
49159 774 324
779437 924764 525
554263 247179 470
699644 77498 509
972220 997140 427
751829 302856 509
579256 506846 470
597471 363367 470
918775 487761 525
418319 659562 509
744252 145898 509
572688 152638 470
314921 131139 443
158936 853542 525
867149 747064 525
219254 604455 470
661118 96896 509
946916 815659 525
690916 303598 509
99457 585743 470
880824 744936 525
292253 722352 509
41397 405848 443
340740 898589 525
