765564 371722 509
991602 700700 525
218018 28233 386
289995 947241 525
350620 171627 443
420360 293892 449
596770 487338 470
166407 272082 443
373832 986694 525
591459 613409 403
982970 175943 525
785655 847756 525
222417 99701 386
340268 455982 449
750460 711556 424
834353 358996 509
627369 427116 509
92893 335409 443
890509 417528 525
460767 403942 449
797599 775731 468
157477 486418 449
741609 110920 509
36688 281926 443
388449 876892 525
114221 955158 525
669349 175602 509
998341 8748 525
642717 590583 509
90357 34662 351
568681 181907 470
45750 705563 509
966601 859167 507
975470 7119 525
575598 541925 452
488617 808343 509
941131 711869 525
701656 363635 509
673549 726357 504
821500 666135 504
845049 171604 525
969339 93035 525
371308 19144 443
882930 445163 525
850609 416276 525
66578 616713 470
324477 433486 449
960876 845412 507
912561 643171 525
537916 375196 470
615827 241578 470
420884 505144 444
162200 763543 509
146961 63235 375
103607 114802 354
176149 247450 443
303645 337336 384
284895 189065 443
145882 720267 509
143057 611830 470
154456 984557 525
529172 851815 525
79772 853440 525
818932 311203 509
86845 820636 509
699540 715058 504
45972 150196 375
763483 812915 468
456649 917876 525
781533 600190 509
403708 122294 443
269890 988540 525
328674 837803 525
123074 997789 525
430392 568456 470
281002 438600 449
883356 938963 476
884717 600873 525
665083 229110 509
308117 628896 509
695743 293451 509
799363 856895 525
118626 26983 354
788905 937746 525
707514 113571 509
146474 470988 449
574516 338595 470
192724 228728 386
869950 103961 525
988020 770001 525
648139 848456 525
317164 68754 443
917382 183109 525
719653 8629 509
438011 252238 449
165584 593917 470
644113 780785 504
679779 926639 525
122249 963434 525
208518 549475 470
43069 187158 383
462015 400616 449
574035 354234 470
700429 992120 525
774686 350050 509
32366 343180 443
612202 945446 525
885240 325675 525
972910 505497 525
686903 187350 509
633625 266099 509
811367 704687 468
916889 501664 525
247111 962162 525
799885 786443 468
364608 893714 525
793236 385767 509
571905 778363 509
950252 875784 507
301091 253312 407
739749 304292 509
476549 38332 449
141594 253953 443
919375 567973 525
706271 669715 504
545845 208853 470
781000 721973 468
59133 421896 449
932952 51209 525
312760 266981 407
867840 226993 525
102032 59804 351
553452 856952 525
797186 784412 468
441081 285919 449
189819 352224 443
390108 929068 525
438186 893317 525
531847 447645 470
960395 669552 525
390869 319828 441
887294 988258 507
134424 539782 470
973091 534799 525
87316 622721 470
812352 200835 509
981260 878750 507
243918 687466 509
14704 768309 509
617559 386227 470
237972 5800 443
771951 530651 509
118782 944968 525
359725 893306 525
56853 18632 340
249486 742780 509
211956 251677 443
989307 150120 525
403446 198646 443
332458 828125 509
838379 762976 525
360615 882383 525
814368 241420 509
96810 769338 509
787111 28685 509
771797 308941 509
827995 610417 509
895966 685156 525
338592 49168 443
254296 424486 449
515926 60665 470
728239 174601 509
867237 215574 525
58364 631785 509
677457 205469 509
2283 141663 354
393142 843584 525
276090 960428 525
276447 783314 509
559615 151556 470
788995 322795 509
873566 221319 525
263199 968948 525
809407 793118 468
135759 474196 449
944687 340158 525
877484 94281 525
174941 880818 525
660025 364433 509
508833 141300 449
817633 960732 525
571258 13913 470
423750 503566 444
102756 506151 449
74849 516339 470
256491 399180 441
343469 967051 525
397919 34653 443
884450 588533 525
719357 767595 424
212608 995110 525
459190 613198 470
203745 997660 525
366612 706431 509
760691 25079 509
555555 411247 470
29814 339503 443
960286 889030 507
413848 503582 444
987832 68598 525
326835 631409 509
969111 720131 525
139681 175679 383
200182 138440 383
403049 136436 443
67209 759955 509
732526 942282 525
63127 352272 443
603632 817042 509
590322 968362 525
716805 665747 504
453428 428728 400
95940 353346 443
489576 368901 449
672692 125919 509
903315 376363 525
842454 74407 525
827779 90381 509
181368 959025 525
458630 273611 449
996806 585966 525
621713 568240 447
391110 560629 470
772576 368045 509
779664 839585 525
259797 690667 509
196286 706941 509
548464 563149 421
459134 868974 525
277764 214053 443
348327 899874 525
778176 673092 504
547613 223328 470
510665 836335 509
939824 407191 525
826535 686880 504
970462 864509 507
481603 960934 525
7145 956065 525
364397 808811 509
973784 656368 525
897183 70151 525
554678 780858 509
988508 239270 525
450859 832853 509
379375 208831 443
302278 978198 525
454406 369031 449
287882 37317 443
445331 949894 525
888365 44868 525
448826 140812 449
455069 461126 356
834997 784918 468
564394 91997 470
274812 402436 441
137607 365848 443
941046 432900 525
67190 840807 525
914618 35060 525
420831 212524 449
329865 13920 443
642013 534580 509
364090 902059 525
625786 17096 470
198866 769076 509
238711 702822 509
255473 25941 443
270177 374654 441
920935 284716 525
485738 251669 449
933059 602398 525
448245 479549 444
148769 382271 443
55737 28775 340
561372 258220 470
734467 26232 509
735877 574456 509
958403 165686 525
123388 322484 443
669894 628258 442
594784 204464 470
908501 886012 445
886497 349477 525
783372 223946 509
964840 608004 525
329588 555103 470
530467 891316 525
667031 890530 525
317579 981434 525
770496 736128 468
431246 176220 449
627142 179157 509
628217 50085 509
964436 329318 525
245188 731450 509
732211 93278 509
835282 321753 509
840306 413242 525
101343 94336 341
109464 800914 509
697612 721132 504
315647 679015 509
401717 893403 525
691895 30435 509
719883 742025 424
409088 190811 443
275389 212183 443
681205 327535 509
575161 338018 470
81976 314279 443
475588 433790 444
739452 974257 525
60858 624540 470
437383 333670 449
16463 667949 509
557858 314211 470
266462 822628 509
258121 354590 441
567477 855781 525
442495 66704 449
462473 933764 525
206571 122830 383
32407 670060 509
110459 497296 449
283373 270241 407
986051 366523 525
244226 591280 470
33204 67571 340
976206 446170 525
478372 138300 449
348019 447722 449
1318 122967 354
673029 467329 509
174264 78655 383
963700 662195 525
599638 476703 470
703846 946466 525
272743 197077 443
297678 851430 525
583988 583956 253
532866 135786 470
213847 64003 383
255943 410796 449
691175 557047 509
694924 231352 509
168286 718988 509
35699 850645 525
830915 523452 509
657674 546528 509
959237 832912 525
582267 274284 470
546580 845606 525
623642 614515 447
656187 196246 509
638069 365998 509
531543 982844 525
422759 946935 525
297077 857513 525
331095 74394 443
271046 65448 443
401493 95409 443
40302 905837 525
585959 565088 434
12805 883427 525
691130 912618 525
267814 160729 443
699145 930255 525
476112 144333 449
606924 166749 470
516631 602932 452
963381 183417 525
364462 866320 525
748587 991510 525
373881 627256 509
514723 220202 470
441095 917319 525
490470 446362 444
258115 907925 525
574308 714607 509
604700 786455 509
316399 508171 449
737889 829505 468
827116 892305 525
805529 179591 509
438367 643809 509
287328 500554 449
129078 477669 449
651729 283294 509
533144 769418 509
588212 316455 470
485295 714063 509
645018 593304 509
705763 974363 525
635286 679183 442
271457 600724 470
343189 47826 443
724480 894610 525
433351 736111 509
823264 288818 509
66814 174486 383
689966 704532 442
165952 511678 449
764963 165557 509
577864 62359 470
97841 578169 470
600059 814256 509
587063 771039 509
279081 234273 407
150257 991425 525
11938 717913 509
356824 670225 509
610544 849953 525
774417 838568 525
63771 717911 509
114901 355803 443
853025 212191 525
771488 902469 525
543519 251944 470
657020 404717 509
535053 334831 470
275848 661033 509
90696 236209 443
36555 596043 470
433189 941898 525
316290 688690 509
802218 137248 509
875532 624325 525
793187 965226 525
137125 908117 525
144917 769363 509
9184 217186 386
958985 815045 525
922292 258909 525
314403 317600 353
294557 292228 358
125018 139858 344
283440 908174 525
100542 499271 449
677403 366444 509
523711 912391 525
187260 15137 383
591311 640820 509
115223 658731 509
342943 645932 509
284318 12125 443
113236 378286 443
626846 879716 525
352739 809055 509
10006 556351 470
236443 419282 449
208356 802093 509
622738 849491 525
967983 234677 525
266348 291518 407
254268 70146 443
852498 109951 525
953280 260007 525
497424 852631 525
682235 666643 385
362218 213780 443
334432 731127 509
946368 537362 525
149022 501763 449
941615 347449 525
906877 221325 525
33664 857004 525
24962 973710 525
484470 824905 509
145928 652089 509
244943 207040 443
268477 647788 509
293514 722321 509
353746 969534 525
267023 32198 443
226923 776679 509
340621 547212 470
955438 686714 525
415923 377048 449
829737 635854 504
246134 156925 443
639365 684597 442
827628 754894 468
460385 376178 449
19040 648098 509
170879 599431 470
548618 307591 470
874930 233629 525
993289 243351 525
609054 164762 470
831247 500832 509
341748 646735 509
846565 795306 525
778647 300554 509
938630 441182 525
632667 319717 509
684656 636164 442
361930 624317 470
111036 948486 525
650366 142099 509
419211 726585 509
769320 490503 509
549189 86284 470
211850 413003 449
941885 895033 507
101226 472708 449
272046 279317 389
373927 161386 443
290839 735687 509
866146 693057 525
629491 626330 509
509904 775581 509
693825 396469 509
498987 1644 449
900087 909414 445
529332 416211 470
8007 153578 375
904183 873169 445
673420 309784 509
972529 293780 525
876830 621042 525
127694 944344 525
632605 729873 504
620995 992599 525
554131 560262 421
715081 712936 380
585752 200180 470
453569 747775 509
819428 507759 509
267791 88834 443
668733 655124 442
169888 554172 470
602735 515320 452
80011 799937 509
150318 111012 375
66472 418211 449
660607 250158 509
120121 251633 443
256646 995225 525
938064 65807 525
687302 432085 509
646469 245171 509
528841 74493 470
323073 327596 384
538371 516496 439
335359 241885 407
35688 469640 449
312871 420268 449
259514 950365 525
973486 996078 427
469881 176273 449
37576 210800 383
910827 462915 525
383613 697203 509
405393 607644 470
643305 749108 504
740980 421139 509
316918 193529 443
740564 950429 525
169146 902904 525
569795 750714 509
607666 245075 470
919297 852287 476
516255 488081 470
939357 204472 525
991617 856980 507
834220 766829 468
804866 227136 509
122792 68436 354
253977 555161 470
379715 759704 509
955720 470352 525
879938 718744 525
713325 772286 468
115784 433349 449
590446 638147 509
844079 939289 476
335219 724228 509
932248 787348 525
149670 335105 443
427912 130770 449
584719 211501 470
898055 600454 525
888746 430726 525
846238 365187 525
192877 281339 443
243222 202592 443
330748 604827 470
776487 870143 525
763135 799700 468
636579 125843 509
151208 503828 449
433595 102455 449
315285 301521 384
112764 594887 470
95816 582896 470
695137 937599 525
116614 460899 449
210110 60839 383
909764 191343 525
680764 674206 385
54520 210783 383
277085 522128 470
794717 423582 509
536070 712559 509
592285 866378 525
578323 239734 470
722774 29288 509
365376 847308 525
906384 211341 525
287408 492845 449
383303 123583 443
863068 66088 525
463850 627611 509
700795 506566 509
229635 173032 386
330530 114206 443
589714 526493 452
228683 975607 525
614042 871745 525
944414 814593 525
921225 623321 525
993476 637150 525
849214 91661 525
542261 715943 509
488101 767281 509
763527 764317 318
621103 756974 509
307624 732322 509
59241 609785 470
6336 111971 354
602558 683447 509
346796 531392 470
302871 566006 470
43772 749715 509
645994 467095 509
617268 390292 470
635363 840625 525
138443 815894 509
794197 307852 509
251913 729318 509
889720 13624 525
162881 603861 470
748891 275420 509
585249 812181 509
620686 549802 447
833522 256837 509
550610 904707 525
85492 20498 351
829754 915323 525
799851 226135 509
529301 809711 509
46959 787958 509
760295 706991 424
426755 502339 444
871998 421090 525
604029 442460 470
839889 743677 525
784521 55766 509
765117 258606 509
495547 490647 426
805970 608447 509
676255 84058 509
164940 148917 383
973872 489537 525
437906 460681 400
253678 693433 509
556717 865191 525
519060 610551 452
152095 455629 449
562115 863630 525
416280 149483 449
282973 22564 443
354898 660276 509
365437 338924 441
276379 701860 509
898995 921085 476
993278 357649 525
244952 735399 509
992650 422474 525
520802 20894 470
646128 411755 509
177145 702042 509
835880 290069 509
660258 631780 429
724088 436900 509
698766 510022 509
510923 749937 509
672128 568843 509
687480 937492 525
770609 23213 509
556900 298898 470
43024 920021 525
64208 847471 525
625372 649260 509
675783 111745 509
417627 882634 525
439681 574475 470
852969 582861 525
500596 641630 509
125839 299083 443
891285 833109 525
177457 75329 383
7216 472021 449
572111 13297 470
187716 474892 449
902183 995344 507
585951 295201 470
812103 515712 509
400917 691042 509
416505 758377 509
976564 228339 525
573676 978393 525
426126 984217 525
900541 121386 525
671352 447807 509
955146 173103 525
428950 777403 509
803509 205849 509
420630 236305 449
43147 874884 525
38875 604735 470
334142 735034 509
78786 551075 470
274845 454669 449
580048 926534 525
533418 404251 470
374891 907526 525
468945 804297 509
439512 847353 525
566566 76231 470
16575 163616 383
364933 54561 443
505435 441149 444
163588 145080 383
369003 82489 443
282576 873074 525
906713 530415 525
504832 61715 449
442414 392833 449
600289 679452 509
850652 67081 525
405300 657729 509
854174 903512 445
912784 299229 525
404888 624524 470
322574 603178 470
686811 702578 442
340334 944104 525
365587 27690 443
178466 160734 352
417989 781070 509
932985 444177 525
238394 41076 443
507183 358361 449
450732 392689 449
31424 423670 449
460046 475271 444
241210 813168 509
381774 446848 449
731318 960143 525
7574 560700 470
725459 857570 525
586562 481991 470
970806 609485 525
513853 16101 470
743534 460035 509
421426 627651 509
144320 143061 326
235527 475030 449
945062 465696 525
496853 946031 525
127480 386166 443
604951 168166 470
160610 26333 383
357081 36368 443
69414 250389 443
819422 837725 450
390152 389636 361
827985 448826 509
921316 604291 525
33810 820575 509
41318 254003 443
944171 276276 525
668008 408196 509
737034 803003 468
981920 357978 525
610455 881199 525
978283 789071 525
339782 524287 470
665378 797014 504
821357 59103 509
821013 628216 504
74324 512486 470
90134 618749 470
721935 851464 525
287554 310399 389
896375 989416 507
187794 540829 470
663303 963292 525
30869 901591 525
397281 239671 441
988284 649438 525
263627 538031 470
337834 880570 525
530559 836165 509
341895 878334 525
58984 356753 443
369079 586381 470
885938 746763 525
897468 853524 445
118974 867361 525
755055 834191 468
928358 660716 525
230921 78458 443
430255 58401 449
365784 179257 443
995268 535269 525
364131 119407 443
926014 8269 525
198286 365502 443
940401 553216 525
877307 429024 525
661501 775970 504
563769 967962 525
399117 24118 443
139913 689562 509
345260 356362 441
446187 783827 509
314074 450508 449
746826 610759 509
40013 263447 443
671099 248315 509
774756 717355 468
43685 824748 509
72791 788467 509
661314 306740 509
102212 947039 525
558242 879399 525
323719 322516 322
161236 751571 509
269061 451735 449
712092 897263 525
991237 905907 507
627100 859479 525
657381 637237 429
10890 713577 509
98653 254039 443
335455 432445 449
662197 508933 509
976029 883767 507
775454 144114 509
823317 604118 509
35044 216266 383
826883 568657 509
805611 417958 509
39171 151158 375
892925 70674 525
7657 573877 470
317621 129317 443
189148 761204 509
588130 493717 470
490024 73273 449
271704 50219 443
123527 775462 509
297622 801373 509
83317 515769 470
910952 885423 476
481528 585030 470
957483 713065 525
261000 608431 470
824729 450240 509
310995 469878 449
259729 359994 441
534963 891596 525
163068 605061 470
255436 42190 443
404276 754349 509
993870 120527 525
253651 892117 525
596663 415228 470
437295 210594 449
320733 39813 443
531852 908414 525
855271 285671 525
654515 791958 504
108695 887375 525
942423 135256 525
334984 443826 449
209132 918964 525
903121 390991 525
253708 417504 449
910019 84259 525
685135 36781 509
278426 1063 443
336917 496965 449
144730 139161 375
137145 7463 354
14447 293073 443
626527 534002 509
564918 541106 452
217265 781120 509
533947 111624 470
684732 125336 509
284358 923264 525
683638 533668 509
542110 290921 470
840659 109138 525
633011 556425 509
148895 569672 470
726992 450709 509
763216 640865 504
644503 127217 509
462911 543798 470
193364 334269 443
770391 95294 509
710755 676919 504
832097 842065 525
277259 151485 443
415499 589368 470
889042 566888 525
817647 33681 509
63010 360555 443
689839 340921 509
169604 683824 509
573252 816743 509
955707 663420 525
622986 477028 470
960228 439929 525
423673 813527 509
457570 532362 470
827426 696266 504
39848 27457 324
138136 950632 525
858444 107934 525
855774 714269 525
473832 942259 525
425675 588822 470
246512 714051 509
437620 596371 470
757113 227142 509
829248 111460 509
460733 60862 449
79254 819849 509
816997 919869 525
380141 243327 441
89621 893715 525
410752 346897 449
278790 900638 525
62541 613683 470
145393 887579 525
585407 404084 470
604544 740686 509
195577 500652 449
715564 986989 525
424791 563509 470
396873 789145 509
143617 719640 509
787769 420990 509
764584 891769 525
576277 176357 470
909674 273650 525
444204 603618 470
633331 185942 509
765910 181639 509
588138 951550 525
854079 608283 525
184430 738069 509
275564 815167 509
597774 686752 509
888661 991873 507
628683 585949 509
826947 454293 509
553823 767487 509
694286 653709 442
836427 94869 509
798519 27656 509
725733 829659 468
295642 394671 441
359927 322219 441
931574 496597 525
550527 685137 509
547718 695548 509
568660 709346 509
470763 129440 449
932254 43321 525
421922 253288 449
115480 520926 470
407220 348317 436
554901 378847 470
